#***************************************************************************

#sjplacer

#Version:            1.1

#Build Date:         Apr 29 2016 09:00:55

#File Generated:     Dec 5 2016 17:38:19

#Purpose:            

#Copyright (C) 2010-2011 by Softjin Technologies Pvt Ltd. All rights reserved.

#***************************************************************************

Executing : C:\Program Files (x86)\Cypress\PSoC Creator\4.0\PSoC Creator\bin/sjplacer.exe --proj-name StepperMotor --netlist-vh2 StepperMotor_p.vh2 --arch-file C:\Program Files (x86)\Cypress\PSoC Creator\4.0\PSoC Creator\dev/arch/p35_udb4x6.ark --rrg-file C:\Program Files (x86)\Cypress\PSoC Creator\4.0\PSoC Creator\dev/psoc5/psoc5lp/route_arch-rrg.cydata --irq-file C:\Program Files (x86)\Cypress\PSoC Creator\4.0\PSoC Creator\dev/psoc5/psoc5lp/irqconn.cydata --drq-file C:\Program Files (x86)\Cypress\PSoC Creator\4.0\PSoC Creator\dev/psoc5/psoc5lp/dmaconn.cydata --dsi-conn-file C:\Program Files (x86)\Cypress\PSoC Creator\4.0\PSoC Creator\dev/psoc5/psoc5lp/dsiconn.cydata --pins-file pins_68-QFN.xml --lib-file StepperMotor_p.lib --sdc-file StepperMotor.sdc --io-pcf StepperMotor.pci --outdir .

		Softjin Techologies Placer, Version 1.1

Build Date : Apr 29 2016	08:58:44

D2004: Option and Settings Summary
=============================================================
Netlist vh2 file          - StepperMotor_p.vh2
Architecture file         - C:\Program Files (x86)\Cypress\PSoC Creator\4.0\PSoC Creator\dev/arch/p35_udb4x6.ark
Package                   - 
Defparam file             - 
SDC file                  - StepperMotor.sdc
Output directory          - .
Timing library            - StepperMotor_p.lib
IO Placement file         - StepperMotor.pci

D2050: Starting reading inputs for placer
=============================================================
D2065: Reading netlist file : "StepperMotor_p.vh2"
D2065: Reading arch file : "C:\Program Files (x86)\Cypress\PSoC Creator\4.0\PSoC Creator\dev/arch/p35_udb4x6.ark"
D2051: Reading of inputs for placer completed successfully

D2053: Starting placement of the design
=============================================================

Phase 2
Phase 3

Design Statistics after Packing
    Number of Combinational MCs 	:	17
    Number of Sequential MCs    	:	92
    Number of DPs               	:	9
    Number of Controls          	:	7
    Number of Status            	:	7
    Number of SyncCells         	:	5
    Number of count7cells       	:	2

Device Utilization Summary after Packing
    Macrocells                  :	109/192
    UDBS                        :	21/24
    IOs                         :	25/72


D2088: Phase 3, elapsed time : 0.0 (sec)

Phase 4
D2088: Phase 4, elapsed time : 0.0 (sec)

Phase 5
D2088: Phase 5, elapsed time : 0.0 (sec)

Phase 6

######################################################################
Placement Timing Summary

The timing summary is based on estimated routing delays after
placement. For final timing report, please carry out the timing
analysis after routing.
======================================================================

######################################################################
                     Clock Summary 
======================================================================
Number of clocks: 13
Clock: ADC_SAR_Seq_IntClock | Frequency:  27.9 MHz | Target:   1.2 MHz
Clock: ADC_SAR_Seq_IntClock(routed) | Frequency: N/A       | Target:   1.2 MHz
Clock: Clock_1              | Frequency:  59.7 MHz | Target:   0.2 MHz
Clock: Clock_2              | Frequency:  59.7 MHz | Target:   0.2 MHz
Clock: Clock_3              | Frequency:  59.7 MHz | Target:   0.2 MHz
Clock: Clock_4              | Frequency:  59.7 MHz | Target:   0.2 MHz
Clock: CyBUS_CLK            | Frequency:  62.1 MHz | Target:  24.0 MHz
Clock: CyILO                | Frequency: N/A       | Target:   0.0 MHz
Clock: CyIMO                | Frequency: N/A       | Target:   3.0 MHz
Clock: CyMASTER_CLK         | Frequency: N/A       | Target:  24.0 MHz
Clock: CyPLL_OUT            | Frequency: N/A       | Target:  24.0 MHz
Clock: SCLK_1(0)_PAD        | Frequency:  45.2 MHz | Target:   0.1 MHz
Clock: SPIS_1_IntClock      | Frequency:  53.4 MHz | Target:   2.0 MHz

======================================================================
                     End of Clock Summary
######################################################################

D2088: Phase 6, elapsed time : 0.1 (sec)

Phase 7
######################################################################
                     Clock Summary 
======================================================================
Number of clocks: 13
Clock: ADC_SAR_Seq_IntClock | Frequency:   5.9 MHz | Target:   1.2 MHz
Clock: ADC_SAR_Seq_IntClock(routed) | Frequency: N/A       | Target:   1.2 MHz
Clock: Clock_1              | Frequency:  59.7 MHz | Target:   0.2 MHz
Clock: Clock_2              | Frequency:  59.7 MHz | Target:   0.2 MHz
Clock: Clock_3              | Frequency:  59.7 MHz | Target:   0.2 MHz
Clock: Clock_4              | Frequency:  59.7 MHz | Target:   0.2 MHz
Clock: CyBUS_CLK            | Frequency:   5.9 MHz | Target:  24.0 MHz
Clock: CyILO                | Frequency: N/A       | Target:   0.0 MHz
Clock: CyIMO                | Frequency: N/A       | Target:   3.0 MHz
Clock: CyMASTER_CLK         | Frequency: N/A       | Target:  24.0 MHz
Clock: CyPLL_OUT            | Frequency: N/A       | Target:  24.0 MHz
Clock: SCLK_1(0)_PAD        | Frequency:  45.2 MHz | Target:   0.1 MHz
Clock: SPIS_1_IntClock      | Frequency:  56.8 MHz | Target:   2.0 MHz

======================================================================
                     End of Clock Summary
######################################################################
D2088: Phase 7, elapsed time : 3.8 (sec)

Final Design Statistics
    Number of Combinational MCs 	:	17
    Number of Sequential MCs    	:	92
    Number of DPs               	:	9
    Number of Controls          	:	7
    Number of Status            	:	7
    Number of SyncCells         	:	5
    Number of count7cells       	:	2
    Number of IOs       	:	25

Device Utilization Summary
    Macrocells                  :	109/192
    IOs                         :	25/72



######################################################################
Placement Timing Summary

The timing summary is based on estimated routing delays after
placement. For final timing report, please carry out the timing
analysis after routing.
======================================================================


######################################################################
                     Clock Summary 
======================================================================
Number of clocks: 13
Clock: ADC_SAR_Seq_IntClock | Frequency:   5.9 MHz | Target:   1.2 MHz
Clock: ADC_SAR_Seq_IntClock(routed) | Frequency: N/A       | Target:   1.2 MHz
Clock: Clock_1              | Frequency:  57.6 MHz | Target:   0.2 MHz
Clock: Clock_2              | Frequency:  59.7 MHz | Target:   0.2 MHz
Clock: Clock_3              | Frequency:  59.7 MHz | Target:   0.2 MHz
Clock: Clock_4              | Frequency:  59.7 MHz | Target:   0.2 MHz
Clock: CyBUS_CLK            | Frequency:   5.9 MHz | Target:  24.0 MHz
Clock: CyILO                | Frequency: N/A       | Target:   0.0 MHz
Clock: CyIMO                | Frequency: N/A       | Target:   3.0 MHz
Clock: CyMASTER_CLK         | Frequency: N/A       | Target:  24.0 MHz
Clock: CyPLL_OUT            | Frequency: N/A       | Target:  24.0 MHz
Clock: SCLK_1(0)_PAD        | Frequency:  37.9 MHz | Target:   0.1 MHz
Clock: SPIS_1_IntClock      | Frequency:  90.3 MHz | Target:   2.0 MHz

======================================================================
                     End of Clock Summary
######################################################################

Phase 8
D2088: Phase 8, elapsed time : 0.0 (sec)

D2054: Placement of the design completed successfully

I2076: Total run-time: 5.0 sec.

