ARM GAS  C:\Users\BETTEF~1\AppData\Local\Temp\cc1cPg3d.s 			page 1


   1              		.syntax unified
   2              		.cpu cortex-m3
   3              		.fpu softvfp
   4              		.eabi_attribute 20, 1
   5              		.eabi_attribute 21, 1
   6              		.eabi_attribute 23, 3
   7              		.eabi_attribute 24, 1
   8              		.eabi_attribute 25, 1
   9              		.eabi_attribute 26, 1
  10              		.eabi_attribute 30, 1
  11              		.eabi_attribute 34, 1
  12              		.eabi_attribute 18, 4
  13              		.thumb
  14              		.file	"cymetadata.c"
  15              		.text
  16              	.Ltext0:
  17              		.cfi_sections	.debug_frame
  18              		.global	cy_metadata
  19              		.global	cy_meta_flashprotect
  20              		.global	cy_meta_wonvl
  21              		.global	cy_meta_custnvl
  22              		.global	cy_meta_configecc
  23              		.section	.cyconfigecc,"a",%progbits
  24              		.align	2
  25              		.type	cy_meta_configecc, %object
  26              		.size	cy_meta_configecc, 2296
  27              	cy_meta_configecc:
  28 0000 05       		.byte	5
  29 0001 45       		.byte	69
  30 0002 00       		.byte	0
  31 0003 40       		.byte	64
  32 0004 04       		.byte	4
  33 0005 52       		.byte	82
  34 0006 00       		.byte	0
  35 0007 40       		.byte	64
  36 0008 01       		.byte	1
  37 0009 5B       		.byte	91
  38 000a 00       		.byte	0
  39 000b 40       		.byte	64
  40 000c 05       		.byte	5
  41 000d 64       		.byte	100
  42 000e 00       		.byte	0
  43 000f 40       		.byte	64
  44 0010 01       		.byte	1
  45 0011 65       		.byte	101
  46 0012 00       		.byte	0
  47 0013 40       		.byte	64
  48 0014 17       		.byte	23
  49 0015 00       		.byte	0
  50 0016 01       		.byte	1
  51 0017 40       		.byte	64
  52 0018 34       		.byte	52
  53 0019 01       		.byte	1
  54 001a 01       		.byte	1
  55 001b 40       		.byte	64
  56 001c 3A       		.byte	58
  57 001d 02       		.byte	2
ARM GAS  C:\Users\BETTEF~1\AppData\Local\Temp\cc1cPg3d.s 			page 2


  58 001e 01       		.byte	1
  59 001f 40       		.byte	64
  60 0020 48       		.byte	72
  61 0021 03       		.byte	3
  62 0022 01       		.byte	1
  63 0023 40       		.byte	64
  64 0024 48       		.byte	72
  65 0025 04       		.byte	4
  66 0026 01       		.byte	1
  67 0027 40       		.byte	64
  68 0028 3C       		.byte	60
  69 0029 05       		.byte	5
  70 002a 01       		.byte	1
  71 002b 40       		.byte	64
  72 002c 04       		.byte	4
  73 002d 07       		.byte	7
  74 002e 01       		.byte	1
  75 002f 40       		.byte	64
  76 0030 12       		.byte	18
  77 0031 08       		.byte	8
  78 0032 01       		.byte	1
  79 0033 40       		.byte	64
  80 0034 3A       		.byte	58
  81 0035 09       		.byte	9
  82 0036 01       		.byte	1
  83 0037 40       		.byte	64
  84 0038 3C       		.byte	60
  85 0039 0A       		.byte	10
  86 003a 01       		.byte	1
  87 003b 40       		.byte	64
  88 003c 51       		.byte	81
  89 003d 0B       		.byte	11
  90 003e 01       		.byte	1
  91 003f 40       		.byte	64
  92 0040 22       		.byte	34
  93 0041 0C       		.byte	12
  94 0042 01       		.byte	1
  95 0043 40       		.byte	64
  96 0044 45       		.byte	69
  97 0045 0D       		.byte	13
  98 0046 01       		.byte	1
  99 0047 40       		.byte	64
 100 0048 17       		.byte	23
 101 0049 0E       		.byte	14
 102 004a 01       		.byte	1
 103 004b 40       		.byte	64
 104 004c 35       		.byte	53
 105 004d 0F       		.byte	15
 106 004e 01       		.byte	1
 107 004f 40       		.byte	64
 108 0050 03       		.byte	3
 109 0051 15       		.byte	21
 110 0052 01       		.byte	1
 111 0053 40       		.byte	64
 112 0054 04       		.byte	4
 113 0055 17       		.byte	23
 114 0056 01       		.byte	1
ARM GAS  C:\Users\BETTEF~1\AppData\Local\Temp\cc1cPg3d.s 			page 3


 115 0057 40       		.byte	64
 116 0058 46       		.byte	70
 117 0059 18       		.byte	24
 118 005a 01       		.byte	1
 119 005b 40       		.byte	64
 120 005c 3E       		.byte	62
 121 005d 19       		.byte	25
 122 005e 01       		.byte	1
 123 005f 40       		.byte	64
 124 0060 08       		.byte	8
 125 0061 1A       		.byte	26
 126 0062 01       		.byte	1
 127 0063 40       		.byte	64
 128 0064 2F       		.byte	47
 129 0065 1B       		.byte	27
 130 0066 01       		.byte	1
 131 0067 40       		.byte	64
 132 0068 0A       		.byte	10
 133 0069 40       		.byte	64
 134 006a 01       		.byte	1
 135 006b 40       		.byte	64
 136 006c 0C       		.byte	12
 137 006d 41       		.byte	65
 138 006e 01       		.byte	1
 139 006f 40       		.byte	64
 140 0070 0C       		.byte	12
 141 0071 42       		.byte	66
 142 0072 01       		.byte	1
 143 0073 40       		.byte	64
 144 0074 04       		.byte	4
 145 0075 43       		.byte	67
 146 0076 01       		.byte	1
 147 0077 40       		.byte	64
 148 0078 01       		.byte	1
 149 0079 44       		.byte	68
 150 007a 01       		.byte	1
 151 007b 40       		.byte	64
 152 007c 06       		.byte	6
 153 007d 45       		.byte	69
 154 007e 01       		.byte	1
 155 007f 40       		.byte	64
 156 0080 0A       		.byte	10
 157 0081 46       		.byte	70
 158 0082 01       		.byte	1
 159 0083 40       		.byte	64
 160 0084 05       		.byte	5
 161 0085 47       		.byte	71
 162 0086 01       		.byte	1
 163 0087 40       		.byte	64
 164 0088 06       		.byte	6
 165 0089 48       		.byte	72
 166 008a 01       		.byte	1
 167 008b 40       		.byte	64
 168 008c 01       		.byte	1
 169 008d 49       		.byte	73
 170 008e 01       		.byte	1
 171 008f 40       		.byte	64
ARM GAS  C:\Users\BETTEF~1\AppData\Local\Temp\cc1cPg3d.s 			page 4


 172 0090 06       		.byte	6
 173 0091 4C       		.byte	76
 174 0092 01       		.byte	1
 175 0093 40       		.byte	64
 176 0094 03       		.byte	3
 177 0095 4D       		.byte	77
 178 0096 01       		.byte	1
 179 0097 40       		.byte	64
 180 0098 0B       		.byte	11
 181 0099 50       		.byte	80
 182 009a 01       		.byte	1
 183 009b 40       		.byte	64
 184 009c 02       		.byte	2
 185 009d 51       		.byte	81
 186 009e 01       		.byte	1
 187 009f 40       		.byte	64
 188 00a0 01       		.byte	1
 189 00a1 01       		.byte	1
 190 00a2 0A       		.byte	10
 191 00a3 01       		.byte	1
 192 00a4 16       		.byte	22
 193 00a5 01       		.byte	1
 194 00a6 1C       		.byte	28
 195 00a7 01       		.byte	1
 196 00a8 62       		.byte	98
 197 00a9 01       		.byte	1
 198 00aa 00       		.byte	0
 199 00ab 80       		.byte	-128
 200 00ac 01       		.byte	1
 201 00ad 01       		.byte	1
 202 00ae 08       		.byte	8
 203 00af 10       		.byte	16
 204 00b0 10       		.byte	16
 205 00b1 80       		.byte	-128
 206 00b2 27       		.byte	39
 207 00b3 84       		.byte	-124
 208 00b4 80       		.byte	-128
 209 00b5 01       		.byte	1
 210 00b6 85       		.byte	-123
 211 00b7 0D       		.byte	13
 212 00b8 89       		.byte	-119
 213 00b9 47       		.byte	71
 214 00ba 8A       		.byte	-118
 215 00bb 78       		.byte	120
 216 00bc 8D       		.byte	-115
 217 00bd 07       		.byte	7
 218 00be 89       		.byte	-119
 219 00bf 0D       		.byte	13
 220 00c0 03       		.byte	3
 221 00c1 01       		.byte	1
 222 00c2 04       		.byte	4
 223 00c3 04       		.byte	4
 224 00c4 22       		.byte	34
 225 00c5 02       		.byte	2
 226 00c6 24       		.byte	36
 227 00c7 04       		.byte	4
 228 00c8 2E       		.byte	46
ARM GAS  C:\Users\BETTEF~1\AppData\Local\Temp\cc1cPg3d.s 			page 5


 229 00c9 01       		.byte	1
 230 00ca 30       		.byte	48
 231 00cb 02       		.byte	2
 232 00cc 32       		.byte	50
 233 00cd 04       		.byte	4
 234 00ce 33       		.byte	51
 235 00cf 01       		.byte	1
 236 00d0 34       		.byte	52
 237 00d1 01       		.byte	1
 238 00d2 38       		.byte	56
 239 00d3 08       		.byte	8
 240 00d4 3E       		.byte	62
 241 00d5 04       		.byte	4
 242 00d6 56       		.byte	86
 243 00d7 02       		.byte	2
 244 00d8 57       		.byte	87
 245 00d9 3A       		.byte	58
 246 00da 58       		.byte	88
 247 00db 04       		.byte	4
 248 00dc 59       		.byte	89
 249 00dd 04       		.byte	4
 250 00de 5B       		.byte	91
 251 00df 0C       		.byte	12
 252 00e0 5C       		.byte	92
 253 00e1 11       		.byte	17
 254 00e2 5D       		.byte	93
 255 00e3 10       		.byte	16
 256 00e4 5F       		.byte	95
 257 00e5 01       		.byte	1
 258 00e6 D8       		.byte	-40
 259 00e7 04       		.byte	4
 260 00e8 D9       		.byte	-39
 261 00e9 04       		.byte	4
 262 00ea DC       		.byte	-36
 263 00eb 11       		.byte	17
 264 00ec DF       		.byte	-33
 265 00ed 01       		.byte	1
 266 00ee 00       		.byte	0
 267 00ef 40       		.byte	64
 268 00f0 01       		.byte	1
 269 00f1 20       		.byte	32
 270 00f2 02       		.byte	2
 271 00f3 10       		.byte	16
 272 00f4 04       		.byte	4
 273 00f5 40       		.byte	64
 274 00f6 05       		.byte	5
 275 00f7 20       		.byte	32
 276 00f8 09       		.byte	9
 277 00f9 08       		.byte	8
 278 00fa 0A       		.byte	10
 279 00fb 82       		.byte	-126
 280 00fc 0B       		.byte	11
 281 00fd 04       		.byte	4
 282 00fe 0D       		.byte	13
 283 00ff 08       		.byte	8
 284 0100 0E       		.byte	14
 285 0101 40       		.byte	64
ARM GAS  C:\Users\BETTEF~1\AppData\Local\Temp\cc1cPg3d.s 			page 6


 286 0102 0F       		.byte	15
 287 0103 04       		.byte	4
 288 0104 10       		.byte	16
 289 0105 02       		.byte	2
 290 0106 11       		.byte	17
 291 0107 21       		.byte	33
 292 0108 13       		.byte	19
 293 0109 08       		.byte	8
 294 010a 14       		.byte	20
 295 010b 01       		.byte	1
 296 010c 17       		.byte	23
 297 010d 01       		.byte	1
 298 010e 18       		.byte	24
 299 010f 40       		.byte	64
 300 0110 19       		.byte	25
 301 0111 24       		.byte	36
 302 0112 21       		.byte	33
 303 0113 08       		.byte	8
 304 0114 23       		.byte	35
 305 0115 10       		.byte	16
 306 0116 28       		.byte	40
 307 0117 01       		.byte	1
 308 0118 29       		.byte	41
 309 0119 20       		.byte	32
 310 011a 2A       		.byte	42
 311 011b 80       		.byte	-128
 312 011c 2B       		.byte	43
 313 011d 01       		.byte	1
 314 011e 2D       		.byte	45
 315 011f 20       		.byte	32
 316 0120 31       		.byte	49
 317 0121 08       		.byte	8
 318 0122 32       		.byte	50
 319 0123 41       		.byte	65
 320 0124 33       		.byte	51
 321 0125 41       		.byte	65
 322 0126 37       		.byte	55
 323 0127 41       		.byte	65
 324 0128 38       		.byte	56
 325 0129 40       		.byte	64
 326 012a 3B       		.byte	59
 327 012b 05       		.byte	5
 328 012c 3C       		.byte	60
 329 012d 40       		.byte	64
 330 012e 3F       		.byte	63
 331 012f 16       		.byte	22
 332 0130 5B       		.byte	91
 333 0131 08       		.byte	8
 334 0132 61       		.byte	97
 335 0133 04       		.byte	4
 336 0134 68       		.byte	104
 337 0135 0A       		.byte	10
 338 0136 69       		.byte	105
 339 0137 05       		.byte	5
 340 0138 71       		.byte	113
 341 0139 20       		.byte	32
 342 013a 73       		.byte	115
ARM GAS  C:\Users\BETTEF~1\AppData\Local\Temp\cc1cPg3d.s 			page 7


 343 013b 01       		.byte	1
 344 013c 79       		.byte	121
 345 013d 40       		.byte	64
 346 013e 86       		.byte	-122
 347 013f 10       		.byte	16
 348 0140 89       		.byte	-119
 349 0141 20       		.byte	32
 350 0142 C0       		.byte	-64
 351 0143 C7       		.byte	-57
 352 0144 C2       		.byte	-62
 353 0145 7F       		.byte	127
 354 0146 C4       		.byte	-60
 355 0147 9F       		.byte	-97
 356 0148 CA       		.byte	-54
 357 0149 2C       		.byte	44
 358 014a CC       		.byte	-52
 359 014b 9B       		.byte	-101
 360 014c CE       		.byte	-50
 361 014d FB       		.byte	-5
 362 014e D6       		.byte	-42
 363 014f 02       		.byte	2
 364 0150 D8       		.byte	-40
 365 0151 02       		.byte	2
 366 0152 DE       		.byte	-34
 367 0153 08       		.byte	8
 368 0154 E2       		.byte	-30
 369 0155 02       		.byte	2
 370 0156 02       		.byte	2
 371 0157 01       		.byte	1
 372 0158 05       		.byte	5
 373 0159 01       		.byte	1
 374 015a 08       		.byte	8
 375 015b 01       		.byte	1
 376 015c 0C       		.byte	12
 377 015d 01       		.byte	1
 378 015e 0D       		.byte	13
 379 015f 01       		.byte	1
 380 0160 10       		.byte	16
 381 0161 01       		.byte	1
 382 0162 14       		.byte	20
 383 0163 01       		.byte	1
 384 0164 18       		.byte	24
 385 0165 01       		.byte	1
 386 0166 1F       		.byte	31
 387 0167 01       		.byte	1
 388 0168 20       		.byte	32
 389 0169 01       		.byte	1
 390 016a 21       		.byte	33
 391 016b 01       		.byte	1
 392 016c 25       		.byte	37
 393 016d 01       		.byte	1
 394 016e 2B       		.byte	43
 395 016f 01       		.byte	1
 396 0170 2D       		.byte	45
 397 0171 01       		.byte	1
 398 0172 33       		.byte	51
 399 0173 01       		.byte	1
ARM GAS  C:\Users\BETTEF~1\AppData\Local\Temp\cc1cPg3d.s 			page 8


 400 0174 36       		.byte	54
 401 0175 01       		.byte	1
 402 0176 58       		.byte	88
 403 0177 04       		.byte	4
 404 0178 59       		.byte	89
 405 0179 04       		.byte	4
 406 017a 5C       		.byte	92
 407 017b 11       		.byte	17
 408 017c 5F       		.byte	95
 409 017d 01       		.byte	1
 410 017e 80       		.byte	-128
 411 017f 04       		.byte	4
 412 0180 84       		.byte	-124
 413 0181 08       		.byte	8
 414 0182 87       		.byte	-121
 415 0183 08       		.byte	8
 416 0184 88       		.byte	-120
 417 0185 40       		.byte	64
 418 0186 8A       		.byte	-118
 419 0187 80       		.byte	-128
 420 0188 8D       		.byte	-115
 421 0189 04       		.byte	4
 422 018a 8E       		.byte	-114
 423 018b 04       		.byte	4
 424 018c 90       		.byte	-112
 425 018d 10       		.byte	16
 426 018e 91       		.byte	-111
 427 018f 01       		.byte	1
 428 0190 92       		.byte	-110
 429 0191 20       		.byte	32
 430 0192 95       		.byte	-107
 431 0193 08       		.byte	8
 432 0194 96       		.byte	-106
 433 0195 02       		.byte	2
 434 0196 98       		.byte	-104
 435 0197 01       		.byte	1
 436 0198 99       		.byte	-103
 437 0199 02       		.byte	2
 438 019a 9E       		.byte	-98
 439 019b 01       		.byte	1
 440 019c A0       		.byte	-96
 441 019d 02       		.byte	2
 442 019e A3       		.byte	-93
 443 019f 04       		.byte	4
 444 01a0 A6       		.byte	-90
 445 01a1 08       		.byte	8
 446 01a2 A7       		.byte	-89
 447 01a3 01       		.byte	1
 448 01a4 A8       		.byte	-88
 449 01a5 20       		.byte	32
 450 01a6 AA       		.byte	-86
 451 01a7 10       		.byte	16
 452 01a8 AB       		.byte	-85
 453 01a9 10       		.byte	16
 454 01aa AC       		.byte	-84
 455 01ab 80       		.byte	-128
 456 01ac AE       		.byte	-82
ARM GAS  C:\Users\BETTEF~1\AppData\Local\Temp\cc1cPg3d.s 			page 9


 457 01ad 40       		.byte	64
 458 01ae AF       		.byte	-81
 459 01af 02       		.byte	2
 460 01b0 B1       		.byte	-79
 461 01b1 1F       		.byte	31
 462 01b2 B4       		.byte	-76
 463 01b3 FF       		.byte	-1
 464 01b4 B9       		.byte	-71
 465 01b5 02       		.byte	2
 466 01b6 BE       		.byte	-66
 467 01b7 10       		.byte	16
 468 01b8 BF       		.byte	-65
 469 01b9 01       		.byte	1
 470 01ba D2       		.byte	-46
 471 01bb 03       		.byte	3
 472 01bc D3       		.byte	-45
 473 01bd 02       		.byte	2
 474 01be D8       		.byte	-40
 475 01bf 04       		.byte	4
 476 01c0 D9       		.byte	-39
 477 01c1 04       		.byte	4
 478 01c2 DB       		.byte	-37
 479 01c3 04       		.byte	4
 480 01c4 DC       		.byte	-36
 481 01c5 10       		.byte	16
 482 01c6 DD       		.byte	-35
 483 01c7 10       		.byte	16
 484 01c8 DF       		.byte	-33
 485 01c9 01       		.byte	1
 486 01ca 00       		.byte	0
 487 01cb 40       		.byte	64
 488 01cc 01       		.byte	1
 489 01cd 35       		.byte	53
 490 01ce 02       		.byte	2
 491 01cf 01       		.byte	1
 492 01d0 03       		.byte	3
 493 01d1 80       		.byte	-128
 494 01d2 04       		.byte	4
 495 01d3 40       		.byte	64
 496 01d4 05       		.byte	5
 497 01d5 20       		.byte	32
 498 01d6 06       		.byte	6
 499 01d7 80       		.byte	-128
 500 01d8 08       		.byte	8
 501 01d9 50       		.byte	80
 502 01da 09       		.byte	9
 503 01db 28       		.byte	40
 504 01dc 0A       		.byte	10
 505 01dd E2       		.byte	-30
 506 01de 0B       		.byte	11
 507 01df 20       		.byte	32
 508 01e0 0D       		.byte	13
 509 01e1 08       		.byte	8
 510 01e2 0E       		.byte	14
 511 01e3 40       		.byte	64
 512 01e4 0F       		.byte	15
 513 01e5 04       		.byte	4
ARM GAS  C:\Users\BETTEF~1\AppData\Local\Temp\cc1cPg3d.s 			page 10


 514 01e6 10       		.byte	16
 515 01e7 0A       		.byte	10
 516 01e8 12       		.byte	18
 517 01e9 40       		.byte	64
 518 01ea 13       		.byte	19
 519 01eb 05       		.byte	5
 520 01ec 14       		.byte	20
 521 01ed 40       		.byte	64
 522 01ee 19       		.byte	25
 523 01ef 10       		.byte	16
 524 01f0 1F       		.byte	31
 525 01f1 40       		.byte	64
 526 01f2 20       		.byte	32
 527 01f3 80       		.byte	-128
 528 01f4 21       		.byte	33
 529 01f5 01       		.byte	1
 530 01f6 23       		.byte	35
 531 01f7 80       		.byte	-128
 532 01f8 27       		.byte	39
 533 01f9 20       		.byte	32
 534 01fa 28       		.byte	40
 535 01fb 10       		.byte	16
 536 01fc 29       		.byte	41
 537 01fd 10       		.byte	16
 538 01fe 2A       		.byte	42
 539 01ff 40       		.byte	64
 540 0200 2B       		.byte	43
 541 0201 80       		.byte	-128
 542 0202 2C       		.byte	44
 543 0203 40       		.byte	64
 544 0204 2D       		.byte	45
 545 0205 20       		.byte	32
 546 0206 2E       		.byte	46
 547 0207 40       		.byte	64
 548 0208 2F       		.byte	47
 549 0209 10       		.byte	16
 550 020a 30       		.byte	48
 551 020b 04       		.byte	4
 552 020c 32       		.byte	50
 553 020d 51       		.byte	81
 554 020e 37       		.byte	55
 555 020f 80       		.byte	-128
 556 0210 38       		.byte	56
 557 0211 40       		.byte	64
 558 0212 39       		.byte	57
 559 0213 16       		.byte	22
 560 0214 3C       		.byte	60
 561 0215 40       		.byte	64
 562 0216 3F       		.byte	63
 563 0217 04       		.byte	4
 564 0218 64       		.byte	100
 565 0219 04       		.byte	4
 566 021a 67       		.byte	103
 567 021b 04       		.byte	4
 568 021c 68       		.byte	104
 569 021d 01       		.byte	1
 570 021e 69       		.byte	105
ARM GAS  C:\Users\BETTEF~1\AppData\Local\Temp\cc1cPg3d.s 			page 11


 571 021f 40       		.byte	64
 572 0220 6B       		.byte	107
 573 0221 08       		.byte	8
 574 0222 82       		.byte	-126
 575 0223 40       		.byte	64
 576 0224 84       		.byte	-124
 577 0225 40       		.byte	64
 578 0226 86       		.byte	-122
 579 0227 80       		.byte	-128
 580 0228 87       		.byte	-121
 581 0229 40       		.byte	64
 582 022a 89       		.byte	-119
 583 022b 08       		.byte	8
 584 022c 8C       		.byte	-116
 585 022d 40       		.byte	64
 586 022e 90       		.byte	-112
 587 022f 40       		.byte	64
 588 0230 91       		.byte	-111
 589 0231 05       		.byte	5
 590 0232 93       		.byte	-109
 591 0233 01       		.byte	1
 592 0234 95       		.byte	-107
 593 0235 40       		.byte	64
 594 0236 96       		.byte	-106
 595 0237 C2       		.byte	-62
 596 0238 97       		.byte	-105
 597 0239 04       		.byte	4
 598 023a 99       		.byte	-103
 599 023b 20       		.byte	32
 600 023c 9E       		.byte	-98
 601 023d 80       		.byte	-128
 602 023e 9F       		.byte	-97
 603 023f 08       		.byte	8
 604 0240 A0       		.byte	-96
 605 0241 0A       		.byte	10
 606 0242 A1       		.byte	-95
 607 0243 28       		.byte	40
 608 0244 A9       		.byte	-87
 609 0245 10       		.byte	16
 610 0246 AA       		.byte	-86
 611 0247 80       		.byte	-128
 612 0248 B3       		.byte	-77
 613 0249 04       		.byte	4
 614 024a C0       		.byte	-64
 615 024b DF       		.byte	-33
 616 024c C2       		.byte	-62
 617 024d 7F       		.byte	127
 618 024e C4       		.byte	-60
 619 024f 1F       		.byte	31
 620 0250 CA       		.byte	-54
 621 0251 FF       		.byte	-1
 622 0252 CC       		.byte	-52
 623 0253 1F       		.byte	31
 624 0254 CE       		.byte	-50
 625 0255 5F       		.byte	95
 626 0256 E0       		.byte	-32
 627 0257 02       		.byte	2
ARM GAS  C:\Users\BETTEF~1\AppData\Local\Temp\cc1cPg3d.s 			page 12


 628 0258 E4       		.byte	-28
 629 0259 01       		.byte	1
 630 025a 07       		.byte	7
 631 025b 01       		.byte	1
 632 025c 26       		.byte	38
 633 025d 01       		.byte	1
 634 025e 2A       		.byte	42
 635 025f 02       		.byte	2
 636 0260 30       		.byte	48
 637 0261 02       		.byte	2
 638 0262 35       		.byte	53
 639 0263 01       		.byte	1
 640 0264 36       		.byte	54
 641 0265 01       		.byte	1
 642 0266 40       		.byte	64
 643 0267 40       		.byte	64
 644 0268 41       		.byte	65
 645 0269 03       		.byte	3
 646 026a 49       		.byte	73
 647 026b FF       		.byte	-1
 648 026c 4A       		.byte	74
 649 026d FF       		.byte	-1
 650 026e 4B       		.byte	75
 651 026f FF       		.byte	-1
 652 0270 4D       		.byte	77
 653 0271 A0       		.byte	-96
 654 0272 4F       		.byte	79
 655 0273 04       		.byte	4
 656 0274 50       		.byte	80
 657 0275 18       		.byte	24
 658 0276 58       		.byte	88
 659 0277 04       		.byte	4
 660 0278 59       		.byte	89
 661 0279 04       		.byte	4
 662 027a 5A       		.byte	90
 663 027b 04       		.byte	4
 664 027c 5C       		.byte	92
 665 027d 11       		.byte	17
 666 027e 5D       		.byte	93
 667 027f 02       		.byte	2
 668 0280 5F       		.byte	95
 669 0281 01       		.byte	1
 670 0282 60       		.byte	96
 671 0283 40       		.byte	64
 672 0284 62       		.byte	98
 673 0285 C0       		.byte	-64
 674 0286 64       		.byte	100
 675 0287 40       		.byte	64
 676 0288 65       		.byte	101
 677 0289 40       		.byte	64
 678 028a 66       		.byte	102
 679 028b C0       		.byte	-64
 680 028c 68       		.byte	104
 681 028d C0       		.byte	-64
 682 028e 6A       		.byte	106
 683 028f C0       		.byte	-64
 684 0290 6C       		.byte	108
ARM GAS  C:\Users\BETTEF~1\AppData\Local\Temp\cc1cPg3d.s 			page 13


 685 0291 C0       		.byte	-64
 686 0292 6E       		.byte	110
 687 0293 C0       		.byte	-64
 688 0294 83       		.byte	-125
 689 0295 01       		.byte	1
 690 0296 8A       		.byte	-118
 691 0297 02       		.byte	2
 692 0298 92       		.byte	-110
 693 0299 06       		.byte	6
 694 029a 9E       		.byte	-98
 695 029b 0C       		.byte	12
 696 029c A2       		.byte	-94
 697 029d 01       		.byte	1
 698 029e A9       		.byte	-87
 699 029f 01       		.byte	1
 700 02a0 B0       		.byte	-80
 701 02a1 01       		.byte	1
 702 02a2 B2       		.byte	-78
 703 02a3 08       		.byte	8
 704 02a4 B4       		.byte	-76
 705 02a5 02       		.byte	2
 706 02a6 B6       		.byte	-74
 707 02a7 04       		.byte	4
 708 02a8 B7       		.byte	-73
 709 02a9 01       		.byte	1
 710 02aa BE       		.byte	-66
 711 02ab 10       		.byte	16
 712 02ac C0       		.byte	-64
 713 02ad 40       		.byte	64
 714 02ae C1       		.byte	-63
 715 02af 02       		.byte	2
 716 02b0 C5       		.byte	-59
 717 02b1 D0       		.byte	-48
 718 02b2 C7       		.byte	-57
 719 02b3 12       		.byte	18
 720 02b4 C8       		.byte	-56
 721 02b5 32       		.byte	50
 722 02b6 C9       		.byte	-55
 723 02b7 FF       		.byte	-1
 724 02b8 CA       		.byte	-54
 725 02b9 FF       		.byte	-1
 726 02ba CB       		.byte	-53
 727 02bb FF       		.byte	-1
 728 02bc CD       		.byte	-51
 729 02bd AF       		.byte	-81
 730 02be CE       		.byte	-50
 731 02bf 0F       		.byte	15
 732 02c0 CF       		.byte	-49
 733 02c1 04       		.byte	4
 734 02c2 D0       		.byte	-48
 735 02c3 18       		.byte	24
 736 02c4 D2       		.byte	-46
 737 02c5 80       		.byte	-128
 738 02c6 D4       		.byte	-44
 739 02c7 05       		.byte	5
 740 02c8 D6       		.byte	-42
 741 02c9 04       		.byte	4
ARM GAS  C:\Users\BETTEF~1\AppData\Local\Temp\cc1cPg3d.s 			page 14


 742 02ca D8       		.byte	-40
 743 02cb 04       		.byte	4
 744 02cc D9       		.byte	-39
 745 02cd 04       		.byte	4
 746 02ce DA       		.byte	-38
 747 02cf 04       		.byte	4
 748 02d0 DB       		.byte	-37
 749 02d1 04       		.byte	4
 750 02d2 DC       		.byte	-36
 751 02d3 22       		.byte	34
 752 02d4 DD       		.byte	-35
 753 02d5 22       		.byte	34
 754 02d6 DF       		.byte	-33
 755 02d7 01       		.byte	1
 756 02d8 E0       		.byte	-32
 757 02d9 40       		.byte	64
 758 02da E2       		.byte	-30
 759 02db C0       		.byte	-64
 760 02dc E4       		.byte	-28
 761 02dd 40       		.byte	64
 762 02de E5       		.byte	-27
 763 02df 40       		.byte	64
 764 02e0 E6       		.byte	-26
 765 02e1 C0       		.byte	-64
 766 02e2 E8       		.byte	-24
 767 02e3 C0       		.byte	-64
 768 02e4 EA       		.byte	-22
 769 02e5 C0       		.byte	-64
 770 02e6 EC       		.byte	-20
 771 02e7 C0       		.byte	-64
 772 02e8 EE       		.byte	-18
 773 02e9 C0       		.byte	-64
 774 02ea 00       		.byte	0
 775 02eb 80       		.byte	-128
 776 02ec 01       		.byte	1
 777 02ed 40       		.byte	64
 778 02ee 06       		.byte	6
 779 02ef 04       		.byte	4
 780 02f0 09       		.byte	9
 781 02f1 28       		.byte	40
 782 02f2 0A       		.byte	10
 783 02f3 82       		.byte	-126
 784 02f4 0D       		.byte	13
 785 02f5 02       		.byte	2
 786 02f6 0F       		.byte	15
 787 02f7 02       		.byte	2
 788 02f8 10       		.byte	16
 789 02f9 18       		.byte	24
 790 02fa 11       		.byte	17
 791 02fb 02       		.byte	2
 792 02fc 12       		.byte	18
 793 02fd 01       		.byte	1
 794 02fe 16       		.byte	22
 795 02ff 40       		.byte	64
 796 0300 1A       		.byte	26
 797 0301 82       		.byte	-126
 798 0302 1D       		.byte	29
ARM GAS  C:\Users\BETTEF~1\AppData\Local\Temp\cc1cPg3d.s 			page 15


 799 0303 02       		.byte	2
 800 0304 1E       		.byte	30
 801 0305 0A       		.byte	10
 802 0306 1F       		.byte	31
 803 0307 06       		.byte	6
 804 0308 21       		.byte	33
 805 0309 20       		.byte	32
 806 030a 23       		.byte	35
 807 030b 04       		.byte	4
 808 030c 26       		.byte	38
 809 030d 40       		.byte	64
 810 030e 29       		.byte	41
 811 030f 20       		.byte	32
 812 0310 2A       		.byte	42
 813 0311 01       		.byte	1
 814 0312 2F       		.byte	47
 815 0313 04       		.byte	4
 816 0314 31       		.byte	49
 817 0315 28       		.byte	40
 818 0316 32       		.byte	50
 819 0317 41       		.byte	65
 820 0318 39       		.byte	57
 821 0319 44       		.byte	68
 822 031a 3F       		.byte	63
 823 031b 02       		.byte	2
 824 031c 43       		.byte	67
 825 031d 0A       		.byte	10
 826 031e 45       		.byte	69
 827 031f 02       		.byte	2
 828 0320 46       		.byte	70
 829 0321 04       		.byte	4
 830 0322 4F       		.byte	79
 831 0323 01       		.byte	1
 832 0324 56       		.byte	86
 833 0325 04       		.byte	4
 834 0326 57       		.byte	87
 835 0327 09       		.byte	9
 836 0328 5E       		.byte	94
 837 0329 88       		.byte	-120
 838 032a 5F       		.byte	95
 839 032b 01       		.byte	1
 840 032c 67       		.byte	103
 841 032d 40       		.byte	64
 842 032e 76       		.byte	118
 843 032f 40       		.byte	64
 844 0330 87       		.byte	-121
 845 0331 40       		.byte	64
 846 0332 91       		.byte	-111
 847 0333 04       		.byte	4
 848 0334 96       		.byte	-106
 849 0335 82       		.byte	-126
 850 0336 97       		.byte	-105
 851 0337 04       		.byte	4
 852 0338 98       		.byte	-104
 853 0339 10       		.byte	16
 854 033a 99       		.byte	-103
 855 033b 20       		.byte	32
ARM GAS  C:\Users\BETTEF~1\AppData\Local\Temp\cc1cPg3d.s 			page 16


 856 033c 9A       		.byte	-102
 857 033d 01       		.byte	1
 858 033e A0       		.byte	-96
 859 033f 48       		.byte	72
 860 0340 A1       		.byte	-95
 861 0341 09       		.byte	9
 862 0342 A6       		.byte	-90
 863 0343 01       		.byte	1
 864 0344 AA       		.byte	-86
 865 0345 01       		.byte	1
 866 0346 B0       		.byte	-80
 867 0347 01       		.byte	1
 868 0348 B5       		.byte	-75
 869 0349 21       		.byte	33
 870 034a B7       		.byte	-73
 871 034b 20       		.byte	32
 872 034c C0       		.byte	-64
 873 034d 41       		.byte	65
 874 034e C2       		.byte	-62
 875 034f 9F       		.byte	-97
 876 0350 C4       		.byte	-60
 877 0351 1F       		.byte	31
 878 0352 CA       		.byte	-54
 879 0353 25       		.byte	37
 880 0354 CC       		.byte	-52
 881 0355 0F       		.byte	15
 882 0356 CE       		.byte	-50
 883 0357 8A       		.byte	-118
 884 0358 D0       		.byte	-48
 885 0359 A3       		.byte	-93
 886 035a D6       		.byte	-42
 887 035b D0       		.byte	-48
 888 035c D8       		.byte	-40
 889 035d 80       		.byte	-128
 890 035e E6       		.byte	-26
 891 035f 41       		.byte	65
 892 0360 EE       		.byte	-18
 893 0361 10       		.byte	16
 894 0362 92       		.byte	-110
 895 0363 80       		.byte	-128
 896 0364 93       		.byte	-109
 897 0365 04       		.byte	4
 898 0366 B2       		.byte	-78
 899 0367 01       		.byte	1
 900 0368 EE       		.byte	-18
 901 0369 04       		.byte	4
 902 036a 56       		.byte	86
 903 036b 08       		.byte	8
 904 036c 58       		.byte	88
 905 036d 04       		.byte	4
 906 036e 59       		.byte	89
 907 036f 04       		.byte	4
 908 0370 5B       		.byte	91
 909 0371 04       		.byte	4
 910 0372 5C       		.byte	92
 911 0373 11       		.byte	17
 912 0374 5F       		.byte	95
ARM GAS  C:\Users\BETTEF~1\AppData\Local\Temp\cc1cPg3d.s 			page 17


 913 0375 01       		.byte	1
 914 0376 96       		.byte	-106
 915 0377 03       		.byte	3
 916 0378 98       		.byte	-104
 917 0379 03       		.byte	3
 918 037a AE       		.byte	-82
 919 037b 01       		.byte	1
 920 037c B2       		.byte	-78
 921 037d 02       		.byte	2
 922 037e B6       		.byte	-74
 923 037f 01       		.byte	1
 924 0380 BE       		.byte	-66
 925 0381 44       		.byte	68
 926 0382 D4       		.byte	-44
 927 0383 41       		.byte	65
 928 0384 D8       		.byte	-40
 929 0385 04       		.byte	4
 930 0386 D9       		.byte	-39
 931 0387 04       		.byte	4
 932 0388 DB       		.byte	-37
 933 0389 04       		.byte	4
 934 038a DC       		.byte	-36
 935 038b 11       		.byte	17
 936 038c DF       		.byte	-33
 937 038d 01       		.byte	1
 938 038e 01       		.byte	1
 939 038f 48       		.byte	72
 940 0390 03       		.byte	3
 941 0391 40       		.byte	64
 942 0392 06       		.byte	6
 943 0393 18       		.byte	24
 944 0394 07       		.byte	7
 945 0395 42       		.byte	66
 946 0396 08       		.byte	8
 947 0397 08       		.byte	8
 948 0398 09       		.byte	9
 949 0399 81       		.byte	-127
 950 039a 0A       		.byte	10
 951 039b 04       		.byte	4
 952 039c 0D       		.byte	13
 953 039d 80       		.byte	-128
 954 039e 10       		.byte	16
 955 039f 03       		.byte	3
 956 03a0 12       		.byte	18
 957 03a1 10       		.byte	16
 958 03a2 13       		.byte	19
 959 03a3 02       		.byte	2
 960 03a4 15       		.byte	21
 961 03a5 40       		.byte	64
 962 03a6 17       		.byte	23
 963 03a7 01       		.byte	1
 964 03a8 19       		.byte	25
 965 03a9 84       		.byte	-124
 966 03aa 28       		.byte	40
 967 03ab 40       		.byte	64
 968 03ac 29       		.byte	41
 969 03ad 08       		.byte	8
ARM GAS  C:\Users\BETTEF~1\AppData\Local\Temp\cc1cPg3d.s 			page 18


 970 03ae 2A       		.byte	42
 971 03af 08       		.byte	8
 972 03b0 2C       		.byte	44
 973 03b1 40       		.byte	64
 974 03b2 2D       		.byte	45
 975 03b3 40       		.byte	64
 976 03b4 32       		.byte	50
 977 03b5 02       		.byte	2
 978 03b6 33       		.byte	51
 979 03b7 48       		.byte	72
 980 03b8 36       		.byte	54
 981 03b9 22       		.byte	34
 982 03ba 37       		.byte	55
 983 03bb 40       		.byte	64
 984 03bc 39       		.byte	57
 985 03bd 40       		.byte	64
 986 03be 3A       		.byte	58
 987 03bf 10       		.byte	16
 988 03c0 3D       		.byte	61
 989 03c1 80       		.byte	-128
 990 03c2 3E       		.byte	62
 991 03c3 08       		.byte	8
 992 03c4 45       		.byte	69
 993 03c5 01       		.byte	1
 994 03c6 47       		.byte	71
 995 03c7 01       		.byte	1
 996 03c8 59       		.byte	89
 997 03c9 A0       		.byte	-96
 998 03ca 5B       		.byte	91
 999 03cb 08       		.byte	8
 1000 03cc 5E       		.byte	94
 1001 03cd 80       		.byte	-128
 1002 03ce 61       		.byte	97
 1003 03cf 04       		.byte	4
 1004 03d0 64       		.byte	100
 1005 03d1 01       		.byte	1
 1006 03d2 8B       		.byte	-117
 1007 03d3 80       		.byte	-128
 1008 03d4 91       		.byte	-111
 1009 03d5 40       		.byte	64
 1010 03d6 92       		.byte	-110
 1011 03d7 04       		.byte	4
 1012 03d8 98       		.byte	-104
 1013 03d9 08       		.byte	8
 1014 03da 99       		.byte	-103
 1015 03db 20       		.byte	32
 1016 03dc 9A       		.byte	-102
 1017 03dd 18       		.byte	24
 1018 03de 9B       		.byte	-101
 1019 03df 40       		.byte	64
 1020 03e0 9C       		.byte	-100
 1021 03e1 02       		.byte	2
 1022 03e2 A0       		.byte	-96
 1023 03e3 40       		.byte	64
 1024 03e4 A1       		.byte	-95
 1025 03e5 40       		.byte	64
 1026 03e6 A2       		.byte	-94
ARM GAS  C:\Users\BETTEF~1\AppData\Local\Temp\cc1cPg3d.s 			page 19


 1027 03e7 40       		.byte	64
 1028 03e8 A7       		.byte	-89
 1029 03e9 88       		.byte	-120
 1030 03ea AE       		.byte	-82
 1031 03eb 21       		.byte	33
 1032 03ec B2       		.byte	-78
 1033 03ed 08       		.byte	8
 1034 03ee C0       		.byte	-64
 1035 03ef FD       		.byte	-3
 1036 03f0 C2       		.byte	-62
 1037 03f1 8F       		.byte	-113
 1038 03f2 C4       		.byte	-60
 1039 03f3 9D       		.byte	-99
 1040 03f4 CA       		.byte	-54
 1041 03f5 93       		.byte	-109
 1042 03f6 CC       		.byte	-52
 1043 03f7 BB       		.byte	-69
 1044 03f8 CE       		.byte	-50
 1045 03f9 5C       		.byte	92
 1046 03fa D6       		.byte	-42
 1047 03fb 1E       		.byte	30
 1048 03fc D8       		.byte	-40
 1049 03fd 12       		.byte	18
 1050 03fe E8       		.byte	-24
 1051 03ff 20       		.byte	32
 1052 0400 EE       		.byte	-18
 1053 0401 04       		.byte	4
 1054 0402 00       		.byte	0
 1055 0403 02       		.byte	2
 1056 0404 03       		.byte	3
 1057 0405 02       		.byte	2
 1058 0406 12       		.byte	18
 1059 0407 04       		.byte	4
 1060 0408 16       		.byte	22
 1061 0409 08       		.byte	8
 1062 040a 18       		.byte	24
 1063 040b 01       		.byte	1
 1064 040c 19       		.byte	25
 1065 040d 01       		.byte	1
 1066 040e 21       		.byte	33
 1067 040f 02       		.byte	2
 1068 0410 2F       		.byte	47
 1069 0411 01       		.byte	1
 1070 0412 30       		.byte	48
 1071 0413 02       		.byte	2
 1072 0414 32       		.byte	50
 1073 0415 04       		.byte	4
 1074 0416 33       		.byte	51
 1075 0417 01       		.byte	1
 1076 0418 34       		.byte	52
 1077 0419 08       		.byte	8
 1078 041a 36       		.byte	54
 1079 041b 01       		.byte	1
 1080 041c 37       		.byte	55
 1081 041d 02       		.byte	2
 1082 041e 3E       		.byte	62
 1083 041f 41       		.byte	65
ARM GAS  C:\Users\BETTEF~1\AppData\Local\Temp\cc1cPg3d.s 			page 20


 1084 0420 3F       		.byte	63
 1085 0421 44       		.byte	68
 1086 0422 40       		.byte	64
 1087 0423 02       		.byte	2
 1088 0424 41       		.byte	65
 1089 0425 05       		.byte	5
 1090 0426 42       		.byte	66
 1091 0427 20       		.byte	32
 1092 0428 44       		.byte	68
 1093 0429 04       		.byte	4
 1094 042a 45       		.byte	69
 1095 042b CF       		.byte	-49
 1096 042c 46       		.byte	70
 1097 042d 0D       		.byte	13
 1098 042e 47       		.byte	71
 1099 042f BE       		.byte	-66
 1100 0430 48       		.byte	72
 1101 0431 37       		.byte	55
 1102 0432 49       		.byte	73
 1103 0433 FF       		.byte	-1
 1104 0434 4A       		.byte	74
 1105 0435 FF       		.byte	-1
 1106 0436 4B       		.byte	75
 1107 0437 FF       		.byte	-1
 1108 0438 4C       		.byte	76
 1109 0439 22       		.byte	34
 1110 043a 4E       		.byte	78
 1111 043b F0       		.byte	-16
 1112 043c 4F       		.byte	79
 1113 043d 0C       		.byte	12
 1114 043e 50       		.byte	80
 1115 043f 8C       		.byte	-116
 1116 0440 51       		.byte	81
 1117 0441 10       		.byte	16
 1118 0442 54       		.byte	84
 1119 0443 20       		.byte	32
 1120 0444 56       		.byte	86
 1121 0445 04       		.byte	4
 1122 0446 58       		.byte	88
 1123 0447 04       		.byte	4
 1124 0448 59       		.byte	89
 1125 0449 04       		.byte	4
 1126 044a 5A       		.byte	90
 1127 044b 24       		.byte	36
 1128 044c 5B       		.byte	91
 1129 044d 04       		.byte	4
 1130 044e 5C       		.byte	92
 1131 044f 10       		.byte	16
 1132 0450 5D       		.byte	93
 1133 0451 08       		.byte	8
 1134 0452 5F       		.byte	95
 1135 0453 01       		.byte	1
 1136 0454 68       		.byte	104
 1137 0455 40       		.byte	64
 1138 0456 69       		.byte	105
 1139 0457 01       		.byte	1
 1140 0458 6A       		.byte	106
ARM GAS  C:\Users\BETTEF~1\AppData\Local\Temp\cc1cPg3d.s 			page 21


 1141 0459 C0       		.byte	-64
 1142 045a 6B       		.byte	107
 1143 045b 01       		.byte	1
 1144 045c 95       		.byte	-107
 1145 045d 01       		.byte	1
 1146 045e 96       		.byte	-106
 1147 045f 01       		.byte	1
 1148 0460 9B       		.byte	-101
 1149 0461 03       		.byte	3
 1150 0462 A8       		.byte	-88
 1151 0463 01       		.byte	1
 1152 0464 AE       		.byte	-82
 1153 0465 02       		.byte	2
 1154 0466 B2       		.byte	-78
 1155 0467 03       		.byte	3
 1156 0468 B3       		.byte	-77
 1157 0469 01       		.byte	1
 1158 046a B5       		.byte	-75
 1159 046b 02       		.byte	2
 1160 046c D4       		.byte	-44
 1161 046d 01       		.byte	1
 1162 046e D8       		.byte	-40
 1163 046f 04       		.byte	4
 1164 0470 D9       		.byte	-39
 1165 0471 0E       		.byte	14
 1166 0472 DB       		.byte	-37
 1167 0473 0E       		.byte	14
 1168 0474 DC       		.byte	-36
 1169 0475 19       		.byte	25
 1170 0476 DD       		.byte	-35
 1171 0477 10       		.byte	16
 1172 0478 DF       		.byte	-33
 1173 0479 01       		.byte	1
 1174 047a 03       		.byte	3
 1175 047b 80       		.byte	-128
 1176 047c 08       		.byte	8
 1177 047d 09       		.byte	9
 1178 047e 0B       		.byte	11
 1179 047f 08       		.byte	8
 1180 0480 0E       		.byte	14
 1181 0481 20       		.byte	32
 1182 0482 14       		.byte	20
 1183 0483 02       		.byte	2
 1184 0484 17       		.byte	23
 1185 0485 10       		.byte	16
 1186 0486 19       		.byte	25
 1187 0487 41       		.byte	65
 1188 0488 1A       		.byte	26
 1189 0489 24       		.byte	36
 1190 048a 1E       		.byte	30
 1191 048b 20       		.byte	32
 1192 048c 21       		.byte	33
 1193 048d 80       		.byte	-128
 1194 048e 22       		.byte	34
 1195 048f 08       		.byte	8
 1196 0490 27       		.byte	39
 1197 0491 18       		.byte	24
ARM GAS  C:\Users\BETTEF~1\AppData\Local\Temp\cc1cPg3d.s 			page 22


 1198 0492 28       		.byte	40
 1199 0493 01       		.byte	1
 1200 0494 2A       		.byte	42
 1201 0495 08       		.byte	8
 1202 0496 2B       		.byte	43
 1203 0497 89       		.byte	-119
 1204 0498 30       		.byte	48
 1205 0499 04       		.byte	4
 1206 049a 32       		.byte	50
 1207 049b 10       		.byte	16
 1208 049c 33       		.byte	51
 1209 049d 41       		.byte	65
 1210 049e 35       		.byte	53
 1211 049f 01       		.byte	1
 1212 04a0 36       		.byte	54
 1213 04a1 11       		.byte	17
 1214 04a2 37       		.byte	55
 1215 04a3 08       		.byte	8
 1216 04a4 39       		.byte	57
 1217 04a5 40       		.byte	64
 1218 04a6 3A       		.byte	58
 1219 04a7 10       		.byte	16
 1220 04a8 3B       		.byte	59
 1221 04a9 02       		.byte	2
 1222 04aa 40       		.byte	64
 1223 04ab 44       		.byte	68
 1224 04ac 45       		.byte	69
 1225 04ad 10       		.byte	16
 1226 04ae 46       		.byte	70
 1227 04af 08       		.byte	8
 1228 04b0 49       		.byte	73
 1229 04b1 10       		.byte	16
 1230 04b2 4A       		.byte	74
 1231 04b3 69       		.byte	105
 1232 04b4 4B       		.byte	75
 1233 04b5 08       		.byte	8
 1234 04b6 4C       		.byte	76
 1235 04b7 04       		.byte	4
 1236 04b8 4D       		.byte	77
 1237 04b9 20       		.byte	32
 1238 04ba 50       		.byte	80
 1239 04bb 04       		.byte	4
 1240 04bc 52       		.byte	82
 1241 04bd 80       		.byte	-128
 1242 04be 53       		.byte	83
 1243 04bf 01       		.byte	1
 1244 04c0 5A       		.byte	90
 1245 04c1 02       		.byte	2
 1246 04c2 5E       		.byte	94
 1247 04c3 40       		.byte	64
 1248 04c4 60       		.byte	96
 1249 04c5 80       		.byte	-128
 1250 04c6 61       		.byte	97
 1251 04c7 50       		.byte	80
 1252 04c8 63       		.byte	99
 1253 04c9 10       		.byte	16
 1254 04ca 7A       		.byte	122
ARM GAS  C:\Users\BETTEF~1\AppData\Local\Temp\cc1cPg3d.s 			page 23


 1255 04cb 02       		.byte	2
 1256 04cc 7F       		.byte	127
 1257 04cd 20       		.byte	32
 1258 04ce 80       		.byte	-128
 1259 04cf 80       		.byte	-128
 1260 04d0 89       		.byte	-119
 1261 04d1 80       		.byte	-128
 1262 04d2 8E       		.byte	-114
 1263 04d3 40       		.byte	64
 1264 04d4 8F       		.byte	-113
 1265 04d5 10       		.byte	16
 1266 04d6 90       		.byte	-112
 1267 04d7 44       		.byte	68
 1268 04d8 91       		.byte	-111
 1269 04d9 40       		.byte	64
 1270 04da 93       		.byte	-109
 1271 04db 10       		.byte	16
 1272 04dc 98       		.byte	-104
 1273 04dd 0C       		.byte	12
 1274 04de 9A       		.byte	-102
 1275 04df 10       		.byte	16
 1276 04e0 9B       		.byte	-101
 1277 04e1 41       		.byte	65
 1278 04e2 9D       		.byte	-99
 1279 04e3 01       		.byte	1
 1280 04e4 9E       		.byte	-98
 1281 04e5 08       		.byte	8
 1282 04e6 A0       		.byte	-96
 1283 04e7 40       		.byte	64
 1284 04e8 A1       		.byte	-95
 1285 04e9 40       		.byte	64
 1286 04ea A2       		.byte	-94
 1287 04eb 02       		.byte	2
 1288 04ec A3       		.byte	-93
 1289 04ed 21       		.byte	33
 1290 04ee A5       		.byte	-91
 1291 04ef 10       		.byte	16
 1292 04f0 A6       		.byte	-90
 1293 04f1 80       		.byte	-128
 1294 04f2 A7       		.byte	-89
 1295 04f3 80       		.byte	-128
 1296 04f4 A8       		.byte	-88
 1297 04f5 20       		.byte	32
 1298 04f6 AB       		.byte	-85
 1299 04f7 80       		.byte	-128
 1300 04f8 AC       		.byte	-84
 1301 04f9 80       		.byte	-128
 1302 04fa B2       		.byte	-78
 1303 04fb 42       		.byte	66
 1304 04fc B3       		.byte	-77
 1305 04fd 30       		.byte	48
 1306 04fe B7       		.byte	-73
 1307 04ff 40       		.byte	64
 1308 0500 C0       		.byte	-64
 1309 0501 08       		.byte	8
 1310 0502 C2       		.byte	-62
 1311 0503 2E       		.byte	46
ARM GAS  C:\Users\BETTEF~1\AppData\Local\Temp\cc1cPg3d.s 			page 24


 1312 0504 C4       		.byte	-60
 1313 0505 C0       		.byte	-64
 1314 0506 CA       		.byte	-54
 1315 0507 0F       		.byte	15
 1316 0508 CC       		.byte	-52
 1317 0509 6F       		.byte	111
 1318 050a CE       		.byte	-50
 1319 050b 0D       		.byte	13
 1320 050c D0       		.byte	-48
 1321 050d 05       		.byte	5
 1322 050e D2       		.byte	-46
 1323 050f 08       		.byte	8
 1324 0510 D6       		.byte	-42
 1325 0511 11       		.byte	17
 1326 0512 D8       		.byte	-40
 1327 0513 0F       		.byte	15
 1328 0514 DE       		.byte	-34
 1329 0515 48       		.byte	72
 1330 0516 E6       		.byte	-26
 1331 0517 40       		.byte	64
 1332 0518 E8       		.byte	-24
 1333 0519 90       		.byte	-112
 1334 051a EE       		.byte	-18
 1335 051b 02       		.byte	2
 1336 051c 56       		.byte	86
 1337 051d 08       		.byte	8
 1338 051e 58       		.byte	88
 1339 051f 04       		.byte	4
 1340 0520 59       		.byte	89
 1341 0521 04       		.byte	4
 1342 0522 5B       		.byte	91
 1343 0523 04       		.byte	4
 1344 0524 5C       		.byte	92
 1345 0525 11       		.byte	17
 1346 0526 5F       		.byte	95
 1347 0527 01       		.byte	1
 1348 0528 84       		.byte	-124
 1349 0529 01       		.byte	1
 1350 052a 85       		.byte	-123
 1351 052b 01       		.byte	1
 1352 052c 86       		.byte	-122
 1353 052d 08       		.byte	8
 1354 052e 89       		.byte	-119
 1355 052f 01       		.byte	1
 1356 0530 8A       		.byte	-118
 1357 0531 1E       		.byte	30
 1358 0532 8D       		.byte	-115
 1359 0533 01       		.byte	1
 1360 0534 9D       		.byte	-99
 1361 0535 01       		.byte	1
 1362 0536 9E       		.byte	-98
 1363 0537 21       		.byte	33
 1364 0538 A0       		.byte	-96
 1365 0539 01       		.byte	1
 1366 053a A2       		.byte	-94
 1367 053b 02       		.byte	2
 1368 053c A4       		.byte	-92
ARM GAS  C:\Users\BETTEF~1\AppData\Local\Temp\cc1cPg3d.s 			page 25


 1369 053d 01       		.byte	1
 1370 053e A6       		.byte	-90
 1371 053f 04       		.byte	4
 1372 0540 AC       		.byte	-84
 1373 0541 01       		.byte	1
 1374 0542 AE       		.byte	-82
 1375 0543 10       		.byte	16
 1376 0544 B0       		.byte	-80
 1377 0545 1F       		.byte	31
 1378 0546 B2       		.byte	-78
 1379 0547 20       		.byte	32
 1380 0548 B5       		.byte	-75
 1381 0549 01       		.byte	1
 1382 054a BE       		.byte	-66
 1383 054b 01       		.byte	1
 1384 054c BF       		.byte	-65
 1385 054d 10       		.byte	16
 1386 054e D6       		.byte	-42
 1387 054f 02       		.byte	2
 1388 0550 D7       		.byte	-41
 1389 0551 2C       		.byte	44
 1390 0552 D8       		.byte	-40
 1391 0553 04       		.byte	4
 1392 0554 D9       		.byte	-39
 1393 0555 04       		.byte	4
 1394 0556 DB       		.byte	-37
 1395 0557 24       		.byte	36
 1396 0558 DC       		.byte	-36
 1397 0559 18       		.byte	24
 1398 055a DD       		.byte	-35
 1399 055b 80       		.byte	-128
 1400 055c DE       		.byte	-34
 1401 055d 08       		.byte	8
 1402 055e DF       		.byte	-33
 1403 055f 01       		.byte	1
 1404 0560 00       		.byte	0
 1405 0561 18       		.byte	24
 1406 0562 06       		.byte	6
 1407 0563 18       		.byte	24
 1408 0564 07       		.byte	7
 1409 0565 01       		.byte	1
 1410 0566 08       		.byte	8
 1411 0567 80       		.byte	-128
 1412 0568 0C       		.byte	12
 1413 0569 04       		.byte	4
 1414 056a 0D       		.byte	13
 1415 056b 80       		.byte	-128
 1416 056c 0E       		.byte	14
 1417 056d 01       		.byte	1
 1418 056e 0F       		.byte	15
 1419 056f 08       		.byte	8
 1420 0570 10       		.byte	16
 1421 0571 A2       		.byte	-94
 1422 0572 17       		.byte	23
 1423 0573 40       		.byte	64
 1424 0574 18       		.byte	24
 1425 0575 50       		.byte	80
ARM GAS  C:\Users\BETTEF~1\AppData\Local\Temp\cc1cPg3d.s 			page 26


 1426 0576 20       		.byte	32
 1427 0577 04       		.byte	4
 1428 0578 28       		.byte	40
 1429 0579 01       		.byte	1
 1430 057a 2A       		.byte	42
 1431 057b 0A       		.byte	10
 1432 057c 2B       		.byte	43
 1433 057d 08       		.byte	8
 1434 057e 2D       		.byte	45
 1435 057f 40       		.byte	64
 1436 0580 2E       		.byte	46
 1437 0581 01       		.byte	1
 1438 0582 30       		.byte	48
 1439 0583 84       		.byte	-124
 1440 0584 33       		.byte	51
 1441 0585 01       		.byte	1
 1442 0586 34       		.byte	52
 1443 0587 04       		.byte	4
 1444 0588 37       		.byte	55
 1445 0589 41       		.byte	65
 1446 058a 38       		.byte	56
 1447 058b 02       		.byte	2
 1448 058c 39       		.byte	57
 1449 058d A8       		.byte	-88
 1450 058e 3D       		.byte	61
 1451 058f 80       		.byte	-128
 1452 0590 3E       		.byte	62
 1453 0591 08       		.byte	8
 1454 0592 5E       		.byte	94
 1455 0593 80       		.byte	-128
 1456 0594 61       		.byte	97
 1457 0595 01       		.byte	1
 1458 0596 66       		.byte	102
 1459 0597 40       		.byte	64
 1460 0598 68       		.byte	104
 1461 0599 A6       		.byte	-90
 1462 059a 69       		.byte	105
 1463 059b A9       		.byte	-87
 1464 059c 6A       		.byte	106
 1465 059d 04       		.byte	4
 1466 059e 6B       		.byte	107
 1467 059f 08       		.byte	8
 1468 05a0 78       		.byte	120
 1469 05a1 20       		.byte	32
 1470 05a2 7A       		.byte	122
 1471 05a3 C2       		.byte	-62
 1472 05a4 81       		.byte	-127
 1473 05a5 80       		.byte	-128
 1474 05a6 83       		.byte	-125
 1475 05a7 08       		.byte	8
 1476 05a8 84       		.byte	-124
 1477 05a9 01       		.byte	1
 1478 05aa 85       		.byte	-123
 1479 05ab 40       		.byte	64
 1480 05ac 86       		.byte	-122
 1481 05ad 10       		.byte	16
 1482 05ae 88       		.byte	-120
ARM GAS  C:\Users\BETTEF~1\AppData\Local\Temp\cc1cPg3d.s 			page 27


 1483 05af 40       		.byte	64
 1484 05b0 8B       		.byte	-117
 1485 05b1 01       		.byte	1
 1486 05b2 8C       		.byte	-116
 1487 05b3 01       		.byte	1
 1488 05b4 8D       		.byte	-115
 1489 05b5 40       		.byte	64
 1490 05b6 8F       		.byte	-113
 1491 05b7 04       		.byte	4
 1492 05b8 95       		.byte	-107
 1493 05b9 41       		.byte	65
 1494 05ba 96       		.byte	-106
 1495 05bb 05       		.byte	5
 1496 05bc 98       		.byte	-104
 1497 05bd 0C       		.byte	12
 1498 05be 9A       		.byte	-102
 1499 05bf 02       		.byte	2
 1500 05c0 9E       		.byte	-98
 1501 05c1 10       		.byte	16
 1502 05c2 9F       		.byte	-97
 1503 05c3 09       		.byte	9
 1504 05c4 A3       		.byte	-93
 1505 05c5 01       		.byte	1
 1506 05c6 A4       		.byte	-92
 1507 05c7 22       		.byte	34
 1508 05c8 A5       		.byte	-91
 1509 05c9 10       		.byte	16
 1510 05ca A6       		.byte	-90
 1511 05cb 80       		.byte	-128
 1512 05cc A7       		.byte	-89
 1513 05cd 04       		.byte	4
 1514 05ce B0       		.byte	-80
 1515 05cf 18       		.byte	24
 1516 05d0 B2       		.byte	-78
 1517 05d1 21       		.byte	33
 1518 05d2 C0       		.byte	-64
 1519 05d3 E6       		.byte	-26
 1520 05d4 C2       		.byte	-62
 1521 05d5 E1       		.byte	-31
 1522 05d6 C4       		.byte	-60
 1523 05d7 8D       		.byte	-115
 1524 05d8 CA       		.byte	-54
 1525 05d9 9F       		.byte	-97
 1526 05da CC       		.byte	-52
 1527 05db DB       		.byte	-37
 1528 05dc CE       		.byte	-50
 1529 05dd 5F       		.byte	95
 1530 05de D6       		.byte	-42
 1531 05df 10       		.byte	16
 1532 05e0 D8       		.byte	-40
 1533 05e1 11       		.byte	17
 1534 05e2 DE       		.byte	-34
 1535 05e3 0C       		.byte	12
 1536 05e4 E0       		.byte	-32
 1537 05e5 40       		.byte	64
 1538 05e6 E4       		.byte	-28
 1539 05e7 20       		.byte	32
ARM GAS  C:\Users\BETTEF~1\AppData\Local\Temp\cc1cPg3d.s 			page 28


 1540 05e8 EC       		.byte	-20
 1541 05e9 20       		.byte	32
 1542 05ea 00       		.byte	0
 1543 05eb 01       		.byte	1
 1544 05ec 01       		.byte	1
 1545 05ed 01       		.byte	1
 1546 05ee 0D       		.byte	13
 1547 05ef 01       		.byte	1
 1548 05f0 18       		.byte	24
 1549 05f1 01       		.byte	1
 1550 05f2 19       		.byte	25
 1551 05f3 01       		.byte	1
 1552 05f4 22       		.byte	34
 1553 05f5 01       		.byte	1
 1554 05f6 23       		.byte	35
 1555 05f7 01       		.byte	1
 1556 05f8 24       		.byte	36
 1557 05f9 01       		.byte	1
 1558 05fa 2C       		.byte	44
 1559 05fb 01       		.byte	1
 1560 05fc 35       		.byte	53
 1561 05fd 01       		.byte	1
 1562 05fe 36       		.byte	54
 1563 05ff 01       		.byte	1
 1564 0600 3E       		.byte	62
 1565 0601 40       		.byte	64
 1566 0602 3F       		.byte	63
 1567 0603 10       		.byte	16
 1568 0604 56       		.byte	86
 1569 0605 08       		.byte	8
 1570 0606 58       		.byte	88
 1571 0607 04       		.byte	4
 1572 0608 59       		.byte	89
 1573 0609 04       		.byte	4
 1574 060a 5B       		.byte	91
 1575 060b 04       		.byte	4
 1576 060c 5C       		.byte	92
 1577 060d 11       		.byte	17
 1578 060e 5F       		.byte	95
 1579 060f 01       		.byte	1
 1580 0610 D8       		.byte	-40
 1581 0611 04       		.byte	4
 1582 0612 D9       		.byte	-39
 1583 0613 04       		.byte	4
 1584 0614 DC       		.byte	-36
 1585 0615 11       		.byte	17
 1586 0616 DF       		.byte	-33
 1587 0617 01       		.byte	1
 1588 0618 00       		.byte	0
 1589 0619 24       		.byte	36
 1590 061a 01       		.byte	1
 1591 061b 01       		.byte	1
 1592 061c 02       		.byte	2
 1593 061d 10       		.byte	16
 1594 061e 03       		.byte	3
 1595 061f 01       		.byte	1
 1596 0620 06       		.byte	6
ARM GAS  C:\Users\BETTEF~1\AppData\Local\Temp\cc1cPg3d.s 			page 29


 1597 0621 14       		.byte	20
 1598 0622 07       		.byte	7
 1599 0623 01       		.byte	1
 1600 0624 08       		.byte	8
 1601 0625 04       		.byte	4
 1602 0626 0A       		.byte	10
 1603 0627 46       		.byte	70
 1604 0628 0C       		.byte	12
 1605 0629 0C       		.byte	12
 1606 062a 0E       		.byte	14
 1607 062b 01       		.byte	1
 1608 062c 0F       		.byte	15
 1609 062d 08       		.byte	8
 1610 062e 10       		.byte	16
 1611 062f 02       		.byte	2
 1612 0630 11       		.byte	17
 1613 0631 20       		.byte	32
 1614 0632 12       		.byte	18
 1615 0633 8D       		.byte	-115
 1616 0634 13       		.byte	19
 1617 0635 08       		.byte	8
 1618 0636 14       		.byte	20
 1619 0637 02       		.byte	2
 1620 0638 16       		.byte	22
 1621 0639 02       		.byte	2
 1622 063a 19       		.byte	25
 1623 063b 40       		.byte	64
 1624 063c 22       		.byte	34
 1625 063d 10       		.byte	16
 1626 063e 2A       		.byte	42
 1627 063f 05       		.byte	5
 1628 0640 2B       		.byte	43
 1629 0641 04       		.byte	4
 1630 0642 2C       		.byte	44
 1631 0643 08       		.byte	8
 1632 0644 2F       		.byte	47
 1633 0645 80       		.byte	-128
 1634 0646 30       		.byte	48
 1635 0647 28       		.byte	40
 1636 0648 31       		.byte	49
 1637 0649 80       		.byte	-128
 1638 064a 33       		.byte	51
 1639 064b 81       		.byte	-127
 1640 064c 36       		.byte	54
 1641 064d 08       		.byte	8
 1642 064e 37       		.byte	55
 1643 064f 01       		.byte	1
 1644 0650 38       		.byte	56
 1645 0651 04       		.byte	4
 1646 0652 39       		.byte	57
 1647 0653 01       		.byte	1
 1648 0654 3A       		.byte	58
 1649 0655 20       		.byte	32
 1650 0656 3B       		.byte	59
 1651 0657 80       		.byte	-128
 1652 0658 3C       		.byte	60
 1653 0659 04       		.byte	4
ARM GAS  C:\Users\BETTEF~1\AppData\Local\Temp\cc1cPg3d.s 			page 30


 1654 065a 3D       		.byte	61
 1655 065b 40       		.byte	64
 1656 065c 3E       		.byte	62
 1657 065d 41       		.byte	65
 1658 065e 59       		.byte	89
 1659 065f 40       		.byte	64
 1660 0660 5A       		.byte	90
 1661 0661 20       		.byte	32
 1662 0662 60       		.byte	96
 1663 0663 08       		.byte	8
 1664 0664 63       		.byte	99
 1665 0665 02       		.byte	2
 1666 0666 87       		.byte	-121
 1667 0667 48       		.byte	72
 1668 0668 88       		.byte	-120
 1669 0669 02       		.byte	2
 1670 066a 89       		.byte	-119
 1671 066b 80       		.byte	-128
 1672 066c 8A       		.byte	-118
 1673 066d 01       		.byte	1
 1674 066e C0       		.byte	-64
 1675 066f EF       		.byte	-17
 1676 0670 C2       		.byte	-62
 1677 0671 EF       		.byte	-17
 1678 0672 C4       		.byte	-60
 1679 0673 8F       		.byte	-113
 1680 0674 CA       		.byte	-54
 1681 0675 A7       		.byte	-89
 1682 0676 CC       		.byte	-52
 1683 0677 CF       		.byte	-49
 1684 0678 CE       		.byte	-50
 1685 0679 DF       		.byte	-33
 1686 067a D6       		.byte	-42
 1687 067b 0C       		.byte	12
 1688 067c D8       		.byte	-40
 1689 067d 0C       		.byte	12
 1690 067e E0       		.byte	-32
 1691 067f 20       		.byte	32
 1692 0680 E2       		.byte	-30
 1693 0681 02       		.byte	2
 1694 0682 8B       		.byte	-117
 1695 0683 04       		.byte	4
 1696 0684 93       		.byte	-109
 1697 0685 04       		.byte	4
 1698 0686 EC       		.byte	-20
 1699 0687 20       		.byte	32
 1700 0688 93       		.byte	-109
 1701 0689 04       		.byte	4
 1702 068a B6       		.byte	-74
 1703 068b 40       		.byte	64
 1704 068c E2       		.byte	-30
 1705 068d 04       		.byte	4
 1706 068e E8       		.byte	-24
 1707 068f 40       		.byte	64
 1708 0690 40       		.byte	64
 1709 0691 60       		.byte	96
 1710 0692 41       		.byte	65
ARM GAS  C:\Users\BETTEF~1\AppData\Local\Temp\cc1cPg3d.s 			page 31


 1711 0693 01       		.byte	1
 1712 0694 49       		.byte	73
 1713 0695 FF       		.byte	-1
 1714 0696 4A       		.byte	74
 1715 0697 FF       		.byte	-1
 1716 0698 4B       		.byte	75
 1717 0699 FF       		.byte	-1
 1718 069a 4D       		.byte	77
 1719 069b A0       		.byte	-96
 1720 069c 4F       		.byte	79
 1721 069d 04       		.byte	4
 1722 069e 50       		.byte	80
 1723 069f 18       		.byte	24
 1724 06a0 56       		.byte	86
 1725 06a1 08       		.byte	8
 1726 06a2 58       		.byte	88
 1727 06a3 04       		.byte	4
 1728 06a4 59       		.byte	89
 1729 06a5 04       		.byte	4
 1730 06a6 5A       		.byte	90
 1731 06a7 04       		.byte	4
 1732 06a8 5B       		.byte	91
 1733 06a9 04       		.byte	4
 1734 06aa 5C       		.byte	92
 1735 06ab 11       		.byte	17
 1736 06ac 5D       		.byte	93
 1737 06ad 93       		.byte	-109
 1738 06ae 5F       		.byte	95
 1739 06af 01       		.byte	1
 1740 06b0 60       		.byte	96
 1741 06b1 40       		.byte	64
 1742 06b2 62       		.byte	98
 1743 06b3 C0       		.byte	-64
 1744 06b4 64       		.byte	100
 1745 06b5 40       		.byte	64
 1746 06b6 65       		.byte	101
 1747 06b7 40       		.byte	64
 1748 06b8 66       		.byte	102
 1749 06b9 C0       		.byte	-64
 1750 06ba 68       		.byte	104
 1751 06bb C0       		.byte	-64
 1752 06bc 6A       		.byte	106
 1753 06bd C0       		.byte	-64
 1754 06be 6C       		.byte	108
 1755 06bf C0       		.byte	-64
 1756 06c0 6E       		.byte	110
 1757 06c1 C0       		.byte	-64
 1758 06c2 87       		.byte	-121
 1759 06c3 02       		.byte	2
 1760 06c4 91       		.byte	-111
 1761 06c5 01       		.byte	1
 1762 06c6 92       		.byte	-110
 1763 06c7 01       		.byte	1
 1764 06c8 96       		.byte	-106
 1765 06c9 06       		.byte	6
 1766 06ca 97       		.byte	-105
 1767 06cb 01       		.byte	1
ARM GAS  C:\Users\BETTEF~1\AppData\Local\Temp\cc1cPg3d.s 			page 32


 1768 06cc 9A       		.byte	-102
 1769 06cd 02       		.byte	2
 1770 06ce 9F       		.byte	-97
 1771 06cf 02       		.byte	2
 1772 06d0 B0       		.byte	-80
 1773 06d1 02       		.byte	2
 1774 06d2 B3       		.byte	-77
 1775 06d3 02       		.byte	2
 1776 06d4 B4       		.byte	-76
 1777 06d5 01       		.byte	1
 1778 06d6 B6       		.byte	-74
 1779 06d7 04       		.byte	4
 1780 06d8 B7       		.byte	-73
 1781 06d9 01       		.byte	1
 1782 06da BF       		.byte	-65
 1783 06db 04       		.byte	4
 1784 06dc C0       		.byte	-64
 1785 06dd 20       		.byte	32
 1786 06de C1       		.byte	-63
 1787 06df 05       		.byte	5
 1788 06e0 C5       		.byte	-59
 1789 06e1 D0       		.byte	-48
 1790 06e2 C6       		.byte	-58
 1791 06e3 02       		.byte	2
 1792 06e4 C7       		.byte	-57
 1793 06e5 01       		.byte	1
 1794 06e6 C8       		.byte	-56
 1795 06e7 16       		.byte	22
 1796 06e8 C9       		.byte	-55
 1797 06e9 FF       		.byte	-1
 1798 06ea CA       		.byte	-54
 1799 06eb FF       		.byte	-1
 1800 06ec CB       		.byte	-53
 1801 06ed FF       		.byte	-1
 1802 06ee CD       		.byte	-51
 1803 06ef AF       		.byte	-81
 1804 06f0 CE       		.byte	-50
 1805 06f1 0F       		.byte	15
 1806 06f2 CF       		.byte	-49
 1807 06f3 04       		.byte	4
 1808 06f4 D0       		.byte	-48
 1809 06f5 18       		.byte	24
 1810 06f6 D2       		.byte	-46
 1811 06f7 80       		.byte	-128
 1812 06f8 D4       		.byte	-44
 1813 06f9 05       		.byte	5
 1814 06fa D6       		.byte	-42
 1815 06fb 04       		.byte	4
 1816 06fc D8       		.byte	-40
 1817 06fd 04       		.byte	4
 1818 06fe D9       		.byte	-39
 1819 06ff 04       		.byte	4
 1820 0700 DA       		.byte	-38
 1821 0701 04       		.byte	4
 1822 0702 DB       		.byte	-37
 1823 0703 04       		.byte	4
 1824 0704 DC       		.byte	-36
ARM GAS  C:\Users\BETTEF~1\AppData\Local\Temp\cc1cPg3d.s 			page 33


 1825 0705 33       		.byte	51
 1826 0706 DD       		.byte	-35
 1827 0707 33       		.byte	51
 1828 0708 DF       		.byte	-33
 1829 0709 01       		.byte	1
 1830 070a E0       		.byte	-32
 1831 070b 40       		.byte	64
 1832 070c E2       		.byte	-30
 1833 070d C0       		.byte	-64
 1834 070e E4       		.byte	-28
 1835 070f 40       		.byte	64
 1836 0710 E5       		.byte	-27
 1837 0711 40       		.byte	64
 1838 0712 E6       		.byte	-26
 1839 0713 C0       		.byte	-64
 1840 0714 E8       		.byte	-24
 1841 0715 C0       		.byte	-64
 1842 0716 EA       		.byte	-22
 1843 0717 C0       		.byte	-64
 1844 0718 EC       		.byte	-20
 1845 0719 C0       		.byte	-64
 1846 071a EE       		.byte	-18
 1847 071b C0       		.byte	-64
 1848 071c 05       		.byte	5
 1849 071d 80       		.byte	-128
 1850 071e 06       		.byte	6
 1851 071f 08       		.byte	8
 1852 0720 07       		.byte	7
 1853 0721 42       		.byte	66
 1854 0722 09       		.byte	9
 1855 0723 0A       		.byte	10
 1856 0724 0A       		.byte	10
 1857 0725 04       		.byte	4
 1858 0726 0E       		.byte	14
 1859 0727 42       		.byte	66
 1860 0728 14       		.byte	20
 1861 0729 40       		.byte	64
 1862 072a 15       		.byte	21
 1863 072b 40       		.byte	64
 1864 072c 17       		.byte	23
 1865 072d 01       		.byte	1
 1866 072e 18       		.byte	24
 1867 072f 88       		.byte	-120
 1868 0730 1A       		.byte	26
 1869 0731 06       		.byte	6
 1870 0732 22       		.byte	34
 1871 0733 44       		.byte	68
 1872 0734 2C       		.byte	44
 1873 0735 40       		.byte	64
 1874 0736 2D       		.byte	45
 1875 0737 40       		.byte	64
 1876 0738 31       		.byte	49
 1877 0739 88       		.byte	-120
 1878 073a 32       		.byte	50
 1879 073b 01       		.byte	1
 1880 073c 36       		.byte	54
 1881 073d 22       		.byte	34
ARM GAS  C:\Users\BETTEF~1\AppData\Local\Temp\cc1cPg3d.s 			page 34


 1882 073e 37       		.byte	55
 1883 073f 40       		.byte	64
 1884 0740 38       		.byte	56
 1885 0741 08       		.byte	8
 1886 0742 3D       		.byte	61
 1887 0743 80       		.byte	-128
 1888 0744 3E       		.byte	62
 1889 0745 48       		.byte	72
 1890 0746 42       		.byte	66
 1891 0747 04       		.byte	4
 1892 0748 45       		.byte	69
 1893 0749 80       		.byte	-128
 1894 074a 49       		.byte	73
 1895 074b 01       		.byte	1
 1896 074c 4B       		.byte	75
 1897 074d 80       		.byte	-128
 1898 074e 4C       		.byte	76
 1899 074f 04       		.byte	4
 1900 0750 51       		.byte	81
 1901 0751 88       		.byte	-120
 1902 0752 53       		.byte	83
 1903 0753 40       		.byte	64
 1904 0754 59       		.byte	89
 1905 0755 01       		.byte	1
 1906 0756 5A       		.byte	90
 1907 0757 88       		.byte	-120
 1908 0758 5C       		.byte	92
 1909 0759 40       		.byte	64
 1910 075a 63       		.byte	99
 1911 075b 80       		.byte	-128
 1912 075c 64       		.byte	100
 1913 075d 02       		.byte	2
 1914 075e 71       		.byte	113
 1915 075f 02       		.byte	2
 1916 0760 83       		.byte	-125
 1917 0761 40       		.byte	64
 1918 0762 90       		.byte	-112
 1919 0763 40       		.byte	64
 1920 0764 91       		.byte	-111
 1921 0765 40       		.byte	64
 1922 0766 9A       		.byte	-102
 1923 0767 08       		.byte	8
 1924 0768 9B       		.byte	-101
 1925 0769 40       		.byte	64
 1926 076a 9C       		.byte	-100
 1927 076b 42       		.byte	66
 1928 076c 9F       		.byte	-97
 1929 076d 03       		.byte	3
 1930 076e A0       		.byte	-96
 1931 076f 40       		.byte	64
 1932 0770 A1       		.byte	-95
 1933 0771 40       		.byte	64
 1934 0772 A2       		.byte	-94
 1935 0773 21       		.byte	33
 1936 0774 A6       		.byte	-90
 1937 0775 02       		.byte	2
 1938 0776 A8       		.byte	-88
ARM GAS  C:\Users\BETTEF~1\AppData\Local\Temp\cc1cPg3d.s 			page 35


 1939 0777 02       		.byte	2
 1940 0778 AB       		.byte	-85
 1941 0779 08       		.byte	8
 1942 077a B4       		.byte	-76
 1943 077b 40       		.byte	64
 1944 077c B5       		.byte	-75
 1945 077d 80       		.byte	-128
 1946 077e B6       		.byte	-74
 1947 077f 21       		.byte	33
 1948 0780 B7       		.byte	-73
 1949 0781 08       		.byte	8
 1950 0782 C0       		.byte	-64
 1951 0783 D0       		.byte	-48
 1952 0784 C2       		.byte	-62
 1953 0785 9E       		.byte	-98
 1954 0786 C4       		.byte	-60
 1955 0787 90       		.byte	-112
 1956 0788 CA       		.byte	-54
 1957 0789 90       		.byte	-112
 1958 078a CC       		.byte	-52
 1959 078b BB       		.byte	-69
 1960 078c CE       		.byte	-50
 1961 078d 52       		.byte	82
 1962 078e D0       		.byte	-48
 1963 078f 14       		.byte	20
 1964 0790 D2       		.byte	-46
 1965 0791 28       		.byte	40
 1966 0792 D6       		.byte	-42
 1967 0793 1B       		.byte	27
 1968 0794 D8       		.byte	-40
 1969 0795 11       		.byte	17
 1970 0796 E8       		.byte	-24
 1971 0797 50       		.byte	80
 1972 0798 58       		.byte	88
 1973 0799 04       		.byte	4
 1974 079a 59       		.byte	89
 1975 079b 04       		.byte	4
 1976 079c 5C       		.byte	92
 1977 079d 11       		.byte	17
 1978 079e 5F       		.byte	95
 1979 079f 01       		.byte	1
 1980 07a0 D8       		.byte	-40
 1981 07a1 04       		.byte	4
 1982 07a2 D9       		.byte	-39
 1983 07a3 04       		.byte	4
 1984 07a4 DC       		.byte	-36
 1985 07a5 11       		.byte	17
 1986 07a6 DF       		.byte	-33
 1987 07a7 01       		.byte	1
 1988 07a8 00       		.byte	0
 1989 07a9 80       		.byte	-128
 1990 07aa 01       		.byte	1
 1991 07ab 80       		.byte	-128
 1992 07ac 02       		.byte	2
 1993 07ad 22       		.byte	34
 1994 07ae 03       		.byte	3
 1995 07af 40       		.byte	64
ARM GAS  C:\Users\BETTEF~1\AppData\Local\Temp\cc1cPg3d.s 			page 36


 1996 07b0 05       		.byte	5
 1997 07b1 80       		.byte	-128
 1998 07b2 06       		.byte	6
 1999 07b3 08       		.byte	8
 2000 07b4 07       		.byte	7
 2001 07b5 50       		.byte	80
 2002 07b6 09       		.byte	9
 2003 07b7 C2       		.byte	-62
 2004 07b8 0D       		.byte	13
 2005 07b9 82       		.byte	-126
 2006 07ba 11       		.byte	17
 2007 07bb 44       		.byte	68
 2008 07bc 15       		.byte	21
 2009 07bd 40       		.byte	64
 2010 07be 28       		.byte	40
 2011 07bf 10       		.byte	16
 2012 07c0 29       		.byte	41
 2013 07c1 80       		.byte	-128
 2014 07c2 2B       		.byte	43
 2015 07c3 40       		.byte	64
 2016 07c4 2D       		.byte	45
 2017 07c5 40       		.byte	64
 2018 07c6 2E       		.byte	46
 2019 07c7 04       		.byte	4
 2020 07c8 31       		.byte	49
 2021 07c9 02       		.byte	2
 2022 07ca 33       		.byte	51
 2023 07cb 40       		.byte	64
 2024 07cc 34       		.byte	52
 2025 07cd 10       		.byte	16
 2026 07ce 36       		.byte	54
 2027 07cf 22       		.byte	34
 2028 07d0 37       		.byte	55
 2029 07d1 50       		.byte	80
 2030 07d2 39       		.byte	57
 2031 07d3 44       		.byte	68
 2032 07d4 3A       		.byte	58
 2033 07d5 08       		.byte	8
 2034 07d6 3D       		.byte	61
 2035 07d7 80       		.byte	-128
 2036 07d8 3E       		.byte	62
 2037 07d9 08       		.byte	8
 2038 07da 3F       		.byte	63
 2039 07db 80       		.byte	-128
 2040 07dc 89       		.byte	-119
 2041 07dd 02       		.byte	2
 2042 07de 8A       		.byte	-118
 2043 07df 04       		.byte	4
 2044 07e0 8B       		.byte	-117
 2045 07e1 01       		.byte	1
 2046 07e2 91       		.byte	-111
 2047 07e3 40       		.byte	64
 2048 07e4 9A       		.byte	-102
 2049 07e5 08       		.byte	8
 2050 07e6 9B       		.byte	-101
 2051 07e7 40       		.byte	64
 2052 07e8 9D       		.byte	-99
ARM GAS  C:\Users\BETTEF~1\AppData\Local\Temp\cc1cPg3d.s 			page 37


 2053 07e9 80       		.byte	-128
 2054 07ea 9F       		.byte	-97
 2055 07eb 01       		.byte	1
 2056 07ec A0       		.byte	-96
 2057 07ed 40       		.byte	64
 2058 07ee A1       		.byte	-95
 2059 07ef 40       		.byte	64
 2060 07f0 A2       		.byte	-94
 2061 07f1 20       		.byte	32
 2062 07f2 A6       		.byte	-90
 2063 07f3 02       		.byte	2
 2064 07f4 B4       		.byte	-76
 2065 07f5 40       		.byte	64
 2066 07f6 C0       		.byte	-64
 2067 07f7 FD       		.byte	-3
 2068 07f8 C2       		.byte	-62
 2069 07f9 99       		.byte	-103
 2070 07fa C4       		.byte	-60
 2071 07fb 85       		.byte	-123
 2072 07fc CA       		.byte	-54
 2073 07fd 5B       		.byte	91
 2074 07fe CC       		.byte	-52
 2075 07ff B9       		.byte	-71
 2076 0800 CE       		.byte	-50
 2077 0801 5A       		.byte	90
 2078 0802 E4       		.byte	-28
 2079 0803 20       		.byte	32
 2080 0804 EC       		.byte	-20
 2081 0805 20       		.byte	32
 2082 0806 12       		.byte	18
 2083 0807 80       		.byte	-128
 2084 0808 16       		.byte	22
 2085 0809 80       		.byte	-128
 2086 080a 30       		.byte	48
 2087 080b 82       		.byte	-126
 2088 080c 35       		.byte	53
 2089 080d 20       		.byte	32
 2090 080e 37       		.byte	55
 2091 080f 02       		.byte	2
 2092 0810 3B       		.byte	59
 2093 0811 02       		.byte	2
 2094 0812 3E       		.byte	62
 2095 0813 80       		.byte	-128
 2096 0814 C4       		.byte	-60
 2097 0815 30       		.byte	48
 2098 0816 CC       		.byte	-52
 2099 0817 F0       		.byte	-16
 2100 0818 CE       		.byte	-50
 2101 0819 60       		.byte	96
 2102 081a 5A       		.byte	90
 2103 081b 80       		.byte	-128
 2104 081c 5D       		.byte	93
 2105 081d 01       		.byte	1
 2106 081e 60       		.byte	96
 2107 081f 01       		.byte	1
 2108 0820 85       		.byte	-123
 2109 0821 01       		.byte	1
ARM GAS  C:\Users\BETTEF~1\AppData\Local\Temp\cc1cPg3d.s 			page 38


 2110 0822 97       		.byte	-105
 2111 0823 02       		.byte	2
 2112 0824 9D       		.byte	-99
 2113 0825 20       		.byte	32
 2114 0826 9F       		.byte	-97
 2115 0827 02       		.byte	2
 2116 0828 A2       		.byte	-94
 2117 0829 80       		.byte	-128
 2118 082a A4       		.byte	-92
 2119 082b 82       		.byte	-126
 2120 082c D4       		.byte	-44
 2121 082d 80       		.byte	-128
 2122 082e D6       		.byte	-42
 2123 082f C0       		.byte	-64
 2124 0830 E2       		.byte	-30
 2125 0831 10       		.byte	16
 2126 0832 81       		.byte	-127
 2127 0833 20       		.byte	32
 2128 0834 87       		.byte	-121
 2129 0835 02       		.byte	2
 2130 0836 8C       		.byte	-116
 2131 0837 80       		.byte	-128
 2132 0838 97       		.byte	-105
 2133 0839 02       		.byte	2
 2134 083a 9D       		.byte	-99
 2135 083b 20       		.byte	32
 2136 083c 9F       		.byte	-97
 2137 083d 02       		.byte	2
 2138 083e A2       		.byte	-94
 2139 083f 80       		.byte	-128
 2140 0840 A4       		.byte	-92
 2141 0841 82       		.byte	-126
 2142 0842 AA       		.byte	-86
 2143 0843 40       		.byte	64
 2144 0844 B4       		.byte	-76
 2145 0845 01       		.byte	1
 2146 0846 E6       		.byte	-26
 2147 0847 C0       		.byte	-64
 2148 0848 EE       		.byte	-18
 2149 0849 80       		.byte	-128
 2150 084a A2       		.byte	-94
 2151 084b 80       		.byte	-128
 2152 084c A4       		.byte	-92
 2153 084d 02       		.byte	2
 2154 084e AB       		.byte	-85
 2155 084f 01       		.byte	1
 2156 0850 EE       		.byte	-18
 2157 0851 20       		.byte	32
 2158 0852 87       		.byte	-121
 2159 0853 80       		.byte	-128
 2160 0854 0B       		.byte	11
 2161 0855 40       		.byte	64
 2162 0856 0C       		.byte	12
 2163 0857 08       		.byte	8
 2164 0858 5F       		.byte	95
 2165 0859 02       		.byte	2
 2166 085a 9F       		.byte	-97
ARM GAS  C:\Users\BETTEF~1\AppData\Local\Temp\cc1cPg3d.s 			page 39


 2167 085b 80       		.byte	-128
 2168 085c C2       		.byte	-62
 2169 085d 0C       		.byte	12
 2170 085e D6       		.byte	-42
 2171 085f 01       		.byte	1
 2172 0860 1B       		.byte	27
 2173 0861 04       		.byte	4
 2174 0862 27       		.byte	39
 2175 0863 80       		.byte	-128
 2176 0864 8B       		.byte	-117
 2177 0865 02       		.byte	2
 2178 0866 9F       		.byte	-97
 2179 0867 82       		.byte	-126
 2180 0868 AF       		.byte	-81
 2181 0869 40       		.byte	64
 2182 086a B0       		.byte	-80
 2183 086b 08       		.byte	8
 2184 086c C6       		.byte	-58
 2185 086d 08       		.byte	8
 2186 086e C8       		.byte	-56
 2187 086f 01       		.byte	1
 2188 0870 E0       		.byte	-32
 2189 0871 04       		.byte	4
 2190 0872 EE       		.byte	-18
 2191 0873 04       		.byte	4
 2192 0874 44       		.byte	68
 2193 0875 01       		.byte	1
 2194 0876 8B       		.byte	-117
 2195 0877 01       		.byte	1
 2196 0878 AB       		.byte	-85
 2197 0879 04       		.byte	4
 2198 087a D0       		.byte	-48
 2199 087b 04       		.byte	4
 2200 087c E2       		.byte	-30
 2201 087d 01       		.byte	1
 2202 087e 20       		.byte	32
 2203 087f 80       		.byte	-128
 2204 0880 80       		.byte	-128
 2205 0881 02       		.byte	2
 2206 0882 A4       		.byte	-92
 2207 0883 02       		.byte	2
 2208 0884 B6       		.byte	-74
 2209 0885 80       		.byte	-128
 2210 0886 C8       		.byte	-56
 2211 0887 40       		.byte	64
 2212 0888 E2       		.byte	-30
 2213 0889 20       		.byte	32
 2214 088a B0       		.byte	-80
 2215 088b 40       		.byte	64
 2216 088c 0F       		.byte	15
 2217 088d 02       		.byte	2
 2218 088e 5C       		.byte	92
 2219 088f 01       		.byte	1
 2220 0890 9C       		.byte	-100
 2221 0891 01       		.byte	1
 2222 0892 A7       		.byte	-89
 2223 0893 01       		.byte	1
ARM GAS  C:\Users\BETTEF~1\AppData\Local\Temp\cc1cPg3d.s 			page 40


 2224 0894 C2       		.byte	-62
 2225 0895 01       		.byte	1
 2226 0896 D6       		.byte	-42
 2227 0897 01       		.byte	1
 2228 0898 B0       		.byte	-80
 2229 0899 01       		.byte	1
 2230 089a B4       		.byte	-76
 2231 089b 01       		.byte	1
 2232 089c EC       		.byte	-20
 2233 089d 0C       		.byte	12
 2234 089e 00       		.byte	0
 2235 089f 07       		.byte	7
 2236 08a0 01       		.byte	1
 2237 08a1 01       		.byte	1
 2238 08a2 08       		.byte	8
 2239 08a3 02       		.byte	2
 2240 08a4 0A       		.byte	10
 2241 08a5 06       		.byte	6
 2242 08a6 0C       		.byte	12
 2243 08a7 03       		.byte	3
 2244 08a8 0D       		.byte	13
 2245 08a9 01       		.byte	1
 2246 08aa 0E       		.byte	14
 2247 08ab 03       		.byte	3
 2248 08ac 10       		.byte	16
 2249 08ad 0A       		.byte	10
 2250 08ae 11       		.byte	17
 2251 08af 01       		.byte	1
 2252 08b0 1C       		.byte	28
 2253 08b1 0A       		.byte	10
 2254 08b2 1D       		.byte	29
 2255 08b3 01       		.byte	1
 2256 08b4 00       		.byte	0
 2257 08b5 FF       		.byte	-1
 2258 08b6 10       		.byte	16
 2259 08b7 0A       		.byte	10
 2260 08b8 40       		.byte	64
 2261 08b9 00       		.byte	0
 2262 08ba 02       		.byte	2
 2263 08bb 45       		.byte	69
 2264 08bc 45       		.byte	69
 2265 08bd 00       		.byte	0
 2266 08be 01       		.byte	1
 2267 08bf 90       		.byte	-112
 2268 08c0 90       		.byte	-112
 2269 08c1 00       		.byte	0
 2270 08c2 00       		.byte	0
 2271 08c3 00       		.byte	0
 2272 08c4 04       		.byte	4
 2273 08c5 00       		.byte	0
 2274 08c6 00       		.byte	0
 2275 08c7 00       		.byte	0
 2276 08c8 00       		.byte	0
 2277 08c9 00       		.byte	0
 2278 08ca 00       		.byte	0
 2279 08cb 00       		.byte	0
 2280 08cc 00       		.byte	0
ARM GAS  C:\Users\BETTEF~1\AppData\Local\Temp\cc1cPg3d.s 			page 41


 2281 08cd 00       		.byte	0
 2282 08ce C0       		.byte	-64
 2283 08cf 30       		.byte	48
 2284 08d0 30       		.byte	48
 2285 08d1 00       		.byte	0
 2286 08d2 00       		.byte	0
 2287 08d3 00       		.byte	0
 2288 08d4 00       		.byte	0
 2289 08d5 00       		.byte	0
 2290 08d6 00       		.byte	0
 2291 08d7 00       		.byte	0
 2292 08d8 20       		.byte	32
 2293 08d9 00       		.byte	0
 2294 08da 84       		.byte	-124
 2295 08db 7B       		.byte	123
 2296 08dc 7B       		.byte	123
 2297 08dd 00       		.byte	0
 2298 08de 10       		.byte	16
 2299 08df 00       		.byte	0
 2300 08e0 00       		.byte	0
 2301 08e1 00       		.byte	0
 2302 08e2 00       		.byte	0
 2303 08e3 00       		.byte	0
 2304 08e4 70       		.byte	112
 2305 08e5 8F       		.byte	-113
 2306 08e6 8F       		.byte	-113
 2307 08e7 00       		.byte	0
 2308 08e8 80       		.byte	-128
 2309 08e9 00       		.byte	0
 2310 08ea 00       		.byte	0
 2311 08eb 00       		.byte	0
 2312 08ec 10       		.byte	16
 2313 08ed 00       		.byte	0
 2314 08ee 00       		.byte	0
 2315 08ef 00       		.byte	0
 2316 08f0 00       		.byte	0
 2317 08f1 00       		.byte	0
 2318 08f2 00       		.byte	0
 2319 08f3 00       		.byte	0
 2320 08f4 00       		.byte	0
 2321 08f5 01       		.byte	1
 2322 08f6 00       		.byte	0
 2323 08f7 00       		.byte	0
 2324              		.section	.cywolatch,"a",%progbits
 2325              		.align	2
 2326              		.type	cy_meta_wonvl, %object
 2327              		.size	cy_meta_wonvl, 4
 2328              	cy_meta_wonvl:
 2329 0000 BC       		.byte	-68
 2330 0001 90       		.byte	-112
 2331 0002 AC       		.byte	-84
 2332 0003 AF       		.byte	-81
 2333              		.section	.cycustnvl,"a",%progbits
 2334              		.align	2
 2335              		.type	cy_meta_custnvl, %object
 2336              		.size	cy_meta_custnvl, 4
 2337              	cy_meta_custnvl:
ARM GAS  C:\Users\BETTEF~1\AppData\Local\Temp\cc1cPg3d.s 			page 42


 2338 0000 00       		.byte	0
 2339 0001 00       		.byte	0
 2340 0002 40       		.byte	64
 2341 0003 05       		.byte	5
 2342              		.section	.cymeta,"a",%progbits
 2343              		.align	2
 2344              		.type	cy_metadata, %object
 2345              		.size	cy_metadata, 12
 2346              	cy_metadata:
 2347 0000 00       		.byte	0
 2348 0001 01       		.byte	1
 2349 0002 2E       		.byte	46
 2350 0003 16       		.byte	22
 2351 0004 10       		.byte	16
 2352 0005 69       		.byte	105
 2353 0006 00       		.byte	0
 2354 0007 01       		.byte	1
 2355 0008 00       		.byte	0
 2356 0009 00       		.byte	0
 2357 000a 00       		.byte	0
 2358 000b 00       		.byte	0
 2359              		.section	.cyflashprotect,"a",%progbits
 2360              		.align	2
 2361              		.type	cy_meta_flashprotect, %object
 2362              		.size	cy_meta_flashprotect, 256
 2363              	cy_meta_flashprotect:
 2364 0000 00000000 		.space	256
 2364      00000000 
 2364      00000000 
 2364      00000000 
 2364      00000000 
 2365              		.text
 2366              	.Letext0:
 2367              		.file 1 "Generated_Source\\PSoC5\\cymetadata.c"
 2368              		.file 2 "Generated_Source\\PSoC5\\cytypes.h"
 2369              		.section	.debug_info,"",%progbits
 2370              	.Ldebug_info0:
 2371 0000 3B010000 		.4byte	0x13b
 2372 0004 0400     		.2byte	0x4
 2373 0006 00000000 		.4byte	.Ldebug_abbrev0
 2374 000a 04       		.byte	0x4
 2375 000b 01       		.uleb128 0x1
 2376 000c DD000000 		.4byte	.LASF18
 2377 0010 01       		.byte	0x1
 2378 0011 F3010000 		.4byte	.LASF19
 2379 0015 0C000000 		.4byte	.LASF20
 2380 0019 00000000 		.4byte	.Ldebug_line0
 2381 001d 02       		.uleb128 0x2
 2382 001e 01       		.byte	0x1
 2383 001f 06       		.byte	0x6
 2384 0020 E7010000 		.4byte	.LASF0
 2385 0024 02       		.uleb128 0x2
 2386 0025 01       		.byte	0x1
 2387 0026 08       		.byte	0x8
 2388 0027 81000000 		.4byte	.LASF1
 2389 002b 02       		.uleb128 0x2
 2390 002c 02       		.byte	0x2
ARM GAS  C:\Users\BETTEF~1\AppData\Local\Temp\cc1cPg3d.s 			page 43


 2391 002d 05       		.byte	0x5
 2392 002e CE010000 		.4byte	.LASF2
 2393 0032 02       		.uleb128 0x2
 2394 0033 02       		.byte	0x2
 2395 0034 07       		.byte	0x7
 2396 0035 A1000000 		.4byte	.LASF3
 2397 0039 02       		.uleb128 0x2
 2398 003a 04       		.byte	0x4
 2399 003b 05       		.byte	0x5
 2400 003c DE010000 		.4byte	.LASF4
 2401 0040 02       		.uleb128 0x2
 2402 0041 04       		.byte	0x4
 2403 0042 07       		.byte	0x7
 2404 0043 8F000000 		.4byte	.LASF5
 2405 0047 02       		.uleb128 0x2
 2406 0048 08       		.byte	0x8
 2407 0049 05       		.byte	0x5
 2408 004a BB010000 		.4byte	.LASF6
 2409 004e 02       		.uleb128 0x2
 2410 004f 08       		.byte	0x8
 2411 0050 07       		.byte	0x7
 2412 0051 78010000 		.4byte	.LASF7
 2413 0055 03       		.uleb128 0x3
 2414 0056 04       		.byte	0x4
 2415 0057 05       		.byte	0x5
 2416 0058 696E7400 		.ascii	"int\000"
 2417 005c 02       		.uleb128 0x2
 2418 005d 04       		.byte	0x4
 2419 005e 07       		.byte	0x7
 2420 005f 6B010000 		.4byte	.LASF8
 2421 0063 04       		.uleb128 0x4
 2422 0064 D8010000 		.4byte	.LASF21
 2423 0068 02       		.byte	0x2
 2424 0069 9201     		.2byte	0x192
 2425 006b 24000000 		.4byte	0x24
 2426 006f 02       		.uleb128 0x2
 2427 0070 04       		.byte	0x4
 2428 0071 04       		.byte	0x4
 2429 0072 7B000000 		.4byte	.LASF9
 2430 0076 02       		.uleb128 0x2
 2431 0077 08       		.byte	0x8
 2432 0078 04       		.byte	0x4
 2433 0079 B4000000 		.4byte	.LASF10
 2434 007d 02       		.uleb128 0x2
 2435 007e 01       		.byte	0x1
 2436 007f 08       		.byte	0x8
 2437 0080 C9010000 		.4byte	.LASF11
 2438 0084 05       		.uleb128 0x5
 2439 0085 63000000 		.4byte	0x63
 2440 0089 95000000 		.4byte	0x95
 2441 008d 06       		.uleb128 0x6
 2442 008e 95000000 		.4byte	0x95
 2443 0092 F708     		.2byte	0x8f7
 2444 0094 00       		.byte	0
 2445 0095 02       		.uleb128 0x2
 2446 0096 04       		.byte	0x4
 2447 0097 07       		.byte	0x7
ARM GAS  C:\Users\BETTEF~1\AppData\Local\Temp\cc1cPg3d.s 			page 44


 2448 0098 B2010000 		.4byte	.LASF12
 2449 009c 07       		.uleb128 0x7
 2450 009d CB000000 		.4byte	.LASF13
 2451 00a1 01       		.byte	0x1
 2452 00a2 1F       		.byte	0x1f
 2453 00a3 AD000000 		.4byte	0xad
 2454 00a7 05       		.uleb128 0x5
 2455 00a8 03       		.byte	0x3
 2456 00a9 00000000 		.4byte	cy_meta_configecc
 2457 00ad 08       		.uleb128 0x8
 2458 00ae 84000000 		.4byte	0x84
 2459 00b2 05       		.uleb128 0x5
 2460 00b3 63000000 		.4byte	0x63
 2461 00b7 C2000000 		.4byte	0xc2
 2462 00bb 09       		.uleb128 0x9
 2463 00bc 95000000 		.4byte	0x95
 2464 00c0 03       		.byte	0x3
 2465 00c1 00       		.byte	0
 2466 00c2 0A       		.uleb128 0xa
 2467 00c3 BB000000 		.4byte	.LASF14
 2468 00c7 01       		.byte	0x1
 2469 00c8 4B01     		.2byte	0x14b
 2470 00ca D4000000 		.4byte	0xd4
 2471 00ce 05       		.uleb128 0x5
 2472 00cf 03       		.byte	0x3
 2473 00d0 00000000 		.4byte	cy_meta_custnvl
 2474 00d4 08       		.uleb128 0x8
 2475 00d5 B2000000 		.4byte	0xb2
 2476 00d9 0A       		.uleb128 0xa
 2477 00da A4010000 		.4byte	.LASF15
 2478 00de 01       		.byte	0x1
 2479 00df 5901     		.2byte	0x159
 2480 00e1 EB000000 		.4byte	0xeb
 2481 00e5 05       		.uleb128 0x5
 2482 00e6 03       		.byte	0x3
 2483 00e7 00000000 		.4byte	cy_meta_wonvl
 2484 00eb 08       		.uleb128 0x8
 2485 00ec B2000000 		.4byte	0xb2
 2486 00f0 05       		.uleb128 0x5
 2487 00f1 63000000 		.4byte	0x63
 2488 00f5 00010000 		.4byte	0x100
 2489 00f9 09       		.uleb128 0x9
 2490 00fa 95000000 		.4byte	0x95
 2491 00fe FF       		.byte	0xff
 2492 00ff 00       		.byte	0
 2493 0100 0A       		.uleb128 0xa
 2494 0101 8F010000 		.4byte	.LASF16
 2495 0105 01       		.byte	0x1
 2496 0106 6701     		.2byte	0x167
 2497 0108 12010000 		.4byte	0x112
 2498 010c 05       		.uleb128 0x5
 2499 010d 03       		.byte	0x3
 2500 010e 00000000 		.4byte	cy_meta_flashprotect
 2501 0112 08       		.uleb128 0x8
 2502 0113 F0000000 		.4byte	0xf0
 2503 0117 05       		.uleb128 0x5
 2504 0118 63000000 		.4byte	0x63
ARM GAS  C:\Users\BETTEF~1\AppData\Local\Temp\cc1cPg3d.s 			page 45


 2505 011c 27010000 		.4byte	0x127
 2506 0120 09       		.uleb128 0x9
 2507 0121 95000000 		.4byte	0x95
 2508 0125 0B       		.byte	0xb
 2509 0126 00       		.byte	0
 2510 0127 0A       		.uleb128 0xa
 2511 0128 00000000 		.4byte	.LASF17
 2512 012c 01       		.byte	0x1
 2513 012d 9401     		.2byte	0x194
 2514 012f 39010000 		.4byte	0x139
 2515 0133 05       		.uleb128 0x5
 2516 0134 03       		.byte	0x3
 2517 0135 00000000 		.4byte	cy_metadata
 2518 0139 08       		.uleb128 0x8
 2519 013a 17010000 		.4byte	0x117
 2520 013e 00       		.byte	0
 2521              		.section	.debug_abbrev,"",%progbits
 2522              	.Ldebug_abbrev0:
 2523 0000 01       		.uleb128 0x1
 2524 0001 11       		.uleb128 0x11
 2525 0002 01       		.byte	0x1
 2526 0003 25       		.uleb128 0x25
 2527 0004 0E       		.uleb128 0xe
 2528 0005 13       		.uleb128 0x13
 2529 0006 0B       		.uleb128 0xb
 2530 0007 03       		.uleb128 0x3
 2531 0008 0E       		.uleb128 0xe
 2532 0009 1B       		.uleb128 0x1b
 2533 000a 0E       		.uleb128 0xe
 2534 000b 10       		.uleb128 0x10
 2535 000c 17       		.uleb128 0x17
 2536 000d 00       		.byte	0
 2537 000e 00       		.byte	0
 2538 000f 02       		.uleb128 0x2
 2539 0010 24       		.uleb128 0x24
 2540 0011 00       		.byte	0
 2541 0012 0B       		.uleb128 0xb
 2542 0013 0B       		.uleb128 0xb
 2543 0014 3E       		.uleb128 0x3e
 2544 0015 0B       		.uleb128 0xb
 2545 0016 03       		.uleb128 0x3
 2546 0017 0E       		.uleb128 0xe
 2547 0018 00       		.byte	0
 2548 0019 00       		.byte	0
 2549 001a 03       		.uleb128 0x3
 2550 001b 24       		.uleb128 0x24
 2551 001c 00       		.byte	0
 2552 001d 0B       		.uleb128 0xb
 2553 001e 0B       		.uleb128 0xb
 2554 001f 3E       		.uleb128 0x3e
 2555 0020 0B       		.uleb128 0xb
 2556 0021 03       		.uleb128 0x3
 2557 0022 08       		.uleb128 0x8
 2558 0023 00       		.byte	0
 2559 0024 00       		.byte	0
 2560 0025 04       		.uleb128 0x4
 2561 0026 16       		.uleb128 0x16
ARM GAS  C:\Users\BETTEF~1\AppData\Local\Temp\cc1cPg3d.s 			page 46


 2562 0027 00       		.byte	0
 2563 0028 03       		.uleb128 0x3
 2564 0029 0E       		.uleb128 0xe
 2565 002a 3A       		.uleb128 0x3a
 2566 002b 0B       		.uleb128 0xb
 2567 002c 3B       		.uleb128 0x3b
 2568 002d 05       		.uleb128 0x5
 2569 002e 49       		.uleb128 0x49
 2570 002f 13       		.uleb128 0x13
 2571 0030 00       		.byte	0
 2572 0031 00       		.byte	0
 2573 0032 05       		.uleb128 0x5
 2574 0033 01       		.uleb128 0x1
 2575 0034 01       		.byte	0x1
 2576 0035 49       		.uleb128 0x49
 2577 0036 13       		.uleb128 0x13
 2578 0037 01       		.uleb128 0x1
 2579 0038 13       		.uleb128 0x13
 2580 0039 00       		.byte	0
 2581 003a 00       		.byte	0
 2582 003b 06       		.uleb128 0x6
 2583 003c 21       		.uleb128 0x21
 2584 003d 00       		.byte	0
 2585 003e 49       		.uleb128 0x49
 2586 003f 13       		.uleb128 0x13
 2587 0040 2F       		.uleb128 0x2f
 2588 0041 05       		.uleb128 0x5
 2589 0042 00       		.byte	0
 2590 0043 00       		.byte	0
 2591 0044 07       		.uleb128 0x7
 2592 0045 34       		.uleb128 0x34
 2593 0046 00       		.byte	0
 2594 0047 03       		.uleb128 0x3
 2595 0048 0E       		.uleb128 0xe
 2596 0049 3A       		.uleb128 0x3a
 2597 004a 0B       		.uleb128 0xb
 2598 004b 3B       		.uleb128 0x3b
 2599 004c 0B       		.uleb128 0xb
 2600 004d 49       		.uleb128 0x49
 2601 004e 13       		.uleb128 0x13
 2602 004f 3F       		.uleb128 0x3f
 2603 0050 19       		.uleb128 0x19
 2604 0051 02       		.uleb128 0x2
 2605 0052 18       		.uleb128 0x18
 2606 0053 00       		.byte	0
 2607 0054 00       		.byte	0
 2608 0055 08       		.uleb128 0x8
 2609 0056 26       		.uleb128 0x26
 2610 0057 00       		.byte	0
 2611 0058 49       		.uleb128 0x49
 2612 0059 13       		.uleb128 0x13
 2613 005a 00       		.byte	0
 2614 005b 00       		.byte	0
 2615 005c 09       		.uleb128 0x9
 2616 005d 21       		.uleb128 0x21
 2617 005e 00       		.byte	0
 2618 005f 49       		.uleb128 0x49
ARM GAS  C:\Users\BETTEF~1\AppData\Local\Temp\cc1cPg3d.s 			page 47


 2619 0060 13       		.uleb128 0x13
 2620 0061 2F       		.uleb128 0x2f
 2621 0062 0B       		.uleb128 0xb
 2622 0063 00       		.byte	0
 2623 0064 00       		.byte	0
 2624 0065 0A       		.uleb128 0xa
 2625 0066 34       		.uleb128 0x34
 2626 0067 00       		.byte	0
 2627 0068 03       		.uleb128 0x3
 2628 0069 0E       		.uleb128 0xe
 2629 006a 3A       		.uleb128 0x3a
 2630 006b 0B       		.uleb128 0xb
 2631 006c 3B       		.uleb128 0x3b
 2632 006d 05       		.uleb128 0x5
 2633 006e 49       		.uleb128 0x49
 2634 006f 13       		.uleb128 0x13
 2635 0070 3F       		.uleb128 0x3f
 2636 0071 19       		.uleb128 0x19
 2637 0072 02       		.uleb128 0x2
 2638 0073 18       		.uleb128 0x18
 2639 0074 00       		.byte	0
 2640 0075 00       		.byte	0
 2641 0076 00       		.byte	0
 2642              		.section	.debug_aranges,"",%progbits
 2643 0000 14000000 		.4byte	0x14
 2644 0004 0200     		.2byte	0x2
 2645 0006 00000000 		.4byte	.Ldebug_info0
 2646 000a 04       		.byte	0x4
 2647 000b 00       		.byte	0
 2648 000c 0000     		.2byte	0
 2649 000e 0000     		.2byte	0
 2650 0010 00000000 		.4byte	0
 2651 0014 00000000 		.4byte	0
 2652              		.section	.debug_line,"",%progbits
 2653              	.Ldebug_line0:
 2654 0000 4D000000 		.section	.debug_str,"MS",%progbits,1
 2654      02004700 
 2654      00000201 
 2654      FB0E0D00 
 2654      01010101 
 2655              	.LASF17:
 2656 0000 63795F6D 		.ascii	"cy_metadata\000"
 2656      65746164 
 2656      61746100 
 2657              	.LASF20:
 2658 000c 433A5C55 		.ascii	"C:\\Users\\Bettefanden\\Documents\\IHA\\Semester 3\\"
 2658      73657273 
 2658      5C426574 
 2658      74656661 
 2658      6E64656E 
 2659 003a 53656D65 		.ascii	"Semesterprojekt 3\\Software\\Udkast2\\PSoCMaster\\S"
 2659      73746572 
 2659      70726F6A 
 2659      656B7420 
 2659      335C536F 
 2660 0069 74657070 		.ascii	"tepperMotor.cydsn\000"
 2660      65724D6F 
ARM GAS  C:\Users\BETTEF~1\AppData\Local\Temp\cc1cPg3d.s 			page 48


 2660      746F722E 
 2660      63796473 
 2660      6E00
 2661              	.LASF9:
 2662 007b 666C6F61 		.ascii	"float\000"
 2662      7400
 2663              	.LASF1:
 2664 0081 756E7369 		.ascii	"unsigned char\000"
 2664      676E6564 
 2664      20636861 
 2664      7200
 2665              	.LASF5:
 2666 008f 6C6F6E67 		.ascii	"long unsigned int\000"
 2666      20756E73 
 2666      69676E65 
 2666      6420696E 
 2666      7400
 2667              	.LASF3:
 2668 00a1 73686F72 		.ascii	"short unsigned int\000"
 2668      7420756E 
 2668      7369676E 
 2668      65642069 
 2668      6E7400
 2669              	.LASF10:
 2670 00b4 646F7562 		.ascii	"double\000"
 2670      6C6500
 2671              	.LASF14:
 2672 00bb 63795F6D 		.ascii	"cy_meta_custnvl\000"
 2672      6574615F 
 2672      63757374 
 2672      6E766C00 
 2673              	.LASF13:
 2674 00cb 63795F6D 		.ascii	"cy_meta_configecc\000"
 2674      6574615F 
 2674      636F6E66 
 2674      69676563 
 2674      6300
 2675              	.LASF18:
 2676 00dd 474E5520 		.ascii	"GNU C 4.9.3 20150303 (release) [ARM/embedded-4_9-br"
 2676      4320342E 
 2676      392E3320 
 2676      32303135 
 2676      30333033 
 2677 0110 616E6368 		.ascii	"anch revision 221220] -mcpu=cortex-m3 -mthumb -g -O"
 2677      20726576 
 2677      6973696F 
 2677      6E203232 
 2677      31323230 
 2678 0143 67202D66 		.ascii	"g -ffunction-sections -ffat-lto-objects\000"
 2678      66756E63 
 2678      74696F6E 
 2678      2D736563 
 2678      74696F6E 
 2679              	.LASF8:
 2680 016b 756E7369 		.ascii	"unsigned int\000"
 2680      676E6564 
 2680      20696E74 
ARM GAS  C:\Users\BETTEF~1\AppData\Local\Temp\cc1cPg3d.s 			page 49


 2680      00
 2681              	.LASF7:
 2682 0178 6C6F6E67 		.ascii	"long long unsigned int\000"
 2682      206C6F6E 
 2682      6720756E 
 2682      7369676E 
 2682      65642069 
 2683              	.LASF16:
 2684 018f 63795F6D 		.ascii	"cy_meta_flashprotect\000"
 2684      6574615F 
 2684      666C6173 
 2684      6870726F 
 2684      74656374 
 2685              	.LASF15:
 2686 01a4 63795F6D 		.ascii	"cy_meta_wonvl\000"
 2686      6574615F 
 2686      776F6E76 
 2686      6C00
 2687              	.LASF12:
 2688 01b2 73697A65 		.ascii	"sizetype\000"
 2688      74797065 
 2688      00
 2689              	.LASF6:
 2690 01bb 6C6F6E67 		.ascii	"long long int\000"
 2690      206C6F6E 
 2690      6720696E 
 2690      7400
 2691              	.LASF11:
 2692 01c9 63686172 		.ascii	"char\000"
 2692      00
 2693              	.LASF2:
 2694 01ce 73686F72 		.ascii	"short int\000"
 2694      7420696E 
 2694      7400
 2695              	.LASF21:
 2696 01d8 75696E74 		.ascii	"uint8\000"
 2696      3800
 2697              	.LASF4:
 2698 01de 6C6F6E67 		.ascii	"long int\000"
 2698      20696E74 
 2698      00
 2699              	.LASF0:
 2700 01e7 7369676E 		.ascii	"signed char\000"
 2700      65642063 
 2700      68617200 
 2701              	.LASF19:
 2702 01f3 47656E65 		.ascii	"Generated_Source\\PSoC5\\cymetadata.c\000"
 2702      72617465 
 2702      645F536F 
 2702      75726365 
 2702      5C50536F 
 2703              		.ident	"GCC: (GNU Tools for ARM Embedded Processors) 4.9.3 20150303 (release) [ARM/embedded-4_9-br
