ARM GAS  C:\Users\BETTEF~1\AppData\Local\Temp\ccMGj33X.s 			page 1


   1              		.syntax unified
   2              		.cpu cortex-m3
   3              		.fpu softvfp
   4              		.eabi_attribute 20, 1
   5              		.eabi_attribute 21, 1
   6              		.eabi_attribute 23, 3
   7              		.eabi_attribute 24, 1
   8              		.eabi_attribute 25, 1
   9              		.eabi_attribute 26, 1
  10              		.eabi_attribute 30, 1
  11              		.eabi_attribute 34, 1
  12              		.eabi_attribute 18, 4
  13              		.thumb
  14              		.file	"cymetadata.c"
  15              		.text
  16              	.Ltext0:
  17              		.cfi_sections	.debug_frame
  18              		.global	cy_metadata
  19              		.global	cy_meta_flashprotect
  20              		.global	cy_meta_wonvl
  21              		.global	cy_meta_custnvl
  22              		.global	cy_meta_configecc
  23              		.section	.cyconfigecc,"a",%progbits
  24              		.align	2
  25              		.type	cy_meta_configecc, %object
  26              		.size	cy_meta_configecc, 1308
  27              	cy_meta_configecc:
  28 0000 04       		.byte	4
  29 0001 52       		.byte	82
  30 0002 00       		.byte	0
  31 0003 40       		.byte	64
  32 0004 01       		.byte	1
  33 0005 64       		.byte	100
  34 0006 00       		.byte	0
  35 0007 40       		.byte	64
  36 0008 04       		.byte	4
  37 0009 65       		.byte	101
  38 000a 00       		.byte	0
  39 000b 40       		.byte	64
  40 000c 04       		.byte	4
  41 000d 03       		.byte	3
  42 000e 01       		.byte	1
  43 000f 40       		.byte	64
  44 0010 36       		.byte	54
  45 0011 04       		.byte	4
  46 0012 01       		.byte	1
  47 0013 40       		.byte	64
  48 0014 30       		.byte	48
  49 0015 05       		.byte	5
  50 0016 01       		.byte	1
  51 0017 40       		.byte	64
  52 0018 0A       		.byte	10
  53 0019 06       		.byte	6
  54 001a 01       		.byte	1
  55 001b 40       		.byte	64
  56 001c 3F       		.byte	63
  57 001d 07       		.byte	7
ARM GAS  C:\Users\BETTEF~1\AppData\Local\Temp\ccMGj33X.s 			page 2


  58 001e 01       		.byte	1
  59 001f 40       		.byte	64
  60 0020 02       		.byte	2
  61 0021 0B       		.byte	11
  62 0022 01       		.byte	1
  63 0023 40       		.byte	64
  64 0024 44       		.byte	68
  65 0025 14       		.byte	20
  66 0026 01       		.byte	1
  67 0027 40       		.byte	64
  68 0028 4A       		.byte	74
  69 0029 15       		.byte	21
  70 002a 01       		.byte	1
  71 002b 40       		.byte	64
  72 002c 3F       		.byte	63
  73 002d 16       		.byte	22
  74 002e 01       		.byte	1
  75 002f 40       		.byte	64
  76 0030 49       		.byte	73
  77 0031 17       		.byte	23
  78 0032 01       		.byte	1
  79 0033 40       		.byte	64
  80 0034 01       		.byte	1
  81 0035 19       		.byte	25
  82 0036 01       		.byte	1
  83 0037 40       		.byte	64
  84 0038 01       		.byte	1
  85 0039 1B       		.byte	27
  86 003a 01       		.byte	1
  87 003b 40       		.byte	64
  88 003c 03       		.byte	3
  89 003d 40       		.byte	64
  90 003e 01       		.byte	1
  91 003f 40       		.byte	64
  92 0040 04       		.byte	4
  93 0041 41       		.byte	65
  94 0042 01       		.byte	1
  95 0043 40       		.byte	64
  96 0044 03       		.byte	3
  97 0045 42       		.byte	66
  98 0046 01       		.byte	1
  99 0047 40       		.byte	64
 100 0048 02       		.byte	2
 101 0049 43       		.byte	67
 102 004a 01       		.byte	1
 103 004b 40       		.byte	64
 104 004c 02       		.byte	2
 105 004d 44       		.byte	68
 106 004e 01       		.byte	1
 107 004f 40       		.byte	64
 108 0050 06       		.byte	6
 109 0051 45       		.byte	69
 110 0052 01       		.byte	1
 111 0053 40       		.byte	64
 112 0054 05       		.byte	5
 113 0055 46       		.byte	70
 114 0056 01       		.byte	1
ARM GAS  C:\Users\BETTEF~1\AppData\Local\Temp\ccMGj33X.s 			page 3


 115 0057 40       		.byte	64
 116 0058 03       		.byte	3
 117 0059 47       		.byte	71
 118 005a 01       		.byte	1
 119 005b 40       		.byte	64
 120 005c 01       		.byte	1
 121 005d 48       		.byte	72
 122 005e 01       		.byte	1
 123 005f 40       		.byte	64
 124 0060 07       		.byte	7
 125 0061 49       		.byte	73
 126 0062 01       		.byte	1
 127 0063 40       		.byte	64
 128 0064 06       		.byte	6
 129 0065 4C       		.byte	76
 130 0066 01       		.byte	1
 131 0067 40       		.byte	64
 132 0068 02       		.byte	2
 133 0069 4D       		.byte	77
 134 006a 01       		.byte	1
 135 006b 40       		.byte	64
 136 006c 04       		.byte	4
 137 006d 50       		.byte	80
 138 006e 01       		.byte	1
 139 006f 40       		.byte	64
 140 0070 01       		.byte	1
 141 0071 51       		.byte	81
 142 0072 01       		.byte	1
 143 0073 40       		.byte	64
 144 0074 10       		.byte	16
 145 0075 04       		.byte	4
 146 0076 11       		.byte	17
 147 0077 04       		.byte	4
 148 0078 60       		.byte	96
 149 0079 06       		.byte	6
 150 007a 61       		.byte	97
 151 007b 0C       		.byte	12
 152 007c 84       		.byte	-124
 153 007d 07       		.byte	7
 154 007e 75       		.byte	117
 155 007f 03       		.byte	3
 156 0080 84       		.byte	-124
 157 0081 78       		.byte	120
 158 0082 86       		.byte	-122
 159 0083 0F       		.byte	15
 160 0084 87       		.byte	-121
 161 0085 47       		.byte	71
 162 0086 8D       		.byte	-115
 163 0087 01       		.byte	1
 164 0088 9E       		.byte	-98
 165 0089 01       		.byte	1
 166 008a AA       		.byte	-86
 167 008b 01       		.byte	1
 168 008c E6       		.byte	-26
 169 008d 40       		.byte	64
 170 008e 01       		.byte	1
 171 008f 01       		.byte	1
ARM GAS  C:\Users\BETTEF~1\AppData\Local\Temp\ccMGj33X.s 			page 4


 172 0090 02       		.byte	2
 173 0091 04       		.byte	4
 174 0092 05       		.byte	5
 175 0093 01       		.byte	1
 176 0094 09       		.byte	9
 177 0095 01       		.byte	1
 178 0096 0C       		.byte	12
 179 0097 04       		.byte	4
 180 0098 0F       		.byte	15
 181 0099 01       		.byte	1
 182 009a 12       		.byte	18
 183 009b 01       		.byte	1
 184 009c 1C       		.byte	28
 185 009d 02       		.byte	2
 186 009e 20       		.byte	32
 187 009f 04       		.byte	4
 188 00a0 24       		.byte	36
 189 00a1 04       		.byte	4
 190 00a2 28       		.byte	40
 191 00a3 04       		.byte	4
 192 00a4 30       		.byte	48
 193 00a5 02       		.byte	2
 194 00a6 32       		.byte	50
 195 00a7 04       		.byte	4
 196 00a8 35       		.byte	53
 197 00a9 01       		.byte	1
 198 00aa 36       		.byte	54
 199 00ab 01       		.byte	1
 200 00ac 3E       		.byte	62
 201 00ad 05       		.byte	5
 202 00ae 3F       		.byte	63
 203 00af 10       		.byte	16
 204 00b0 56       		.byte	86
 205 00b1 02       		.byte	2
 206 00b2 57       		.byte	87
 207 00b3 20       		.byte	32
 208 00b4 58       		.byte	88
 209 00b5 04       		.byte	4
 210 00b6 59       		.byte	89
 211 00b7 04       		.byte	4
 212 00b8 5B       		.byte	91
 213 00b9 24       		.byte	36
 214 00ba 5C       		.byte	92
 215 00bb 08       		.byte	8
 216 00bc 5D       		.byte	93
 217 00bd 80       		.byte	-128
 218 00be 5E       		.byte	94
 219 00bf 08       		.byte	8
 220 00c0 5F       		.byte	95
 221 00c1 21       		.byte	33
 222 00c2 81       		.byte	-127
 223 00c3 01       		.byte	1
 224 00c4 88       		.byte	-120
 225 00c5 20       		.byte	32
 226 00c6 8B       		.byte	-117
 227 00c7 03       		.byte	3
 228 00c8 8E       		.byte	-114
ARM GAS  C:\Users\BETTEF~1\AppData\Local\Temp\ccMGj33X.s 			page 5


 229 00c9 20       		.byte	32
 230 00ca 92       		.byte	-110
 231 00cb 01       		.byte	1
 232 00cc 96       		.byte	-106
 233 00cd 20       		.byte	32
 234 00ce 97       		.byte	-105
 235 00cf 03       		.byte	3
 236 00d0 98       		.byte	-104
 237 00d1 01       		.byte	1
 238 00d2 9A       		.byte	-102
 239 00d3 04       		.byte	4
 240 00d4 9B       		.byte	-101
 241 00d5 02       		.byte	2
 242 00d6 9E       		.byte	-98
 243 00d7 1E       		.byte	30
 244 00d8 A0       		.byte	-96
 245 00d9 01       		.byte	1
 246 00da A2       		.byte	-94
 247 00db 02       		.byte	2
 248 00dc A8       		.byte	-88
 249 00dd 01       		.byte	1
 250 00de AA       		.byte	-86
 251 00df 08       		.byte	8
 252 00e0 AC       		.byte	-84
 253 00e1 01       		.byte	1
 254 00e2 AE       		.byte	-82
 255 00e3 10       		.byte	16
 256 00e4 B0       		.byte	-80
 257 00e5 1F       		.byte	31
 258 00e6 B3       		.byte	-77
 259 00e7 03       		.byte	3
 260 00e8 B6       		.byte	-74
 261 00e9 20       		.byte	32
 262 00ea BE       		.byte	-66
 263 00eb 41       		.byte	65
 264 00ec D4       		.byte	-44
 265 00ed 09       		.byte	9
 266 00ee D8       		.byte	-40
 267 00ef 04       		.byte	4
 268 00f0 D9       		.byte	-39
 269 00f1 04       		.byte	4
 270 00f2 DB       		.byte	-37
 271 00f3 04       		.byte	4
 272 00f4 DC       		.byte	-36
 273 00f5 10       		.byte	16
 274 00f6 DD       		.byte	-35
 275 00f7 10       		.byte	16
 276 00f8 DF       		.byte	-33
 277 00f9 01       		.byte	1
 278 00fa 01       		.byte	1
 279 00fb 40       		.byte	64
 280 00fc 03       		.byte	3
 281 00fd 80       		.byte	-128
 282 00fe 04       		.byte	4
 283 00ff 80       		.byte	-128
 284 0100 07       		.byte	7
 285 0101 08       		.byte	8
ARM GAS  C:\Users\BETTEF~1\AppData\Local\Temp\ccMGj33X.s 			page 6


 286 0102 0A       		.byte	10
 287 0103 42       		.byte	66
 288 0104 0E       		.byte	14
 289 0105 55       		.byte	85
 290 0106 10       		.byte	16
 291 0107 08       		.byte	8
 292 0108 11       		.byte	17
 293 0109 05       		.byte	5
 294 010a 15       		.byte	21
 295 010b 52       		.byte	82
 296 010c 18       		.byte	24
 297 010d 10       		.byte	16
 298 010e 1A       		.byte	26
 299 010f 01       		.byte	1
 300 0110 1B       		.byte	27
 301 0111 01       		.byte	1
 302 0112 1C       		.byte	28
 303 0113 40       		.byte	64
 304 0114 1F       		.byte	31
 305 0115 40       		.byte	64
 306 0116 22       		.byte	34
 307 0117 10       		.byte	16
 308 0118 27       		.byte	39
 309 0119 10       		.byte	16
 310 011a 37       		.byte	55
 311 011b 18       		.byte	24
 312 011c 39       		.byte	57
 313 011d 55       		.byte	85
 314 011e 3D       		.byte	61
 315 011f 02       		.byte	2
 316 0120 3E       		.byte	62
 317 0121 10       		.byte	16
 318 0122 4B       		.byte	75
 319 0123 C0       		.byte	-64
 320 0124 5C       		.byte	92
 321 0125 01       		.byte	1
 322 0126 5D       		.byte	93
 323 0127 08       		.byte	8
 324 0128 5F       		.byte	95
 325 0129 50       		.byte	80
 326 012a 61       		.byte	97
 327 012b 80       		.byte	-128
 328 012c 63       		.byte	99
 329 012d 02       		.byte	2
 330 012e 67       		.byte	103
 331 012f 02       		.byte	2
 332 0130 68       		.byte	104
 333 0131 08       		.byte	8
 334 0132 69       		.byte	105
 335 0133 57       		.byte	87
 336 0134 6A       		.byte	106
 337 0135 04       		.byte	4
 338 0136 7B       		.byte	123
 339 0137 28       		.byte	40
 340 0138 84       		.byte	-124
 341 0139 40       		.byte	64
 342 013a 86       		.byte	-122
ARM GAS  C:\Users\BETTEF~1\AppData\Local\Temp\ccMGj33X.s 			page 7


 343 013b 01       		.byte	1
 344 013c 87       		.byte	-121
 345 013d 28       		.byte	40
 346 013e 92       		.byte	-110
 347 013f 40       		.byte	64
 348 0140 9D       		.byte	-99
 349 0141 01       		.byte	1
 350 0142 9E       		.byte	-98
 351 0143 01       		.byte	1
 352 0144 AA       		.byte	-86
 353 0145 40       		.byte	64
 354 0146 C0       		.byte	-64
 355 0147 C9       		.byte	-55
 356 0148 C2       		.byte	-62
 357 0149 F9       		.byte	-7
 358 014a C4       		.byte	-60
 359 014b DE       		.byte	-34
 360 014c CC       		.byte	-52
 361 014d 60       		.byte	96
 362 014e CE       		.byte	-50
 363 014f AF       		.byte	-81
 364 0150 D6       		.byte	-42
 365 0151 F0       		.byte	-16
 366 0152 D8       		.byte	-40
 367 0153 18       		.byte	24
 368 0154 DE       		.byte	-34
 369 0155 06       		.byte	6
 370 0156 E6       		.byte	-26
 371 0157 0A       		.byte	10
 372 0158 EA       		.byte	-22
 373 0159 04       		.byte	4
 374 015a 81       		.byte	-127
 375 015b 01       		.byte	1
 376 015c 85       		.byte	-123
 377 015d 01       		.byte	1
 378 015e 89       		.byte	-119
 379 015f 01       		.byte	1
 380 0160 8D       		.byte	-115
 381 0161 01       		.byte	1
 382 0162 B7       		.byte	-73
 383 0163 01       		.byte	1
 384 0164 BF       		.byte	-65
 385 0165 40       		.byte	64
 386 0166 D6       		.byte	-42
 387 0167 08       		.byte	8
 388 0168 D9       		.byte	-39
 389 0169 04       		.byte	4
 390 016a DB       		.byte	-37
 391 016b 04       		.byte	4
 392 016c DF       		.byte	-33
 393 016d 01       		.byte	1
 394 016e 04       		.byte	4
 395 016f 22       		.byte	34
 396 0170 05       		.byte	5
 397 0171 80       		.byte	-128
 398 0172 06       		.byte	6
 399 0173 10       		.byte	16
ARM GAS  C:\Users\BETTEF~1\AppData\Local\Temp\ccMGj33X.s 			page 8


 400 0174 0C       		.byte	12
 401 0175 80       		.byte	-128
 402 0176 0E       		.byte	14
 403 0177 50       		.byte	80
 404 0178 15       		.byte	21
 405 0179 01       		.byte	1
 406 017a 16       		.byte	22
 407 017b 06       		.byte	6
 408 017c 17       		.byte	23
 409 017d 04       		.byte	4
 410 017e 1E       		.byte	30
 411 017f 50       		.byte	80
 412 0180 1F       		.byte	31
 413 0181 10       		.byte	16
 414 0182 20       		.byte	32
 415 0183 02       		.byte	2
 416 0184 27       		.byte	39
 417 0185 10       		.byte	16
 418 0186 37       		.byte	55
 419 0187 18       		.byte	24
 420 0188 39       		.byte	57
 421 0189 56       		.byte	86
 422 018a 3D       		.byte	61
 423 018b 02       		.byte	2
 424 018c 3E       		.byte	62
 425 018d 12       		.byte	18
 426 018e 40       		.byte	64
 427 018f 03       		.byte	3
 428 0190 44       		.byte	68
 429 0191 02       		.byte	2
 430 0192 45       		.byte	69
 431 0193 01       		.byte	1
 432 0194 46       		.byte	70
 433 0195 10       		.byte	16
 434 0196 47       		.byte	71
 435 0197 08       		.byte	8
 436 0198 4D       		.byte	77
 437 0199 28       		.byte	40
 438 019a 4E       		.byte	78
 439 019b 02       		.byte	2
 440 019c 4F       		.byte	79
 441 019d 02       		.byte	2
 442 019e 54       		.byte	84
 443 019f 80       		.byte	-128
 444 01a0 56       		.byte	86
 445 01a1 24       		.byte	36
 446 01a2 59       		.byte	89
 447 01a3 04       		.byte	4
 448 01a4 5A       		.byte	90
 449 01a5 20       		.byte	32
 450 01a6 5B       		.byte	91
 451 01a7 40       		.byte	64
 452 01a8 60       		.byte	96
 453 01a9 04       		.byte	4
 454 01aa 62       		.byte	98
 455 01ab 48       		.byte	72
 456 01ac 65       		.byte	101
ARM GAS  C:\Users\BETTEF~1\AppData\Local\Temp\ccMGj33X.s 			page 9


 457 01ad 01       		.byte	1
 458 01ae 66       		.byte	102
 459 01af 20       		.byte	32
 460 01b0 67       		.byte	103
 461 01b1 21       		.byte	33
 462 01b2 90       		.byte	-112
 463 01b3 40       		.byte	64
 464 01b4 91       		.byte	-111
 465 01b5 56       		.byte	86
 466 01b6 92       		.byte	-110
 467 01b7 22       		.byte	34
 468 01b8 94       		.byte	-108
 469 01b9 81       		.byte	-127
 470 01ba 96       		.byte	-106
 471 01bb 10       		.byte	16
 472 01bc 97       		.byte	-105
 473 01bd 02       		.byte	2
 474 01be 98       		.byte	-104
 475 01bf 40       		.byte	64
 476 01c0 9B       		.byte	-101
 477 01c1 40       		.byte	64
 478 01c2 9D       		.byte	-99
 479 01c3 09       		.byte	9
 480 01c4 9E       		.byte	-98
 481 01c5 01       		.byte	1
 482 01c6 9F       		.byte	-97
 483 01c7 08       		.byte	8
 484 01c8 A1       		.byte	-95
 485 01c9 80       		.byte	-128
 486 01ca A4       		.byte	-92
 487 01cb 80       		.byte	-128
 488 01cc A5       		.byte	-91
 489 01cd 01       		.byte	1
 490 01ce A7       		.byte	-89
 491 01cf 80       		.byte	-128
 492 01d0 B0       		.byte	-80
 493 01d1 80       		.byte	-128
 494 01d2 B3       		.byte	-77
 495 01d3 10       		.byte	16
 496 01d4 B4       		.byte	-76
 497 01d5 10       		.byte	16
 498 01d6 B7       		.byte	-73
 499 01d7 50       		.byte	80
 500 01d8 C0       		.byte	-64
 501 01d9 F0       		.byte	-16
 502 01da C2       		.byte	-62
 503 01db B0       		.byte	-80
 504 01dc C4       		.byte	-60
 505 01dd F0       		.byte	-16
 506 01de CC       		.byte	-52
 507 01df 60       		.byte	96
 508 01e0 CE       		.byte	-50
 509 01e1 AF       		.byte	-81
 510 01e2 D0       		.byte	-48
 511 01e3 D0       		.byte	-48
 512 01e4 D2       		.byte	-46
 513 01e5 30       		.byte	48
ARM GAS  C:\Users\BETTEF~1\AppData\Local\Temp\ccMGj33X.s 			page 10


 514 01e6 D6       		.byte	-42
 515 01e7 0E       		.byte	14
 516 01e8 D8       		.byte	-40
 517 01e9 FE       		.byte	-2
 518 01ea EE       		.byte	-18
 519 01eb 40       		.byte	64
 520 01ec E6       		.byte	-26
 521 01ed 0A       		.byte	10
 522 01ee EA       		.byte	-22
 523 01ef 04       		.byte	4
 524 01f0 02       		.byte	2
 525 01f1 01       		.byte	1
 526 01f2 12       		.byte	18
 527 01f3 02       		.byte	2
 528 01f4 14       		.byte	20
 529 01f5 04       		.byte	4
 530 01f6 18       		.byte	24
 531 01f7 01       		.byte	1
 532 01f8 1C       		.byte	28
 533 01f9 02       		.byte	2
 534 01fa 2F       		.byte	47
 535 01fb 01       		.byte	1
 536 01fc 32       		.byte	50
 537 01fd 02       		.byte	2
 538 01fe 34       		.byte	52
 539 01ff 01       		.byte	1
 540 0200 35       		.byte	53
 541 0201 01       		.byte	1
 542 0202 36       		.byte	54
 543 0203 04       		.byte	4
 544 0204 3E       		.byte	62
 545 0205 54       		.byte	84
 546 0206 40       		.byte	64
 547 0207 05       		.byte	5
 548 0208 41       		.byte	65
 549 0209 01       		.byte	1
 550 020a 42       		.byte	66
 551 020b 50       		.byte	80
 552 020c 44       		.byte	68
 553 020d 04       		.byte	4
 554 020e 45       		.byte	69
 555 020f 0C       		.byte	12
 556 0210 46       		.byte	70
 557 0211 FD       		.byte	-3
 558 0212 47       		.byte	71
 559 0213 BE       		.byte	-66
 560 0214 48       		.byte	72
 561 0215 3D       		.byte	61
 562 0216 49       		.byte	73
 563 0217 FF       		.byte	-1
 564 0218 4A       		.byte	74
 565 0219 FF       		.byte	-1
 566 021a 4B       		.byte	75
 567 021b FF       		.byte	-1
 568 021c 4C       		.byte	76
 569 021d 22       		.byte	34
 570 021e 4E       		.byte	78
ARM GAS  C:\Users\BETTEF~1\AppData\Local\Temp\ccMGj33X.s 			page 11


 571 021f F0       		.byte	-16
 572 0220 4F       		.byte	79
 573 0221 0C       		.byte	12
 574 0222 50       		.byte	80
 575 0223 8C       		.byte	-116
 576 0224 51       		.byte	81
 577 0225 10       		.byte	16
 578 0226 54       		.byte	84
 579 0227 20       		.byte	32
 580 0228 56       		.byte	86
 581 0229 04       		.byte	4
 582 022a 58       		.byte	88
 583 022b 04       		.byte	4
 584 022c 59       		.byte	89
 585 022d 04       		.byte	4
 586 022e 5A       		.byte	90
 587 022f 24       		.byte	36
 588 0230 5B       		.byte	91
 589 0231 04       		.byte	4
 590 0232 5D       		.byte	93
 591 0233 08       		.byte	8
 592 0234 5F       		.byte	95
 593 0235 01       		.byte	1
 594 0236 68       		.byte	104
 595 0237 40       		.byte	64
 596 0238 69       		.byte	105
 597 0239 01       		.byte	1
 598 023a 6A       		.byte	106
 599 023b C0       		.byte	-64
 600 023c 6B       		.byte	107
 601 023d 01       		.byte	1
 602 023e 81       		.byte	-127
 603 023f 03       		.byte	3
 604 0240 83       		.byte	-125
 605 0241 3C       		.byte	60
 606 0242 85       		.byte	-123
 607 0243 40       		.byte	64
 608 0244 8D       		.byte	-115
 609 0245 40       		.byte	64
 610 0246 94       		.byte	-108
 611 0247 01       		.byte	1
 612 0248 97       		.byte	-105
 613 0249 40       		.byte	64
 614 024a 99       		.byte	-103
 615 024b 15       		.byte	21
 616 024c 9B       		.byte	-101
 617 024d 6A       		.byte	106
 618 024e 9C       		.byte	-100
 619 024f 01       		.byte	1
 620 0250 9D       		.byte	-99
 621 0251 10       		.byte	16
 622 0252 9F       		.byte	-97
 623 0253 60       		.byte	96
 624 0254 A1       		.byte	-95
 625 0255 40       		.byte	64
 626 0256 A5       		.byte	-91
 627 0257 02       		.byte	2
ARM GAS  C:\Users\BETTEF~1\AppData\Local\Temp\ccMGj33X.s 			page 12


 628 0258 A7       		.byte	-89
 629 0259 0D       		.byte	13
 630 025a A8       		.byte	-88
 631 025b 01       		.byte	1
 632 025c A9       		.byte	-87
 633 025d 79       		.byte	121
 634 025e AB       		.byte	-85
 635 025f 06       		.byte	6
 636 0260 AD       		.byte	-83
 637 0261 40       		.byte	64
 638 0262 B0       		.byte	-80
 639 0263 01       		.byte	1
 640 0264 B3       		.byte	-77
 641 0265 0F       		.byte	15
 642 0266 B7       		.byte	-73
 643 0267 70       		.byte	112
 644 0268 BB       		.byte	-69
 645 0269 88       		.byte	-120
 646 026a BE       		.byte	-66
 647 026b 01       		.byte	1
 648 026c D6       		.byte	-42
 649 026d 08       		.byte	8
 650 026e D8       		.byte	-40
 651 026f 04       		.byte	4
 652 0270 D9       		.byte	-39
 653 0271 04       		.byte	4
 654 0272 DB       		.byte	-37
 655 0273 04       		.byte	4
 656 0274 DC       		.byte	-36
 657 0275 10       		.byte	16
 658 0276 DF       		.byte	-33
 659 0277 01       		.byte	1
 660 0278 02       		.byte	2
 661 0279 40       		.byte	64
 662 027a 09       		.byte	9
 663 027b 22       		.byte	34
 664 027c 0A       		.byte	10
 665 027d 02       		.byte	2
 666 027e 0B       		.byte	11
 667 027f 20       		.byte	32
 668 0280 0E       		.byte	14
 669 0281 10       		.byte	16
 670 0282 0F       		.byte	15
 671 0283 02       		.byte	2
 672 0284 17       		.byte	23
 673 0285 20       		.byte	32
 674 0286 18       		.byte	24
 675 0287 04       		.byte	4
 676 0288 19       		.byte	25
 677 0289 48       		.byte	72
 678 028a 1F       		.byte	31
 679 028b 01       		.byte	1
 680 028c 21       		.byte	33
 681 028d 20       		.byte	32
 682 028e 25       		.byte	37
 683 028f 40       		.byte	64
 684 0290 26       		.byte	38
ARM GAS  C:\Users\BETTEF~1\AppData\Local\Temp\ccMGj33X.s 			page 13


 685 0291 80       		.byte	-128
 686 0292 27       		.byte	39
 687 0293 10       		.byte	16
 688 0294 28       		.byte	40
 689 0295 80       		.byte	-128
 690 0296 2A       		.byte	42
 691 0297 40       		.byte	64
 692 0298 2B       		.byte	43
 693 0299 80       		.byte	-128
 694 029a 2D       		.byte	45
 695 029b 41       		.byte	65
 696 029c 2E       		.byte	46
 697 029d 18       		.byte	24
 698 029e 36       		.byte	54
 699 029f 90       		.byte	-112
 700 02a0 37       		.byte	55
 701 02a1 24       		.byte	36
 702 02a2 3C       		.byte	60
 703 02a3 80       		.byte	-128
 704 02a4 3D       		.byte	61
 705 02a5 02       		.byte	2
 706 02a6 3E       		.byte	62
 707 02a7 04       		.byte	4
 708 02a8 3F       		.byte	63
 709 02a9 02       		.byte	2
 710 02aa 40       		.byte	64
 711 02ab 40       		.byte	64
 712 02ac 41       		.byte	65
 713 02ad 80       		.byte	-128
 714 02ae 46       		.byte	70
 715 02af 08       		.byte	8
 716 02b0 47       		.byte	71
 717 02b1 10       		.byte	16
 718 02b2 48       		.byte	72
 719 02b3 01       		.byte	1
 720 02b4 49       		.byte	73
 721 02b5 04       		.byte	4
 722 02b6 51       		.byte	81
 723 02b7 02       		.byte	2
 724 02b8 52       		.byte	82
 725 02b9 04       		.byte	4
 726 02ba 53       		.byte	83
 727 02bb 90       		.byte	-112
 728 02bc 5B       		.byte	91
 729 02bd 02       		.byte	2
 730 02be 5C       		.byte	92
 731 02bf 80       		.byte	-128
 732 02c0 60       		.byte	96
 733 02c1 14       		.byte	20
 734 02c2 61       		.byte	97
 735 02c3 40       		.byte	64
 736 02c4 62       		.byte	98
 737 02c5 01       		.byte	1
 738 02c6 64       		.byte	100
 739 02c7 02       		.byte	2
 740 02c8 6C       		.byte	108
 741 02c9 05       		.byte	5
ARM GAS  C:\Users\BETTEF~1\AppData\Local\Temp\ccMGj33X.s 			page 14


 742 02ca 78       		.byte	120
 743 02cb 40       		.byte	64
 744 02cc 80       		.byte	-128
 745 02cd 05       		.byte	5
 746 02ce 85       		.byte	-123
 747 02cf 08       		.byte	8
 748 02d0 87       		.byte	-121
 749 02d1 12       		.byte	18
 750 02d2 8C       		.byte	-116
 751 02d3 12       		.byte	18
 752 02d4 90       		.byte	-112
 753 02d5 40       		.byte	64
 754 02d6 91       		.byte	-111
 755 02d7 41       		.byte	65
 756 02d8 92       		.byte	-110
 757 02d9 16       		.byte	22
 758 02da 97       		.byte	-105
 759 02db 02       		.byte	2
 760 02dc 98       		.byte	-104
 761 02dd 40       		.byte	64
 762 02de 9A       		.byte	-102
 763 02df 40       		.byte	64
 764 02e0 9B       		.byte	-101
 765 02e1 04       		.byte	4
 766 02e2 9D       		.byte	-99
 767 02e3 04       		.byte	4
 768 02e4 9E       		.byte	-98
 769 02e5 0D       		.byte	13
 770 02e6 A0       		.byte	-96
 771 02e7 41       		.byte	65
 772 02e8 A1       		.byte	-95
 773 02e9 81       		.byte	-127
 774 02ea A2       		.byte	-94
 775 02eb 10       		.byte	16
 776 02ec A5       		.byte	-91
 777 02ed 40       		.byte	64
 778 02ee A7       		.byte	-89
 779 02ef 80       		.byte	-128
 780 02f0 B6       		.byte	-74
 781 02f1 40       		.byte	64
 782 02f2 C0       		.byte	-64
 783 02f3 08       		.byte	8
 784 02f4 C2       		.byte	-62
 785 02f5 AF       		.byte	-81
 786 02f6 C4       		.byte	-60
 787 02f7 40       		.byte	64
 788 02f8 CA       		.byte	-54
 789 02f9 F8       		.byte	-8
 790 02fa CC       		.byte	-52
 791 02fb 70       		.byte	112
 792 02fc CE       		.byte	-50
 793 02fd D0       		.byte	-48
 794 02fe D0       		.byte	-48
 795 02ff 09       		.byte	9
 796 0300 D2       		.byte	-46
 797 0301 08       		.byte	8
 798 0302 D6       		.byte	-42
ARM GAS  C:\Users\BETTEF~1\AppData\Local\Temp\ccMGj33X.s 			page 15


 799 0303 11       		.byte	17
 800 0304 D8       		.byte	-40
 801 0305 1F       		.byte	31
 802 0306 DE       		.byte	-34
 803 0307 08       		.byte	8
 804 0308 E4       		.byte	-28
 805 0309 08       		.byte	8
 806 030a EE       		.byte	-18
 807 030b 40       		.byte	64
 808 030c 00       		.byte	0
 809 030d 04       		.byte	4
 810 030e 01       		.byte	1
 811 030f 13       		.byte	19
 812 0310 02       		.byte	2
 813 0311 80       		.byte	-128
 814 0312 03       		.byte	3
 815 0313 04       		.byte	4
 816 0314 05       		.byte	5
 817 0315 18       		.byte	24
 818 0316 07       		.byte	7
 819 0317 02       		.byte	2
 820 0318 08       		.byte	8
 821 0319 0A       		.byte	10
 822 031a 0A       		.byte	10
 823 031b 10       		.byte	16
 824 031c 0C       		.byte	12
 825 031d 07       		.byte	7
 826 031e 0D       		.byte	13
 827 031f 18       		.byte	24
 828 0320 0E       		.byte	14
 829 0321 38       		.byte	56
 830 0322 10       		.byte	16
 831 0323 01       		.byte	1
 832 0324 11       		.byte	17
 833 0325 18       		.byte	24
 834 0326 13       		.byte	19
 835 0327 02       		.byte	2
 836 0328 14       		.byte	20
 837 0329 56       		.byte	86
 838 032a 15       		.byte	21
 839 032b 02       		.byte	2
 840 032c 16       		.byte	22
 841 032d 09       		.byte	9
 842 032e 17       		.byte	23
 843 032f 18       		.byte	24
 844 0330 18       		.byte	24
 845 0331 04       		.byte	4
 846 0332 19       		.byte	25
 847 0333 01       		.byte	1
 848 0334 1B       		.byte	27
 849 0335 18       		.byte	24
 850 0336 1C       		.byte	28
 851 0337 60       		.byte	96
 852 0338 1D       		.byte	29
 853 0339 1A       		.byte	26
 854 033a 20       		.byte	32
 855 033b 84       		.byte	-124
ARM GAS  C:\Users\BETTEF~1\AppData\Local\Temp\ccMGj33X.s 			page 16


 856 033c 21       		.byte	33
 857 033d 02       		.byte	2
 858 033e 24       		.byte	36
 859 033f 80       		.byte	-128
 860 0340 26       		.byte	38
 861 0341 04       		.byte	4
 862 0342 28       		.byte	40
 863 0343 84       		.byte	-124
 864 0344 29       		.byte	41
 865 0345 1C       		.byte	28
 866 0346 2B       		.byte	43
 867 0347 03       		.byte	3
 868 0348 2C       		.byte	44
 869 0349 84       		.byte	-124
 870 034a 2D       		.byte	45
 871 034b 1A       		.byte	26
 872 034c 30       		.byte	48
 873 034d 7F       		.byte	127
 874 034e 31       		.byte	49
 875 034f 13       		.byte	19
 876 0350 35       		.byte	53
 877 0351 0F       		.byte	15
 878 0352 36       		.byte	54
 879 0353 80       		.byte	-128
 880 0354 38       		.byte	56
 881 0355 02       		.byte	2
 882 0356 3B       		.byte	59
 883 0357 20       		.byte	32
 884 0358 3E       		.byte	62
 885 0359 40       		.byte	64
 886 035a 56       		.byte	86
 887 035b 02       		.byte	2
 888 035c 57       		.byte	87
 889 035d 28       		.byte	40
 890 035e 58       		.byte	88
 891 035f 04       		.byte	4
 892 0360 59       		.byte	89
 893 0361 04       		.byte	4
 894 0362 5B       		.byte	91
 895 0363 04       		.byte	4
 896 0364 5C       		.byte	92
 897 0365 11       		.byte	17
 898 0366 5D       		.byte	93
 899 0367 10       		.byte	16
 900 0368 5F       		.byte	95
 901 0369 01       		.byte	1
 902 036a 86       		.byte	-122
 903 036b 01       		.byte	1
 904 036c 87       		.byte	-121
 905 036d 03       		.byte	3
 906 036e 91       		.byte	-111
 907 036f 02       		.byte	2
 908 0370 97       		.byte	-105
 909 0371 02       		.byte	2
 910 0372 98       		.byte	-104
 911 0373 01       		.byte	1
 912 0374 B1       		.byte	-79
ARM GAS  C:\Users\BETTEF~1\AppData\Local\Temp\ccMGj33X.s 			page 17


 913 0375 01       		.byte	1
 914 0376 B4       		.byte	-76
 915 0377 01       		.byte	1
 916 0378 B5       		.byte	-75
 917 0379 01       		.byte	1
 918 037a B7       		.byte	-73
 919 037b 02       		.byte	2
 920 037c BE       		.byte	-66
 921 037d 10       		.byte	16
 922 037e BF       		.byte	-65
 923 037f 40       		.byte	64
 924 0380 D4       		.byte	-44
 925 0381 41       		.byte	65
 926 0382 D8       		.byte	-40
 927 0383 04       		.byte	4
 928 0384 D9       		.byte	-39
 929 0385 04       		.byte	4
 930 0386 DB       		.byte	-37
 931 0387 04       		.byte	4
 932 0388 DF       		.byte	-33
 933 0389 01       		.byte	1
 934 038a 00       		.byte	0
 935 038b 04       		.byte	4
 936 038c 04       		.byte	4
 937 038d 82       		.byte	-126
 938 038e 05       		.byte	5
 939 038f 01       		.byte	1
 940 0390 07       		.byte	7
 941 0391 08       		.byte	8
 942 0392 09       		.byte	9
 943 0393 20       		.byte	32
 944 0394 0E       		.byte	14
 945 0395 50       		.byte	80
 946 0396 0F       		.byte	15
 947 0397 06       		.byte	6
 948 0398 15       		.byte	21
 949 0399 01       		.byte	1
 950 039a 16       		.byte	22
 951 039b 02       		.byte	2
 952 039c 17       		.byte	23
 953 039d 14       		.byte	20
 954 039e 1B       		.byte	27
 955 039f 10       		.byte	16
 956 03a0 1C       		.byte	28
 957 03a1 01       		.byte	1
 958 03a2 1E       		.byte	30
 959 03a3 40       		.byte	64
 960 03a4 21       		.byte	33
 961 03a5 22       		.byte	34
 962 03a6 22       		.byte	34
 963 03a7 40       		.byte	64
 964 03a8 24       		.byte	36
 965 03a9 80       		.byte	-128
 966 03aa 25       		.byte	37
 967 03ab 01       		.byte	1
 968 03ac 26       		.byte	38
 969 03ad 10       		.byte	16
ARM GAS  C:\Users\BETTEF~1\AppData\Local\Temp\ccMGj33X.s 			page 18


 970 03ae 27       		.byte	39
 971 03af 08       		.byte	8
 972 03b0 28       		.byte	40
 973 03b1 10       		.byte	16
 974 03b2 2A       		.byte	42
 975 03b3 04       		.byte	4
 976 03b4 2C       		.byte	44
 977 03b5 80       		.byte	-128
 978 03b6 2D       		.byte	45
 979 03b7 80       		.byte	-128
 980 03b8 2E       		.byte	46
 981 03b9 10       		.byte	16
 982 03ba 31       		.byte	49
 983 03bb 02       		.byte	2
 984 03bc 32       		.byte	50
 985 03bd 0C       		.byte	12
 986 03be 35       		.byte	53
 987 03bf 01       		.byte	1
 988 03c0 36       		.byte	54
 989 03c1 10       		.byte	16
 990 03c2 37       		.byte	55
 991 03c3 44       		.byte	68
 992 03c4 38       		.byte	56
 993 03c5 04       		.byte	4
 994 03c6 3D       		.byte	61
 995 03c7 82       		.byte	-126
 996 03c8 3E       		.byte	62
 997 03c9 04       		.byte	4
 998 03ca 58       		.byte	88
 999 03cb 10       		.byte	16
 1000 03cc 5A       		.byte	90
 1001 03cd 88       		.byte	-120
 1002 03ce 63       		.byte	99
 1003 03cf 20       		.byte	32
 1004 03d0 66       		.byte	102
 1005 03d1 08       		.byte	8
 1006 03d2 6C       		.byte	108
 1007 03d3 11       		.byte	17
 1008 03d4 6D       		.byte	109
 1009 03d5 41       		.byte	65
 1010 03d6 6E       		.byte	110
 1011 03d7 04       		.byte	4
 1012 03d8 6F       		.byte	111
 1013 03d9 54       		.byte	84
 1014 03da 74       		.byte	116
 1015 03db 40       		.byte	64
 1016 03dc 75       		.byte	117
 1017 03dd 80       		.byte	-128
 1018 03de 76       		.byte	118
 1019 03df 02       		.byte	2
 1020 03e0 85       		.byte	-123
 1021 03e1 40       		.byte	64
 1022 03e2 87       		.byte	-121
 1023 03e3 04       		.byte	4
 1024 03e4 90       		.byte	-112
 1025 03e5 44       		.byte	68
 1026 03e6 92       		.byte	-110
ARM GAS  C:\Users\BETTEF~1\AppData\Local\Temp\ccMGj33X.s 			page 19


 1027 03e7 12       		.byte	18
 1028 03e8 94       		.byte	-108
 1029 03e9 A3       		.byte	-93
 1030 03ea 95       		.byte	-107
 1031 03eb 01       		.byte	1
 1032 03ec 97       		.byte	-105
 1033 03ed 02       		.byte	2
 1034 03ee 98       		.byte	-104
 1035 03ef 40       		.byte	64
 1036 03f0 9A       		.byte	-102
 1037 03f1 40       		.byte	64
 1038 03f2 9D       		.byte	-99
 1039 03f3 84       		.byte	-124
 1040 03f4 9E       		.byte	-98
 1041 03f5 01       		.byte	1
 1042 03f6 9F       		.byte	-97
 1043 03f7 0C       		.byte	12
 1044 03f8 A0       		.byte	-96
 1045 03f9 81       		.byte	-127
 1046 03fa A1       		.byte	-95
 1047 03fb 80       		.byte	-128
 1048 03fc A2       		.byte	-94
 1049 03fd 08       		.byte	8
 1050 03fe A3       		.byte	-93
 1051 03ff 01       		.byte	1
 1052 0400 A5       		.byte	-91
 1053 0401 01       		.byte	1
 1054 0402 A7       		.byte	-89
 1055 0403 80       		.byte	-128
 1056 0404 AA       		.byte	-86
 1057 0405 12       		.byte	18
 1058 0406 B1       		.byte	-79
 1059 0407 20       		.byte	32
 1060 0408 B6       		.byte	-74
 1061 0409 04       		.byte	4
 1062 040a B7       		.byte	-73
 1063 040b 01       		.byte	1
 1064 040c C0       		.byte	-64
 1065 040d D4       		.byte	-44
 1066 040e C2       		.byte	-62
 1067 040f F2       		.byte	-14
 1068 0410 C4       		.byte	-60
 1069 0411 F0       		.byte	-16
 1070 0412 CA       		.byte	-54
 1071 0413 B0       		.byte	-80
 1072 0414 CC       		.byte	-52
 1073 0415 F3       		.byte	-13
 1074 0416 CE       		.byte	-50
 1075 0417 D2       		.byte	-46
 1076 0418 D6       		.byte	-42
 1077 0419 0E       		.byte	14
 1078 041a D8       		.byte	-40
 1079 041b 42       		.byte	66
 1080 041c EA       		.byte	-22
 1081 041d 20       		.byte	32
 1082 041e E4       		.byte	-28
 1083 041f 08       		.byte	8
ARM GAS  C:\Users\BETTEF~1\AppData\Local\Temp\ccMGj33X.s 			page 20


 1084 0420 30       		.byte	48
 1085 0421 80       		.byte	-128
 1086 0422 35       		.byte	53
 1087 0423 80       		.byte	-128
 1088 0424 CC       		.byte	-52
 1089 0425 30       		.byte	48
 1090 0426 8D       		.byte	-115
 1091 0427 80       		.byte	-128
 1092 0428 9D       		.byte	-99
 1093 0429 80       		.byte	-128
 1094 042a A8       		.byte	-88
 1095 042b 80       		.byte	-128
 1096 042c EA       		.byte	-22
 1097 042d 20       		.byte	32
 1098 042e 50       		.byte	80
 1099 042f 10       		.byte	16
 1100 0430 56       		.byte	86
 1101 0431 20       		.byte	32
 1102 0432 D4       		.byte	-44
 1103 0433 60       		.byte	96
 1104 0434 94       		.byte	-108
 1105 0435 20       		.byte	32
 1106 0436 B6       		.byte	-74
 1107 0437 20       		.byte	32
 1108 0438 13       		.byte	19
 1109 0439 02       		.byte	2
 1110 043a C4       		.byte	-60
 1111 043b 08       		.byte	8
 1112 043c 01       		.byte	1
 1113 043d 02       		.byte	2
 1114 043e 07       		.byte	7
 1115 043f 10       		.byte	16
 1116 0440 56       		.byte	86
 1117 0441 02       		.byte	2
 1118 0442 9B       		.byte	-101
 1119 0443 02       		.byte	2
 1120 0444 C0       		.byte	-64
 1121 0445 0C       		.byte	12
 1122 0446 D6       		.byte	-42
 1123 0447 04       		.byte	4
 1124 0448 85       		.byte	-123
 1125 0449 82       		.byte	-126
 1126 044a 99       		.byte	-103
 1127 044b 02       		.byte	2
 1128 044c 9B       		.byte	-101
 1129 044d 02       		.byte	2
 1130 044e 9E       		.byte	-98
 1131 044f 02       		.byte	2
 1132 0450 AB       		.byte	-85
 1133 0451 10       		.byte	16
 1134 0452 9B       		.byte	-101
 1135 0453 02       		.byte	2
 1136 0454 9E       		.byte	-98
 1137 0455 02       		.byte	2
 1138 0456 A5       		.byte	-91
 1139 0457 80       		.byte	-128
 1140 0458 94       		.byte	-108
ARM GAS  C:\Users\BETTEF~1\AppData\Local\Temp\ccMGj33X.s 			page 21


 1141 0459 20       		.byte	32
 1142 045a 71       		.byte	113
 1143 045b 04       		.byte	4
 1144 045c 75       		.byte	117
 1145 045d 02       		.byte	2
 1146 045e 81       		.byte	-127
 1147 045f 06       		.byte	6
 1148 0460 B4       		.byte	-76
 1149 0461 10       		.byte	16
 1150 0462 DC       		.byte	-36
 1151 0463 80       		.byte	-128
 1152 0464 DE       		.byte	-34
 1153 0465 20       		.byte	32
 1154 0466 E6       		.byte	-26
 1155 0467 A0       		.byte	-96
 1156 0468 0D       		.byte	13
 1157 0469 80       		.byte	-128
 1158 046a 9E       		.byte	-98
 1159 046b 02       		.byte	2
 1160 046c A5       		.byte	-91
 1161 046d 80       		.byte	-128
 1162 046e B3       		.byte	-77
 1163 046f 02       		.byte	2
 1164 0470 C2       		.byte	-62
 1165 0471 01       		.byte	1
 1166 0472 EA       		.byte	-22
 1167 0473 04       		.byte	4
 1168 0474 86       		.byte	-122
 1169 0475 02       		.byte	2
 1170 0476 9E       		.byte	-98
 1171 0477 02       		.byte	2
 1172 0478 00       		.byte	0
 1173 0479 03       		.byte	3
 1174 047a 0A       		.byte	10
 1175 047b 03       		.byte	3
 1176 047c 10       		.byte	16
 1177 047d 03       		.byte	3
 1178 047e 1A       		.byte	26
 1179 047f 03       		.byte	3
 1180 0480 00       		.byte	0
 1181 0481 0F       		.byte	15
 1182 0482 00       		.byte	0
 1183 0483 00       		.byte	0
 1184 0484 0D       		.byte	13
 1185 0485 03       		.byte	3
 1186 0486 80       		.byte	-128
 1187 0487 04       		.byte	4
 1188 0488 62       		.byte	98
 1189 0489 00       		.byte	0
 1190 048a 14       		.byte	20
 1191 048b 00       		.byte	0
 1192 048c 8D       		.byte	-115
 1193 048d 04       		.byte	4
 1194 048e 00       		.byte	0
 1195 048f 09       		.byte	9
 1196 0490 8D       		.byte	-115
 1197 0491 00       		.byte	0
ARM GAS  C:\Users\BETTEF~1\AppData\Local\Temp\ccMGj33X.s 			page 22


 1198 0492 00       		.byte	0
 1199 0493 00       		.byte	0
 1200 0494 02       		.byte	2
 1201 0495 00       		.byte	0
 1202 0496 0D       		.byte	13
 1203 0497 00       		.byte	0
 1204 0498 42       		.byte	66
 1205 0499 05       		.byte	5
 1206 049a 08       		.byte	8
 1207 049b 0A       		.byte	10
 1208 049c 00       		.byte	0
 1209 049d 0E       		.byte	14
 1210 049e 00       		.byte	0
 1211 049f 00       		.byte	0
 1212 04a0 40       		.byte	64
 1213 04a1 00       		.byte	0
 1214 04a2 00       		.byte	0
 1215 04a3 00       		.byte	0
 1216 04a4 8D       		.byte	-115
 1217 04a5 00       		.byte	0
 1218 04a6 00       		.byte	0
 1219 04a7 00       		.byte	0
 1220 04a8 8D       		.byte	-115
 1221 04a9 00       		.byte	0
 1222 04aa 00       		.byte	0
 1223 04ab 00       		.byte	0
 1224 04ac 00       		.byte	0
 1225 04ad 00       		.byte	0
 1226 04ae 80       		.byte	-128
 1227 04af 00       		.byte	0
 1228 04b0 11       		.byte	17
 1229 04b1 00       		.byte	0
 1230 04b2 22       		.byte	34
 1231 04b3 00       		.byte	0
 1232 04b4 0F       		.byte	15
 1233 04b5 00       		.byte	0
 1234 04b6 70       		.byte	112
 1235 04b7 0F       		.byte	15
 1236 04b8 80       		.byte	-128
 1237 04b9 00       		.byte	0
 1238 04ba 00       		.byte	0
 1239 04bb 00       		.byte	0
 1240 04bc 00       		.byte	0
 1241 04bd 08       		.byte	8
 1242 04be 0A       		.byte	10
 1243 04bf 00       		.byte	0
 1244 04c0 00       		.byte	0
 1245 04c1 00       		.byte	0
 1246 04c2 10       		.byte	16
 1247 04c3 00       		.byte	0
 1248 04c4 35       		.byte	53
 1249 04c5 04       		.byte	4
 1250 04c6 10       		.byte	16
 1251 04c7 00       		.byte	0
 1252 04c8 06       		.byte	6
 1253 04c9 BE       		.byte	-66
 1254 04ca FC       		.byte	-4
ARM GAS  C:\Users\BETTEF~1\AppData\Local\Temp\ccMGj33X.s 			page 23


 1255 04cb 0D       		.byte	13
 1256 04cc 1F       		.byte	31
 1257 04cd FF       		.byte	-1
 1258 04ce FF       		.byte	-1
 1259 04cf FF       		.byte	-1
 1260 04d0 22       		.byte	34
 1261 04d1 00       		.byte	0
 1262 04d2 F0       		.byte	-16
 1263 04d3 08       		.byte	8
 1264 04d4 04       		.byte	4
 1265 04d5 00       		.byte	0
 1266 04d6 00       		.byte	0
 1267 04d7 00       		.byte	0
 1268 04d8 40       		.byte	64
 1269 04d9 00       		.byte	0
 1270 04da 04       		.byte	4
 1271 04db 00       		.byte	0
 1272 04dc 04       		.byte	4
 1273 04dd 04       		.byte	4
 1274 04de 04       		.byte	4
 1275 04df 04       		.byte	4
 1276 04e0 11       		.byte	17
 1277 04e1 11       		.byte	17
 1278 04e2 00       		.byte	0
 1279 04e3 01       		.byte	1
 1280 04e4 00       		.byte	0
 1281 04e5 00       		.byte	0
 1282 04e6 C0       		.byte	-64
 1283 04e7 00       		.byte	0
 1284 04e8 40       		.byte	64
 1285 04e9 01       		.byte	1
 1286 04ea 10       		.byte	16
 1287 04eb 11       		.byte	17
 1288 04ec C0       		.byte	-64
 1289 04ed 01       		.byte	1
 1290 04ee 00       		.byte	0
 1291 04ef 11       		.byte	17
 1292 04f0 40       		.byte	64
 1293 04f1 01       		.byte	1
 1294 04f2 40       		.byte	64
 1295 04f3 01       		.byte	1
 1296 04f4 00       		.byte	0
 1297 04f5 00       		.byte	0
 1298 04f6 00       		.byte	0
 1299 04f7 00       		.byte	0
 1300 04f8 00       		.byte	0
 1301 04f9 00       		.byte	0
 1302 04fa 00       		.byte	0
 1303 04fb 00       		.byte	0
 1304 04fc 00       		.byte	0
 1305 04fd 00       		.byte	0
 1306 04fe 00       		.byte	0
 1307 04ff 00       		.byte	0
 1308 0500 00       		.byte	0
 1309 0501 00       		.byte	0
 1310 0502 00       		.byte	0
 1311 0503 00       		.byte	0
ARM GAS  C:\Users\BETTEF~1\AppData\Local\Temp\ccMGj33X.s 			page 24


 1312 0504 10       		.byte	16
 1313 0505 0F       		.byte	15
 1314 0506 0F       		.byte	15
 1315 0507 00       		.byte	0
 1316 0508 0F       		.byte	15
 1317 0509 00       		.byte	0
 1318 050a 00       		.byte	0
 1319 050b 00       		.byte	0
 1320 050c 80       		.byte	-128
 1321 050d 0B       		.byte	11
 1322 050e 0B       		.byte	11
 1323 050f 00       		.byte	0
 1324 0510 00       		.byte	0
 1325 0511 00       		.byte	0
 1326 0512 00       		.byte	0
 1327 0513 00       		.byte	0
 1328 0514 03       		.byte	3
 1329 0515 04       		.byte	4
 1330 0516 04       		.byte	4
 1331 0517 00       		.byte	0
 1332 0518 04       		.byte	4
 1333 0519 00       		.byte	0
 1334 051a 00       		.byte	0
 1335 051b 00       		.byte	0
 1336              		.section	.cywolatch,"a",%progbits
 1337              		.align	2
 1338              		.type	cy_meta_wonvl, %object
 1339              		.size	cy_meta_wonvl, 4
 1340              	cy_meta_wonvl:
 1341 0000 BC       		.byte	-68
 1342 0001 90       		.byte	-112
 1343 0002 AC       		.byte	-84
 1344 0003 AF       		.byte	-81
 1345              		.section	.cycustnvl,"a",%progbits
 1346              		.align	2
 1347              		.type	cy_meta_custnvl, %object
 1348              		.size	cy_meta_custnvl, 4
 1349              	cy_meta_custnvl:
 1350 0000 00       		.byte	0
 1351 0001 00       		.byte	0
 1352 0002 40       		.byte	64
 1353 0003 05       		.byte	5
 1354              		.section	.cymeta,"a",%progbits
 1355              		.align	2
 1356              		.type	cy_metadata, %object
 1357              		.size	cy_metadata, 12
 1358              	cy_metadata:
 1359 0000 00       		.byte	0
 1360 0001 01       		.byte	1
 1361 0002 2E       		.byte	46
 1362 0003 16       		.byte	22
 1363 0004 10       		.byte	16
 1364 0005 69       		.byte	105
 1365 0006 00       		.byte	0
 1366 0007 01       		.byte	1
 1367 0008 00       		.byte	0
 1368 0009 00       		.byte	0
ARM GAS  C:\Users\BETTEF~1\AppData\Local\Temp\ccMGj33X.s 			page 25


 1369 000a 00       		.byte	0
 1370 000b 00       		.byte	0
 1371              		.section	.cyflashprotect,"a",%progbits
 1372              		.align	2
 1373              		.type	cy_meta_flashprotect, %object
 1374              		.size	cy_meta_flashprotect, 256
 1375              	cy_meta_flashprotect:
 1376 0000 00000000 		.space	256
 1376      00000000 
 1376      00000000 
 1376      00000000 
 1376      00000000 
 1377              		.text
 1378              	.Letext0:
 1379              		.file 1 "Generated_Source\\PSoC5\\cymetadata.c"
 1380              		.file 2 "Generated_Source\\PSoC5\\cytypes.h"
 1381              		.section	.debug_info,"",%progbits
 1382              	.Ldebug_info0:
 1383 0000 38010000 		.4byte	0x138
 1384 0004 0400     		.2byte	0x4
 1385 0006 00000000 		.4byte	.Ldebug_abbrev0
 1386 000a 04       		.byte	0x4
 1387 000b 01       		.uleb128 0x1
 1388 000c 6E000000 		.4byte	.LASF18
 1389 0010 01       		.byte	0x1
 1390 0011 E1010000 		.4byte	.LASF19
 1391 0015 78010000 		.4byte	.LASF20
 1392 0019 00000000 		.4byte	.Ldebug_line0
 1393 001d 02       		.uleb128 0x2
 1394 001e 01       		.byte	0x1
 1395 001f 06       		.byte	0x6
 1396 0020 D5010000 		.4byte	.LASF0
 1397 0024 02       		.uleb128 0x2
 1398 0025 01       		.byte	0x1
 1399 0026 08       		.byte	0x8
 1400 0027 12000000 		.4byte	.LASF1
 1401 002b 02       		.uleb128 0x2
 1402 002c 02       		.byte	0x2
 1403 002d 05       		.byte	0x5
 1404 002e 5F010000 		.4byte	.LASF2
 1405 0032 02       		.uleb128 0x2
 1406 0033 02       		.byte	0x2
 1407 0034 07       		.byte	0x7
 1408 0035 32000000 		.4byte	.LASF3
 1409 0039 02       		.uleb128 0x2
 1410 003a 04       		.byte	0x4
 1411 003b 05       		.byte	0x5
 1412 003c 6F010000 		.4byte	.LASF4
 1413 0040 02       		.uleb128 0x2
 1414 0041 04       		.byte	0x4
 1415 0042 07       		.byte	0x7
 1416 0043 20000000 		.4byte	.LASF5
 1417 0047 02       		.uleb128 0x2
 1418 0048 08       		.byte	0x8
 1419 0049 05       		.byte	0x5
 1420 004a 4C010000 		.4byte	.LASF6
 1421 004e 02       		.uleb128 0x2
ARM GAS  C:\Users\BETTEF~1\AppData\Local\Temp\ccMGj33X.s 			page 26


 1422 004f 08       		.byte	0x8
 1423 0050 07       		.byte	0x7
 1424 0051 09010000 		.4byte	.LASF7
 1425 0055 03       		.uleb128 0x3
 1426 0056 04       		.byte	0x4
 1427 0057 05       		.byte	0x5
 1428 0058 696E7400 		.ascii	"int\000"
 1429 005c 02       		.uleb128 0x2
 1430 005d 04       		.byte	0x4
 1431 005e 07       		.byte	0x7
 1432 005f FC000000 		.4byte	.LASF8
 1433 0063 04       		.uleb128 0x4
 1434 0064 69010000 		.4byte	.LASF21
 1435 0068 02       		.byte	0x2
 1436 0069 9201     		.2byte	0x192
 1437 006b 24000000 		.4byte	0x24
 1438 006f 02       		.uleb128 0x2
 1439 0070 04       		.byte	0x4
 1440 0071 04       		.byte	0x4
 1441 0072 0C000000 		.4byte	.LASF9
 1442 0076 02       		.uleb128 0x2
 1443 0077 08       		.byte	0x8
 1444 0078 04       		.byte	0x4
 1445 0079 45000000 		.4byte	.LASF10
 1446 007d 02       		.uleb128 0x2
 1447 007e 01       		.byte	0x1
 1448 007f 08       		.byte	0x8
 1449 0080 5A010000 		.4byte	.LASF11
 1450 0084 05       		.uleb128 0x5
 1451 0085 63000000 		.4byte	0x63
 1452 0089 95000000 		.4byte	0x95
 1453 008d 06       		.uleb128 0x6
 1454 008e 95000000 		.4byte	0x95
 1455 0092 1B05     		.2byte	0x51b
 1456 0094 00       		.byte	0
 1457 0095 02       		.uleb128 0x2
 1458 0096 04       		.byte	0x4
 1459 0097 07       		.byte	0x7
 1460 0098 43010000 		.4byte	.LASF12
 1461 009c 07       		.uleb128 0x7
 1462 009d 5C000000 		.4byte	.LASF13
 1463 00a1 01       		.byte	0x1
 1464 00a2 1F       		.byte	0x1f
 1465 00a3 AD000000 		.4byte	0xad
 1466 00a7 05       		.uleb128 0x5
 1467 00a8 03       		.byte	0x3
 1468 00a9 00000000 		.4byte	cy_meta_configecc
 1469 00ad 08       		.uleb128 0x8
 1470 00ae 84000000 		.4byte	0x84
 1471 00b2 05       		.uleb128 0x5
 1472 00b3 63000000 		.4byte	0x63
 1473 00b7 C2000000 		.4byte	0xc2
 1474 00bb 09       		.uleb128 0x9
 1475 00bc 95000000 		.4byte	0x95
 1476 00c0 03       		.byte	0x3
 1477 00c1 00       		.byte	0
 1478 00c2 07       		.uleb128 0x7
ARM GAS  C:\Users\BETTEF~1\AppData\Local\Temp\ccMGj33X.s 			page 27


 1479 00c3 4C000000 		.4byte	.LASF14
 1480 00c7 01       		.byte	0x1
 1481 00c8 D0       		.byte	0xd0
 1482 00c9 D3000000 		.4byte	0xd3
 1483 00cd 05       		.uleb128 0x5
 1484 00ce 03       		.byte	0x3
 1485 00cf 00000000 		.4byte	cy_meta_custnvl
 1486 00d3 08       		.uleb128 0x8
 1487 00d4 B2000000 		.4byte	0xb2
 1488 00d8 07       		.uleb128 0x7
 1489 00d9 35010000 		.4byte	.LASF15
 1490 00dd 01       		.byte	0x1
 1491 00de DE       		.byte	0xde
 1492 00df E9000000 		.4byte	0xe9
 1493 00e3 05       		.uleb128 0x5
 1494 00e4 03       		.byte	0x3
 1495 00e5 00000000 		.4byte	cy_meta_wonvl
 1496 00e9 08       		.uleb128 0x8
 1497 00ea B2000000 		.4byte	0xb2
 1498 00ee 05       		.uleb128 0x5
 1499 00ef 63000000 		.4byte	0x63
 1500 00f3 FE000000 		.4byte	0xfe
 1501 00f7 09       		.uleb128 0x9
 1502 00f8 95000000 		.4byte	0x95
 1503 00fc FF       		.byte	0xff
 1504 00fd 00       		.byte	0
 1505 00fe 07       		.uleb128 0x7
 1506 00ff 20010000 		.4byte	.LASF16
 1507 0103 01       		.byte	0x1
 1508 0104 EC       		.byte	0xec
 1509 0105 0F010000 		.4byte	0x10f
 1510 0109 05       		.uleb128 0x5
 1511 010a 03       		.byte	0x3
 1512 010b 00000000 		.4byte	cy_meta_flashprotect
 1513 010f 08       		.uleb128 0x8
 1514 0110 EE000000 		.4byte	0xee
 1515 0114 05       		.uleb128 0x5
 1516 0115 63000000 		.4byte	0x63
 1517 0119 24010000 		.4byte	0x124
 1518 011d 09       		.uleb128 0x9
 1519 011e 95000000 		.4byte	0x95
 1520 0122 0B       		.byte	0xb
 1521 0123 00       		.byte	0
 1522 0124 0A       		.uleb128 0xa
 1523 0125 00000000 		.4byte	.LASF17
 1524 0129 01       		.byte	0x1
 1525 012a 1901     		.2byte	0x119
 1526 012c 36010000 		.4byte	0x136
 1527 0130 05       		.uleb128 0x5
 1528 0131 03       		.byte	0x3
 1529 0132 00000000 		.4byte	cy_metadata
 1530 0136 08       		.uleb128 0x8
 1531 0137 14010000 		.4byte	0x114
 1532 013b 00       		.byte	0
 1533              		.section	.debug_abbrev,"",%progbits
 1534              	.Ldebug_abbrev0:
 1535 0000 01       		.uleb128 0x1
ARM GAS  C:\Users\BETTEF~1\AppData\Local\Temp\ccMGj33X.s 			page 28


 1536 0001 11       		.uleb128 0x11
 1537 0002 01       		.byte	0x1
 1538 0003 25       		.uleb128 0x25
 1539 0004 0E       		.uleb128 0xe
 1540 0005 13       		.uleb128 0x13
 1541 0006 0B       		.uleb128 0xb
 1542 0007 03       		.uleb128 0x3
 1543 0008 0E       		.uleb128 0xe
 1544 0009 1B       		.uleb128 0x1b
 1545 000a 0E       		.uleb128 0xe
 1546 000b 10       		.uleb128 0x10
 1547 000c 17       		.uleb128 0x17
 1548 000d 00       		.byte	0
 1549 000e 00       		.byte	0
 1550 000f 02       		.uleb128 0x2
 1551 0010 24       		.uleb128 0x24
 1552 0011 00       		.byte	0
 1553 0012 0B       		.uleb128 0xb
 1554 0013 0B       		.uleb128 0xb
 1555 0014 3E       		.uleb128 0x3e
 1556 0015 0B       		.uleb128 0xb
 1557 0016 03       		.uleb128 0x3
 1558 0017 0E       		.uleb128 0xe
 1559 0018 00       		.byte	0
 1560 0019 00       		.byte	0
 1561 001a 03       		.uleb128 0x3
 1562 001b 24       		.uleb128 0x24
 1563 001c 00       		.byte	0
 1564 001d 0B       		.uleb128 0xb
 1565 001e 0B       		.uleb128 0xb
 1566 001f 3E       		.uleb128 0x3e
 1567 0020 0B       		.uleb128 0xb
 1568 0021 03       		.uleb128 0x3
 1569 0022 08       		.uleb128 0x8
 1570 0023 00       		.byte	0
 1571 0024 00       		.byte	0
 1572 0025 04       		.uleb128 0x4
 1573 0026 16       		.uleb128 0x16
 1574 0027 00       		.byte	0
 1575 0028 03       		.uleb128 0x3
 1576 0029 0E       		.uleb128 0xe
 1577 002a 3A       		.uleb128 0x3a
 1578 002b 0B       		.uleb128 0xb
 1579 002c 3B       		.uleb128 0x3b
 1580 002d 05       		.uleb128 0x5
 1581 002e 49       		.uleb128 0x49
 1582 002f 13       		.uleb128 0x13
 1583 0030 00       		.byte	0
 1584 0031 00       		.byte	0
 1585 0032 05       		.uleb128 0x5
 1586 0033 01       		.uleb128 0x1
 1587 0034 01       		.byte	0x1
 1588 0035 49       		.uleb128 0x49
 1589 0036 13       		.uleb128 0x13
 1590 0037 01       		.uleb128 0x1
 1591 0038 13       		.uleb128 0x13
 1592 0039 00       		.byte	0
ARM GAS  C:\Users\BETTEF~1\AppData\Local\Temp\ccMGj33X.s 			page 29


 1593 003a 00       		.byte	0
 1594 003b 06       		.uleb128 0x6
 1595 003c 21       		.uleb128 0x21
 1596 003d 00       		.byte	0
 1597 003e 49       		.uleb128 0x49
 1598 003f 13       		.uleb128 0x13
 1599 0040 2F       		.uleb128 0x2f
 1600 0041 05       		.uleb128 0x5
 1601 0042 00       		.byte	0
 1602 0043 00       		.byte	0
 1603 0044 07       		.uleb128 0x7
 1604 0045 34       		.uleb128 0x34
 1605 0046 00       		.byte	0
 1606 0047 03       		.uleb128 0x3
 1607 0048 0E       		.uleb128 0xe
 1608 0049 3A       		.uleb128 0x3a
 1609 004a 0B       		.uleb128 0xb
 1610 004b 3B       		.uleb128 0x3b
 1611 004c 0B       		.uleb128 0xb
 1612 004d 49       		.uleb128 0x49
 1613 004e 13       		.uleb128 0x13
 1614 004f 3F       		.uleb128 0x3f
 1615 0050 19       		.uleb128 0x19
 1616 0051 02       		.uleb128 0x2
 1617 0052 18       		.uleb128 0x18
 1618 0053 00       		.byte	0
 1619 0054 00       		.byte	0
 1620 0055 08       		.uleb128 0x8
 1621 0056 26       		.uleb128 0x26
 1622 0057 00       		.byte	0
 1623 0058 49       		.uleb128 0x49
 1624 0059 13       		.uleb128 0x13
 1625 005a 00       		.byte	0
 1626 005b 00       		.byte	0
 1627 005c 09       		.uleb128 0x9
 1628 005d 21       		.uleb128 0x21
 1629 005e 00       		.byte	0
 1630 005f 49       		.uleb128 0x49
 1631 0060 13       		.uleb128 0x13
 1632 0061 2F       		.uleb128 0x2f
 1633 0062 0B       		.uleb128 0xb
 1634 0063 00       		.byte	0
 1635 0064 00       		.byte	0
 1636 0065 0A       		.uleb128 0xa
 1637 0066 34       		.uleb128 0x34
 1638 0067 00       		.byte	0
 1639 0068 03       		.uleb128 0x3
 1640 0069 0E       		.uleb128 0xe
 1641 006a 3A       		.uleb128 0x3a
 1642 006b 0B       		.uleb128 0xb
 1643 006c 3B       		.uleb128 0x3b
 1644 006d 05       		.uleb128 0x5
 1645 006e 49       		.uleb128 0x49
 1646 006f 13       		.uleb128 0x13
 1647 0070 3F       		.uleb128 0x3f
 1648 0071 19       		.uleb128 0x19
 1649 0072 02       		.uleb128 0x2
ARM GAS  C:\Users\BETTEF~1\AppData\Local\Temp\ccMGj33X.s 			page 30


 1650 0073 18       		.uleb128 0x18
 1651 0074 00       		.byte	0
 1652 0075 00       		.byte	0
 1653 0076 00       		.byte	0
 1654              		.section	.debug_aranges,"",%progbits
 1655 0000 14000000 		.4byte	0x14
 1656 0004 0200     		.2byte	0x2
 1657 0006 00000000 		.4byte	.Ldebug_info0
 1658 000a 04       		.byte	0x4
 1659 000b 00       		.byte	0
 1660 000c 0000     		.2byte	0
 1661 000e 0000     		.2byte	0
 1662 0010 00000000 		.4byte	0
 1663 0014 00000000 		.4byte	0
 1664              		.section	.debug_line,"",%progbits
 1665              	.Ldebug_line0:
 1666 0000 4D000000 		.section	.debug_str,"MS",%progbits,1
 1666      02004700 
 1666      00000201 
 1666      FB0E0D00 
 1666      01010101 
 1667              	.LASF17:
 1668 0000 63795F6D 		.ascii	"cy_metadata\000"
 1668      65746164 
 1668      61746100 
 1669              	.LASF9:
 1670 000c 666C6F61 		.ascii	"float\000"
 1670      7400
 1671              	.LASF1:
 1672 0012 756E7369 		.ascii	"unsigned char\000"
 1672      676E6564 
 1672      20636861 
 1672      7200
 1673              	.LASF5:
 1674 0020 6C6F6E67 		.ascii	"long unsigned int\000"
 1674      20756E73 
 1674      69676E65 
 1674      6420696E 
 1674      7400
 1675              	.LASF3:
 1676 0032 73686F72 		.ascii	"short unsigned int\000"
 1676      7420756E 
 1676      7369676E 
 1676      65642069 
 1676      6E7400
 1677              	.LASF10:
 1678 0045 646F7562 		.ascii	"double\000"
 1678      6C6500
 1679              	.LASF14:
 1680 004c 63795F6D 		.ascii	"cy_meta_custnvl\000"
 1680      6574615F 
 1680      63757374 
 1680      6E766C00 
 1681              	.LASF13:
 1682 005c 63795F6D 		.ascii	"cy_meta_configecc\000"
 1682      6574615F 
 1682      636F6E66 
ARM GAS  C:\Users\BETTEF~1\AppData\Local\Temp\ccMGj33X.s 			page 31


 1682      69676563 
 1682      6300
 1683              	.LASF18:
 1684 006e 474E5520 		.ascii	"GNU C 4.9.3 20150303 (release) [ARM/embedded-4_9-br"
 1684      4320342E 
 1684      392E3320 
 1684      32303135 
 1684      30333033 
 1685 00a1 616E6368 		.ascii	"anch revision 221220] -mcpu=cortex-m3 -mthumb -g -O"
 1685      20726576 
 1685      6973696F 
 1685      6E203232 
 1685      31323230 
 1686 00d4 67202D66 		.ascii	"g -ffunction-sections -ffat-lto-objects\000"
 1686      66756E63 
 1686      74696F6E 
 1686      2D736563 
 1686      74696F6E 
 1687              	.LASF8:
 1688 00fc 756E7369 		.ascii	"unsigned int\000"
 1688      676E6564 
 1688      20696E74 
 1688      00
 1689              	.LASF7:
 1690 0109 6C6F6E67 		.ascii	"long long unsigned int\000"
 1690      206C6F6E 
 1690      6720756E 
 1690      7369676E 
 1690      65642069 
 1691              	.LASF16:
 1692 0120 63795F6D 		.ascii	"cy_meta_flashprotect\000"
 1692      6574615F 
 1692      666C6173 
 1692      6870726F 
 1692      74656374 
 1693              	.LASF15:
 1694 0135 63795F6D 		.ascii	"cy_meta_wonvl\000"
 1694      6574615F 
 1694      776F6E76 
 1694      6C00
 1695              	.LASF12:
 1696 0143 73697A65 		.ascii	"sizetype\000"
 1696      74797065 
 1696      00
 1697              	.LASF6:
 1698 014c 6C6F6E67 		.ascii	"long long int\000"
 1698      206C6F6E 
 1698      6720696E 
 1698      7400
 1699              	.LASF11:
 1700 015a 63686172 		.ascii	"char\000"
 1700      00
 1701              	.LASF2:
 1702 015f 73686F72 		.ascii	"short int\000"
 1702      7420696E 
 1702      7400
 1703              	.LASF21:
ARM GAS  C:\Users\BETTEF~1\AppData\Local\Temp\ccMGj33X.s 			page 32


 1704 0169 75696E74 		.ascii	"uint8\000"
 1704      3800
 1705              	.LASF4:
 1706 016f 6C6F6E67 		.ascii	"long int\000"
 1706      20696E74 
 1706      00
 1707              	.LASF20:
 1708 0178 433A5C55 		.ascii	"C:\\Users\\Bettefanden\\Documents\\PSoC Creator\\Se"
 1708      73657273 
 1708      5C426574 
 1708      74656661 
 1708      6E64656E 
 1709 01a6 6D657374 		.ascii	"mesterprojekt3\\MotorControl\\StepperMotor.cydsn\000"
 1709      65727072 
 1709      6F6A656B 
 1709      74335C4D 
 1709      6F746F72 
 1710              	.LASF0:
 1711 01d5 7369676E 		.ascii	"signed char\000"
 1711      65642063 
 1711      68617200 
 1712              	.LASF19:
 1713 01e1 47656E65 		.ascii	"Generated_Source\\PSoC5\\cymetadata.c\000"
 1713      72617465 
 1713      645F536F 
 1713      75726365 
 1713      5C50536F 
 1714              		.ident	"GCC: (GNU Tools for ARM Embedded Processors) 4.9.3 20150303 (release) [ARM/embedded-4_9-br
