ARM GAS  C:\Users\BETTEF~1\AppData\Local\Temp\ccMlQXOF.s 			page 1


   1              		.syntax unified
   2              		.cpu cortex-m3
   3              		.fpu softvfp
   4              		.eabi_attribute 20, 1
   5              		.eabi_attribute 21, 1
   6              		.eabi_attribute 23, 3
   7              		.eabi_attribute 24, 1
   8              		.eabi_attribute 25, 1
   9              		.eabi_attribute 26, 1
  10              		.eabi_attribute 30, 1
  11              		.eabi_attribute 34, 1
  12              		.eabi_attribute 18, 4
  13              		.thumb
  14              		.file	"cymetadata.c"
  15              		.text
  16              	.Ltext0:
  17              		.cfi_sections	.debug_frame
  18              		.global	cy_metadata
  19              		.global	cy_meta_flashprotect
  20              		.global	cy_meta_wonvl
  21              		.global	cy_meta_custnvl
  22              		.global	cy_meta_configecc
  23              		.section	.cyconfigecc,"a",%progbits
  24              		.align	2
  25              		.type	cy_meta_configecc, %object
  26              		.size	cy_meta_configecc, 748
  27              	cy_meta_configecc:
  28 0000 02       		.byte	2
  29 0001 52       		.byte	82
  30 0002 00       		.byte	0
  31 0003 40       		.byte	64
  32 0004 01       		.byte	1
  33 0005 64       		.byte	100
  34 0006 00       		.byte	0
  35 0007 40       		.byte	64
  36 0008 03       		.byte	3
  37 0009 65       		.byte	101
  38 000a 00       		.byte	0
  39 000b 40       		.byte	64
  40 000c 02       		.byte	2
  41 000d 03       		.byte	3
  42 000e 01       		.byte	1
  43 000f 40       		.byte	64
  44 0010 03       		.byte	3
  45 0011 05       		.byte	5
  46 0012 01       		.byte	1
  47 0013 40       		.byte	64
  48 0014 2E       		.byte	46
  49 0015 06       		.byte	6
  50 0016 01       		.byte	1
  51 0017 40       		.byte	64
  52 0018 2A       		.byte	42
  53 0019 07       		.byte	7
  54 001a 01       		.byte	1
  55 001b 40       		.byte	64
  56 001c 42       		.byte	66
  57 001d 14       		.byte	20
ARM GAS  C:\Users\BETTEF~1\AppData\Local\Temp\ccMlQXOF.s 			page 2


  58 001e 01       		.byte	1
  59 001f 40       		.byte	64
  60 0020 25       		.byte	37
  61 0021 15       		.byte	21
  62 0022 01       		.byte	1
  63 0023 40       		.byte	64
  64 0024 23       		.byte	35
  65 0025 16       		.byte	22
  66 0026 01       		.byte	1
  67 0027 40       		.byte	64
  68 0028 2D       		.byte	45
  69 0029 17       		.byte	23
  70 002a 01       		.byte	1
  71 002b 40       		.byte	64
  72 002c 03       		.byte	3
  73 002d 40       		.byte	64
  74 002e 01       		.byte	1
  75 002f 40       		.byte	64
  76 0030 03       		.byte	3
  77 0031 41       		.byte	65
  78 0032 01       		.byte	1
  79 0033 40       		.byte	64
  80 0034 06       		.byte	6
  81 0035 42       		.byte	66
  82 0036 01       		.byte	1
  83 0037 40       		.byte	64
  84 0038 02       		.byte	2
  85 0039 43       		.byte	67
  86 003a 01       		.byte	1
  87 003b 40       		.byte	64
  88 003c 05       		.byte	5
  89 003d 48       		.byte	72
  90 003e 01       		.byte	1
  91 003f 40       		.byte	64
  92 0040 07       		.byte	7
  93 0041 49       		.byte	73
  94 0042 01       		.byte	1
  95 0043 40       		.byte	64
  96 0044 04       		.byte	4
  97 0045 50       		.byte	80
  98 0046 01       		.byte	1
  99 0047 40       		.byte	64
 100 0048 01       		.byte	1
 101 0049 51       		.byte	81
 102 004a 01       		.byte	1
 103 004b 40       		.byte	64
 104 004c 60       		.byte	96
 105 004d 08       		.byte	8
 106 004e 61       		.byte	97
 107 004f 08       		.byte	8
 108 0050 87       		.byte	-121
 109 0051 78       		.byte	120
 110 0052 85       		.byte	-123
 111 0053 0D       		.byte	13
 112 0054 86       		.byte	-122
 113 0055 07       		.byte	7
 114 0056 87       		.byte	-121
ARM GAS  C:\Users\BETTEF~1\AppData\Local\Temp\ccMlQXOF.s 			page 3


 115 0057 47       		.byte	71
 116 0058 9E       		.byte	-98
 117 0059 01       		.byte	1
 118 005a AA       		.byte	-86
 119 005b 01       		.byte	1
 120 005c 9D       		.byte	-99
 121 005d 02       		.byte	2
 122 005e 9E       		.byte	-98
 123 005f 01       		.byte	1
 124 0060 AD       		.byte	-83
 125 0061 02       		.byte	2
 126 0062 06       		.byte	6
 127 0063 01       		.byte	1
 128 0064 0C       		.byte	12
 129 0065 01       		.byte	1
 130 0066 11       		.byte	17
 131 0067 01       		.byte	1
 132 0068 14       		.byte	20
 133 0069 02       		.byte	2
 134 006a 26       		.byte	38
 135 006b 06       		.byte	6
 136 006c 30       		.byte	48
 137 006d 01       		.byte	1
 138 006e 32       		.byte	50
 139 006f 04       		.byte	4
 140 0070 33       		.byte	51
 141 0071 01       		.byte	1
 142 0072 36       		.byte	54
 143 0073 02       		.byte	2
 144 0074 3E       		.byte	62
 145 0075 41       		.byte	65
 146 0076 3F       		.byte	63
 147 0077 04       		.byte	4
 148 0078 40       		.byte	64
 149 0079 02       		.byte	2
 150 007a 41       		.byte	65
 151 007b 06       		.byte	6
 152 007c 42       		.byte	66
 153 007d 20       		.byte	32
 154 007e 44       		.byte	68
 155 007f 01       		.byte	1
 156 0080 45       		.byte	69
 157 0081 CE       		.byte	-50
 158 0082 46       		.byte	70
 159 0083 BD       		.byte	-67
 160 0084 47       		.byte	71
 161 0085 0F       		.byte	15
 162 0086 48       		.byte	72
 163 0087 1F       		.byte	31
 164 0088 49       		.byte	73
 165 0089 FF       		.byte	-1
 166 008a 4A       		.byte	74
 167 008b FF       		.byte	-1
 168 008c 4B       		.byte	75
 169 008d FF       		.byte	-1
 170 008e 4C       		.byte	76
 171 008f 22       		.byte	34
ARM GAS  C:\Users\BETTEF~1\AppData\Local\Temp\ccMlQXOF.s 			page 4


 172 0090 4E       		.byte	78
 173 0091 F0       		.byte	-16
 174 0092 4F       		.byte	79
 175 0093 0C       		.byte	12
 176 0094 50       		.byte	80
 177 0095 8C       		.byte	-116
 178 0096 51       		.byte	81
 179 0097 10       		.byte	16
 180 0098 56       		.byte	86
 181 0099 08       		.byte	8
 182 009a 58       		.byte	88
 183 009b 04       		.byte	4
 184 009c 59       		.byte	89
 185 009d 04       		.byte	4
 186 009e 5A       		.byte	90
 187 009f 24       		.byte	36
 188 00a0 5B       		.byte	91
 189 00a1 04       		.byte	4
 190 00a2 5D       		.byte	93
 191 00a3 08       		.byte	8
 192 00a4 5F       		.byte	95
 193 00a5 01       		.byte	1
 194 00a6 68       		.byte	104
 195 00a7 40       		.byte	64
 196 00a8 69       		.byte	105
 197 00a9 01       		.byte	1
 198 00aa 6A       		.byte	106
 199 00ab C0       		.byte	-64
 200 00ac 6B       		.byte	107
 201 00ad 01       		.byte	1
 202 00ae 95       		.byte	-107
 203 00af 01       		.byte	1
 204 00b0 B7       		.byte	-73
 205 00b1 01       		.byte	1
 206 00b2 BF       		.byte	-65
 207 00b3 40       		.byte	64
 208 00b4 D4       		.byte	-44
 209 00b5 20       		.byte	32
 210 00b6 D6       		.byte	-42
 211 00b7 04       		.byte	4
 212 00b8 D9       		.byte	-39
 213 00b9 04       		.byte	4
 214 00ba DB       		.byte	-37
 215 00bb 04       		.byte	4
 216 00bc DF       		.byte	-33
 217 00bd 01       		.byte	1
 218 00be 06       		.byte	6
 219 00bf 10       		.byte	16
 220 00c0 07       		.byte	7
 221 00c1 02       		.byte	2
 222 00c2 0E       		.byte	14
 223 00c3 10       		.byte	16
 224 00c4 16       		.byte	22
 225 00c5 20       		.byte	32
 226 00c6 1E       		.byte	30
 227 00c7 12       		.byte	18
 228 00c8 1F       		.byte	31
ARM GAS  C:\Users\BETTEF~1\AppData\Local\Temp\ccMlQXOF.s 			page 5


 229 00c9 01       		.byte	1
 230 00ca 20       		.byte	32
 231 00cb 01       		.byte	1
 232 00cc 24       		.byte	36
 233 00cd 20       		.byte	32
 234 00ce 26       		.byte	38
 235 00cf 08       		.byte	8
 236 00d0 33       		.byte	51
 237 00d1 08       		.byte	8
 238 00d2 36       		.byte	54
 239 00d3 02       		.byte	2
 240 00d4 37       		.byte	55
 241 00d5 02       		.byte	2
 242 00d6 38       		.byte	56
 243 00d7 40       		.byte	64
 244 00d8 3A       		.byte	58
 245 00d9 40       		.byte	64
 246 00da 44       		.byte	68
 247 00db 08       		.byte	8
 248 00dc 45       		.byte	69
 249 00dd A0       		.byte	-96
 250 00de 4D       		.byte	77
 251 00df 01       		.byte	1
 252 00e0 4E       		.byte	78
 253 00e1 18       		.byte	24
 254 00e2 56       		.byte	86
 255 00e3 50       		.byte	80
 256 00e4 57       		.byte	87
 257 00e5 08       		.byte	8
 258 00e6 58       		.byte	88
 259 00e7 02       		.byte	2
 260 00e8 5C       		.byte	92
 261 00e9 48       		.byte	72
 262 00ea 5D       		.byte	93
 263 00eb 01       		.byte	1
 264 00ec 5E       		.byte	94
 265 00ed 20       		.byte	32
 266 00ee 60       		.byte	96
 267 00ef 01       		.byte	1
 268 00f0 62       		.byte	98
 269 00f1 25       		.byte	37
 270 00f2 66       		.byte	102
 271 00f3 AA       		.byte	-86
 272 00f4 67       		.byte	103
 273 00f5 80       		.byte	-128
 274 00f6 7C       		.byte	124
 275 00f7 80       		.byte	-128
 276 00f8 82       		.byte	-126
 277 00f9 84       		.byte	-124
 278 00fa 87       		.byte	-121
 279 00fb 48       		.byte	72
 280 00fc 9D       		.byte	-99
 281 00fd 02       		.byte	2
 282 00fe 9E       		.byte	-98
 283 00ff 01       		.byte	1
 284 0100 C0       		.byte	-64
 285 0101 A0       		.byte	-96
ARM GAS  C:\Users\BETTEF~1\AppData\Local\Temp\ccMlQXOF.s 			page 6


 286 0102 C2       		.byte	-62
 287 0103 20       		.byte	32
 288 0104 C4       		.byte	-60
 289 0105 20       		.byte	32
 290 0106 CC       		.byte	-52
 291 0107 82       		.byte	-126
 292 0108 D0       		.byte	-48
 293 0109 30       		.byte	48
 294 010a D2       		.byte	-46
 295 010b 20       		.byte	32
 296 010c D6       		.byte	-42
 297 010d F1       		.byte	-15
 298 010e D8       		.byte	-40
 299 010f FF       		.byte	-1
 300 0110 DE       		.byte	-34
 301 0111 10       		.byte	16
 302 0112 40       		.byte	64
 303 0113 40       		.byte	64
 304 0114 41       		.byte	65
 305 0115 03       		.byte	3
 306 0116 49       		.byte	73
 307 0117 FF       		.byte	-1
 308 0118 4A       		.byte	74
 309 0119 FF       		.byte	-1
 310 011a 4B       		.byte	75
 311 011b FF       		.byte	-1
 312 011c 4D       		.byte	77
 313 011d A0       		.byte	-96
 314 011e 4F       		.byte	79
 315 011f 04       		.byte	4
 316 0120 50       		.byte	80
 317 0121 18       		.byte	24
 318 0122 5A       		.byte	90
 319 0123 04       		.byte	4
 320 0124 5D       		.byte	93
 321 0125 01       		.byte	1
 322 0126 5F       		.byte	95
 323 0127 01       		.byte	1
 324 0128 60       		.byte	96
 325 0129 40       		.byte	64
 326 012a 62       		.byte	98
 327 012b C0       		.byte	-64
 328 012c 64       		.byte	100
 329 012d 40       		.byte	64
 330 012e 65       		.byte	101
 331 012f 40       		.byte	64
 332 0130 66       		.byte	102
 333 0131 C0       		.byte	-64
 334 0132 68       		.byte	104
 335 0133 C0       		.byte	-64
 336 0134 6A       		.byte	106
 337 0135 C0       		.byte	-64
 338 0136 6C       		.byte	108
 339 0137 C0       		.byte	-64
 340 0138 6E       		.byte	110
 341 0139 C0       		.byte	-64
 342 013a 81       		.byte	-127
ARM GAS  C:\Users\BETTEF~1\AppData\Local\Temp\ccMlQXOF.s 			page 7


 343 013b 01       		.byte	1
 344 013c 82       		.byte	-126
 345 013d 06       		.byte	6
 346 013e 89       		.byte	-119
 347 013f 01       		.byte	1
 348 0140 8C       		.byte	-116
 349 0141 0C       		.byte	12
 350 0142 94       		.byte	-108
 351 0143 0C       		.byte	12
 352 0144 99       		.byte	-103
 353 0145 01       		.byte	1
 354 0146 AA       		.byte	-86
 355 0147 02       		.byte	2
 356 0148 AE       		.byte	-82
 357 0149 01       		.byte	1
 358 014a B0       		.byte	-80
 359 014b 01       		.byte	1
 360 014c B2       		.byte	-78
 361 014d 08       		.byte	8
 362 014e B4       		.byte	-76
 363 014f 02       		.byte	2
 364 0150 B6       		.byte	-74
 365 0151 04       		.byte	4
 366 0152 B7       		.byte	-73
 367 0153 01       		.byte	1
 368 0154 BE       		.byte	-66
 369 0155 10       		.byte	16
 370 0156 C0       		.byte	-64
 371 0157 40       		.byte	64
 372 0158 C1       		.byte	-63
 373 0159 02       		.byte	2
 374 015a C5       		.byte	-59
 375 015b D0       		.byte	-48
 376 015c C6       		.byte	-58
 377 015d 10       		.byte	16
 378 015e C7       		.byte	-57
 379 015f 02       		.byte	2
 380 0160 C8       		.byte	-56
 381 0161 3A       		.byte	58
 382 0162 C9       		.byte	-55
 383 0163 FF       		.byte	-1
 384 0164 CA       		.byte	-54
 385 0165 FF       		.byte	-1
 386 0166 CB       		.byte	-53
 387 0167 FF       		.byte	-1
 388 0168 CD       		.byte	-51
 389 0169 AF       		.byte	-81
 390 016a CE       		.byte	-50
 391 016b 0F       		.byte	15
 392 016c CF       		.byte	-49
 393 016d 04       		.byte	4
 394 016e D0       		.byte	-48
 395 016f 18       		.byte	24
 396 0170 D2       		.byte	-46
 397 0171 80       		.byte	-128
 398 0172 D4       		.byte	-44
 399 0173 05       		.byte	5
ARM GAS  C:\Users\BETTEF~1\AppData\Local\Temp\ccMlQXOF.s 			page 8


 400 0174 D6       		.byte	-42
 401 0175 04       		.byte	4
 402 0176 D8       		.byte	-40
 403 0177 04       		.byte	4
 404 0178 D9       		.byte	-39
 405 0179 04       		.byte	4
 406 017a DA       		.byte	-38
 407 017b 04       		.byte	4
 408 017c DB       		.byte	-37
 409 017d 04       		.byte	4
 410 017e DC       		.byte	-36
 411 017f 11       		.byte	17
 412 0180 DD       		.byte	-35
 413 0181 11       		.byte	17
 414 0182 DF       		.byte	-33
 415 0183 01       		.byte	1
 416 0184 E0       		.byte	-32
 417 0185 40       		.byte	64
 418 0186 E2       		.byte	-30
 419 0187 C0       		.byte	-64
 420 0188 E4       		.byte	-28
 421 0189 40       		.byte	64
 422 018a E5       		.byte	-27
 423 018b 40       		.byte	64
 424 018c E6       		.byte	-26
 425 018d C0       		.byte	-64
 426 018e E8       		.byte	-24
 427 018f C0       		.byte	-64
 428 0190 EA       		.byte	-22
 429 0191 C0       		.byte	-64
 430 0192 EC       		.byte	-20
 431 0193 C0       		.byte	-64
 432 0194 EE       		.byte	-18
 433 0195 C0       		.byte	-64
 434 0196 05       		.byte	5
 435 0197 01       		.byte	1
 436 0198 06       		.byte	6
 437 0199 02       		.byte	2
 438 019a 0F       		.byte	15
 439 019b 20       		.byte	32
 440 019c 16       		.byte	22
 441 019d 04       		.byte	4
 442 019e 17       		.byte	23
 443 019f 40       		.byte	64
 444 01a0 1C       		.byte	28
 445 01a1 02       		.byte	2
 446 01a2 1D       		.byte	29
 447 01a3 03       		.byte	3
 448 01a4 1E       		.byte	30
 449 01a5 28       		.byte	40
 450 01a6 1F       		.byte	31
 451 01a7 02       		.byte	2
 452 01a8 26       		.byte	38
 453 01a9 40       		.byte	64
 454 01aa 36       		.byte	54
 455 01ab 10       		.byte	16
 456 01ac 3E       		.byte	62
ARM GAS  C:\Users\BETTEF~1\AppData\Local\Temp\ccMlQXOF.s 			page 9


 457 01ad 02       		.byte	2
 458 01ae 3F       		.byte	63
 459 01af 20       		.byte	32
 460 01b0 43       		.byte	67
 461 01b1 0A       		.byte	10
 462 01b2 45       		.byte	69
 463 01b3 02       		.byte	2
 464 01b4 46       		.byte	70
 465 01b5 04       		.byte	4
 466 01b6 4F       		.byte	79
 467 01b7 01       		.byte	1
 468 01b8 56       		.byte	86
 469 01b9 06       		.byte	6
 470 01ba 57       		.byte	87
 471 01bb 18       		.byte	24
 472 01bc 5E       		.byte	94
 473 01bd 88       		.byte	-120
 474 01be 5F       		.byte	95
 475 01bf 01       		.byte	1
 476 01c0 65       		.byte	101
 477 01c1 02       		.byte	2
 478 01c2 77       		.byte	119
 479 01c3 40       		.byte	64
 480 01c4 84       		.byte	-124
 481 01c5 01       		.byte	1
 482 01c6 9D       		.byte	-99
 483 01c7 02       		.byte	2
 484 01c8 A8       		.byte	-88
 485 01c9 80       		.byte	-128
 486 01ca B4       		.byte	-76
 487 01cb 01       		.byte	1
 488 01cc B6       		.byte	-74
 489 01cd 02       		.byte	2
 490 01ce C0       		.byte	-64
 491 01cf 90       		.byte	-112
 492 01d0 C2       		.byte	-62
 493 01d1 20       		.byte	32
 494 01d2 C4       		.byte	-60
 495 01d3 C0       		.byte	-64
 496 01d4 CC       		.byte	-52
 497 01d5 20       		.byte	32
 498 01d6 CE       		.byte	-50
 499 01d7 A0       		.byte	-96
 500 01d8 D0       		.byte	-48
 501 01d9 A3       		.byte	-93
 502 01da D6       		.byte	-42
 503 01db D0       		.byte	-48
 504 01dc D8       		.byte	-40
 505 01dd 80       		.byte	-128
 506 01de EC       		.byte	-20
 507 01df 10       		.byte	16
 508 01e0 02       		.byte	2
 509 01e1 80       		.byte	-128
 510 01e2 03       		.byte	3
 511 01e3 01       		.byte	1
 512 01e4 04       		.byte	4
 513 01e5 C1       		.byte	-63
ARM GAS  C:\Users\BETTEF~1\AppData\Local\Temp\ccMlQXOF.s 			page 10


 514 01e6 06       		.byte	6
 515 01e7 04       		.byte	4
 516 01e8 07       		.byte	7
 517 01e9 07       		.byte	7
 518 01ea 0C       		.byte	12
 519 01eb 10       		.byte	16
 520 01ec 0E       		.byte	14
 521 01ed C1       		.byte	-63
 522 01ee 12       		.byte	18
 523 01ef 1E       		.byte	30
 524 01f0 16       		.byte	22
 525 01f1 21       		.byte	33
 526 01f2 19       		.byte	25
 527 01f3 05       		.byte	5
 528 01f4 1C       		.byte	28
 529 01f5 C1       		.byte	-63
 530 01f6 1E       		.byte	30
 531 01f7 02       		.byte	2
 532 01f8 24       		.byte	36
 533 01f9 C1       		.byte	-63
 534 01fa 26       		.byte	38
 535 01fb 08       		.byte	8
 536 01fc 30       		.byte	48
 537 01fd 20       		.byte	32
 538 01fe 32       		.byte	50
 539 01ff 80       		.byte	-128
 540 0200 33       		.byte	51
 541 0201 04       		.byte	4
 542 0202 34       		.byte	52
 543 0203 40       		.byte	64
 544 0204 35       		.byte	53
 545 0205 02       		.byte	2
 546 0206 36       		.byte	54
 547 0207 1F       		.byte	31
 548 0208 37       		.byte	55
 549 0209 01       		.byte	1
 550 020a 3E       		.byte	62
 551 020b 54       		.byte	84
 552 020c 3F       		.byte	63
 553 020d 44       		.byte	68
 554 020e 56       		.byte	86
 555 020f 02       		.byte	2
 556 0210 57       		.byte	87
 557 0211 24       		.byte	36
 558 0212 58       		.byte	88
 559 0213 04       		.byte	4
 560 0214 59       		.byte	89
 561 0215 04       		.byte	4
 562 0216 5B       		.byte	91
 563 0217 24       		.byte	36
 564 0218 5C       		.byte	92
 565 0219 08       		.byte	8
 566 021a 5D       		.byte	93
 567 021b 80       		.byte	-128
 568 021c 5E       		.byte	94
 569 021d 08       		.byte	8
 570 021e 5F       		.byte	95
ARM GAS  C:\Users\BETTEF~1\AppData\Local\Temp\ccMlQXOF.s 			page 11


 571 021f 01       		.byte	1
 572 0220 D4       		.byte	-44
 573 0221 41       		.byte	65
 574 0222 DB       		.byte	-37
 575 0223 04       		.byte	4
 576 0224 DF       		.byte	-33
 577 0225 01       		.byte	1
 578 0226 06       		.byte	6
 579 0227 40       		.byte	64
 580 0228 07       		.byte	7
 581 0229 11       		.byte	17
 582 022a 0E       		.byte	14
 583 022b 82       		.byte	-126
 584 022c 0F       		.byte	15
 585 022d 20       		.byte	32
 586 022e 17       		.byte	23
 587 022f 04       		.byte	4
 588 0230 1D       		.byte	29
 589 0231 A0       		.byte	-96
 590 0232 1E       		.byte	30
 591 0233 A0       		.byte	-96
 592 0234 24       		.byte	36
 593 0235 10       		.byte	16
 594 0236 25       		.byte	37
 595 0237 40       		.byte	64
 596 0238 26       		.byte	38
 597 0239 20       		.byte	32
 598 023a 36       		.byte	54
 599 023b 20       		.byte	32
 600 023c 3D       		.byte	61
 601 023d 80       		.byte	-128
 602 023e 3E       		.byte	62
 603 023f 4A       		.byte	74
 604 0240 5A       		.byte	90
 605 0241 60       		.byte	96
 606 0242 5B       		.byte	91
 607 0243 08       		.byte	8
 608 0244 60       		.byte	96
 609 0245 10       		.byte	16
 610 0246 66       		.byte	102
 611 0247 20       		.byte	32
 612 0248 6E       		.byte	110
 613 0249 02       		.byte	2
 614 024a 6F       		.byte	111
 615 024b 15       		.byte	21
 616 024c 7C       		.byte	124
 617 024d 81       		.byte	-127
 618 024e 8C       		.byte	-116
 619 024f 10       		.byte	16
 620 0250 8E       		.byte	-114
 621 0251 20       		.byte	32
 622 0252 90       		.byte	-112
 623 0253 20       		.byte	32
 624 0254 92       		.byte	-110
 625 0255 20       		.byte	32
 626 0256 9A       		.byte	-102
 627 0257 4A       		.byte	74
ARM GAS  C:\Users\BETTEF~1\AppData\Local\Temp\ccMlQXOF.s 			page 12


 628 0258 9B       		.byte	-101
 629 0259 08       		.byte	8
 630 025a 9C       		.byte	-100
 631 025b 80       		.byte	-128
 632 025c 9D       		.byte	-99
 633 025d 02       		.byte	2
 634 025e A3       		.byte	-93
 635 025f 10       		.byte	16
 636 0260 A5       		.byte	-91
 637 0261 A0       		.byte	-96
 638 0262 A6       		.byte	-90
 639 0263 12       		.byte	18
 640 0264 AA       		.byte	-86
 641 0265 21       		.byte	33
 642 0266 AB       		.byte	-85
 643 0267 01       		.byte	1
 644 0268 AC       		.byte	-84
 645 0269 02       		.byte	2
 646 026a AF       		.byte	-81
 647 026b 08       		.byte	8
 648 026c B7       		.byte	-73
 649 026d 10       		.byte	16
 650 026e C0       		.byte	-64
 651 026f B0       		.byte	-80
 652 0270 C2       		.byte	-62
 653 0271 B0       		.byte	-80
 654 0272 C4       		.byte	-60
 655 0273 20       		.byte	32
 656 0274 CC       		.byte	-52
 657 0275 20       		.byte	32
 658 0276 CE       		.byte	-50
 659 0277 C0       		.byte	-64
 660 0278 D6       		.byte	-42
 661 0279 0E       		.byte	14
 662 027a D8       		.byte	-40
 663 027b 22       		.byte	34
 664 027c DE       		.byte	-34
 665 027d 90       		.byte	-112
 666 027e E8       		.byte	-24
 667 027f 10       		.byte	16
 668 0280 30       		.byte	48
 669 0281 80       		.byte	-128
 670 0282 36       		.byte	54
 671 0283 10       		.byte	16
 672 0284 CC       		.byte	-52
 673 0285 30       		.byte	48
 674 0286 A6       		.byte	-90
 675 0287 10       		.byte	16
 676 0288 A8       		.byte	-88
 677 0289 80       		.byte	-128
 678 028a EA       		.byte	-22
 679 028b 20       		.byte	32
 680 028c 02       		.byte	2
 681 028d 20       		.byte	32
 682 028e 57       		.byte	87
 683 028f 04       		.byte	4
 684 0290 AE       		.byte	-82
ARM GAS  C:\Users\BETTEF~1\AppData\Local\Temp\ccMlQXOF.s 			page 13


 685 0291 10       		.byte	16
 686 0292 C0       		.byte	-64
 687 0293 10       		.byte	16
 688 0294 D4       		.byte	-44
 689 0295 40       		.byte	64
 690 0296 EE       		.byte	-18
 691 0297 10       		.byte	16
 692 0298 A2       		.byte	-94
 693 0299 20       		.byte	32
 694 029a A7       		.byte	-89
 695 029b 04       		.byte	4
 696 029c 02       		.byte	2
 697 029d 24       		.byte	36
 698 029e AB       		.byte	-85
 699 029f 04       		.byte	4
 700 02a0 B6       		.byte	-74
 701 02a1 20       		.byte	32
 702 02a2 C0       		.byte	-64
 703 02a3 50       		.byte	80
 704 02a4 EE       		.byte	-18
 705 02a5 20       		.byte	32
 706 02a6 63       		.byte	99
 707 02a7 02       		.byte	2
 708 02a8 87       		.byte	-121
 709 02a9 01       		.byte	1
 710 02aa AA       		.byte	-86
 711 02ab 20       		.byte	32
 712 02ac B6       		.byte	-74
 713 02ad 04       		.byte	4
 714 02ae D6       		.byte	-42
 715 02af 40       		.byte	64
 716 02b0 E6       		.byte	-26
 717 02b1 10       		.byte	16
 718 02b2 EC       		.byte	-20
 719 02b3 80       		.byte	-128
 720 02b4 00       		.byte	0
 721 02b5 01       		.byte	1
 722 02b6 0A       		.byte	10
 723 02b7 01       		.byte	1
 724 02b8 10       		.byte	16
 725 02b9 03       		.byte	3
 726 02ba 1A       		.byte	26
 727 02bb 03       		.byte	3
 728 02bc 00       		.byte	0
 729 02bd 0F       		.byte	15
 730 02be 00       		.byte	0
 731 02bf 00       		.byte	0
 732 02c0 00       		.byte	0
 733 02c1 02       		.byte	2
 734 02c2 02       		.byte	2
 735 02c3 00       		.byte	0
 736 02c4 00       		.byte	0
 737 02c5 00       		.byte	0
 738 02c6 00       		.byte	0
 739 02c7 00       		.byte	0
 740 02c8 04       		.byte	4
 741 02c9 08       		.byte	8
ARM GAS  C:\Users\BETTEF~1\AppData\Local\Temp\ccMlQXOF.s 			page 14


 742 02ca 08       		.byte	8
 743 02cb 00       		.byte	0
 744 02cc 08       		.byte	8
 745 02cd 00       		.byte	0
 746 02ce 00       		.byte	0
 747 02cf 00       		.byte	0
 748 02d0 05       		.byte	5
 749 02d1 00       		.byte	0
 750 02d2 00       		.byte	0
 751 02d3 00       		.byte	0
 752 02d4 00       		.byte	0
 753 02d5 00       		.byte	0
 754 02d6 00       		.byte	0
 755 02d7 00       		.byte	0
 756 02d8 04       		.byte	4
 757 02d9 00       		.byte	0
 758 02da 00       		.byte	0
 759 02db 0F       		.byte	15
 760 02dc 0F       		.byte	15
 761 02dd 00       		.byte	0
 762 02de 00       		.byte	0
 763 02df 00       		.byte	0
 764 02e0 00       		.byte	0
 765 02e1 00       		.byte	0
 766 02e2 00       		.byte	0
 767 02e3 00       		.byte	0
 768 02e4 00       		.byte	0
 769 02e5 40       		.byte	64
 770 02e6 40       		.byte	64
 771 02e7 00       		.byte	0
 772 02e8 40       		.byte	64
 773 02e9 00       		.byte	0
 774 02ea 00       		.byte	0
 775 02eb 00       		.byte	0
 776              		.section	.cywolatch,"a",%progbits
 777              		.align	2
 778              		.type	cy_meta_wonvl, %object
 779              		.size	cy_meta_wonvl, 4
 780              	cy_meta_wonvl:
 781 0000 BC       		.byte	-68
 782 0001 90       		.byte	-112
 783 0002 AC       		.byte	-84
 784 0003 AF       		.byte	-81
 785              		.section	.cycustnvl,"a",%progbits
 786              		.align	2
 787              		.type	cy_meta_custnvl, %object
 788              		.size	cy_meta_custnvl, 4
 789              	cy_meta_custnvl:
 790 0000 00       		.byte	0
 791 0001 00       		.byte	0
 792 0002 40       		.byte	64
 793 0003 05       		.byte	5
 794              		.section	.cymeta,"a",%progbits
 795              		.align	2
 796              		.type	cy_metadata, %object
 797              		.size	cy_metadata, 12
 798              	cy_metadata:
ARM GAS  C:\Users\BETTEF~1\AppData\Local\Temp\ccMlQXOF.s 			page 15


 799 0000 00       		.byte	0
 800 0001 01       		.byte	1
 801 0002 2E       		.byte	46
 802 0003 16       		.byte	22
 803 0004 10       		.byte	16
 804 0005 69       		.byte	105
 805 0006 00       		.byte	0
 806 0007 01       		.byte	1
 807 0008 00       		.byte	0
 808 0009 00       		.byte	0
 809 000a 00       		.byte	0
 810 000b 00       		.byte	0
 811              		.section	.cyflashprotect,"a",%progbits
 812              		.align	2
 813              		.type	cy_meta_flashprotect, %object
 814              		.size	cy_meta_flashprotect, 256
 815              	cy_meta_flashprotect:
 816 0000 00000000 		.space	256
 816      00000000 
 816      00000000 
 816      00000000 
 816      00000000 
 817              		.text
 818              	.Letext0:
 819              		.file 1 "Generated_Source\\PSoC5\\cymetadata.c"
 820              		.file 2 "Generated_Source\\PSoC5\\cytypes.h"
 821              		.section	.debug_info,"",%progbits
 822              	.Ldebug_info0:
 823 0000 37010000 		.4byte	0x137
 824 0004 0400     		.2byte	0x4
 825 0006 00000000 		.4byte	.Ldebug_abbrev0
 826 000a 04       		.byte	0x4
 827 000b 01       		.uleb128 0x1
 828 000c E1000000 		.4byte	.LASF18
 829 0010 01       		.byte	0x1
 830 0011 F7010000 		.4byte	.LASF19
 831 0015 0C000000 		.4byte	.LASF20
 832 0019 00000000 		.4byte	.Ldebug_line0
 833 001d 02       		.uleb128 0x2
 834 001e 01       		.byte	0x1
 835 001f 06       		.byte	0x6
 836 0020 EB010000 		.4byte	.LASF0
 837 0024 02       		.uleb128 0x2
 838 0025 01       		.byte	0x1
 839 0026 08       		.byte	0x8
 840 0027 85000000 		.4byte	.LASF1
 841 002b 02       		.uleb128 0x2
 842 002c 02       		.byte	0x2
 843 002d 05       		.byte	0x5
 844 002e D2010000 		.4byte	.LASF2
 845 0032 02       		.uleb128 0x2
 846 0033 02       		.byte	0x2
 847 0034 07       		.byte	0x7
 848 0035 A5000000 		.4byte	.LASF3
 849 0039 02       		.uleb128 0x2
 850 003a 04       		.byte	0x4
 851 003b 05       		.byte	0x5
ARM GAS  C:\Users\BETTEF~1\AppData\Local\Temp\ccMlQXOF.s 			page 16


 852 003c E2010000 		.4byte	.LASF4
 853 0040 02       		.uleb128 0x2
 854 0041 04       		.byte	0x4
 855 0042 07       		.byte	0x7
 856 0043 93000000 		.4byte	.LASF5
 857 0047 02       		.uleb128 0x2
 858 0048 08       		.byte	0x8
 859 0049 05       		.byte	0x5
 860 004a BF010000 		.4byte	.LASF6
 861 004e 02       		.uleb128 0x2
 862 004f 08       		.byte	0x8
 863 0050 07       		.byte	0x7
 864 0051 7C010000 		.4byte	.LASF7
 865 0055 03       		.uleb128 0x3
 866 0056 04       		.byte	0x4
 867 0057 05       		.byte	0x5
 868 0058 696E7400 		.ascii	"int\000"
 869 005c 02       		.uleb128 0x2
 870 005d 04       		.byte	0x4
 871 005e 07       		.byte	0x7
 872 005f 6F010000 		.4byte	.LASF8
 873 0063 04       		.uleb128 0x4
 874 0064 DC010000 		.4byte	.LASF21
 875 0068 02       		.byte	0x2
 876 0069 9201     		.2byte	0x192
 877 006b 24000000 		.4byte	0x24
 878 006f 02       		.uleb128 0x2
 879 0070 04       		.byte	0x4
 880 0071 04       		.byte	0x4
 881 0072 7F000000 		.4byte	.LASF9
 882 0076 02       		.uleb128 0x2
 883 0077 08       		.byte	0x8
 884 0078 04       		.byte	0x4
 885 0079 B8000000 		.4byte	.LASF10
 886 007d 02       		.uleb128 0x2
 887 007e 01       		.byte	0x1
 888 007f 08       		.byte	0x8
 889 0080 CD010000 		.4byte	.LASF11
 890 0084 05       		.uleb128 0x5
 891 0085 63000000 		.4byte	0x63
 892 0089 95000000 		.4byte	0x95
 893 008d 06       		.uleb128 0x6
 894 008e 95000000 		.4byte	0x95
 895 0092 EB02     		.2byte	0x2eb
 896 0094 00       		.byte	0
 897 0095 02       		.uleb128 0x2
 898 0096 04       		.byte	0x4
 899 0097 07       		.byte	0x7
 900 0098 B6010000 		.4byte	.LASF12
 901 009c 07       		.uleb128 0x7
 902 009d CF000000 		.4byte	.LASF13
 903 00a1 01       		.byte	0x1
 904 00a2 1F       		.byte	0x1f
 905 00a3 AD000000 		.4byte	0xad
 906 00a7 05       		.uleb128 0x5
 907 00a8 03       		.byte	0x3
 908 00a9 00000000 		.4byte	cy_meta_configecc
ARM GAS  C:\Users\BETTEF~1\AppData\Local\Temp\ccMlQXOF.s 			page 17


 909 00ad 08       		.uleb128 0x8
 910 00ae 84000000 		.4byte	0x84
 911 00b2 05       		.uleb128 0x5
 912 00b3 63000000 		.4byte	0x63
 913 00b7 C2000000 		.4byte	0xc2
 914 00bb 09       		.uleb128 0x9
 915 00bc 95000000 		.4byte	0x95
 916 00c0 03       		.byte	0x3
 917 00c1 00       		.byte	0
 918 00c2 07       		.uleb128 0x7
 919 00c3 BF000000 		.4byte	.LASF14
 920 00c7 01       		.byte	0x1
 921 00c8 8A       		.byte	0x8a
 922 00c9 D3000000 		.4byte	0xd3
 923 00cd 05       		.uleb128 0x5
 924 00ce 03       		.byte	0x3
 925 00cf 00000000 		.4byte	cy_meta_custnvl
 926 00d3 08       		.uleb128 0x8
 927 00d4 B2000000 		.4byte	0xb2
 928 00d8 07       		.uleb128 0x7
 929 00d9 A8010000 		.4byte	.LASF15
 930 00dd 01       		.byte	0x1
 931 00de 98       		.byte	0x98
 932 00df E9000000 		.4byte	0xe9
 933 00e3 05       		.uleb128 0x5
 934 00e4 03       		.byte	0x3
 935 00e5 00000000 		.4byte	cy_meta_wonvl
 936 00e9 08       		.uleb128 0x8
 937 00ea B2000000 		.4byte	0xb2
 938 00ee 05       		.uleb128 0x5
 939 00ef 63000000 		.4byte	0x63
 940 00f3 FE000000 		.4byte	0xfe
 941 00f7 09       		.uleb128 0x9
 942 00f8 95000000 		.4byte	0x95
 943 00fc FF       		.byte	0xff
 944 00fd 00       		.byte	0
 945 00fe 07       		.uleb128 0x7
 946 00ff 93010000 		.4byte	.LASF16
 947 0103 01       		.byte	0x1
 948 0104 A6       		.byte	0xa6
 949 0105 0F010000 		.4byte	0x10f
 950 0109 05       		.uleb128 0x5
 951 010a 03       		.byte	0x3
 952 010b 00000000 		.4byte	cy_meta_flashprotect
 953 010f 08       		.uleb128 0x8
 954 0110 EE000000 		.4byte	0xee
 955 0114 05       		.uleb128 0x5
 956 0115 63000000 		.4byte	0x63
 957 0119 24010000 		.4byte	0x124
 958 011d 09       		.uleb128 0x9
 959 011e 95000000 		.4byte	0x95
 960 0122 0B       		.byte	0xb
 961 0123 00       		.byte	0
 962 0124 07       		.uleb128 0x7
 963 0125 00000000 		.4byte	.LASF17
 964 0129 01       		.byte	0x1
 965 012a D3       		.byte	0xd3
ARM GAS  C:\Users\BETTEF~1\AppData\Local\Temp\ccMlQXOF.s 			page 18


 966 012b 35010000 		.4byte	0x135
 967 012f 05       		.uleb128 0x5
 968 0130 03       		.byte	0x3
 969 0131 00000000 		.4byte	cy_metadata
 970 0135 08       		.uleb128 0x8
 971 0136 14010000 		.4byte	0x114
 972 013a 00       		.byte	0
 973              		.section	.debug_abbrev,"",%progbits
 974              	.Ldebug_abbrev0:
 975 0000 01       		.uleb128 0x1
 976 0001 11       		.uleb128 0x11
 977 0002 01       		.byte	0x1
 978 0003 25       		.uleb128 0x25
 979 0004 0E       		.uleb128 0xe
 980 0005 13       		.uleb128 0x13
 981 0006 0B       		.uleb128 0xb
 982 0007 03       		.uleb128 0x3
 983 0008 0E       		.uleb128 0xe
 984 0009 1B       		.uleb128 0x1b
 985 000a 0E       		.uleb128 0xe
 986 000b 10       		.uleb128 0x10
 987 000c 17       		.uleb128 0x17
 988 000d 00       		.byte	0
 989 000e 00       		.byte	0
 990 000f 02       		.uleb128 0x2
 991 0010 24       		.uleb128 0x24
 992 0011 00       		.byte	0
 993 0012 0B       		.uleb128 0xb
 994 0013 0B       		.uleb128 0xb
 995 0014 3E       		.uleb128 0x3e
 996 0015 0B       		.uleb128 0xb
 997 0016 03       		.uleb128 0x3
 998 0017 0E       		.uleb128 0xe
 999 0018 00       		.byte	0
 1000 0019 00       		.byte	0
 1001 001a 03       		.uleb128 0x3
 1002 001b 24       		.uleb128 0x24
 1003 001c 00       		.byte	0
 1004 001d 0B       		.uleb128 0xb
 1005 001e 0B       		.uleb128 0xb
 1006 001f 3E       		.uleb128 0x3e
 1007 0020 0B       		.uleb128 0xb
 1008 0021 03       		.uleb128 0x3
 1009 0022 08       		.uleb128 0x8
 1010 0023 00       		.byte	0
 1011 0024 00       		.byte	0
 1012 0025 04       		.uleb128 0x4
 1013 0026 16       		.uleb128 0x16
 1014 0027 00       		.byte	0
 1015 0028 03       		.uleb128 0x3
 1016 0029 0E       		.uleb128 0xe
 1017 002a 3A       		.uleb128 0x3a
 1018 002b 0B       		.uleb128 0xb
 1019 002c 3B       		.uleb128 0x3b
 1020 002d 05       		.uleb128 0x5
 1021 002e 49       		.uleb128 0x49
 1022 002f 13       		.uleb128 0x13
ARM GAS  C:\Users\BETTEF~1\AppData\Local\Temp\ccMlQXOF.s 			page 19


 1023 0030 00       		.byte	0
 1024 0031 00       		.byte	0
 1025 0032 05       		.uleb128 0x5
 1026 0033 01       		.uleb128 0x1
 1027 0034 01       		.byte	0x1
 1028 0035 49       		.uleb128 0x49
 1029 0036 13       		.uleb128 0x13
 1030 0037 01       		.uleb128 0x1
 1031 0038 13       		.uleb128 0x13
 1032 0039 00       		.byte	0
 1033 003a 00       		.byte	0
 1034 003b 06       		.uleb128 0x6
 1035 003c 21       		.uleb128 0x21
 1036 003d 00       		.byte	0
 1037 003e 49       		.uleb128 0x49
 1038 003f 13       		.uleb128 0x13
 1039 0040 2F       		.uleb128 0x2f
 1040 0041 05       		.uleb128 0x5
 1041 0042 00       		.byte	0
 1042 0043 00       		.byte	0
 1043 0044 07       		.uleb128 0x7
 1044 0045 34       		.uleb128 0x34
 1045 0046 00       		.byte	0
 1046 0047 03       		.uleb128 0x3
 1047 0048 0E       		.uleb128 0xe
 1048 0049 3A       		.uleb128 0x3a
 1049 004a 0B       		.uleb128 0xb
 1050 004b 3B       		.uleb128 0x3b
 1051 004c 0B       		.uleb128 0xb
 1052 004d 49       		.uleb128 0x49
 1053 004e 13       		.uleb128 0x13
 1054 004f 3F       		.uleb128 0x3f
 1055 0050 19       		.uleb128 0x19
 1056 0051 02       		.uleb128 0x2
 1057 0052 18       		.uleb128 0x18
 1058 0053 00       		.byte	0
 1059 0054 00       		.byte	0
 1060 0055 08       		.uleb128 0x8
 1061 0056 26       		.uleb128 0x26
 1062 0057 00       		.byte	0
 1063 0058 49       		.uleb128 0x49
 1064 0059 13       		.uleb128 0x13
 1065 005a 00       		.byte	0
 1066 005b 00       		.byte	0
 1067 005c 09       		.uleb128 0x9
 1068 005d 21       		.uleb128 0x21
 1069 005e 00       		.byte	0
 1070 005f 49       		.uleb128 0x49
 1071 0060 13       		.uleb128 0x13
 1072 0061 2F       		.uleb128 0x2f
 1073 0062 0B       		.uleb128 0xb
 1074 0063 00       		.byte	0
 1075 0064 00       		.byte	0
 1076 0065 00       		.byte	0
 1077              		.section	.debug_aranges,"",%progbits
 1078 0000 14000000 		.4byte	0x14
 1079 0004 0200     		.2byte	0x2
ARM GAS  C:\Users\BETTEF~1\AppData\Local\Temp\ccMlQXOF.s 			page 20


 1080 0006 00000000 		.4byte	.Ldebug_info0
 1081 000a 04       		.byte	0x4
 1082 000b 00       		.byte	0
 1083 000c 0000     		.2byte	0
 1084 000e 0000     		.2byte	0
 1085 0010 00000000 		.4byte	0
 1086 0014 00000000 		.4byte	0
 1087              		.section	.debug_line,"",%progbits
 1088              	.Ldebug_line0:
 1089 0000 4D000000 		.section	.debug_str,"MS",%progbits,1
 1089      02004700 
 1089      00000201 
 1089      FB0E0D00 
 1089      01010101 
 1090              	.LASF17:
 1091 0000 63795F6D 		.ascii	"cy_metadata\000"
 1091      65746164 
 1091      61746100 
 1092              	.LASF20:
 1093 000c 433A5C55 		.ascii	"C:\\Users\\Bettefanden\\Documents\\IHA\\Semester 3\\"
 1093      73657273 
 1093      5C426574 
 1093      74656661 
 1093      6E64656E 
 1094 003a 53656D65 		.ascii	"Semesterprojekt 3\\Software\\Udkast1\\PSoCSlaveBott"
 1094      73746572 
 1094      70726F6A 
 1094      656B7420 
 1094      335C536F 
 1095 006a 6F6D5C53 		.ascii	"om\\SlaveBottom.cydsn\000"
 1095      6C617665 
 1095      426F7474 
 1095      6F6D2E63 
 1095      7964736E 
 1096              	.LASF9:
 1097 007f 666C6F61 		.ascii	"float\000"
 1097      7400
 1098              	.LASF1:
 1099 0085 756E7369 		.ascii	"unsigned char\000"
 1099      676E6564 
 1099      20636861 
 1099      7200
 1100              	.LASF5:
 1101 0093 6C6F6E67 		.ascii	"long unsigned int\000"
 1101      20756E73 
 1101      69676E65 
 1101      6420696E 
 1101      7400
 1102              	.LASF3:
 1103 00a5 73686F72 		.ascii	"short unsigned int\000"
 1103      7420756E 
 1103      7369676E 
 1103      65642069 
 1103      6E7400
 1104              	.LASF10:
 1105 00b8 646F7562 		.ascii	"double\000"
 1105      6C6500
ARM GAS  C:\Users\BETTEF~1\AppData\Local\Temp\ccMlQXOF.s 			page 21


 1106              	.LASF14:
 1107 00bf 63795F6D 		.ascii	"cy_meta_custnvl\000"
 1107      6574615F 
 1107      63757374 
 1107      6E766C00 
 1108              	.LASF13:
 1109 00cf 63795F6D 		.ascii	"cy_meta_configecc\000"
 1109      6574615F 
 1109      636F6E66 
 1109      69676563 
 1109      6300
 1110              	.LASF18:
 1111 00e1 474E5520 		.ascii	"GNU C 4.9.3 20150303 (release) [ARM/embedded-4_9-br"
 1111      4320342E 
 1111      392E3320 
 1111      32303135 
 1111      30333033 
 1112 0114 616E6368 		.ascii	"anch revision 221220] -mcpu=cortex-m3 -mthumb -g -O"
 1112      20726576 
 1112      6973696F 
 1112      6E203232 
 1112      31323230 
 1113 0147 67202D66 		.ascii	"g -ffunction-sections -ffat-lto-objects\000"
 1113      66756E63 
 1113      74696F6E 
 1113      2D736563 
 1113      74696F6E 
 1114              	.LASF8:
 1115 016f 756E7369 		.ascii	"unsigned int\000"
 1115      676E6564 
 1115      20696E74 
 1115      00
 1116              	.LASF7:
 1117 017c 6C6F6E67 		.ascii	"long long unsigned int\000"
 1117      206C6F6E 
 1117      6720756E 
 1117      7369676E 
 1117      65642069 
 1118              	.LASF16:
 1119 0193 63795F6D 		.ascii	"cy_meta_flashprotect\000"
 1119      6574615F 
 1119      666C6173 
 1119      6870726F 
 1119      74656374 
 1120              	.LASF15:
 1121 01a8 63795F6D 		.ascii	"cy_meta_wonvl\000"
 1121      6574615F 
 1121      776F6E76 
 1121      6C00
 1122              	.LASF12:
 1123 01b6 73697A65 		.ascii	"sizetype\000"
 1123      74797065 
 1123      00
 1124              	.LASF6:
 1125 01bf 6C6F6E67 		.ascii	"long long int\000"
 1125      206C6F6E 
 1125      6720696E 
ARM GAS  C:\Users\BETTEF~1\AppData\Local\Temp\ccMlQXOF.s 			page 22


 1125      7400
 1126              	.LASF11:
 1127 01cd 63686172 		.ascii	"char\000"
 1127      00
 1128              	.LASF2:
 1129 01d2 73686F72 		.ascii	"short int\000"
 1129      7420696E 
 1129      7400
 1130              	.LASF21:
 1131 01dc 75696E74 		.ascii	"uint8\000"
 1131      3800
 1132              	.LASF4:
 1133 01e2 6C6F6E67 		.ascii	"long int\000"
 1133      20696E74 
 1133      00
 1134              	.LASF0:
 1135 01eb 7369676E 		.ascii	"signed char\000"
 1135      65642063 
 1135      68617200 
 1136              	.LASF19:
 1137 01f7 47656E65 		.ascii	"Generated_Source\\PSoC5\\cymetadata.c\000"
 1137      72617465 
 1137      645F536F 
 1137      75726365 
 1137      5C50536F 
 1138              		.ident	"GCC: (GNU Tools for ARM Embedded Processors) 4.9.3 20150303 (release) [ARM/embedded-4_9-br
