ARM GAS  C:\Users\BETTEF~1\AppData\Local\Temp\ccBKxLad.s 			page 1


   1              		.syntax unified
   2              		.cpu cortex-m3
   3              		.fpu softvfp
   4              		.eabi_attribute 20, 1
   5              		.eabi_attribute 21, 1
   6              		.eabi_attribute 23, 3
   7              		.eabi_attribute 24, 1
   8              		.eabi_attribute 25, 1
   9              		.eabi_attribute 26, 1
  10              		.eabi_attribute 30, 1
  11              		.eabi_attribute 34, 1
  12              		.eabi_attribute 18, 4
  13              		.thumb
  14              		.file	"main.c"
  15              		.text
  16              	.Ltext0:
  17              		.cfi_sections	.debug_frame
  18              		.section	.text.pwm_isr_1,"ax",%progbits
  19              		.align	2
  20              		.global	pwm_isr_1
  21              		.thumb
  22              		.thumb_func
  23              		.type	pwm_isr_1, %function
  24              	pwm_isr_1:
  25              	.LFB64:
  26              		.file 1 "main.c"
   1:main.c        **** #include "project.h"
   2:main.c        **** 
   3:main.c        **** uint16 zStepCount = 0;
   4:main.c        **** uint8 enabled = 0;
   5:main.c        **** 
   6:main.c        **** uint8 status;
   7:main.c        **** 
   8:main.c        **** void moveZ(uint8);
   9:main.c        **** void reset();
  10:main.c        **** void updateStatus(uint8);
  11:main.c        **** 
  12:main.c        **** enum SPI_protocol {
  13:main.c        ****     
  14:main.c        ****     // Command from PSoC-master to -slave
  15:main.c        ****     GET_STATUS = 0x00,
  16:main.c        ****     LOCATE_Z_1 = 0x02,
  17:main.c        ****     LOCATE_Z_2 = 0x03,
  18:main.c        ****     HOLD_BOTTLE = 0x06,
  19:main.c        ****     RESET = 0x05,
  20:main.c        ****     
  21:main.c        ****     // Feedback messages from PSoC-slave to -master
  22:main.c        ****     MOVED_Z_1 = 0x11,
  23:main.c        ****     MOVED_Z_2 = 0x12,
  24:main.c        ****     RESET_Z = 0x34,
  25:main.c        ****     DEFAULT = 0x30,
  26:main.c        ****     WRONG_COMMAND = 0x31,
  27:main.c        ****     IN_PROCESS = 0x33,
  28:main.c        **** };
  29:main.c        **** 
  30:main.c        **** enum bottleInfo {
  31:main.c        ****     BELOW_TOP = 10,             // Random value
ARM GAS  C:\Users\BETTEF~1\AppData\Local\Temp\ccBKxLad.s 			page 2


  32:main.c        ****     ABOVE_TOP = 11,             // Random value
  33:main.c        **** };
  34:main.c        **** 
  35:main.c        **** enum operation {
  36:main.c        ****     POSITION_Z_1 = 1,
  37:main.c        ****     POSITION_Z_2 = 2,
  38:main.c        ****     RESET_AXIS = 3,
  39:main.c        **** };
  40:main.c        **** 
  41:main.c        **** enum dir
  42:main.c        **** {
  43:main.c        ****     FW = 0,
  44:main.c        ****     BW = 1,
  45:main.c        **** };
  46:main.c        **** uint8 zDirection = FW;
  47:main.c        **** 
  48:main.c        **** CY_ISR(isr_1)
  49:main.c        **** {
  50:main.c        ****     uint8 cmd;
  51:main.c        ****     
  52:main.c        ****     cmd = SPIS_1_ReadRxData(); // This also clears Rx Status Register
  53:main.c        ****     
  54:main.c        **** 	switch(cmd) {
  55:main.c        ****         
  56:main.c        ****         // Write status of bottle to master-PSoC
  57:main.c        **** 		case GET_STATUS:
  58:main.c        **** 			updateStatus(status);
  59:main.c        **** 			break;
  60:main.c        ****         
  61:main.c        ****         // Position x-sensor to just under top of bottle
  62:main.c        ****         case LOCATE_Z_1:
  63:main.c        ****             enabled = POSITION_Z_1;
  64:main.c        ****             break;
  65:main.c        ****         
  66:main.c        ****         // Position x-sensor to just over top of bottle
  67:main.c        ****         case LOCATE_Z_2:
  68:main.c        ****             enabled = POSITION_Z_2;
  69:main.c        ****             break;
  70:main.c        ****         
  71:main.c        ****         // Position x- and y-sensor to start-positions on respectively x- and y-axes
  72:main.c        ****         case RESET:
  73:main.c        ****             enabled = RESET_AXIS;
  74:main.c        ****             break;
  75:main.c        ****         
  76:main.c        ****         // Unidentified command
  77:main.c        ****         default:
  78:main.c        ****             updateStatus(WRONG_COMMAND);
  79:main.c        ****             break;
  80:main.c        ****     }
  81:main.c        **** }
  82:main.c        **** 
  83:main.c        **** CY_ISR(pwm_isr_1)
  84:main.c        **** {
  27              		.loc 1 84 0
  28              		.cfi_startproc
  29              		@ args = 0, pretend = 0, frame = 0
  30              		@ frame_needed = 0, uses_anonymous_args = 0
ARM GAS  C:\Users\BETTEF~1\AppData\Local\Temp\ccBKxLad.s 			page 3


  31 0000 08B5     		push	{r3, lr}
  32              		.cfi_def_cfa_offset 8
  33              		.cfi_offset 3, -8
  34              		.cfi_offset 14, -4
  85:main.c        ****     PWM_1_ReadStatusRegister();
  35              		.loc 1 85 0
  36 0002 FFF7FEFF 		bl	PWM_1_ReadStatusRegister
  37              	.LVL0:
  86:main.c        ****     
  87:main.c        ****     ++zStepCount;
  38              		.loc 1 87 0
  39 0006 064A     		ldr	r2, .L5
  40 0008 1188     		ldrh	r1, [r2]
  41 000a 4B1C     		adds	r3, r1, #1
  42 000c 9BB2     		uxth	r3, r3
  88:main.c        ****     
  89:main.c        ****     if(zDirection == FW) {
  43              		.loc 1 89 0
  44 000e 9278     		ldrb	r2, [r2, #2]	@ zero_extendqisi2
  45 0010 1AB9     		cbnz	r2, .L2
  90:main.c        ****         ++zStepCount;
  46              		.loc 1 90 0
  47 0012 0133     		adds	r3, r3, #1
  48 0014 024A     		ldr	r2, .L5
  49 0016 1380     		strh	r3, [r2]	@ movhi
  50 0018 08BD     		pop	{r3, pc}
  51              	.L2:
  91:main.c        ****     }
  92:main.c        ****     else { //direction == BW
  93:main.c        ****         --zStepCount;
  52              		.loc 1 93 0
  53 001a 014B     		ldr	r3, .L5
  54 001c 1980     		strh	r1, [r3]	@ movhi
  55 001e 08BD     		pop	{r3, pc}
  56              	.L6:
  57              		.align	2
  58              	.L5:
  59 0020 00000000 		.word	.LANCHOR0
  60              		.cfi_endproc
  61              	.LFE64:
  62              		.size	pwm_isr_1, .-pwm_isr_1
  63              		.section	.text.moveZ,"ax",%progbits
  64              		.align	2
  65              		.global	moveZ
  66              		.thumb
  67              		.thumb_func
  68              		.type	moveZ, %function
  69              	moveZ:
  70              	.LFB66:
  94:main.c        ****     }
  95:main.c        **** }
  96:main.c        **** 
  97:main.c        **** int main(void)
  98:main.c        **** {
  99:main.c        ****     updateStatus(DEFAULT);
 100:main.c        ****     CyGlobalIntEnable;
 101:main.c        ****     
ARM GAS  C:\Users\BETTEF~1\AppData\Local\Temp\ccBKxLad.s 			page 4


 102:main.c        ****     SPIS_1_Start();
 103:main.c        **** 	SPIS_1_EnableRxInt();
 104:main.c        ****     isr_1_StartEx(isr_1);
 105:main.c        **** 	SPIS_1_ClearFIFO();
 106:main.c        **** 	SPIS_1_ClearTxBuffer();
 107:main.c        ****     
 108:main.c        ****     PWM_1_Start();
 109:main.c        ****     pwm_isr_1_StartEx(pwm_isr_1);
 110:main.c        ****     pwm_isr_1_Disable();
 111:main.c        **** 
 112:main.c        ****     for(;;)
 113:main.c        ****     {
 114:main.c        ****         switch(enabled) {
 115:main.c        ****             
 116:main.c        ****             // Position x-sensor to just under top of bottle
 117:main.c        ****             case POSITION_Z_1:
 118:main.c        ****                 updateStatus(IN_PROCESS);
 119:main.c        ****                 moveZ(BELOW_TOP);
 120:main.c        ****                 updateStatus(MOVED_Z_1);
 121:main.c        ****                 break;
 122:main.c        ****             
 123:main.c        ****             // Position x-sensor to just over top of bottle
 124:main.c        ****             case POSITION_Z_2:
 125:main.c        ****                 updateStatus(IN_PROCESS);
 126:main.c        ****                 moveZ(ABOVE_TOP);
 127:main.c        ****                 updateStatus(MOVED_Z_2);
 128:main.c        ****                 break;
 129:main.c        ****             
 130:main.c        ****             // Reset to start-position
 131:main.c        ****             case RESET_AXIS:
 132:main.c        ****                 updateStatus(IN_PROCESS);
 133:main.c        ****                 reset();
 134:main.c        ****                 break;
 135:main.c        ****             
 136:main.c        ****             default:
 137:main.c        ****                 break;
 138:main.c        ****         }
 139:main.c        ****         enabled = 0;
 140:main.c        ****     }
 141:main.c        ****     
 142:main.c        ****     return 0;
 143:main.c        **** }
 144:main.c        **** 
 145:main.c        **** void moveZ(uint8 bound)
 146:main.c        **** {
  71              		.loc 1 146 0
  72              		.cfi_startproc
  73              		@ args = 0, pretend = 0, frame = 0
  74              		@ frame_needed = 0, uses_anonymous_args = 0
  75              	.LVL1:
  76 0000 10B5     		push	{r4, lr}
  77              		.cfi_def_cfa_offset 8
  78              		.cfi_offset 4, -8
  79              		.cfi_offset 14, -4
  80 0002 0446     		mov	r4, r0
 147:main.c        ****     Direction_1_Write(FW);
  81              		.loc 1 147 0
ARM GAS  C:\Users\BETTEF~1\AppData\Local\Temp\ccBKxLad.s 			page 5


  82 0004 0020     		movs	r0, #0
  83              	.LVL2:
  84 0006 FFF7FEFF 		bl	Direction_1_Write
  85              	.LVL3:
 148:main.c        ****     
 149:main.c        ****     pwm_isr_1_Enable();
  86              		.loc 1 149 0
  87 000a FFF7FEFF 		bl	pwm_isr_1_Enable
  88              	.LVL4:
 150:main.c        ****     
 151:main.c        ****     Enable_1_Write(0);
  89              		.loc 1 151 0
  90 000e 0020     		movs	r0, #0
  91 0010 FFF7FEFF 		bl	Enable_1_Write
  92              	.LVL5:
  93              	.L8:
 152:main.c        ****     
 153:main.c        ****     while(zStepCount < bound) {}
  94              		.loc 1 153 0 discriminator 1
  95 0014 A3B2     		uxth	r3, r4
  96 0016 054A     		ldr	r2, .L10
  97 0018 1288     		ldrh	r2, [r2]
  98 001a 9342     		cmp	r3, r2
  99 001c FAD8     		bhi	.L8
 154:main.c        ****     
 155:main.c        ****     Enable_1_Write(1);
 100              		.loc 1 155 0
 101 001e 0120     		movs	r0, #1
 102 0020 FFF7FEFF 		bl	Enable_1_Write
 103              	.LVL6:
 156:main.c        ****     pwm_isr_1_Disable();
 104              		.loc 1 156 0
 105 0024 FFF7FEFF 		bl	pwm_isr_1_Disable
 106              	.LVL7:
 107 0028 10BD     		pop	{r4, pc}
 108              	.L11:
 109 002a 00BF     		.align	2
 110              	.L10:
 111 002c 00000000 		.word	.LANCHOR0
 112              		.cfi_endproc
 113              	.LFE66:
 114              		.size	moveZ, .-moveZ
 115              		.section	.text.reset,"ax",%progbits
 116              		.align	2
 117              		.global	reset
 118              		.thumb
 119              		.thumb_func
 120              		.type	reset, %function
 121              	reset:
 122              	.LFB67:
 157:main.c        **** }
 158:main.c        **** 
 159:main.c        **** void reset()
 160:main.c        **** {
 123              		.loc 1 160 0
 124              		.cfi_startproc
 125              		@ args = 0, pretend = 0, frame = 0
ARM GAS  C:\Users\BETTEF~1\AppData\Local\Temp\ccBKxLad.s 			page 6


 126              		@ frame_needed = 0, uses_anonymous_args = 0
 127 0000 08B5     		push	{r3, lr}
 128              		.cfi_def_cfa_offset 8
 129              		.cfi_offset 3, -8
 130              		.cfi_offset 14, -4
 161:main.c        ****     Direction_1_Write(BW);
 131              		.loc 1 161 0
 132 0002 0120     		movs	r0, #1
 133 0004 FFF7FEFF 		bl	Direction_1_Write
 134              	.LVL8:
 162:main.c        ****     
 163:main.c        ****     pwm_isr_1_Enable();
 135              		.loc 1 163 0
 136 0008 FFF7FEFF 		bl	pwm_isr_1_Enable
 137              	.LVL9:
 164:main.c        ****     
 165:main.c        ****     Enable_1_Write(0);
 138              		.loc 1 165 0
 139 000c 0020     		movs	r0, #0
 140 000e FFF7FEFF 		bl	Enable_1_Write
 141              	.LVL10:
 142              	.L13:
 166:main.c        ****     
 167:main.c        ****     while(zStepCount > 0) {}
 143              		.loc 1 167 0 discriminator 1
 144 0012 054B     		ldr	r3, .L15
 145 0014 1B88     		ldrh	r3, [r3]
 146 0016 002B     		cmp	r3, #0
 147 0018 FBD1     		bne	.L13
 168:main.c        ****     
 169:main.c        ****     Enable_1_Write(1);
 148              		.loc 1 169 0
 149 001a 0120     		movs	r0, #1
 150 001c FFF7FEFF 		bl	Enable_1_Write
 151              	.LVL11:
 170:main.c        ****     pwm_isr_1_Disable();
 152              		.loc 1 170 0
 153 0020 FFF7FEFF 		bl	pwm_isr_1_Disable
 154              	.LVL12:
 155 0024 08BD     		pop	{r3, pc}
 156              	.L16:
 157 0026 00BF     		.align	2
 158              	.L15:
 159 0028 00000000 		.word	.LANCHOR0
 160              		.cfi_endproc
 161              	.LFE67:
 162              		.size	reset, .-reset
 163              		.section	.text.updateStatus,"ax",%progbits
 164              		.align	2
 165              		.global	updateStatus
 166              		.thumb
 167              		.thumb_func
 168              		.type	updateStatus, %function
 169              	updateStatus:
 170              	.LFB68:
 171:main.c        **** }
 172:main.c        **** 
ARM GAS  C:\Users\BETTEF~1\AppData\Local\Temp\ccBKxLad.s 			page 7


 173:main.c        **** // Update status of slave-PSoC/message to be sent to master-PSoC
 174:main.c        **** void updateStatus(uint8 stat)
 175:main.c        **** {
 171              		.loc 1 175 0
 172              		.cfi_startproc
 173              		@ args = 0, pretend = 0, frame = 0
 174              		@ frame_needed = 0, uses_anonymous_args = 0
 175              	.LVL13:
 176 0000 10B5     		push	{r4, lr}
 177              		.cfi_def_cfa_offset 8
 178              		.cfi_offset 4, -8
 179              		.cfi_offset 14, -4
 176:main.c        ****     status = stat;
 180              		.loc 1 176 0
 181 0002 044C     		ldr	r4, .L19
 182 0004 2070     		strb	r0, [r4]
 177:main.c        ****     SPIS_1_ClearTxBuffer();
 183              		.loc 1 177 0
 184 0006 FFF7FEFF 		bl	SPIS_1_ClearTxBuffer
 185              	.LVL14:
 178:main.c        ****     SPIS_1_WriteTxData(status);
 186              		.loc 1 178 0
 187 000a 2078     		ldrb	r0, [r4]	@ zero_extendqisi2
 188 000c FFF7FEFF 		bl	SPIS_1_WriteTxData
 189              	.LVL15:
 190 0010 10BD     		pop	{r4, pc}
 191              	.L20:
 192 0012 00BF     		.align	2
 193              	.L19:
 194 0014 00000000 		.word	status
 195              		.cfi_endproc
 196              	.LFE68:
 197              		.size	updateStatus, .-updateStatus
 198              		.section	.text.isr_1,"ax",%progbits
 199              		.align	2
 200              		.global	isr_1
 201              		.thumb
 202              		.thumb_func
 203              		.type	isr_1, %function
 204              	isr_1:
 205              	.LFB63:
  49:main.c        ****     uint8 cmd;
 206              		.loc 1 49 0
 207              		.cfi_startproc
 208              		@ args = 0, pretend = 0, frame = 0
 209              		@ frame_needed = 0, uses_anonymous_args = 0
 210 0000 08B5     		push	{r3, lr}
 211              		.cfi_def_cfa_offset 8
 212              		.cfi_offset 3, -8
 213              		.cfi_offset 14, -4
  52:main.c        ****     
 214              		.loc 1 52 0
 215 0002 FFF7FEFF 		bl	SPIS_1_ReadRxData
 216              	.LVL16:
  54:main.c        ****         
 217              		.loc 1 54 0
 218 0006 0528     		cmp	r0, #5
ARM GAS  C:\Users\BETTEF~1\AppData\Local\Temp\ccBKxLad.s 			page 8


 219 0008 15D8     		bhi	.L22
 220 000a DFE800F0 		tbb	[pc, r0]
 221              	.L24:
 222 000e 03       		.byte	(.L23-.L24)/2
 223 000f 14       		.byte	(.L22-.L24)/2
 224 0010 08       		.byte	(.L25-.L24)/2
 225 0011 0C       		.byte	(.L26-.L24)/2
 226 0012 14       		.byte	(.L22-.L24)/2
 227 0013 10       		.byte	(.L27-.L24)/2
 228              		.p2align 1
 229              	.L23:
  58:main.c        **** 			break;
 230              		.loc 1 58 0
 231 0014 0A4B     		ldr	r3, .L30
 232 0016 1878     		ldrb	r0, [r3]	@ zero_extendqisi2
 233              	.LVL17:
 234 0018 FFF7FEFF 		bl	updateStatus
 235              	.LVL18:
  59:main.c        ****         
 236              		.loc 1 59 0
 237 001c 08BD     		pop	{r3, pc}
 238              	.LVL19:
 239              	.L25:
  63:main.c        ****             break;
 240              		.loc 1 63 0
 241 001e 0122     		movs	r2, #1
 242 0020 084B     		ldr	r3, .L30+4
 243 0022 DA70     		strb	r2, [r3, #3]
  64:main.c        ****         
 244              		.loc 1 64 0
 245 0024 08BD     		pop	{r3, pc}
 246              	.L26:
  68:main.c        ****             break;
 247              		.loc 1 68 0
 248 0026 0222     		movs	r2, #2
 249 0028 064B     		ldr	r3, .L30+4
 250 002a DA70     		strb	r2, [r3, #3]
  69:main.c        ****         
 251              		.loc 1 69 0
 252 002c 08BD     		pop	{r3, pc}
 253              	.L27:
  73:main.c        ****             break;
 254              		.loc 1 73 0
 255 002e 0322     		movs	r2, #3
 256 0030 044B     		ldr	r3, .L30+4
 257 0032 DA70     		strb	r2, [r3, #3]
  74:main.c        ****         
 258              		.loc 1 74 0
 259 0034 08BD     		pop	{r3, pc}
 260              	.L22:
  78:main.c        ****             break;
 261              		.loc 1 78 0
 262 0036 3120     		movs	r0, #49
 263              	.LVL20:
 264 0038 FFF7FEFF 		bl	updateStatus
 265              	.LVL21:
 266 003c 08BD     		pop	{r3, pc}
ARM GAS  C:\Users\BETTEF~1\AppData\Local\Temp\ccBKxLad.s 			page 9


 267              	.L31:
 268 003e 00BF     		.align	2
 269              	.L30:
 270 0040 00000000 		.word	status
 271 0044 00000000 		.word	.LANCHOR0
 272              		.cfi_endproc
 273              	.LFE63:
 274              		.size	isr_1, .-isr_1
 275              		.section	.text.main,"ax",%progbits
 276              		.align	2
 277              		.global	main
 278              		.thumb
 279              		.thumb_func
 280              		.type	main, %function
 281              	main:
 282              	.LFB65:
  98:main.c        ****     updateStatus(DEFAULT);
 283              		.loc 1 98 0
 284              		.cfi_startproc
 285              		@ Volatile: function does not return.
 286              		@ args = 0, pretend = 0, frame = 0
 287              		@ frame_needed = 0, uses_anonymous_args = 0
 288 0000 08B5     		push	{r3, lr}
 289              		.cfi_def_cfa_offset 8
 290              		.cfi_offset 3, -8
 291              		.cfi_offset 14, -4
  99:main.c        ****     CyGlobalIntEnable;
 292              		.loc 1 99 0
 293 0002 3020     		movs	r0, #48
 294 0004 FFF7FEFF 		bl	updateStatus
 295              	.LVL22:
 100:main.c        ****     
 296              		.loc 1 100 0
 297              	@ 100 "main.c" 1
 298 0008 62B6     		CPSIE   i
 299              	@ 0 "" 2
 102:main.c        **** 	SPIS_1_EnableRxInt();
 300              		.loc 1 102 0
 301              		.thumb
 302 000a FFF7FEFF 		bl	SPIS_1_Start
 303              	.LVL23:
 103:main.c        ****     isr_1_StartEx(isr_1);
 304              		.loc 1 103 0
 305 000e FFF7FEFF 		bl	SPIS_1_EnableRxInt
 306              	.LVL24:
 104:main.c        **** 	SPIS_1_ClearFIFO();
 307              		.loc 1 104 0
 308 0012 1948     		ldr	r0, .L39
 309 0014 FFF7FEFF 		bl	isr_1_StartEx
 310              	.LVL25:
 105:main.c        **** 	SPIS_1_ClearTxBuffer();
 311              		.loc 1 105 0
 312 0018 FFF7FEFF 		bl	SPIS_1_ClearFIFO
 313              	.LVL26:
 106:main.c        ****     
 314              		.loc 1 106 0
 315 001c FFF7FEFF 		bl	SPIS_1_ClearTxBuffer
ARM GAS  C:\Users\BETTEF~1\AppData\Local\Temp\ccBKxLad.s 			page 10


 316              	.LVL27:
 108:main.c        ****     pwm_isr_1_StartEx(pwm_isr_1);
 317              		.loc 1 108 0
 318 0020 FFF7FEFF 		bl	PWM_1_Start
 319              	.LVL28:
 109:main.c        ****     pwm_isr_1_Disable();
 320              		.loc 1 109 0
 321 0024 1548     		ldr	r0, .L39+4
 322 0026 FFF7FEFF 		bl	pwm_isr_1_StartEx
 323              	.LVL29:
 110:main.c        **** 
 324              		.loc 1 110 0
 325 002a FFF7FEFF 		bl	pwm_isr_1_Disable
 326              	.LVL30:
 327              	.L37:
 114:main.c        ****             
 328              		.loc 1 114 0
 329 002e 144B     		ldr	r3, .L39+8
 330 0030 DB78     		ldrb	r3, [r3, #3]	@ zero_extendqisi2
 331 0032 022B     		cmp	r3, #2
 332 0034 0DD0     		beq	.L34
 333 0036 032B     		cmp	r3, #3
 334 0038 15D0     		beq	.L35
 335 003a 012B     		cmp	r3, #1
 336 003c 18D1     		bne	.L33
 118:main.c        ****                 moveZ(BELOW_TOP);
 337              		.loc 1 118 0
 338 003e 3320     		movs	r0, #51
 339 0040 FFF7FEFF 		bl	updateStatus
 340              	.LVL31:
 119:main.c        ****                 updateStatus(MOVED_Z_1);
 341              		.loc 1 119 0
 342 0044 0A20     		movs	r0, #10
 343 0046 FFF7FEFF 		bl	moveZ
 344              	.LVL32:
 120:main.c        ****                 break;
 345              		.loc 1 120 0
 346 004a 1120     		movs	r0, #17
 347 004c FFF7FEFF 		bl	updateStatus
 348              	.LVL33:
 121:main.c        ****             
 349              		.loc 1 121 0
 350 0050 0EE0     		b	.L33
 351              	.L34:
 125:main.c        ****                 moveZ(ABOVE_TOP);
 352              		.loc 1 125 0
 353 0052 3320     		movs	r0, #51
 354 0054 FFF7FEFF 		bl	updateStatus
 355              	.LVL34:
 126:main.c        ****                 updateStatus(MOVED_Z_2);
 356              		.loc 1 126 0
 357 0058 0B20     		movs	r0, #11
 358 005a FFF7FEFF 		bl	moveZ
 359              	.LVL35:
 127:main.c        ****                 break;
 360              		.loc 1 127 0
 361 005e 1220     		movs	r0, #18
ARM GAS  C:\Users\BETTEF~1\AppData\Local\Temp\ccBKxLad.s 			page 11


 362 0060 FFF7FEFF 		bl	updateStatus
 363              	.LVL36:
 128:main.c        ****             
 364              		.loc 1 128 0
 365 0064 04E0     		b	.L33
 366              	.L35:
 132:main.c        ****                 reset();
 367              		.loc 1 132 0
 368 0066 3320     		movs	r0, #51
 369 0068 FFF7FEFF 		bl	updateStatus
 370              	.LVL37:
 133:main.c        ****                 break;
 371              		.loc 1 133 0
 372 006c FFF7FEFF 		bl	reset
 373              	.LVL38:
 374              	.L33:
 139:main.c        ****     }
 375              		.loc 1 139 0
 376 0070 0022     		movs	r2, #0
 377 0072 034B     		ldr	r3, .L39+8
 378 0074 DA70     		strb	r2, [r3, #3]
 140:main.c        ****     
 379              		.loc 1 140 0
 380 0076 DAE7     		b	.L37
 381              	.L40:
 382              		.align	2
 383              	.L39:
 384 0078 00000000 		.word	isr_1
 385 007c 00000000 		.word	pwm_isr_1
 386 0080 00000000 		.word	.LANCHOR0
 387              		.cfi_endproc
 388              	.LFE65:
 389              		.size	main, .-main
 390              		.global	zDirection
 391              		.comm	status,1,1
 392              		.global	enabled
 393              		.global	zStepCount
 394              		.bss
 395              		.align	1
 396              		.set	.LANCHOR0,. + 0
 397              		.type	zStepCount, %object
 398              		.size	zStepCount, 2
 399              	zStepCount:
 400 0000 0000     		.space	2
 401              		.type	zDirection, %object
 402              		.size	zDirection, 1
 403              	zDirection:
 404 0002 00       		.space	1
 405              		.type	enabled, %object
 406              		.size	enabled, 1
 407              	enabled:
 408 0003 00       		.space	1
 409              		.text
 410              	.Letext0:
 411              		.file 2 "c:\\program files (x86)\\cypress\\psoc creator\\4.0\\psoc creator\\import\\gnu\\arm\\4.9.
 412              		.file 3 "c:\\program files (x86)\\cypress\\psoc creator\\4.0\\psoc creator\\import\\gnu\\arm\\4.9.
 413              		.file 4 "Generated_Source\\PSoC5/cytypes.h"
ARM GAS  C:\Users\BETTEF~1\AppData\Local\Temp\ccBKxLad.s 			page 12


 414              		.file 5 "Generated_Source\\PSoC5/core_cm3.h"
 415              		.file 6 "Generated_Source\\PSoC5/Direction_1.h"
 416              		.file 7 "Generated_Source\\PSoC5/Enable_1.h"
 417              		.file 8 "Generated_Source\\PSoC5/pwm_isr_1.h"
 418              		.file 9 "Generated_Source\\PSoC5/SPIS_1.h"
 419              		.file 10 "Generated_Source\\PSoC5/PWM_1.h"
 420              		.file 11 "Generated_Source\\PSoC5/isr_1.h"
 421              		.section	.debug_info,"",%progbits
 422              	.Ldebug_info0:
 423 0000 E1040000 		.4byte	0x4e1
 424 0004 0400     		.2byte	0x4
 425 0006 00000000 		.4byte	.Ldebug_abbrev0
 426 000a 04       		.byte	0x4
 427 000b 01       		.uleb128 0x1
 428 000c CC010000 		.4byte	.LASF61
 429 0010 01       		.byte	0x1
 430 0011 C8020000 		.4byte	.LASF62
 431 0015 79030000 		.4byte	.LASF63
 432 0019 00000000 		.4byte	.Ldebug_ranges0+0
 433 001d 00000000 		.4byte	0
 434 0021 00000000 		.4byte	.Ldebug_line0
 435 0025 02       		.uleb128 0x2
 436 0026 01       		.byte	0x1
 437 0027 06       		.byte	0x6
 438 0028 46010000 		.4byte	.LASF0
 439 002c 02       		.uleb128 0x2
 440 002d 01       		.byte	0x1
 441 002e 08       		.byte	0x8
 442 002f 21010000 		.4byte	.LASF1
 443 0033 02       		.uleb128 0x2
 444 0034 02       		.byte	0x2
 445 0035 05       		.byte	0x5
 446 0036 41000000 		.4byte	.LASF2
 447 003a 02       		.uleb128 0x2
 448 003b 02       		.byte	0x2
 449 003c 07       		.byte	0x7
 450 003d 6D020000 		.4byte	.LASF3
 451 0041 03       		.uleb128 0x3
 452 0042 18030000 		.4byte	.LASF9
 453 0046 02       		.byte	0x2
 454 0047 3F       		.byte	0x3f
 455 0048 4C000000 		.4byte	0x4c
 456 004c 02       		.uleb128 0x2
 457 004d 04       		.byte	0x4
 458 004e 05       		.byte	0x5
 459 004f DD000000 		.4byte	.LASF4
 460 0053 02       		.uleb128 0x2
 461 0054 04       		.byte	0x4
 462 0055 07       		.byte	0x7
 463 0056 CF020000 		.4byte	.LASF5
 464 005a 02       		.uleb128 0x2
 465 005b 08       		.byte	0x8
 466 005c 05       		.byte	0x5
 467 005d C4000000 		.4byte	.LASF6
 468 0061 02       		.uleb128 0x2
 469 0062 08       		.byte	0x8
 470 0063 07       		.byte	0x7
ARM GAS  C:\Users\BETTEF~1\AppData\Local\Temp\ccBKxLad.s 			page 13


 471 0064 52010000 		.4byte	.LASF7
 472 0068 04       		.uleb128 0x4
 473 0069 04       		.byte	0x4
 474 006a 05       		.byte	0x5
 475 006b 696E7400 		.ascii	"int\000"
 476 006f 02       		.uleb128 0x2
 477 0070 04       		.byte	0x4
 478 0071 07       		.byte	0x7
 479 0072 69010000 		.4byte	.LASF8
 480 0076 03       		.uleb128 0x3
 481 0077 5A020000 		.4byte	.LASF10
 482 007b 03       		.byte	0x3
 483 007c 2C       		.byte	0x2c
 484 007d 41000000 		.4byte	0x41
 485 0081 05       		.uleb128 0x5
 486 0082 81000000 		.4byte	.LASF11
 487 0086 04       		.byte	0x4
 488 0087 9201     		.2byte	0x192
 489 0089 2C000000 		.4byte	0x2c
 490 008d 05       		.uleb128 0x5
 491 008e 7A000000 		.4byte	.LASF12
 492 0092 04       		.byte	0x4
 493 0093 9301     		.2byte	0x193
 494 0095 3A000000 		.4byte	0x3a
 495 0099 02       		.uleb128 0x2
 496 009a 04       		.byte	0x4
 497 009b 04       		.byte	0x4
 498 009c B1000000 		.4byte	.LASF13
 499 00a0 02       		.uleb128 0x2
 500 00a1 08       		.byte	0x8
 501 00a2 04       		.byte	0x4
 502 00a3 E1020000 		.4byte	.LASF14
 503 00a7 02       		.uleb128 0x2
 504 00a8 01       		.byte	0x1
 505 00a9 08       		.byte	0x8
 506 00aa C7010000 		.4byte	.LASF15
 507 00ae 05       		.uleb128 0x5
 508 00af 2F010000 		.4byte	.LASF16
 509 00b3 04       		.byte	0x4
 510 00b4 4E02     		.2byte	0x24e
 511 00b6 BA000000 		.4byte	0xba
 512 00ba 06       		.uleb128 0x6
 513 00bb 04       		.byte	0x4
 514 00bc C0000000 		.4byte	0xc0
 515 00c0 07       		.uleb128 0x7
 516 00c1 02       		.uleb128 0x2
 517 00c2 04       		.byte	0x4
 518 00c3 07       		.byte	0x7
 519 00c4 3E030000 		.4byte	.LASF17
 520 00c8 08       		.uleb128 0x8
 521 00c9 87000000 		.4byte	.LASF29
 522 00cd 01       		.byte	0x1
 523 00ce 01       		.byte	0x1
 524 00cf 0C       		.byte	0xc
 525 00d0 17010000 		.4byte	0x117
 526 00d4 09       		.uleb128 0x9
 527 00d5 80020000 		.4byte	.LASF18
ARM GAS  C:\Users\BETTEF~1\AppData\Local\Temp\ccBKxLad.s 			page 14


 528 00d9 00       		.sleb128 0
 529 00da 09       		.uleb128 0x9
 530 00db A6000000 		.4byte	.LASF19
 531 00df 02       		.sleb128 2
 532 00e0 09       		.uleb128 0x9
 533 00e1 FA020000 		.4byte	.LASF20
 534 00e5 03       		.sleb128 3
 535 00e6 09       		.uleb128 0x9
 536 00e7 15010000 		.4byte	.LASF21
 537 00eb 06       		.sleb128 6
 538 00ec 09       		.uleb128 0x9
 539 00ed 76010000 		.4byte	.LASF22
 540 00f1 05       		.sleb128 5
 541 00f2 09       		.uleb128 0x9
 542 00f3 22030000 		.4byte	.LASF23
 543 00f7 11       		.sleb128 17
 544 00f8 09       		.uleb128 0x9
 545 00f9 2C030000 		.4byte	.LASF24
 546 00fd 12       		.sleb128 18
 547 00fe 09       		.uleb128 0x9
 548 00ff 12000000 		.4byte	.LASF25
 549 0103 34       		.sleb128 52
 550 0104 09       		.uleb128 0x9
 551 0105 56000000 		.4byte	.LASF26
 552 0109 30       		.sleb128 48
 553 010a 09       		.uleb128 0x9
 554 010b F9000000 		.4byte	.LASF27
 555 010f 31       		.sleb128 49
 556 0110 09       		.uleb128 0x9
 557 0111 56030000 		.4byte	.LASF28
 558 0115 33       		.sleb128 51
 559 0116 00       		.byte	0
 560 0117 08       		.uleb128 0x8
 561 0118 6E030000 		.4byte	.LASF30
 562 011c 01       		.byte	0x1
 563 011d 01       		.byte	0x1
 564 011e 1E       		.byte	0x1e
 565 011f 30010000 		.4byte	0x130
 566 0123 09       		.uleb128 0x9
 567 0124 70000000 		.4byte	.LASF31
 568 0128 0A       		.sleb128 10
 569 0129 09       		.uleb128 0x9
 570 012a 47030000 		.4byte	.LASF32
 571 012e 0B       		.sleb128 11
 572 012f 00       		.byte	0
 573 0130 08       		.uleb128 0x8
 574 0131 92010000 		.4byte	.LASF33
 575 0135 01       		.byte	0x1
 576 0136 01       		.byte	0x1
 577 0137 23       		.byte	0x23
 578 0138 4F010000 		.4byte	0x14f
 579 013c 09       		.uleb128 0x9
 580 013d EC000000 		.4byte	.LASF34
 581 0141 01       		.sleb128 1
 582 0142 09       		.uleb128 0x9
 583 0143 B7000000 		.4byte	.LASF35
 584 0147 02       		.sleb128 2
ARM GAS  C:\Users\BETTEF~1\AppData\Local\Temp\ccBKxLad.s 			page 15


 585 0148 09       		.uleb128 0x9
 586 0149 D2000000 		.4byte	.LASF36
 587 014d 03       		.sleb128 3
 588 014e 00       		.byte	0
 589 014f 0A       		.uleb128 0xa
 590 0150 64697200 		.ascii	"dir\000"
 591 0154 01       		.byte	0x1
 592 0155 01       		.byte	0x1
 593 0156 29       		.byte	0x29
 594 0157 66010000 		.4byte	0x166
 595 015b 0B       		.uleb128 0xb
 596 015c 465700   		.ascii	"FW\000"
 597 015f 00       		.sleb128 0
 598 0160 0B       		.uleb128 0xb
 599 0161 425700   		.ascii	"BW\000"
 600 0164 01       		.sleb128 1
 601 0165 00       		.byte	0
 602 0166 0C       		.uleb128 0xc
 603 0167 3C010000 		.4byte	.LASF37
 604 016b 01       		.byte	0x1
 605 016c 53       		.byte	0x53
 606 016d 00000000 		.4byte	.LFB64
 607 0171 24000000 		.4byte	.LFE64-.LFB64
 608 0175 01       		.uleb128 0x1
 609 0176 9C       		.byte	0x9c
 610 0177 85010000 		.4byte	0x185
 611 017b 0D       		.uleb128 0xd
 612 017c 06000000 		.4byte	.LVL0
 613 0180 4C040000 		.4byte	0x44c
 614 0184 00       		.byte	0
 615 0185 0C       		.uleb128 0xc
 616 0186 8B020000 		.4byte	.LASF38
 617 018a 01       		.byte	0x1
 618 018b 91       		.byte	0x91
 619 018c 00000000 		.4byte	.LFB66
 620 0190 30000000 		.4byte	.LFE66-.LFB66
 621 0194 01       		.uleb128 0x1
 622 0195 9C       		.byte	0x9c
 623 0196 F5010000 		.4byte	0x1f5
 624 019a 0E       		.uleb128 0xe
 625 019b E6000000 		.4byte	.LASF40
 626 019f 01       		.byte	0x1
 627 01a0 91       		.byte	0x91
 628 01a1 81000000 		.4byte	0x81
 629 01a5 00000000 		.4byte	.LLST0
 630 01a9 0F       		.uleb128 0xf
 631 01aa 0A000000 		.4byte	.LVL3
 632 01ae 57040000 		.4byte	0x457
 633 01b2 BC010000 		.4byte	0x1bc
 634 01b6 10       		.uleb128 0x10
 635 01b7 01       		.uleb128 0x1
 636 01b8 50       		.byte	0x50
 637 01b9 01       		.uleb128 0x1
 638 01ba 30       		.byte	0x30
 639 01bb 00       		.byte	0
 640 01bc 0D       		.uleb128 0xd
 641 01bd 0E000000 		.4byte	.LVL4
ARM GAS  C:\Users\BETTEF~1\AppData\Local\Temp\ccBKxLad.s 			page 16


 642 01c1 68040000 		.4byte	0x468
 643 01c5 0F       		.uleb128 0xf
 644 01c6 14000000 		.4byte	.LVL5
 645 01ca 6F040000 		.4byte	0x46f
 646 01ce D8010000 		.4byte	0x1d8
 647 01d2 10       		.uleb128 0x10
 648 01d3 01       		.uleb128 0x1
 649 01d4 50       		.byte	0x50
 650 01d5 01       		.uleb128 0x1
 651 01d6 30       		.byte	0x30
 652 01d7 00       		.byte	0
 653 01d8 0F       		.uleb128 0xf
 654 01d9 24000000 		.4byte	.LVL6
 655 01dd 6F040000 		.4byte	0x46f
 656 01e1 EB010000 		.4byte	0x1eb
 657 01e5 10       		.uleb128 0x10
 658 01e6 01       		.uleb128 0x1
 659 01e7 50       		.byte	0x50
 660 01e8 01       		.uleb128 0x1
 661 01e9 31       		.byte	0x31
 662 01ea 00       		.byte	0
 663 01eb 0D       		.uleb128 0xd
 664 01ec 28000000 		.4byte	.LVL7
 665 01f0 80040000 		.4byte	0x480
 666 01f4 00       		.byte	0
 667 01f5 11       		.uleb128 0x11
 668 01f6 12030000 		.4byte	.LASF64
 669 01fa 01       		.byte	0x1
 670 01fb 9F       		.byte	0x9f
 671 01fc 00000000 		.4byte	.LFB67
 672 0200 2C000000 		.4byte	.LFE67-.LFB67
 673 0204 01       		.uleb128 0x1
 674 0205 9C       		.byte	0x9c
 675 0206 56020000 		.4byte	0x256
 676 020a 0F       		.uleb128 0xf
 677 020b 08000000 		.4byte	.LVL8
 678 020f 57040000 		.4byte	0x457
 679 0213 1D020000 		.4byte	0x21d
 680 0217 10       		.uleb128 0x10
 681 0218 01       		.uleb128 0x1
 682 0219 50       		.byte	0x50
 683 021a 01       		.uleb128 0x1
 684 021b 31       		.byte	0x31
 685 021c 00       		.byte	0
 686 021d 0D       		.uleb128 0xd
 687 021e 0C000000 		.4byte	.LVL9
 688 0222 68040000 		.4byte	0x468
 689 0226 0F       		.uleb128 0xf
 690 0227 12000000 		.4byte	.LVL10
 691 022b 6F040000 		.4byte	0x46f
 692 022f 39020000 		.4byte	0x239
 693 0233 10       		.uleb128 0x10
 694 0234 01       		.uleb128 0x1
 695 0235 50       		.byte	0x50
 696 0236 01       		.uleb128 0x1
 697 0237 30       		.byte	0x30
 698 0238 00       		.byte	0
ARM GAS  C:\Users\BETTEF~1\AppData\Local\Temp\ccBKxLad.s 			page 17


 699 0239 0F       		.uleb128 0xf
 700 023a 20000000 		.4byte	.LVL11
 701 023e 6F040000 		.4byte	0x46f
 702 0242 4C020000 		.4byte	0x24c
 703 0246 10       		.uleb128 0x10
 704 0247 01       		.uleb128 0x1
 705 0248 50       		.byte	0x50
 706 0249 01       		.uleb128 0x1
 707 024a 31       		.byte	0x31
 708 024b 00       		.byte	0
 709 024c 0D       		.uleb128 0xd
 710 024d 24000000 		.4byte	.LVL12
 711 0251 80040000 		.4byte	0x480
 712 0255 00       		.byte	0
 713 0256 0C       		.uleb128 0xc
 714 0257 05030000 		.4byte	.LASF39
 715 025b 01       		.byte	0x1
 716 025c AE       		.byte	0xae
 717 025d 00000000 		.4byte	.LFB68
 718 0261 18000000 		.4byte	.LFE68-.LFB68
 719 0265 01       		.uleb128 0x1
 720 0266 9C       		.byte	0x9c
 721 0267 8D020000 		.4byte	0x28d
 722 026b 0E       		.uleb128 0xe
 723 026c 51030000 		.4byte	.LASF41
 724 0270 01       		.byte	0x1
 725 0271 AE       		.byte	0xae
 726 0272 81000000 		.4byte	0x81
 727 0276 21000000 		.4byte	.LLST1
 728 027a 0D       		.uleb128 0xd
 729 027b 0A000000 		.4byte	.LVL14
 730 027f 87040000 		.4byte	0x487
 731 0283 0D       		.uleb128 0xd
 732 0284 10000000 		.4byte	.LVL15
 733 0288 8E040000 		.4byte	0x48e
 734 028c 00       		.byte	0
 735 028d 0C       		.uleb128 0xc
 736 028e 1A000000 		.4byte	.LASF42
 737 0292 01       		.byte	0x1
 738 0293 30       		.byte	0x30
 739 0294 00000000 		.4byte	.LFB63
 740 0298 48000000 		.4byte	.LFE63-.LFB63
 741 029c 01       		.uleb128 0x1
 742 029d 9C       		.byte	0x9c
 743 029e D4020000 		.4byte	0x2d4
 744 02a2 12       		.uleb128 0x12
 745 02a3 636D6400 		.ascii	"cmd\000"
 746 02a7 01       		.byte	0x1
 747 02a8 32       		.byte	0x32
 748 02a9 81000000 		.4byte	0x81
 749 02ad 42000000 		.4byte	.LLST2
 750 02b1 0D       		.uleb128 0xd
 751 02b2 06000000 		.4byte	.LVL16
 752 02b6 9F040000 		.4byte	0x49f
 753 02ba 0D       		.uleb128 0xd
 754 02bb 1C000000 		.4byte	.LVL18
 755 02bf 56020000 		.4byte	0x256
ARM GAS  C:\Users\BETTEF~1\AppData\Local\Temp\ccBKxLad.s 			page 18


 756 02c3 13       		.uleb128 0x13
 757 02c4 3C000000 		.4byte	.LVL21
 758 02c8 56020000 		.4byte	0x256
 759 02cc 10       		.uleb128 0x10
 760 02cd 01       		.uleb128 0x1
 761 02ce 50       		.byte	0x50
 762 02cf 02       		.uleb128 0x2
 763 02d0 08       		.byte	0x8
 764 02d1 31       		.byte	0x31
 765 02d2 00       		.byte	0
 766 02d3 00       		.byte	0
 767 02d4 14       		.uleb128 0x14
 768 02d5 6B000000 		.4byte	.LASF65
 769 02d9 01       		.byte	0x1
 770 02da 61       		.byte	0x61
 771 02db 68000000 		.4byte	0x68
 772 02df 00000000 		.4byte	.LFB65
 773 02e3 84000000 		.4byte	.LFE65-.LFB65
 774 02e7 01       		.uleb128 0x1
 775 02e8 9C       		.byte	0x9c
 776 02e9 F7030000 		.4byte	0x3f7
 777 02ed 0F       		.uleb128 0xf
 778 02ee 08000000 		.4byte	.LVL22
 779 02f2 56020000 		.4byte	0x256
 780 02f6 01030000 		.4byte	0x301
 781 02fa 10       		.uleb128 0x10
 782 02fb 01       		.uleb128 0x1
 783 02fc 50       		.byte	0x50
 784 02fd 02       		.uleb128 0x2
 785 02fe 08       		.byte	0x8
 786 02ff 30       		.byte	0x30
 787 0300 00       		.byte	0
 788 0301 0D       		.uleb128 0xd
 789 0302 0E000000 		.4byte	.LVL23
 790 0306 AA040000 		.4byte	0x4aa
 791 030a 0D       		.uleb128 0xd
 792 030b 12000000 		.4byte	.LVL24
 793 030f B1040000 		.4byte	0x4b1
 794 0313 0F       		.uleb128 0xf
 795 0314 18000000 		.4byte	.LVL25
 796 0318 B8040000 		.4byte	0x4b8
 797 031c 2A030000 		.4byte	0x32a
 798 0320 10       		.uleb128 0x10
 799 0321 01       		.uleb128 0x1
 800 0322 50       		.byte	0x50
 801 0323 05       		.uleb128 0x5
 802 0324 03       		.byte	0x3
 803 0325 00000000 		.4byte	isr_1
 804 0329 00       		.byte	0
 805 032a 0D       		.uleb128 0xd
 806 032b 1C000000 		.4byte	.LVL26
 807 032f C9040000 		.4byte	0x4c9
 808 0333 0D       		.uleb128 0xd
 809 0334 20000000 		.4byte	.LVL27
 810 0338 87040000 		.4byte	0x487
 811 033c 0D       		.uleb128 0xd
 812 033d 24000000 		.4byte	.LVL28
ARM GAS  C:\Users\BETTEF~1\AppData\Local\Temp\ccBKxLad.s 			page 19


 813 0341 D0040000 		.4byte	0x4d0
 814 0345 0F       		.uleb128 0xf
 815 0346 2A000000 		.4byte	.LVL29
 816 034a D7040000 		.4byte	0x4d7
 817 034e 5C030000 		.4byte	0x35c
 818 0352 10       		.uleb128 0x10
 819 0353 01       		.uleb128 0x1
 820 0354 50       		.byte	0x50
 821 0355 05       		.uleb128 0x5
 822 0356 03       		.byte	0x3
 823 0357 00000000 		.4byte	pwm_isr_1
 824 035b 00       		.byte	0
 825 035c 0D       		.uleb128 0xd
 826 035d 2E000000 		.4byte	.LVL30
 827 0361 80040000 		.4byte	0x480
 828 0365 0F       		.uleb128 0xf
 829 0366 44000000 		.4byte	.LVL31
 830 036a 56020000 		.4byte	0x256
 831 036e 79030000 		.4byte	0x379
 832 0372 10       		.uleb128 0x10
 833 0373 01       		.uleb128 0x1
 834 0374 50       		.byte	0x50
 835 0375 02       		.uleb128 0x2
 836 0376 08       		.byte	0x8
 837 0377 33       		.byte	0x33
 838 0378 00       		.byte	0
 839 0379 0F       		.uleb128 0xf
 840 037a 4A000000 		.4byte	.LVL32
 841 037e 85010000 		.4byte	0x185
 842 0382 8C030000 		.4byte	0x38c
 843 0386 10       		.uleb128 0x10
 844 0387 01       		.uleb128 0x1
 845 0388 50       		.byte	0x50
 846 0389 01       		.uleb128 0x1
 847 038a 3A       		.byte	0x3a
 848 038b 00       		.byte	0
 849 038c 0F       		.uleb128 0xf
 850 038d 50000000 		.4byte	.LVL33
 851 0391 56020000 		.4byte	0x256
 852 0395 9F030000 		.4byte	0x39f
 853 0399 10       		.uleb128 0x10
 854 039a 01       		.uleb128 0x1
 855 039b 50       		.byte	0x50
 856 039c 01       		.uleb128 0x1
 857 039d 41       		.byte	0x41
 858 039e 00       		.byte	0
 859 039f 0F       		.uleb128 0xf
 860 03a0 58000000 		.4byte	.LVL34
 861 03a4 56020000 		.4byte	0x256
 862 03a8 B3030000 		.4byte	0x3b3
 863 03ac 10       		.uleb128 0x10
 864 03ad 01       		.uleb128 0x1
 865 03ae 50       		.byte	0x50
 866 03af 02       		.uleb128 0x2
 867 03b0 08       		.byte	0x8
 868 03b1 33       		.byte	0x33
 869 03b2 00       		.byte	0
ARM GAS  C:\Users\BETTEF~1\AppData\Local\Temp\ccBKxLad.s 			page 20


 870 03b3 0F       		.uleb128 0xf
 871 03b4 5E000000 		.4byte	.LVL35
 872 03b8 85010000 		.4byte	0x185
 873 03bc C6030000 		.4byte	0x3c6
 874 03c0 10       		.uleb128 0x10
 875 03c1 01       		.uleb128 0x1
 876 03c2 50       		.byte	0x50
 877 03c3 01       		.uleb128 0x1
 878 03c4 3B       		.byte	0x3b
 879 03c5 00       		.byte	0
 880 03c6 0F       		.uleb128 0xf
 881 03c7 64000000 		.4byte	.LVL36
 882 03cb 56020000 		.4byte	0x256
 883 03cf D9030000 		.4byte	0x3d9
 884 03d3 10       		.uleb128 0x10
 885 03d4 01       		.uleb128 0x1
 886 03d5 50       		.byte	0x50
 887 03d6 01       		.uleb128 0x1
 888 03d7 42       		.byte	0x42
 889 03d8 00       		.byte	0
 890 03d9 0F       		.uleb128 0xf
 891 03da 6C000000 		.4byte	.LVL37
 892 03de 56020000 		.4byte	0x256
 893 03e2 ED030000 		.4byte	0x3ed
 894 03e6 10       		.uleb128 0x10
 895 03e7 01       		.uleb128 0x1
 896 03e8 50       		.byte	0x50
 897 03e9 02       		.uleb128 0x2
 898 03ea 08       		.byte	0x8
 899 03eb 33       		.byte	0x33
 900 03ec 00       		.byte	0
 901 03ed 0D       		.uleb128 0xd
 902 03ee 70000000 		.4byte	.LVL38
 903 03f2 F5010000 		.4byte	0x1f5
 904 03f6 00       		.byte	0
 905 03f7 15       		.uleb128 0x15
 906 03f8 61030000 		.4byte	.LASF43
 907 03fc 05       		.byte	0x5
 908 03fd 9606     		.2byte	0x696
 909 03ff 03040000 		.4byte	0x403
 910 0403 16       		.uleb128 0x16
 911 0404 76000000 		.4byte	0x76
 912 0408 17       		.uleb128 0x17
 913 0409 62020000 		.4byte	.LASF44
 914 040d 01       		.byte	0x1
 915 040e 03       		.byte	0x3
 916 040f 8D000000 		.4byte	0x8d
 917 0413 05       		.uleb128 0x5
 918 0414 03       		.byte	0x3
 919 0415 00000000 		.4byte	zStepCount
 920 0419 17       		.uleb128 0x17
 921 041a 36030000 		.4byte	.LASF45
 922 041e 01       		.byte	0x1
 923 041f 04       		.byte	0x4
 924 0420 81000000 		.4byte	0x81
 925 0424 05       		.uleb128 0x5
 926 0425 03       		.byte	0x3
ARM GAS  C:\Users\BETTEF~1\AppData\Local\Temp\ccBKxLad.s 			page 21


 927 0426 00000000 		.4byte	enabled
 928 042a 17       		.uleb128 0x17
 929 042b 7C010000 		.4byte	.LASF46
 930 042f 01       		.byte	0x1
 931 0430 06       		.byte	0x6
 932 0431 81000000 		.4byte	0x81
 933 0435 05       		.uleb128 0x5
 934 0436 03       		.byte	0x3
 935 0437 00000000 		.4byte	status
 936 043b 17       		.uleb128 0x17
 937 043c 4B000000 		.4byte	.LASF47
 938 0440 01       		.byte	0x1
 939 0441 2E       		.byte	0x2e
 940 0442 81000000 		.4byte	0x81
 941 0446 05       		.uleb128 0x5
 942 0447 03       		.byte	0x3
 943 0448 00000000 		.4byte	zDirection
 944 044c 18       		.uleb128 0x18
 945 044d 9C010000 		.4byte	.LASF54
 946 0451 0A       		.byte	0xa
 947 0452 97       		.byte	0x97
 948 0453 81000000 		.4byte	0x81
 949 0457 19       		.uleb128 0x19
 950 0458 94000000 		.4byte	.LASF48
 951 045c 06       		.byte	0x6
 952 045d 26       		.byte	0x26
 953 045e 68040000 		.4byte	0x468
 954 0462 1A       		.uleb128 0x1a
 955 0463 81000000 		.4byte	0x81
 956 0467 00       		.byte	0
 957 0468 1B       		.uleb128 0x1b
 958 0469 91020000 		.4byte	.LASF50
 959 046d 08       		.byte	0x8
 960 046e 23       		.byte	0x23
 961 046f 19       		.uleb128 0x19
 962 0470 83010000 		.4byte	.LASF49
 963 0474 07       		.byte	0x7
 964 0475 26       		.byte	0x26
 965 0476 80040000 		.4byte	0x480
 966 047a 1A       		.uleb128 0x1a
 967 047b 81000000 		.4byte	0x81
 968 047f 00       		.byte	0
 969 0480 1B       		.uleb128 0x1b
 970 0481 E8020000 		.4byte	.LASF51
 971 0485 08       		.byte	0x8
 972 0486 25       		.byte	0x25
 973 0487 1B       		.uleb128 0x1b
 974 0488 2C000000 		.4byte	.LASF52
 975 048c 09       		.byte	0x9
 976 048d 60       		.byte	0x60
 977 048e 19       		.uleb128 0x19
 978 048f B5020000 		.4byte	.LASF53
 979 0493 09       		.byte	0x9
 980 0494 55       		.byte	0x55
 981 0495 9F040000 		.4byte	0x49f
 982 0499 1A       		.uleb128 0x1a
 983 049a 81000000 		.4byte	0x81
ARM GAS  C:\Users\BETTEF~1\AppData\Local\Temp\ccBKxLad.s 			page 22


 984 049e 00       		.byte	0
 985 049f 18       		.uleb128 0x18
 986 04a0 B5010000 		.4byte	.LASF55
 987 04a4 09       		.byte	0x9
 988 04a5 5C       		.byte	0x5c
 989 04a6 81000000 		.4byte	0x81
 990 04aa 1B       		.uleb128 0x1b
 991 04ab 5E000000 		.4byte	.LASF56
 992 04af 09       		.byte	0x9
 993 04b0 4B       		.byte	0x4b
 994 04b1 1B       		.uleb128 0x1b
 995 04b2 A2020000 		.4byte	.LASF57
 996 04b6 09       		.byte	0x9
 997 04b7 4E       		.byte	0x4e
 998 04b8 19       		.uleb128 0x19
 999 04b9 07010000 		.4byte	.LASF58
 1000 04bd 0B       		.byte	0xb
 1001 04be 18       		.byte	0x18
 1002 04bf C9040000 		.4byte	0x4c9
 1003 04c3 1A       		.uleb128 0x1a
 1004 04c4 AE000000 		.4byte	0xae
 1005 04c8 00       		.byte	0
 1006 04c9 1B       		.uleb128 0x1b
 1007 04ca EC030000 		.4byte	.LASF59
 1008 04ce 09       		.byte	0x9
 1009 04cf 68       		.byte	0x68
 1010 04d0 1B       		.uleb128 0x1b
 1011 04d1 20000000 		.4byte	.LASF60
 1012 04d5 0A       		.byte	0xa
 1013 04d6 92       		.byte	0x92
 1014 04d7 1C       		.uleb128 0x1c
 1015 04d8 00000000 		.4byte	.LASF66
 1016 04dc 08       		.byte	0x8
 1017 04dd 18       		.byte	0x18
 1018 04de 1A       		.uleb128 0x1a
 1019 04df AE000000 		.4byte	0xae
 1020 04e3 00       		.byte	0
 1021 04e4 00       		.byte	0
 1022              		.section	.debug_abbrev,"",%progbits
 1023              	.Ldebug_abbrev0:
 1024 0000 01       		.uleb128 0x1
 1025 0001 11       		.uleb128 0x11
 1026 0002 01       		.byte	0x1
 1027 0003 25       		.uleb128 0x25
 1028 0004 0E       		.uleb128 0xe
 1029 0005 13       		.uleb128 0x13
 1030 0006 0B       		.uleb128 0xb
 1031 0007 03       		.uleb128 0x3
 1032 0008 0E       		.uleb128 0xe
 1033 0009 1B       		.uleb128 0x1b
 1034 000a 0E       		.uleb128 0xe
 1035 000b 55       		.uleb128 0x55
 1036 000c 17       		.uleb128 0x17
 1037 000d 11       		.uleb128 0x11
 1038 000e 01       		.uleb128 0x1
 1039 000f 10       		.uleb128 0x10
 1040 0010 17       		.uleb128 0x17
ARM GAS  C:\Users\BETTEF~1\AppData\Local\Temp\ccBKxLad.s 			page 23


 1041 0011 00       		.byte	0
 1042 0012 00       		.byte	0
 1043 0013 02       		.uleb128 0x2
 1044 0014 24       		.uleb128 0x24
 1045 0015 00       		.byte	0
 1046 0016 0B       		.uleb128 0xb
 1047 0017 0B       		.uleb128 0xb
 1048 0018 3E       		.uleb128 0x3e
 1049 0019 0B       		.uleb128 0xb
 1050 001a 03       		.uleb128 0x3
 1051 001b 0E       		.uleb128 0xe
 1052 001c 00       		.byte	0
 1053 001d 00       		.byte	0
 1054 001e 03       		.uleb128 0x3
 1055 001f 16       		.uleb128 0x16
 1056 0020 00       		.byte	0
 1057 0021 03       		.uleb128 0x3
 1058 0022 0E       		.uleb128 0xe
 1059 0023 3A       		.uleb128 0x3a
 1060 0024 0B       		.uleb128 0xb
 1061 0025 3B       		.uleb128 0x3b
 1062 0026 0B       		.uleb128 0xb
 1063 0027 49       		.uleb128 0x49
 1064 0028 13       		.uleb128 0x13
 1065 0029 00       		.byte	0
 1066 002a 00       		.byte	0
 1067 002b 04       		.uleb128 0x4
 1068 002c 24       		.uleb128 0x24
 1069 002d 00       		.byte	0
 1070 002e 0B       		.uleb128 0xb
 1071 002f 0B       		.uleb128 0xb
 1072 0030 3E       		.uleb128 0x3e
 1073 0031 0B       		.uleb128 0xb
 1074 0032 03       		.uleb128 0x3
 1075 0033 08       		.uleb128 0x8
 1076 0034 00       		.byte	0
 1077 0035 00       		.byte	0
 1078 0036 05       		.uleb128 0x5
 1079 0037 16       		.uleb128 0x16
 1080 0038 00       		.byte	0
 1081 0039 03       		.uleb128 0x3
 1082 003a 0E       		.uleb128 0xe
 1083 003b 3A       		.uleb128 0x3a
 1084 003c 0B       		.uleb128 0xb
 1085 003d 3B       		.uleb128 0x3b
 1086 003e 05       		.uleb128 0x5
 1087 003f 49       		.uleb128 0x49
 1088 0040 13       		.uleb128 0x13
 1089 0041 00       		.byte	0
 1090 0042 00       		.byte	0
 1091 0043 06       		.uleb128 0x6
 1092 0044 0F       		.uleb128 0xf
 1093 0045 00       		.byte	0
 1094 0046 0B       		.uleb128 0xb
 1095 0047 0B       		.uleb128 0xb
 1096 0048 49       		.uleb128 0x49
 1097 0049 13       		.uleb128 0x13
ARM GAS  C:\Users\BETTEF~1\AppData\Local\Temp\ccBKxLad.s 			page 24


 1098 004a 00       		.byte	0
 1099 004b 00       		.byte	0
 1100 004c 07       		.uleb128 0x7
 1101 004d 15       		.uleb128 0x15
 1102 004e 00       		.byte	0
 1103 004f 27       		.uleb128 0x27
 1104 0050 19       		.uleb128 0x19
 1105 0051 00       		.byte	0
 1106 0052 00       		.byte	0
 1107 0053 08       		.uleb128 0x8
 1108 0054 04       		.uleb128 0x4
 1109 0055 01       		.byte	0x1
 1110 0056 03       		.uleb128 0x3
 1111 0057 0E       		.uleb128 0xe
 1112 0058 0B       		.uleb128 0xb
 1113 0059 0B       		.uleb128 0xb
 1114 005a 3A       		.uleb128 0x3a
 1115 005b 0B       		.uleb128 0xb
 1116 005c 3B       		.uleb128 0x3b
 1117 005d 0B       		.uleb128 0xb
 1118 005e 01       		.uleb128 0x1
 1119 005f 13       		.uleb128 0x13
 1120 0060 00       		.byte	0
 1121 0061 00       		.byte	0
 1122 0062 09       		.uleb128 0x9
 1123 0063 28       		.uleb128 0x28
 1124 0064 00       		.byte	0
 1125 0065 03       		.uleb128 0x3
 1126 0066 0E       		.uleb128 0xe
 1127 0067 1C       		.uleb128 0x1c
 1128 0068 0D       		.uleb128 0xd
 1129 0069 00       		.byte	0
 1130 006a 00       		.byte	0
 1131 006b 0A       		.uleb128 0xa
 1132 006c 04       		.uleb128 0x4
 1133 006d 01       		.byte	0x1
 1134 006e 03       		.uleb128 0x3
 1135 006f 08       		.uleb128 0x8
 1136 0070 0B       		.uleb128 0xb
 1137 0071 0B       		.uleb128 0xb
 1138 0072 3A       		.uleb128 0x3a
 1139 0073 0B       		.uleb128 0xb
 1140 0074 3B       		.uleb128 0x3b
 1141 0075 0B       		.uleb128 0xb
 1142 0076 01       		.uleb128 0x1
 1143 0077 13       		.uleb128 0x13
 1144 0078 00       		.byte	0
 1145 0079 00       		.byte	0
 1146 007a 0B       		.uleb128 0xb
 1147 007b 28       		.uleb128 0x28
 1148 007c 00       		.byte	0
 1149 007d 03       		.uleb128 0x3
 1150 007e 08       		.uleb128 0x8
 1151 007f 1C       		.uleb128 0x1c
 1152 0080 0D       		.uleb128 0xd
 1153 0081 00       		.byte	0
 1154 0082 00       		.byte	0
ARM GAS  C:\Users\BETTEF~1\AppData\Local\Temp\ccBKxLad.s 			page 25


 1155 0083 0C       		.uleb128 0xc
 1156 0084 2E       		.uleb128 0x2e
 1157 0085 01       		.byte	0x1
 1158 0086 3F       		.uleb128 0x3f
 1159 0087 19       		.uleb128 0x19
 1160 0088 03       		.uleb128 0x3
 1161 0089 0E       		.uleb128 0xe
 1162 008a 3A       		.uleb128 0x3a
 1163 008b 0B       		.uleb128 0xb
 1164 008c 3B       		.uleb128 0x3b
 1165 008d 0B       		.uleb128 0xb
 1166 008e 27       		.uleb128 0x27
 1167 008f 19       		.uleb128 0x19
 1168 0090 11       		.uleb128 0x11
 1169 0091 01       		.uleb128 0x1
 1170 0092 12       		.uleb128 0x12
 1171 0093 06       		.uleb128 0x6
 1172 0094 40       		.uleb128 0x40
 1173 0095 18       		.uleb128 0x18
 1174 0096 9742     		.uleb128 0x2117
 1175 0098 19       		.uleb128 0x19
 1176 0099 01       		.uleb128 0x1
 1177 009a 13       		.uleb128 0x13
 1178 009b 00       		.byte	0
 1179 009c 00       		.byte	0
 1180 009d 0D       		.uleb128 0xd
 1181 009e 898201   		.uleb128 0x4109
 1182 00a1 00       		.byte	0
 1183 00a2 11       		.uleb128 0x11
 1184 00a3 01       		.uleb128 0x1
 1185 00a4 31       		.uleb128 0x31
 1186 00a5 13       		.uleb128 0x13
 1187 00a6 00       		.byte	0
 1188 00a7 00       		.byte	0
 1189 00a8 0E       		.uleb128 0xe
 1190 00a9 05       		.uleb128 0x5
 1191 00aa 00       		.byte	0
 1192 00ab 03       		.uleb128 0x3
 1193 00ac 0E       		.uleb128 0xe
 1194 00ad 3A       		.uleb128 0x3a
 1195 00ae 0B       		.uleb128 0xb
 1196 00af 3B       		.uleb128 0x3b
 1197 00b0 0B       		.uleb128 0xb
 1198 00b1 49       		.uleb128 0x49
 1199 00b2 13       		.uleb128 0x13
 1200 00b3 02       		.uleb128 0x2
 1201 00b4 17       		.uleb128 0x17
 1202 00b5 00       		.byte	0
 1203 00b6 00       		.byte	0
 1204 00b7 0F       		.uleb128 0xf
 1205 00b8 898201   		.uleb128 0x4109
 1206 00bb 01       		.byte	0x1
 1207 00bc 11       		.uleb128 0x11
 1208 00bd 01       		.uleb128 0x1
 1209 00be 31       		.uleb128 0x31
 1210 00bf 13       		.uleb128 0x13
 1211 00c0 01       		.uleb128 0x1
ARM GAS  C:\Users\BETTEF~1\AppData\Local\Temp\ccBKxLad.s 			page 26


 1212 00c1 13       		.uleb128 0x13
 1213 00c2 00       		.byte	0
 1214 00c3 00       		.byte	0
 1215 00c4 10       		.uleb128 0x10
 1216 00c5 8A8201   		.uleb128 0x410a
 1217 00c8 00       		.byte	0
 1218 00c9 02       		.uleb128 0x2
 1219 00ca 18       		.uleb128 0x18
 1220 00cb 9142     		.uleb128 0x2111
 1221 00cd 18       		.uleb128 0x18
 1222 00ce 00       		.byte	0
 1223 00cf 00       		.byte	0
 1224 00d0 11       		.uleb128 0x11
 1225 00d1 2E       		.uleb128 0x2e
 1226 00d2 01       		.byte	0x1
 1227 00d3 3F       		.uleb128 0x3f
 1228 00d4 19       		.uleb128 0x19
 1229 00d5 03       		.uleb128 0x3
 1230 00d6 0E       		.uleb128 0xe
 1231 00d7 3A       		.uleb128 0x3a
 1232 00d8 0B       		.uleb128 0xb
 1233 00d9 3B       		.uleb128 0x3b
 1234 00da 0B       		.uleb128 0xb
 1235 00db 11       		.uleb128 0x11
 1236 00dc 01       		.uleb128 0x1
 1237 00dd 12       		.uleb128 0x12
 1238 00de 06       		.uleb128 0x6
 1239 00df 40       		.uleb128 0x40
 1240 00e0 18       		.uleb128 0x18
 1241 00e1 9742     		.uleb128 0x2117
 1242 00e3 19       		.uleb128 0x19
 1243 00e4 01       		.uleb128 0x1
 1244 00e5 13       		.uleb128 0x13
 1245 00e6 00       		.byte	0
 1246 00e7 00       		.byte	0
 1247 00e8 12       		.uleb128 0x12
 1248 00e9 34       		.uleb128 0x34
 1249 00ea 00       		.byte	0
 1250 00eb 03       		.uleb128 0x3
 1251 00ec 08       		.uleb128 0x8
 1252 00ed 3A       		.uleb128 0x3a
 1253 00ee 0B       		.uleb128 0xb
 1254 00ef 3B       		.uleb128 0x3b
 1255 00f0 0B       		.uleb128 0xb
 1256 00f1 49       		.uleb128 0x49
 1257 00f2 13       		.uleb128 0x13
 1258 00f3 02       		.uleb128 0x2
 1259 00f4 17       		.uleb128 0x17
 1260 00f5 00       		.byte	0
 1261 00f6 00       		.byte	0
 1262 00f7 13       		.uleb128 0x13
 1263 00f8 898201   		.uleb128 0x4109
 1264 00fb 01       		.byte	0x1
 1265 00fc 11       		.uleb128 0x11
 1266 00fd 01       		.uleb128 0x1
 1267 00fe 31       		.uleb128 0x31
 1268 00ff 13       		.uleb128 0x13
ARM GAS  C:\Users\BETTEF~1\AppData\Local\Temp\ccBKxLad.s 			page 27


 1269 0100 00       		.byte	0
 1270 0101 00       		.byte	0
 1271 0102 14       		.uleb128 0x14
 1272 0103 2E       		.uleb128 0x2e
 1273 0104 01       		.byte	0x1
 1274 0105 3F       		.uleb128 0x3f
 1275 0106 19       		.uleb128 0x19
 1276 0107 03       		.uleb128 0x3
 1277 0108 0E       		.uleb128 0xe
 1278 0109 3A       		.uleb128 0x3a
 1279 010a 0B       		.uleb128 0xb
 1280 010b 3B       		.uleb128 0x3b
 1281 010c 0B       		.uleb128 0xb
 1282 010d 27       		.uleb128 0x27
 1283 010e 19       		.uleb128 0x19
 1284 010f 49       		.uleb128 0x49
 1285 0110 13       		.uleb128 0x13
 1286 0111 11       		.uleb128 0x11
 1287 0112 01       		.uleb128 0x1
 1288 0113 12       		.uleb128 0x12
 1289 0114 06       		.uleb128 0x6
 1290 0115 40       		.uleb128 0x40
 1291 0116 18       		.uleb128 0x18
 1292 0117 9742     		.uleb128 0x2117
 1293 0119 19       		.uleb128 0x19
 1294 011a 01       		.uleb128 0x1
 1295 011b 13       		.uleb128 0x13
 1296 011c 00       		.byte	0
 1297 011d 00       		.byte	0
 1298 011e 15       		.uleb128 0x15
 1299 011f 34       		.uleb128 0x34
 1300 0120 00       		.byte	0
 1301 0121 03       		.uleb128 0x3
 1302 0122 0E       		.uleb128 0xe
 1303 0123 3A       		.uleb128 0x3a
 1304 0124 0B       		.uleb128 0xb
 1305 0125 3B       		.uleb128 0x3b
 1306 0126 05       		.uleb128 0x5
 1307 0127 49       		.uleb128 0x49
 1308 0128 13       		.uleb128 0x13
 1309 0129 3F       		.uleb128 0x3f
 1310 012a 19       		.uleb128 0x19
 1311 012b 3C       		.uleb128 0x3c
 1312 012c 19       		.uleb128 0x19
 1313 012d 00       		.byte	0
 1314 012e 00       		.byte	0
 1315 012f 16       		.uleb128 0x16
 1316 0130 35       		.uleb128 0x35
 1317 0131 00       		.byte	0
 1318 0132 49       		.uleb128 0x49
 1319 0133 13       		.uleb128 0x13
 1320 0134 00       		.byte	0
 1321 0135 00       		.byte	0
 1322 0136 17       		.uleb128 0x17
 1323 0137 34       		.uleb128 0x34
 1324 0138 00       		.byte	0
 1325 0139 03       		.uleb128 0x3
ARM GAS  C:\Users\BETTEF~1\AppData\Local\Temp\ccBKxLad.s 			page 28


 1326 013a 0E       		.uleb128 0xe
 1327 013b 3A       		.uleb128 0x3a
 1328 013c 0B       		.uleb128 0xb
 1329 013d 3B       		.uleb128 0x3b
 1330 013e 0B       		.uleb128 0xb
 1331 013f 49       		.uleb128 0x49
 1332 0140 13       		.uleb128 0x13
 1333 0141 3F       		.uleb128 0x3f
 1334 0142 19       		.uleb128 0x19
 1335 0143 02       		.uleb128 0x2
 1336 0144 18       		.uleb128 0x18
 1337 0145 00       		.byte	0
 1338 0146 00       		.byte	0
 1339 0147 18       		.uleb128 0x18
 1340 0148 2E       		.uleb128 0x2e
 1341 0149 00       		.byte	0
 1342 014a 3F       		.uleb128 0x3f
 1343 014b 19       		.uleb128 0x19
 1344 014c 03       		.uleb128 0x3
 1345 014d 0E       		.uleb128 0xe
 1346 014e 3A       		.uleb128 0x3a
 1347 014f 0B       		.uleb128 0xb
 1348 0150 3B       		.uleb128 0x3b
 1349 0151 0B       		.uleb128 0xb
 1350 0152 27       		.uleb128 0x27
 1351 0153 19       		.uleb128 0x19
 1352 0154 49       		.uleb128 0x49
 1353 0155 13       		.uleb128 0x13
 1354 0156 3C       		.uleb128 0x3c
 1355 0157 19       		.uleb128 0x19
 1356 0158 00       		.byte	0
 1357 0159 00       		.byte	0
 1358 015a 19       		.uleb128 0x19
 1359 015b 2E       		.uleb128 0x2e
 1360 015c 01       		.byte	0x1
 1361 015d 3F       		.uleb128 0x3f
 1362 015e 19       		.uleb128 0x19
 1363 015f 03       		.uleb128 0x3
 1364 0160 0E       		.uleb128 0xe
 1365 0161 3A       		.uleb128 0x3a
 1366 0162 0B       		.uleb128 0xb
 1367 0163 3B       		.uleb128 0x3b
 1368 0164 0B       		.uleb128 0xb
 1369 0165 27       		.uleb128 0x27
 1370 0166 19       		.uleb128 0x19
 1371 0167 3C       		.uleb128 0x3c
 1372 0168 19       		.uleb128 0x19
 1373 0169 01       		.uleb128 0x1
 1374 016a 13       		.uleb128 0x13
 1375 016b 00       		.byte	0
 1376 016c 00       		.byte	0
 1377 016d 1A       		.uleb128 0x1a
 1378 016e 05       		.uleb128 0x5
 1379 016f 00       		.byte	0
 1380 0170 49       		.uleb128 0x49
 1381 0171 13       		.uleb128 0x13
 1382 0172 00       		.byte	0
ARM GAS  C:\Users\BETTEF~1\AppData\Local\Temp\ccBKxLad.s 			page 29


 1383 0173 00       		.byte	0
 1384 0174 1B       		.uleb128 0x1b
 1385 0175 2E       		.uleb128 0x2e
 1386 0176 00       		.byte	0
 1387 0177 3F       		.uleb128 0x3f
 1388 0178 19       		.uleb128 0x19
 1389 0179 03       		.uleb128 0x3
 1390 017a 0E       		.uleb128 0xe
 1391 017b 3A       		.uleb128 0x3a
 1392 017c 0B       		.uleb128 0xb
 1393 017d 3B       		.uleb128 0x3b
 1394 017e 0B       		.uleb128 0xb
 1395 017f 27       		.uleb128 0x27
 1396 0180 19       		.uleb128 0x19
 1397 0181 3C       		.uleb128 0x3c
 1398 0182 19       		.uleb128 0x19
 1399 0183 00       		.byte	0
 1400 0184 00       		.byte	0
 1401 0185 1C       		.uleb128 0x1c
 1402 0186 2E       		.uleb128 0x2e
 1403 0187 01       		.byte	0x1
 1404 0188 3F       		.uleb128 0x3f
 1405 0189 19       		.uleb128 0x19
 1406 018a 03       		.uleb128 0x3
 1407 018b 0E       		.uleb128 0xe
 1408 018c 3A       		.uleb128 0x3a
 1409 018d 0B       		.uleb128 0xb
 1410 018e 3B       		.uleb128 0x3b
 1411 018f 0B       		.uleb128 0xb
 1412 0190 27       		.uleb128 0x27
 1413 0191 19       		.uleb128 0x19
 1414 0192 3C       		.uleb128 0x3c
 1415 0193 19       		.uleb128 0x19
 1416 0194 00       		.byte	0
 1417 0195 00       		.byte	0
 1418 0196 00       		.byte	0
 1419              		.section	.debug_loc,"",%progbits
 1420              	.Ldebug_loc0:
 1421              	.LLST0:
 1422 0000 00000000 		.4byte	.LVL1
 1423 0004 06000000 		.4byte	.LVL2
 1424 0008 0100     		.2byte	0x1
 1425 000a 50       		.byte	0x50
 1426 000b 06000000 		.4byte	.LVL2
 1427 000f 30000000 		.4byte	.LFE66
 1428 0013 0400     		.2byte	0x4
 1429 0015 F3       		.byte	0xf3
 1430 0016 01       		.uleb128 0x1
 1431 0017 50       		.byte	0x50
 1432 0018 9F       		.byte	0x9f
 1433 0019 00000000 		.4byte	0
 1434 001d 00000000 		.4byte	0
 1435              	.LLST1:
 1436 0021 00000000 		.4byte	.LVL13
 1437 0025 09000000 		.4byte	.LVL14-1
 1438 0029 0100     		.2byte	0x1
 1439 002b 50       		.byte	0x50
ARM GAS  C:\Users\BETTEF~1\AppData\Local\Temp\ccBKxLad.s 			page 30


 1440 002c 09000000 		.4byte	.LVL14-1
 1441 0030 18000000 		.4byte	.LFE68
 1442 0034 0400     		.2byte	0x4
 1443 0036 F3       		.byte	0xf3
 1444 0037 01       		.uleb128 0x1
 1445 0038 50       		.byte	0x50
 1446 0039 9F       		.byte	0x9f
 1447 003a 00000000 		.4byte	0
 1448 003e 00000000 		.4byte	0
 1449              	.LLST2:
 1450 0042 06000000 		.4byte	.LVL16
 1451 0046 18000000 		.4byte	.LVL17
 1452 004a 0100     		.2byte	0x1
 1453 004c 50       		.byte	0x50
 1454 004d 1E000000 		.4byte	.LVL19
 1455 0051 38000000 		.4byte	.LVL20
 1456 0055 0100     		.2byte	0x1
 1457 0057 50       		.byte	0x50
 1458 0058 00000000 		.4byte	0
 1459 005c 00000000 		.4byte	0
 1460              		.section	.debug_aranges,"",%progbits
 1461 0000 44000000 		.4byte	0x44
 1462 0004 0200     		.2byte	0x2
 1463 0006 00000000 		.4byte	.Ldebug_info0
 1464 000a 04       		.byte	0x4
 1465 000b 00       		.byte	0
 1466 000c 0000     		.2byte	0
 1467 000e 0000     		.2byte	0
 1468 0010 00000000 		.4byte	.LFB64
 1469 0014 24000000 		.4byte	.LFE64-.LFB64
 1470 0018 00000000 		.4byte	.LFB66
 1471 001c 30000000 		.4byte	.LFE66-.LFB66
 1472 0020 00000000 		.4byte	.LFB67
 1473 0024 2C000000 		.4byte	.LFE67-.LFB67
 1474 0028 00000000 		.4byte	.LFB68
 1475 002c 18000000 		.4byte	.LFE68-.LFB68
 1476 0030 00000000 		.4byte	.LFB63
 1477 0034 48000000 		.4byte	.LFE63-.LFB63
 1478 0038 00000000 		.4byte	.LFB65
 1479 003c 84000000 		.4byte	.LFE65-.LFB65
 1480 0040 00000000 		.4byte	0
 1481 0044 00000000 		.4byte	0
 1482              		.section	.debug_ranges,"",%progbits
 1483              	.Ldebug_ranges0:
 1484 0000 00000000 		.4byte	.LFB64
 1485 0004 24000000 		.4byte	.LFE64
 1486 0008 00000000 		.4byte	.LFB66
 1487 000c 30000000 		.4byte	.LFE66
 1488 0010 00000000 		.4byte	.LFB67
 1489 0014 2C000000 		.4byte	.LFE67
 1490 0018 00000000 		.4byte	.LFB68
 1491 001c 18000000 		.4byte	.LFE68
 1492 0020 00000000 		.4byte	.LFB63
 1493 0024 48000000 		.4byte	.LFE63
 1494 0028 00000000 		.4byte	.LFB65
 1495 002c 84000000 		.4byte	.LFE65
 1496 0030 00000000 		.4byte	0
ARM GAS  C:\Users\BETTEF~1\AppData\Local\Temp\ccBKxLad.s 			page 31


 1497 0034 00000000 		.4byte	0
 1498              		.section	.debug_line,"",%progbits
 1499              	.Ldebug_line0:
 1500 0000 3A020000 		.section	.debug_str,"MS",%progbits,1
 1500      02009701 
 1500      00000201 
 1500      FB0E0D00 
 1500      01010101 
 1501              	.LASF66:
 1502 0000 70776D5F 		.ascii	"pwm_isr_1_StartEx\000"
 1502      6973725F 
 1502      315F5374 
 1502      61727445 
 1502      7800
 1503              	.LASF25:
 1504 0012 52455345 		.ascii	"RESET_Z\000"
 1504      545F5A00 
 1505              	.LASF42:
 1506 001a 6973725F 		.ascii	"isr_1\000"
 1506      3100
 1507              	.LASF60:
 1508 0020 50574D5F 		.ascii	"PWM_1_Start\000"
 1508      315F5374 
 1508      61727400 
 1509              	.LASF52:
 1510 002c 53504953 		.ascii	"SPIS_1_ClearTxBuffer\000"
 1510      5F315F43 
 1510      6C656172 
 1510      54784275 
 1510      66666572 
 1511              	.LASF2:
 1512 0041 73686F72 		.ascii	"short int\000"
 1512      7420696E 
 1512      7400
 1513              	.LASF47:
 1514 004b 7A446972 		.ascii	"zDirection\000"
 1514      65637469 
 1514      6F6E00
 1515              	.LASF26:
 1516 0056 44454641 		.ascii	"DEFAULT\000"
 1516      554C5400 
 1517              	.LASF56:
 1518 005e 53504953 		.ascii	"SPIS_1_Start\000"
 1518      5F315F53 
 1518      74617274 
 1518      00
 1519              	.LASF65:
 1520 006b 6D61696E 		.ascii	"main\000"
 1520      00
 1521              	.LASF31:
 1522 0070 42454C4F 		.ascii	"BELOW_TOP\000"
 1522      575F544F 
 1522      5000
 1523              	.LASF12:
 1524 007a 75696E74 		.ascii	"uint16\000"
 1524      313600
 1525              	.LASF11:
ARM GAS  C:\Users\BETTEF~1\AppData\Local\Temp\ccBKxLad.s 			page 32


 1526 0081 75696E74 		.ascii	"uint8\000"
 1526      3800
 1527              	.LASF29:
 1528 0087 5350495F 		.ascii	"SPI_protocol\000"
 1528      70726F74 
 1528      6F636F6C 
 1528      00
 1529              	.LASF48:
 1530 0094 44697265 		.ascii	"Direction_1_Write\000"
 1530      6374696F 
 1530      6E5F315F 
 1530      57726974 
 1530      6500
 1531              	.LASF19:
 1532 00a6 4C4F4341 		.ascii	"LOCATE_Z_1\000"
 1532      54455F5A 
 1532      5F3100
 1533              	.LASF13:
 1534 00b1 666C6F61 		.ascii	"float\000"
 1534      7400
 1535              	.LASF35:
 1536 00b7 504F5349 		.ascii	"POSITION_Z_2\000"
 1536      54494F4E 
 1536      5F5A5F32 
 1536      00
 1537              	.LASF6:
 1538 00c4 6C6F6E67 		.ascii	"long long int\000"
 1538      206C6F6E 
 1538      6720696E 
 1538      7400
 1539              	.LASF36:
 1540 00d2 52455345 		.ascii	"RESET_AXIS\000"
 1540      545F4158 
 1540      495300
 1541              	.LASF4:
 1542 00dd 6C6F6E67 		.ascii	"long int\000"
 1542      20696E74 
 1542      00
 1543              	.LASF40:
 1544 00e6 626F756E 		.ascii	"bound\000"
 1544      6400
 1545              	.LASF34:
 1546 00ec 504F5349 		.ascii	"POSITION_Z_1\000"
 1546      54494F4E 
 1546      5F5A5F31 
 1546      00
 1547              	.LASF27:
 1548 00f9 57524F4E 		.ascii	"WRONG_COMMAND\000"
 1548      475F434F 
 1548      4D4D414E 
 1548      4400
 1549              	.LASF58:
 1550 0107 6973725F 		.ascii	"isr_1_StartEx\000"
 1550      315F5374 
 1550      61727445 
 1550      7800
 1551              	.LASF21:
ARM GAS  C:\Users\BETTEF~1\AppData\Local\Temp\ccBKxLad.s 			page 33


 1552 0115 484F4C44 		.ascii	"HOLD_BOTTLE\000"
 1552      5F424F54 
 1552      544C4500 
 1553              	.LASF1:
 1554 0121 756E7369 		.ascii	"unsigned char\000"
 1554      676E6564 
 1554      20636861 
 1554      7200
 1555              	.LASF16:
 1556 012f 63796973 		.ascii	"cyisraddress\000"
 1556      72616464 
 1556      72657373 
 1556      00
 1557              	.LASF37:
 1558 013c 70776D5F 		.ascii	"pwm_isr_1\000"
 1558      6973725F 
 1558      3100
 1559              	.LASF0:
 1560 0146 7369676E 		.ascii	"signed char\000"
 1560      65642063 
 1560      68617200 
 1561              	.LASF7:
 1562 0152 6C6F6E67 		.ascii	"long long unsigned int\000"
 1562      206C6F6E 
 1562      6720756E 
 1562      7369676E 
 1562      65642069 
 1563              	.LASF8:
 1564 0169 756E7369 		.ascii	"unsigned int\000"
 1564      676E6564 
 1564      20696E74 
 1564      00
 1565              	.LASF22:
 1566 0176 52455345 		.ascii	"RESET\000"
 1566      5400
 1567              	.LASF46:
 1568 017c 73746174 		.ascii	"status\000"
 1568      757300
 1569              	.LASF49:
 1570 0183 456E6162 		.ascii	"Enable_1_Write\000"
 1570      6C655F31 
 1570      5F577269 
 1570      746500
 1571              	.LASF33:
 1572 0192 6F706572 		.ascii	"operation\000"
 1572      6174696F 
 1572      6E00
 1573              	.LASF54:
 1574 019c 50574D5F 		.ascii	"PWM_1_ReadStatusRegister\000"
 1574      315F5265 
 1574      61645374 
 1574      61747573 
 1574      52656769 
 1575              	.LASF55:
 1576 01b5 53504953 		.ascii	"SPIS_1_ReadRxData\000"
 1576      5F315F52 
 1576      65616452 
ARM GAS  C:\Users\BETTEF~1\AppData\Local\Temp\ccBKxLad.s 			page 34


 1576      78446174 
 1576      6100
 1577              	.LASF15:
 1578 01c7 63686172 		.ascii	"char\000"
 1578      00
 1579              	.LASF61:
 1580 01cc 474E5520 		.ascii	"GNU C 4.9.3 20150303 (release) [ARM/embedded-4_9-br"
 1580      4320342E 
 1580      392E3320 
 1580      32303135 
 1580      30333033 
 1581 01ff 616E6368 		.ascii	"anch revision 221220] -mcpu=cortex-m3 -mthumb -g -O"
 1581      20726576 
 1581      6973696F 
 1581      6E203232 
 1581      31323230 
 1582 0232 67202D66 		.ascii	"g -ffunction-sections -ffat-lto-objects\000"
 1582      66756E63 
 1582      74696F6E 
 1582      2D736563 
 1582      74696F6E 
 1583              	.LASF10:
 1584 025a 696E7433 		.ascii	"int32_t\000"
 1584      325F7400 
 1585              	.LASF44:
 1586 0262 7A537465 		.ascii	"zStepCount\000"
 1586      70436F75 
 1586      6E7400
 1587              	.LASF3:
 1588 026d 73686F72 		.ascii	"short unsigned int\000"
 1588      7420756E 
 1588      7369676E 
 1588      65642069 
 1588      6E7400
 1589              	.LASF18:
 1590 0280 4745545F 		.ascii	"GET_STATUS\000"
 1590      53544154 
 1590      555300
 1591              	.LASF38:
 1592 028b 6D6F7665 		.ascii	"moveZ\000"
 1592      5A00
 1593              	.LASF50:
 1594 0291 70776D5F 		.ascii	"pwm_isr_1_Enable\000"
 1594      6973725F 
 1594      315F456E 
 1594      61626C65 
 1594      00
 1595              	.LASF57:
 1596 02a2 53504953 		.ascii	"SPIS_1_EnableRxInt\000"
 1596      5F315F45 
 1596      6E61626C 
 1596      65527849 
 1596      6E7400
 1597              	.LASF53:
 1598 02b5 53504953 		.ascii	"SPIS_1_WriteTxData\000"
 1598      5F315F57 
 1598      72697465 
ARM GAS  C:\Users\BETTEF~1\AppData\Local\Temp\ccBKxLad.s 			page 35


 1598      54784461 
 1598      746100
 1599              	.LASF62:
 1600 02c8 6D61696E 		.ascii	"main.c\000"
 1600      2E6300
 1601              	.LASF5:
 1602 02cf 6C6F6E67 		.ascii	"long unsigned int\000"
 1602      20756E73 
 1602      69676E65 
 1602      6420696E 
 1602      7400
 1603              	.LASF14:
 1604 02e1 646F7562 		.ascii	"double\000"
 1604      6C6500
 1605              	.LASF51:
 1606 02e8 70776D5F 		.ascii	"pwm_isr_1_Disable\000"
 1606      6973725F 
 1606      315F4469 
 1606      7361626C 
 1606      6500
 1607              	.LASF20:
 1608 02fa 4C4F4341 		.ascii	"LOCATE_Z_2\000"
 1608      54455F5A 
 1608      5F3200
 1609              	.LASF39:
 1610 0305 75706461 		.ascii	"updateStatus\000"
 1610      74655374 
 1610      61747573 
 1610      00
 1611              	.LASF64:
 1612 0312 72657365 		.ascii	"reset\000"
 1612      7400
 1613              	.LASF9:
 1614 0318 5F5F696E 		.ascii	"__int32_t\000"
 1614      7433325F 
 1614      7400
 1615              	.LASF23:
 1616 0322 4D4F5645 		.ascii	"MOVED_Z_1\000"
 1616      445F5A5F 
 1616      3100
 1617              	.LASF24:
 1618 032c 4D4F5645 		.ascii	"MOVED_Z_2\000"
 1618      445F5A5F 
 1618      3200
 1619              	.LASF45:
 1620 0336 656E6162 		.ascii	"enabled\000"
 1620      6C656400 
 1621              	.LASF17:
 1622 033e 73697A65 		.ascii	"sizetype\000"
 1622      74797065 
 1622      00
 1623              	.LASF32:
 1624 0347 41424F56 		.ascii	"ABOVE_TOP\000"
 1624      455F544F 
 1624      5000
 1625              	.LASF41:
 1626 0351 73746174 		.ascii	"stat\000"
ARM GAS  C:\Users\BETTEF~1\AppData\Local\Temp\ccBKxLad.s 			page 36


 1626      00
 1627              	.LASF28:
 1628 0356 494E5F50 		.ascii	"IN_PROCESS\000"
 1628      524F4345 
 1628      535300
 1629              	.LASF43:
 1630 0361 49544D5F 		.ascii	"ITM_RxBuffer\000"
 1630      52784275 
 1630      66666572 
 1630      00
 1631              	.LASF30:
 1632 036e 626F7474 		.ascii	"bottleInfo\000"
 1632      6C65496E 
 1632      666F00
 1633              	.LASF63:
 1634 0379 433A5C55 		.ascii	"C:\\Users\\Bettefanden\\Documents\\IHA\\Semester 3\\"
 1634      73657273 
 1634      5C426574 
 1634      74656661 
 1634      6E64656E 
 1635 03a7 53656D65 		.ascii	"Semesterprojekt 3\\Software\\Udkast1\\PSoCSlaveBott"
 1635      73746572 
 1635      70726F6A 
 1635      656B7420 
 1635      335C536F 
 1636 03d7 6F6D5C53 		.ascii	"om\\SlaveBottom.cydsn\000"
 1636      6C617665 
 1636      426F7474 
 1636      6F6D2E63 
 1636      7964736E 
 1637              	.LASF59:
 1638 03ec 53504953 		.ascii	"SPIS_1_ClearFIFO\000"
 1638      5F315F43 
 1638      6C656172 
 1638      4649464F 
 1638      00
 1639              		.ident	"GCC: (GNU Tools for ARM Embedded Processors) 4.9.3 20150303 (release) [ARM/embedded-4_9-br
