ARM GAS  C:\Users\BETTEF~1\AppData\Local\Temp\cc27XHIr.s 			page 1


   1              		.syntax unified
   2              		.cpu cortex-m3
   3              		.fpu softvfp
   4              		.eabi_attribute 20, 1
   5              		.eabi_attribute 21, 1
   6              		.eabi_attribute 23, 3
   7              		.eabi_attribute 24, 1
   8              		.eabi_attribute 25, 1
   9              		.eabi_attribute 26, 1
  10              		.eabi_attribute 30, 1
  11              		.eabi_attribute 34, 1
  12              		.eabi_attribute 18, 4
  13              		.thumb
  14              		.file	"cymetadata.c"
  15              		.text
  16              	.Ltext0:
  17              		.cfi_sections	.debug_frame
  18              		.global	cy_metadata
  19              		.global	cy_meta_flashprotect
  20              		.global	cy_meta_wonvl
  21              		.global	cy_meta_custnvl
  22              		.global	cy_meta_configecc
  23              		.section	.cyconfigecc,"a",%progbits
  24              		.align	2
  25              		.type	cy_meta_configecc, %object
  26              		.size	cy_meta_configecc, 2372
  27              	cy_meta_configecc:
  28 0000 02       		.byte	2
  29 0001 45       		.byte	69
  30 0002 00       		.byte	0
  31 0003 40       		.byte	64
  32 0004 07       		.byte	7
  33 0005 52       		.byte	82
  34 0006 00       		.byte	0
  35 0007 40       		.byte	64
  36 0008 01       		.byte	1
  37 0009 5B       		.byte	91
  38 000a 00       		.byte	0
  39 000b 40       		.byte	64
  40 000c 04       		.byte	4
  41 000d 64       		.byte	100
  42 000e 00       		.byte	0
  43 000f 40       		.byte	64
  44 0010 02       		.byte	2
  45 0011 65       		.byte	101
  46 0012 00       		.byte	0
  47 0013 40       		.byte	64
  48 0014 15       		.byte	21
  49 0015 00       		.byte	0
  50 0016 01       		.byte	1
  51 0017 40       		.byte	64
  52 0018 34       		.byte	52
  53 0019 01       		.byte	1
  54 001a 01       		.byte	1
  55 001b 40       		.byte	64
  56 001c 33       		.byte	51
  57 001d 02       		.byte	2
ARM GAS  C:\Users\BETTEF~1\AppData\Local\Temp\cc27XHIr.s 			page 2


  58 001e 01       		.byte	1
  59 001f 40       		.byte	64
  60 0020 47       		.byte	71
  61 0021 03       		.byte	3
  62 0022 01       		.byte	1
  63 0023 40       		.byte	64
  64 0024 33       		.byte	51
  65 0025 04       		.byte	4
  66 0026 01       		.byte	1
  67 0027 40       		.byte	64
  68 0028 4A       		.byte	74
  69 0029 05       		.byte	5
  70 002a 01       		.byte	1
  71 002b 40       		.byte	64
  72 002c 36       		.byte	54
  73 002d 06       		.byte	6
  74 002e 01       		.byte	1
  75 002f 40       		.byte	64
  76 0030 44       		.byte	68
  77 0031 07       		.byte	7
  78 0032 01       		.byte	1
  79 0033 40       		.byte	64
  80 0034 05       		.byte	5
  81 0035 09       		.byte	9
  82 0036 01       		.byte	1
  83 0037 40       		.byte	64
  84 0038 0C       		.byte	12
  85 0039 0A       		.byte	10
  86 003a 01       		.byte	1
  87 003b 40       		.byte	64
  88 003c 38       		.byte	56
  89 003d 0B       		.byte	11
  90 003e 01       		.byte	1
  91 003f 40       		.byte	64
  92 0040 4B       		.byte	75
  93 0041 0C       		.byte	12
  94 0042 01       		.byte	1
  95 0043 40       		.byte	64
  96 0044 3C       		.byte	60
  97 0045 0D       		.byte	13
  98 0046 01       		.byte	1
  99 0047 40       		.byte	64
 100 0048 10       		.byte	16
 101 0049 0E       		.byte	14
 102 004a 01       		.byte	1
 103 004b 40       		.byte	64
 104 004c 2A       		.byte	42
 105 004d 0F       		.byte	15
 106 004e 01       		.byte	1
 107 004f 40       		.byte	64
 108 0050 50       		.byte	80
 109 0051 14       		.byte	20
 110 0052 01       		.byte	1
 111 0053 40       		.byte	64
 112 0054 44       		.byte	68
 113 0055 15       		.byte	21
 114 0056 01       		.byte	1
ARM GAS  C:\Users\BETTEF~1\AppData\Local\Temp\cc27XHIr.s 			page 3


 115 0057 40       		.byte	64
 116 0058 21       		.byte	33
 117 0059 16       		.byte	22
 118 005a 01       		.byte	1
 119 005b 40       		.byte	64
 120 005c 48       		.byte	72
 121 005d 17       		.byte	23
 122 005e 01       		.byte	1
 123 005f 40       		.byte	64
 124 0060 01       		.byte	1
 125 0061 1B       		.byte	27
 126 0062 01       		.byte	1
 127 0063 40       		.byte	64
 128 0064 0B       		.byte	11
 129 0065 40       		.byte	64
 130 0066 01       		.byte	1
 131 0067 40       		.byte	64
 132 0068 0D       		.byte	13
 133 0069 41       		.byte	65
 134 006a 01       		.byte	1
 135 006b 40       		.byte	64
 136 006c 0A       		.byte	10
 137 006d 42       		.byte	66
 138 006e 01       		.byte	1
 139 006f 40       		.byte	64
 140 0070 07       		.byte	7
 141 0071 43       		.byte	67
 142 0072 01       		.byte	1
 143 0073 40       		.byte	64
 144 0074 02       		.byte	2
 145 0075 44       		.byte	68
 146 0076 01       		.byte	1
 147 0077 40       		.byte	64
 148 0078 08       		.byte	8
 149 0079 45       		.byte	69
 150 007a 01       		.byte	1
 151 007b 40       		.byte	64
 152 007c 0C       		.byte	12
 153 007d 46       		.byte	70
 154 007e 01       		.byte	1
 155 007f 40       		.byte	64
 156 0080 05       		.byte	5
 157 0081 47       		.byte	71
 158 0082 01       		.byte	1
 159 0083 40       		.byte	64
 160 0084 0A       		.byte	10
 161 0085 48       		.byte	72
 162 0086 01       		.byte	1
 163 0087 40       		.byte	64
 164 0088 10       		.byte	16
 165 0089 49       		.byte	73
 166 008a 01       		.byte	1
 167 008b 40       		.byte	64
 168 008c 01       		.byte	1
 169 008d 4C       		.byte	76
 170 008e 01       		.byte	1
 171 008f 40       		.byte	64
ARM GAS  C:\Users\BETTEF~1\AppData\Local\Temp\cc27XHIr.s 			page 4


 172 0090 02       		.byte	2
 173 0091 4D       		.byte	77
 174 0092 01       		.byte	1
 175 0093 40       		.byte	64
 176 0094 09       		.byte	9
 177 0095 50       		.byte	80
 178 0096 01       		.byte	1
 179 0097 40       		.byte	64
 180 0098 02       		.byte	2
 181 0099 51       		.byte	81
 182 009a 01       		.byte	1
 183 009b 40       		.byte	64
 184 009c 06       		.byte	6
 185 009d 01       		.byte	1
 186 009e 0A       		.byte	10
 187 009f 01       		.byte	1
 188 00a0 00       		.byte	0
 189 00a1 01       		.byte	1
 190 00a2 01       		.byte	1
 191 00a3 10       		.byte	16
 192 00a4 10       		.byte	16
 193 00a5 C0       		.byte	-64
 194 00a6 11       		.byte	17
 195 00a7 60       		.byte	96
 196 00a8 18       		.byte	24
 197 00a9 50       		.byte	80
 198 00aa 19       		.byte	25
 199 00ab C0       		.byte	-64
 200 00ac 60       		.byte	96
 201 00ad 10       		.byte	16
 202 00ae 27       		.byte	39
 203 00af 84       		.byte	-124
 204 00b0 81       		.byte	-127
 205 00b1 47       		.byte	71
 206 00b2 83       		.byte	-125
 207 00b3 01       		.byte	1
 208 00b4 86       		.byte	-122
 209 00b5 07       		.byte	7
 210 00b6 8E       		.byte	-114
 211 00b7 0D       		.byte	13
 212 00b8 85       		.byte	-123
 213 00b9 0D       		.byte	13
 214 00ba 87       		.byte	-121
 215 00bb 78       		.byte	120
 216 00bc 2B       		.byte	43
 217 00bd 01       		.byte	1
 218 00be 2E       		.byte	46
 219 00bf 01       		.byte	1
 220 00c0 2F       		.byte	47
 221 00c1 02       		.byte	2
 222 00c2 31       		.byte	49
 223 00c3 01       		.byte	1
 224 00c4 34       		.byte	52
 225 00c5 01       		.byte	1
 226 00c6 37       		.byte	55
 227 00c7 02       		.byte	2
 228 00c8 58       		.byte	88
ARM GAS  C:\Users\BETTEF~1\AppData\Local\Temp\cc27XHIr.s 			page 5


 229 00c9 04       		.byte	4
 230 00ca 59       		.byte	89
 231 00cb 04       		.byte	4
 232 00cc 5C       		.byte	92
 233 00cd 11       		.byte	17
 234 00ce 5F       		.byte	95
 235 00cf 01       		.byte	1
 236 00d0 83       		.byte	-125
 237 00d1 01       		.byte	1
 238 00d2 87       		.byte	-121
 239 00d3 01       		.byte	1
 240 00d4 95       		.byte	-107
 241 00d5 01       		.byte	1
 242 00d6 B7       		.byte	-73
 243 00d7 01       		.byte	1
 244 00d8 BF       		.byte	-65
 245 00d9 40       		.byte	64
 246 00da D4       		.byte	-44
 247 00db 41       		.byte	65
 248 00dc D8       		.byte	-40
 249 00dd 04       		.byte	4
 250 00de D9       		.byte	-39
 251 00df 04       		.byte	4
 252 00e0 DB       		.byte	-37
 253 00e1 04       		.byte	4
 254 00e2 DC       		.byte	-36
 255 00e3 11       		.byte	17
 256 00e4 DF       		.byte	-33
 257 00e5 01       		.byte	1
 258 00e6 00       		.byte	0
 259 00e7 40       		.byte	64
 260 00e8 01       		.byte	1
 261 00e9 20       		.byte	32
 262 00ea 03       		.byte	3
 263 00eb 20       		.byte	32
 264 00ec 04       		.byte	4
 265 00ed 40       		.byte	64
 266 00ee 05       		.byte	5
 267 00ef 20       		.byte	32
 268 00f0 07       		.byte	7
 269 00f1 10       		.byte	16
 270 00f2 09       		.byte	9
 271 00f3 08       		.byte	8
 272 00f4 0A       		.byte	10
 273 00f5 82       		.byte	-126
 274 00f6 0D       		.byte	13
 275 00f7 08       		.byte	8
 276 00f8 0F       		.byte	15
 277 00f9 40       		.byte	64
 278 00fa 10       		.byte	16
 279 00fb 12       		.byte	18
 280 00fc 14       		.byte	20
 281 00fd 08       		.byte	8
 282 00fe 17       		.byte	23
 283 00ff 02       		.byte	2
 284 0100 18       		.byte	24
 285 0101 04       		.byte	4
ARM GAS  C:\Users\BETTEF~1\AppData\Local\Temp\cc27XHIr.s 			page 6


 286 0102 19       		.byte	25
 287 0103 20       		.byte	32
 288 0104 1B       		.byte	27
 289 0105 10       		.byte	16
 290 0106 21       		.byte	33
 291 0107 01       		.byte	1
 292 0108 22       		.byte	34
 293 0109 C3       		.byte	-61
 294 010a 23       		.byte	35
 295 010b 42       		.byte	66
 296 010c 26       		.byte	38
 297 010d 40       		.byte	64
 298 010e 29       		.byte	41
 299 010f 10       		.byte	16
 300 0110 2A       		.byte	42
 301 0111 40       		.byte	64
 302 0112 2B       		.byte	43
 303 0113 20       		.byte	32
 304 0114 2C       		.byte	44
 305 0115 01       		.byte	1
 306 0116 2F       		.byte	47
 307 0117 A0       		.byte	-96
 308 0118 30       		.byte	48
 309 0119 10       		.byte	16
 310 011a 31       		.byte	49
 311 011b 08       		.byte	8
 312 011c 32       		.byte	50
 313 011d 50       		.byte	80
 314 011e 33       		.byte	51
 315 011f 10       		.byte	16
 316 0120 36       		.byte	54
 317 0121 86       		.byte	-122
 318 0122 38       		.byte	56
 319 0123 44       		.byte	68
 320 0124 39       		.byte	57
 321 0125 02       		.byte	2
 322 0126 3C       		.byte	60
 323 0127 40       		.byte	64
 324 0128 3F       		.byte	63
 325 0129 26       		.byte	38
 326 012a 5E       		.byte	94
 327 012b 80       		.byte	-128
 328 012c 5F       		.byte	95
 329 012d 14       		.byte	20
 330 012e 67       		.byte	103
 331 012f 20       		.byte	32
 332 0130 80       		.byte	-128
 333 0131 08       		.byte	8
 334 0132 83       		.byte	-125
 335 0133 20       		.byte	32
 336 0134 84       		.byte	-124
 337 0135 01       		.byte	1
 338 0136 85       		.byte	-123
 339 0137 08       		.byte	8
 340 0138 C0       		.byte	-64
 341 0139 E7       		.byte	-25
 342 013a C2       		.byte	-62
ARM GAS  C:\Users\BETTEF~1\AppData\Local\Temp\cc27XHIr.s 			page 7


 343 013b 3D       		.byte	61
 344 013c C4       		.byte	-60
 345 013d 55       		.byte	85
 346 013e CA       		.byte	-54
 347 013f DE       		.byte	-34
 348 0140 CC       		.byte	-52
 349 0141 DE       		.byte	-34
 350 0142 CE       		.byte	-50
 351 0143 FB       		.byte	-5
 352 0144 D6       		.byte	-42
 353 0145 70       		.byte	112
 354 0146 D8       		.byte	-40
 355 0147 40       		.byte	64
 356 0148 E0       		.byte	-32
 357 0149 02       		.byte	2
 358 014a E2       		.byte	-30
 359 014b 40       		.byte	64
 360 014c E6       		.byte	-26
 361 014d 04       		.byte	4
 362 014e 05       		.byte	5
 363 014f 01       		.byte	1
 364 0150 0A       		.byte	10
 365 0151 01       		.byte	1
 366 0152 0B       		.byte	11
 367 0153 01       		.byte	1
 368 0154 0C       		.byte	12
 369 0155 01       		.byte	1
 370 0156 0D       		.byte	13
 371 0157 01       		.byte	1
 372 0158 10       		.byte	16
 373 0159 01       		.byte	1
 374 015a 14       		.byte	20
 375 015b 01       		.byte	1
 376 015c 15       		.byte	21
 377 015d 01       		.byte	1
 378 015e 18       		.byte	24
 379 015f 01       		.byte	1
 380 0160 1C       		.byte	28
 381 0161 01       		.byte	1
 382 0162 21       		.byte	33
 383 0163 01       		.byte	1
 384 0164 29       		.byte	41
 385 0165 01       		.byte	1
 386 0166 2A       		.byte	42
 387 0167 01       		.byte	1
 388 0168 2D       		.byte	45
 389 0169 01       		.byte	1
 390 016a 33       		.byte	51
 391 016b 01       		.byte	1
 392 016c 34       		.byte	52
 393 016d 01       		.byte	1
 394 016e 54       		.byte	84
 395 016f 01       		.byte	1
 396 0170 58       		.byte	88
 397 0171 04       		.byte	4
 398 0172 59       		.byte	89
 399 0173 04       		.byte	4
ARM GAS  C:\Users\BETTEF~1\AppData\Local\Temp\cc27XHIr.s 			page 8


 400 0174 5B       		.byte	91
 401 0175 0C       		.byte	12
 402 0176 5C       		.byte	92
 403 0177 11       		.byte	17
 404 0178 5D       		.byte	93
 405 0179 10       		.byte	16
 406 017a 5F       		.byte	95
 407 017b 01       		.byte	1
 408 017c 80       		.byte	-128
 409 017d 04       		.byte	4
 410 017e 84       		.byte	-124
 411 017f 10       		.byte	16
 412 0180 86       		.byte	-122
 413 0181 20       		.byte	32
 414 0182 88       		.byte	-120
 415 0183 40       		.byte	64
 416 0184 8A       		.byte	-118
 417 0185 80       		.byte	-128
 418 0186 8B       		.byte	-117
 419 0187 01       		.byte	1
 420 0188 8E       		.byte	-114
 421 0189 04       		.byte	4
 422 018a 92       		.byte	-110
 423 018b 02       		.byte	2
 424 018c 96       		.byte	-106
 425 018d 08       		.byte	8
 426 018e 98       		.byte	-104
 427 018f 01       		.byte	1
 428 0190 9E       		.byte	-98
 429 0191 01       		.byte	1
 430 0192 A0       		.byte	-96
 431 0193 02       		.byte	2
 432 0194 A4       		.byte	-92
 433 0195 08       		.byte	8
 434 0196 A8       		.byte	-88
 435 0197 20       		.byte	32
 436 0198 AA       		.byte	-86
 437 0199 10       		.byte	16
 438 019a AC       		.byte	-84
 439 019b 80       		.byte	-128
 440 019c AE       		.byte	-82
 441 019d 40       		.byte	64
 442 019e B5       		.byte	-75
 443 019f 01       		.byte	1
 444 01a0 B6       		.byte	-74
 445 01a1 FF       		.byte	-1
 446 01a2 BE       		.byte	-66
 447 01a3 40       		.byte	64
 448 01a4 D6       		.byte	-42
 449 01a5 02       		.byte	2
 450 01a6 D7       		.byte	-41
 451 01a7 32       		.byte	50
 452 01a8 D8       		.byte	-40
 453 01a9 04       		.byte	4
 454 01aa D9       		.byte	-39
 455 01ab 04       		.byte	4
 456 01ac DB       		.byte	-37
ARM GAS  C:\Users\BETTEF~1\AppData\Local\Temp\cc27XHIr.s 			page 9


 457 01ad 0C       		.byte	12
 458 01ae DC       		.byte	-36
 459 01af 10       		.byte	16
 460 01b0 DD       		.byte	-35
 461 01b1 10       		.byte	16
 462 01b2 DF       		.byte	-33
 463 01b3 01       		.byte	1
 464 01b4 00       		.byte	0
 465 01b5 48       		.byte	72
 466 01b6 01       		.byte	1
 467 01b7 21       		.byte	33
 468 01b8 04       		.byte	4
 469 01b9 40       		.byte	64
 470 01ba 05       		.byte	5
 471 01bb 20       		.byte	32
 472 01bc 08       		.byte	8
 473 01bd 40       		.byte	64
 474 01be 09       		.byte	9
 475 01bf 48       		.byte	72
 476 01c0 0A       		.byte	10
 477 01c1 86       		.byte	-122
 478 01c2 0B       		.byte	11
 479 01c3 C2       		.byte	-62
 480 01c4 0C       		.byte	12
 481 01c5 40       		.byte	64
 482 01c6 0D       		.byte	13
 483 01c7 18       		.byte	24
 484 01c8 0F       		.byte	15
 485 01c9 40       		.byte	64
 486 01ca 10       		.byte	16
 487 01cb 0A       		.byte	10
 488 01cc 11       		.byte	17
 489 01cd 04       		.byte	4
 490 01ce 12       		.byte	18
 491 01cf 40       		.byte	64
 492 01d0 13       		.byte	19
 493 01d1 02       		.byte	2
 494 01d2 16       		.byte	22
 495 01d3 08       		.byte	8
 496 01d4 1A       		.byte	26
 497 01d5 01       		.byte	1
 498 01d6 1F       		.byte	31
 499 01d7 20       		.byte	32
 500 01d8 20       		.byte	32
 501 01d9 08       		.byte	8
 502 01da 21       		.byte	33
 503 01db 10       		.byte	16
 504 01dc 22       		.byte	34
 505 01dd 10       		.byte	16
 506 01de 27       		.byte	39
 507 01df 20       		.byte	32
 508 01e0 28       		.byte	40
 509 01e1 40       		.byte	64
 510 01e2 29       		.byte	41
 511 01e3 20       		.byte	32
 512 01e4 2A       		.byte	42
 513 01e5 08       		.byte	8
ARM GAS  C:\Users\BETTEF~1\AppData\Local\Temp\cc27XHIr.s 			page 10


 514 01e6 2B       		.byte	43
 515 01e7 10       		.byte	16
 516 01e8 2D       		.byte	45
 517 01e9 20       		.byte	32
 518 01ea 2F       		.byte	47
 519 01eb 41       		.byte	65
 520 01ec 31       		.byte	49
 521 01ed 08       		.byte	8
 522 01ee 32       		.byte	50
 523 01ef 50       		.byte	80
 524 01f0 34       		.byte	52
 525 01f1 08       		.byte	8
 526 01f2 38       		.byte	56
 527 01f3 40       		.byte	64
 528 01f4 39       		.byte	57
 529 01f5 10       		.byte	16
 530 01f6 3C       		.byte	60
 531 01f7 48       		.byte	72
 532 01f8 3F       		.byte	63
 533 01f9 20       		.byte	32
 534 01fa 5B       		.byte	91
 535 01fb 04       		.byte	4
 536 01fc 5C       		.byte	92
 537 01fd 80       		.byte	-128
 538 01fe 5E       		.byte	94
 539 01ff 40       		.byte	64
 540 0200 62       		.byte	98
 541 0201 80       		.byte	-128
 542 0202 68       		.byte	104
 543 0203 0A       		.byte	10
 544 0204 69       		.byte	105
 545 0205 15       		.byte	21
 546 0206 71       		.byte	113
 547 0207 10       		.byte	16
 548 0208 72       		.byte	114
 549 0209 04       		.byte	4
 550 020a 73       		.byte	115
 551 020b 02       		.byte	2
 552 020c 79       		.byte	121
 553 020d 40       		.byte	64
 554 020e 7F       		.byte	127
 555 020f 02       		.byte	2
 556 0210 80       		.byte	-128
 557 0211 80       		.byte	-128
 558 0212 87       		.byte	-121
 559 0213 20       		.byte	32
 560 0214 92       		.byte	-110
 561 0215 82       		.byte	-126
 562 0216 94       		.byte	-108
 563 0217 40       		.byte	64
 564 0218 96       		.byte	-106
 565 0219 20       		.byte	32
 566 021a 97       		.byte	-105
 567 021b 34       		.byte	52
 568 021c 99       		.byte	-103
 569 021d 20       		.byte	32
 570 021e 9D       		.byte	-99
ARM GAS  C:\Users\BETTEF~1\AppData\Local\Temp\cc27XHIr.s 			page 11


 571 021f 10       		.byte	16
 572 0220 9E       		.byte	-98
 573 0221 40       		.byte	64
 574 0222 A4       		.byte	-92
 575 0223 02       		.byte	2
 576 0224 A5       		.byte	-91
 577 0225 08       		.byte	8
 578 0226 A6       		.byte	-90
 579 0227 04       		.byte	4
 580 0228 A7       		.byte	-89
 581 0229 01       		.byte	1
 582 022a AA       		.byte	-86
 583 022b 10       		.byte	16
 584 022c AB       		.byte	-85
 585 022d 80       		.byte	-128
 586 022e B2       		.byte	-78
 587 022f 01       		.byte	1
 588 0230 C0       		.byte	-64
 589 0231 CF       		.byte	-49
 590 0232 C2       		.byte	-62
 591 0233 FF       		.byte	-1
 592 0234 C4       		.byte	-60
 593 0235 4F       		.byte	79
 594 0236 CA       		.byte	-54
 595 0237 B7       		.byte	-73
 596 0238 CC       		.byte	-52
 597 0239 4E       		.byte	78
 598 023a CE       		.byte	-50
 599 023b 7C       		.byte	124
 600 023c D6       		.byte	-42
 601 023d 12       		.byte	18
 602 023e D8       		.byte	-40
 603 023f 08       		.byte	8
 604 0240 DE       		.byte	-34
 605 0241 18       		.byte	24
 606 0242 02       		.byte	2
 607 0243 04       		.byte	4
 608 0244 05       		.byte	5
 609 0245 01       		.byte	1
 610 0246 0C       		.byte	12
 611 0247 04       		.byte	4
 612 0248 10       		.byte	16
 613 0249 02       		.byte	2
 614 024a 14       		.byte	20
 615 024b 08       		.byte	8
 616 024c 1A       		.byte	26
 617 024d 01       		.byte	1
 618 024e 1B       		.byte	27
 619 024f 04       		.byte	4
 620 0250 1E       		.byte	30
 621 0251 10       		.byte	16
 622 0252 22       		.byte	34
 623 0253 02       		.byte	2
 624 0254 23       		.byte	35
 625 0255 02       		.byte	2
 626 0256 26       		.byte	38
 627 0257 08       		.byte	8
ARM GAS  C:\Users\BETTEF~1\AppData\Local\Temp\cc27XHIr.s 			page 12


 628 0258 2C       		.byte	44
 629 0259 01       		.byte	1
 630 025a 2D       		.byte	45
 631 025b 01       		.byte	1
 632 025c 31       		.byte	49
 633 025d 02       		.byte	2
 634 025e 33       		.byte	51
 635 025f 04       		.byte	4
 636 0260 34       		.byte	52
 637 0261 1F       		.byte	31
 638 0262 37       		.byte	55
 639 0263 01       		.byte	1
 640 0264 38       		.byte	56
 641 0265 20       		.byte	32
 642 0266 39       		.byte	57
 643 0267 80       		.byte	-128
 644 0268 3E       		.byte	62
 645 0269 10       		.byte	16
 646 026a 3F       		.byte	63
 647 026b 40       		.byte	64
 648 026c 56       		.byte	86
 649 026d 08       		.byte	8
 650 026e 58       		.byte	88
 651 026f 04       		.byte	4
 652 0270 59       		.byte	89
 653 0271 04       		.byte	4
 654 0272 5B       		.byte	91
 655 0273 04       		.byte	4
 656 0274 5C       		.byte	92
 657 0275 11       		.byte	17
 658 0276 5D       		.byte	93
 659 0277 90       		.byte	-112
 660 0278 5F       		.byte	95
 661 0279 01       		.byte	1
 662 027a 8E       		.byte	-114
 663 027b 08       		.byte	8
 664 027c 95       		.byte	-107
 665 027d 01       		.byte	1
 666 027e 96       		.byte	-106
 667 027f 01       		.byte	1
 668 0280 98       		.byte	-104
 669 0281 04       		.byte	4
 670 0282 9B       		.byte	-101
 671 0283 03       		.byte	3
 672 0284 9E       		.byte	-98
 673 0285 04       		.byte	4
 674 0286 A2       		.byte	-94
 675 0287 02       		.byte	2
 676 0288 A8       		.byte	-88
 677 0289 01       		.byte	1
 678 028a AC       		.byte	-84
 679 028b 08       		.byte	8
 680 028c B2       		.byte	-78
 681 028d 03       		.byte	3
 682 028e B3       		.byte	-77
 683 028f 01       		.byte	1
 684 0290 B4       		.byte	-76
ARM GAS  C:\Users\BETTEF~1\AppData\Local\Temp\cc27XHIr.s 			page 13


 685 0291 04       		.byte	4
 686 0292 B5       		.byte	-75
 687 0293 02       		.byte	2
 688 0294 B6       		.byte	-74
 689 0295 08       		.byte	8
 690 0296 BE       		.byte	-66
 691 0297 50       		.byte	80
 692 0298 D2       		.byte	-46
 693 0299 03       		.byte	3
 694 029a D3       		.byte	-45
 695 029b 02       		.byte	2
 696 029c D8       		.byte	-40
 697 029d 04       		.byte	4
 698 029e D9       		.byte	-39
 699 029f 0C       		.byte	12
 700 02a0 DB       		.byte	-37
 701 02a1 04       		.byte	4
 702 02a2 DC       		.byte	-36
 703 02a3 19       		.byte	25
 704 02a4 DD       		.byte	-35
 705 02a5 10       		.byte	16
 706 02a6 DF       		.byte	-33
 707 02a7 01       		.byte	1
 708 02a8 00       		.byte	0
 709 02a9 48       		.byte	72
 710 02aa 01       		.byte	1
 711 02ab 23       		.byte	35
 712 02ac 04       		.byte	4
 713 02ad 80       		.byte	-128
 714 02ae 08       		.byte	8
 715 02af 08       		.byte	8
 716 02b0 09       		.byte	9
 717 02b1 08       		.byte	8
 718 02b2 0A       		.byte	10
 719 02b3 85       		.byte	-123
 720 02b4 0E       		.byte	14
 721 02b5 28       		.byte	40
 722 02b6 0F       		.byte	15
 723 02b7 02       		.byte	2
 724 02b8 10       		.byte	16
 725 02b9 18       		.byte	24
 726 02ba 11       		.byte	17
 727 02bb 84       		.byte	-124
 728 02bc 13       		.byte	19
 729 02bd 02       		.byte	2
 730 02be 14       		.byte	20
 731 02bf 01       		.byte	1
 732 02c0 16       		.byte	22
 733 02c1 40       		.byte	64
 734 02c2 17       		.byte	23
 735 02c3 10       		.byte	16
 736 02c4 19       		.byte	25
 737 02c5 10       		.byte	16
 738 02c6 1B       		.byte	27
 739 02c7 10       		.byte	16
 740 02c8 1E       		.byte	30
 741 02c9 22       		.byte	34
ARM GAS  C:\Users\BETTEF~1\AppData\Local\Temp\cc27XHIr.s 			page 14


 742 02ca 1F       		.byte	31
 743 02cb 10       		.byte	16
 744 02cc 20       		.byte	32
 745 02cd 40       		.byte	64
 746 02ce 21       		.byte	33
 747 02cf 08       		.byte	8
 748 02d0 22       		.byte	34
 749 02d1 80       		.byte	-128
 750 02d2 27       		.byte	39
 751 02d3 18       		.byte	24
 752 02d4 29       		.byte	41
 753 02d5 22       		.byte	34
 754 02d6 2A       		.byte	42
 755 02d7 80       		.byte	-128
 756 02d8 2B       		.byte	43
 757 02d9 10       		.byte	16
 758 02da 30       		.byte	48
 759 02db 10       		.byte	16
 760 02dc 31       		.byte	49
 761 02dd 08       		.byte	8
 762 02de 32       		.byte	50
 763 02df 41       		.byte	65
 764 02e0 36       		.byte	54
 765 02e1 10       		.byte	16
 766 02e2 37       		.byte	55
 767 02e3 08       		.byte	8
 768 02e4 38       		.byte	56
 769 02e5 48       		.byte	72
 770 02e6 39       		.byte	57
 771 02e7 20       		.byte	32
 772 02e8 48       		.byte	72
 773 02e9 08       		.byte	8
 774 02ea 49       		.byte	73
 775 02eb 10       		.byte	16
 776 02ec 4A       		.byte	74
 777 02ed 08       		.byte	8
 778 02ee 59       		.byte	89
 779 02ef 80       		.byte	-128
 780 02f0 62       		.byte	98
 781 02f1 40       		.byte	64
 782 02f2 6C       		.byte	108
 783 02f3 04       		.byte	4
 784 02f4 6D       		.byte	109
 785 02f5 40       		.byte	64
 786 02f6 6F       		.byte	111
 787 02f7 06       		.byte	6
 788 02f8 7F       		.byte	127
 789 02f9 02       		.byte	2
 790 02fa 80       		.byte	-128
 791 02fb 40       		.byte	64
 792 02fc 82       		.byte	-126
 793 02fd 41       		.byte	65
 794 02fe 83       		.byte	-125
 795 02ff 10       		.byte	16
 796 0300 88       		.byte	-120
 797 0301 04       		.byte	4
 798 0302 91       		.byte	-111
ARM GAS  C:\Users\BETTEF~1\AppData\Local\Temp\cc27XHIr.s 			page 15


 799 0303 25       		.byte	37
 800 0304 92       		.byte	-110
 801 0305 87       		.byte	-121
 802 0306 94       		.byte	-108
 803 0307 40       		.byte	64
 804 0308 95       		.byte	-107
 805 0309 40       		.byte	64
 806 030a 96       		.byte	-106
 807 030b 40       		.byte	64
 808 030c 97       		.byte	-105
 809 030d 34       		.byte	52
 810 030e 99       		.byte	-103
 811 030f 20       		.byte	32
 812 0310 9B       		.byte	-101
 813 0311 02       		.byte	2
 814 0312 9C       		.byte	-100
 815 0313 08       		.byte	8
 816 0314 9F       		.byte	-97
 817 0315 04       		.byte	4
 818 0316 A0       		.byte	-96
 819 0317 04       		.byte	4
 820 0318 A1       		.byte	-95
 821 0319 40       		.byte	64
 822 031a A5       		.byte	-91
 823 031b 08       		.byte	8
 824 031c A6       		.byte	-90
 825 031d 84       		.byte	-124
 826 031e A7       		.byte	-89
 827 031f 13       		.byte	19
 828 0320 AB       		.byte	-85
 829 0321 20       		.byte	32
 830 0322 B1       		.byte	-79
 831 0323 20       		.byte	32
 832 0324 B6       		.byte	-74
 833 0325 40       		.byte	64
 834 0326 C0       		.byte	-64
 835 0327 8F       		.byte	-113
 836 0328 C2       		.byte	-62
 837 0329 EF       		.byte	-17
 838 032a C4       		.byte	-60
 839 032b DF       		.byte	-33
 840 032c CA       		.byte	-54
 841 032d 0F       		.byte	15
 842 032e CC       		.byte	-52
 843 032f 6F       		.byte	111
 844 0330 CE       		.byte	-50
 845 0331 0E       		.byte	14
 846 0332 D6       		.byte	-42
 847 0333 08       		.byte	8
 848 0334 D8       		.byte	-40
 849 0335 08       		.byte	8
 850 0336 DE       		.byte	-34
 851 0337 10       		.byte	16
 852 0338 E4       		.byte	-28
 853 0339 05       		.byte	5
 854 033a EA       		.byte	-22
 855 033b 08       		.byte	8
ARM GAS  C:\Users\BETTEF~1\AppData\Local\Temp\cc27XHIr.s 			page 16


 856 033c 02       		.byte	2
 857 033d 21       		.byte	33
 858 033e 03       		.byte	3
 859 033f 01       		.byte	1
 860 0340 04       		.byte	4
 861 0341 01       		.byte	1
 862 0342 06       		.byte	6
 863 0343 04       		.byte	4
 864 0344 0C       		.byte	12
 865 0345 10       		.byte	16
 866 0346 0E       		.byte	14
 867 0347 01       		.byte	1
 868 0348 12       		.byte	18
 869 0349 1E       		.byte	30
 870 034a 14       		.byte	20
 871 034b 01       		.byte	1
 872 034c 16       		.byte	22
 873 034d 08       		.byte	8
 874 034e 1C       		.byte	28
 875 034f 01       		.byte	1
 876 0350 1E       		.byte	30
 877 0351 02       		.byte	2
 878 0352 2D       		.byte	45
 879 0353 02       		.byte	2
 880 0354 30       		.byte	48
 881 0355 20       		.byte	32
 882 0356 32       		.byte	50
 883 0357 1F       		.byte	31
 884 0358 33       		.byte	51
 885 0359 01       		.byte	1
 886 035a 35       		.byte	53
 887 035b 02       		.byte	2
 888 035c 3E       		.byte	62
 889 035d 04       		.byte	4
 890 035e 3F       		.byte	63
 891 035f 10       		.byte	16
 892 0360 40       		.byte	64
 893 0361 01       		.byte	1
 894 0362 41       		.byte	65
 895 0363 02       		.byte	2
 896 0364 42       		.byte	66
 897 0365 10       		.byte	16
 898 0366 44       		.byte	68
 899 0367 03       		.byte	3
 900 0368 45       		.byte	69
 901 0369 BC       		.byte	-68
 902 036a 46       		.byte	70
 903 036b 0E       		.byte	14
 904 036c 47       		.byte	71
 905 036d FD       		.byte	-3
 906 036e 48       		.byte	72
 907 036f 37       		.byte	55
 908 0370 49       		.byte	73
 909 0371 FF       		.byte	-1
 910 0372 4A       		.byte	74
 911 0373 FF       		.byte	-1
 912 0374 4B       		.byte	75
ARM GAS  C:\Users\BETTEF~1\AppData\Local\Temp\cc27XHIr.s 			page 17


 913 0375 FF       		.byte	-1
 914 0376 4C       		.byte	76
 915 0377 22       		.byte	34
 916 0378 4E       		.byte	78
 917 0379 F0       		.byte	-16
 918 037a 4F       		.byte	79
 919 037b 0C       		.byte	12
 920 037c 50       		.byte	80
 921 037d 8C       		.byte	-116
 922 037e 51       		.byte	81
 923 037f 10       		.byte	16
 924 0380 56       		.byte	86
 925 0381 02       		.byte	2
 926 0382 57       		.byte	87
 927 0383 28       		.byte	40
 928 0384 58       		.byte	88
 929 0385 04       		.byte	4
 930 0386 59       		.byte	89
 931 0387 04       		.byte	4
 932 0388 5A       		.byte	90
 933 0389 24       		.byte	36
 934 038a 5B       		.byte	91
 935 038b 24       		.byte	36
 936 038c 5C       		.byte	92
 937 038d 08       		.byte	8
 938 038e 5D       		.byte	93
 939 038f 88       		.byte	-120
 940 0390 5E       		.byte	94
 941 0391 08       		.byte	8
 942 0392 5F       		.byte	95
 943 0393 21       		.byte	33
 944 0394 68       		.byte	104
 945 0395 40       		.byte	64
 946 0396 69       		.byte	105
 947 0397 01       		.byte	1
 948 0398 6A       		.byte	106
 949 0399 C0       		.byte	-64
 950 039a 6B       		.byte	107
 951 039b 01       		.byte	1
 952 039c D6       		.byte	-42
 953 039d 08       		.byte	8
 954 039e D8       		.byte	-40
 955 039f 04       		.byte	4
 956 03a0 D9       		.byte	-39
 957 03a1 04       		.byte	4
 958 03a2 DB       		.byte	-37
 959 03a3 04       		.byte	4
 960 03a4 DC       		.byte	-36
 961 03a5 11       		.byte	17
 962 03a6 DF       		.byte	-33
 963 03a7 01       		.byte	1
 964 03a8 00       		.byte	0
 965 03a9 48       		.byte	72
 966 03aa 01       		.byte	1
 967 03ab 20       		.byte	32
 968 03ac 06       		.byte	6
 969 03ad 80       		.byte	-128
ARM GAS  C:\Users\BETTEF~1\AppData\Local\Temp\cc27XHIr.s 			page 18


 970 03ae 07       		.byte	7
 971 03af 11       		.byte	17
 972 03b0 08       		.byte	8
 973 03b1 0C       		.byte	12
 974 03b2 0A       		.byte	10
 975 03b3 82       		.byte	-126
 976 03b4 0E       		.byte	14
 977 03b5 92       		.byte	-110
 978 03b6 11       		.byte	17
 979 03b7 10       		.byte	16
 980 03b8 12       		.byte	18
 981 03b9 08       		.byte	8
 982 03ba 1D       		.byte	29
 983 03bb 08       		.byte	8
 984 03bc 1E       		.byte	30
 985 03bd 80       		.byte	-128
 986 03be 26       		.byte	38
 987 03bf 14       		.byte	20
 988 03c0 29       		.byte	41
 989 03c1 28       		.byte	40
 990 03c2 2C       		.byte	44
 991 03c3 01       		.byte	1
 992 03c4 2E       		.byte	46
 993 03c5 40       		.byte	64
 994 03c6 2F       		.byte	47
 995 03c7 01       		.byte	1
 996 03c8 30       		.byte	48
 997 03c9 24       		.byte	36
 998 03ca 31       		.byte	49
 999 03cb 10       		.byte	16
 1000 03cc 32       		.byte	50
 1001 03cd 41       		.byte	65
 1002 03ce 38       		.byte	56
 1003 03cf 40       		.byte	64
 1004 03d0 3F       		.byte	63
 1005 03d1 02       		.byte	2
 1006 03d2 45       		.byte	69
 1007 03d3 08       		.byte	8
 1008 03d4 46       		.byte	70
 1009 03d5 04       		.byte	4
 1010 03d6 47       		.byte	71
 1011 03d7 40       		.byte	64
 1012 03d8 4C       		.byte	76
 1013 03d9 40       		.byte	64
 1014 03da 4E       		.byte	78
 1015 03db 10       		.byte	16
 1016 03dc 54       		.byte	84
 1017 03dd 88       		.byte	-120
 1018 03de 56       		.byte	86
 1019 03df 01       		.byte	1
 1020 03e0 5A       		.byte	90
 1021 03e1 20       		.byte	32
 1022 03e2 5B       		.byte	91
 1023 03e3 40       		.byte	64
 1024 03e4 5C       		.byte	92
 1025 03e5 20       		.byte	32
 1026 03e6 5E       		.byte	94
ARM GAS  C:\Users\BETTEF~1\AppData\Local\Temp\cc27XHIr.s 			page 19


 1027 03e7 20       		.byte	32
 1028 03e8 63       		.byte	99
 1029 03e9 06       		.byte	6
 1030 03ea 64       		.byte	100
 1031 03eb 20       		.byte	32
 1032 03ec 66       		.byte	102
 1033 03ed 04       		.byte	4
 1034 03ee 6D       		.byte	109
 1035 03ef 02       		.byte	2
 1036 03f0 6E       		.byte	110
 1037 03f1 12       		.byte	18
 1038 03f2 6F       		.byte	111
 1039 03f3 11       		.byte	17
 1040 03f4 7D       		.byte	125
 1041 03f5 08       		.byte	8
 1042 03f6 7F       		.byte	127
 1043 03f7 01       		.byte	1
 1044 03f8 82       		.byte	-126
 1045 03f9 40       		.byte	64
 1046 03fa 83       		.byte	-125
 1047 03fb 02       		.byte	2
 1048 03fc 86       		.byte	-122
 1049 03fd 80       		.byte	-128
 1050 03fe 90       		.byte	-112
 1051 03ff 40       		.byte	64
 1052 0400 92       		.byte	-110
 1053 0401 82       		.byte	-126
 1054 0402 94       		.byte	-108
 1055 0403 80       		.byte	-128
 1056 0404 97       		.byte	-105
 1057 0405 14       		.byte	20
 1058 0406 98       		.byte	-104
 1059 0407 08       		.byte	8
 1060 0408 99       		.byte	-103
 1061 0409 30       		.byte	48
 1062 040a 9C       		.byte	-100
 1063 040b 01       		.byte	1
 1064 040c A0       		.byte	-96
 1065 040d 04       		.byte	4
 1066 040e A2       		.byte	-94
 1067 040f 08       		.byte	8
 1068 0410 A6       		.byte	-90
 1069 0411 04       		.byte	4
 1070 0412 A7       		.byte	-89
 1071 0413 01       		.byte	1
 1072 0414 AA       		.byte	-86
 1073 0415 80       		.byte	-128
 1074 0416 AD       		.byte	-83
 1075 0417 80       		.byte	-128
 1076 0418 B5       		.byte	-75
 1077 0419 10       		.byte	16
 1078 041a C0       		.byte	-64
 1079 041b B7       		.byte	-73
 1080 041c C2       		.byte	-62
 1081 041d BD       		.byte	-67
 1082 041e C4       		.byte	-60
 1083 041f 02       		.byte	2
ARM GAS  C:\Users\BETTEF~1\AppData\Local\Temp\cc27XHIr.s 			page 20


 1084 0420 CA       		.byte	-54
 1085 0421 16       		.byte	22
 1086 0422 CC       		.byte	-52
 1087 0423 0F       		.byte	15
 1088 0424 CE       		.byte	-50
 1089 0425 88       		.byte	-120
 1090 0426 D0       		.byte	-48
 1091 0427 70       		.byte	112
 1092 0428 D6       		.byte	-42
 1093 0429 0C       		.byte	12
 1094 042a D8       		.byte	-40
 1095 042b 4C       		.byte	76
 1096 042c DE       		.byte	-34
 1097 042d 50       		.byte	80
 1098 042e EA       		.byte	-22
 1099 042f 01       		.byte	1
 1100 0430 B0       		.byte	-80
 1101 0431 04       		.byte	4
 1102 0432 B5       		.byte	-75
 1103 0433 08       		.byte	8
 1104 0434 B7       		.byte	-73
 1105 0435 04       		.byte	4
 1106 0436 E8       		.byte	-24
 1107 0437 40       		.byte	64
 1108 0438 EA       		.byte	-22
 1109 0439 01       		.byte	1
 1110 043a 11       		.byte	17
 1111 043b 01       		.byte	1
 1112 043c 35       		.byte	53
 1113 043d 01       		.byte	1
 1114 043e 3F       		.byte	63
 1115 043f 10       		.byte	16
 1116 0440 58       		.byte	88
 1117 0441 04       		.byte	4
 1118 0442 59       		.byte	89
 1119 0443 04       		.byte	4
 1120 0444 5B       		.byte	91
 1121 0445 04       		.byte	4
 1122 0446 5C       		.byte	92
 1123 0447 11       		.byte	17
 1124 0448 5F       		.byte	95
 1125 0449 01       		.byte	1
 1126 044a D8       		.byte	-40
 1127 044b 04       		.byte	4
 1128 044c D9       		.byte	-39
 1129 044d 04       		.byte	4
 1130 044e DC       		.byte	-36
 1131 044f 11       		.byte	17
 1132 0450 DF       		.byte	-33
 1133 0451 01       		.byte	1
 1134 0452 01       		.byte	1
 1135 0453 48       		.byte	72
 1136 0454 03       		.byte	3
 1137 0455 40       		.byte	64
 1138 0456 05       		.byte	5
 1139 0457 10       		.byte	16
 1140 0458 07       		.byte	7
ARM GAS  C:\Users\BETTEF~1\AppData\Local\Temp\cc27XHIr.s 			page 21


 1141 0459 40       		.byte	64
 1142 045a 08       		.byte	8
 1143 045b 24       		.byte	36
 1144 045c 09       		.byte	9
 1145 045d 80       		.byte	-128
 1146 045e 0C       		.byte	12
 1147 045f 04       		.byte	4
 1148 0460 0D       		.byte	13
 1149 0461 80       		.byte	-128
 1150 0462 0F       		.byte	15
 1151 0463 08       		.byte	8
 1152 0464 10       		.byte	16
 1153 0465 10       		.byte	16
 1154 0466 14       		.byte	20
 1155 0467 20       		.byte	32
 1156 0468 16       		.byte	22
 1157 0469 02       		.byte	2
 1158 046a 20       		.byte	32
 1159 046b 08       		.byte	8
 1160 046c 28       		.byte	40
 1161 046d 60       		.byte	96
 1162 046e 2B       		.byte	43
 1163 046f 24       		.byte	36
 1164 0470 2C       		.byte	44
 1165 0471 04       		.byte	4
 1166 0472 2D       		.byte	45
 1167 0473 10       		.byte	16
 1168 0474 2E       		.byte	46
 1169 0475 02       		.byte	2
 1170 0476 2F       		.byte	47
 1171 0477 20       		.byte	32
 1172 0478 30       		.byte	48
 1173 0479 12       		.byte	18
 1174 047a 31       		.byte	49
 1175 047b 90       		.byte	-112
 1176 047c 34       		.byte	52
 1177 047d 50       		.byte	80
 1178 047e 35       		.byte	53
 1179 047f 08       		.byte	8
 1180 0480 37       		.byte	55
 1181 0481 40       		.byte	64
 1182 0482 39       		.byte	57
 1183 0483 10       		.byte	16
 1184 0484 3A       		.byte	58
 1185 0485 02       		.byte	2
 1186 0486 3F       		.byte	63
 1187 0487 40       		.byte	64
 1188 0488 68       		.byte	104
 1189 0489 02       		.byte	2
 1190 048a 6B       		.byte	107
 1191 048b 02       		.byte	2
 1192 048c 81       		.byte	-127
 1193 048d 40       		.byte	64
 1194 048e 82       		.byte	-126
 1195 048f 02       		.byte	2
 1196 0490 87       		.byte	-121
 1197 0491 02       		.byte	2
ARM GAS  C:\Users\BETTEF~1\AppData\Local\Temp\cc27XHIr.s 			page 22


 1198 0492 89       		.byte	-119
 1199 0493 80       		.byte	-128
 1200 0494 8B       		.byte	-117
 1201 0495 40       		.byte	64
 1202 0496 97       		.byte	-105
 1203 0497 40       		.byte	64
 1204 0498 98       		.byte	-104
 1205 0499 34       		.byte	52
 1206 049a 9B       		.byte	-101
 1207 049b 40       		.byte	64
 1208 049c 9D       		.byte	-99
 1209 049d 10       		.byte	16
 1210 049e 9E       		.byte	-98
 1211 049f 02       		.byte	2
 1212 04a0 A4       		.byte	-92
 1213 04a1 02       		.byte	2
 1214 04a2 A7       		.byte	-89
 1215 04a3 04       		.byte	4
 1216 04a4 AD       		.byte	-83
 1217 04a5 40       		.byte	64
 1218 04a6 B0       		.byte	-80
 1219 04a7 10       		.byte	16
 1220 04a8 B1       		.byte	-79
 1221 04a9 04       		.byte	4
 1222 04aa B7       		.byte	-73
 1223 04ab 40       		.byte	64
 1224 04ac C0       		.byte	-64
 1225 04ad 5D       		.byte	93
 1226 04ae C2       		.byte	-62
 1227 04af E7       		.byte	-25
 1228 04b0 C4       		.byte	-60
 1229 04b1 A4       		.byte	-92
 1230 04b2 CA       		.byte	-54
 1231 04b3 E7       		.byte	-25
 1232 04b4 CC       		.byte	-52
 1233 04b5 7D       		.byte	125
 1234 04b6 CE       		.byte	-50
 1235 04b7 15       		.byte	21
 1236 04b8 E0       		.byte	-32
 1237 04b9 20       		.byte	32
 1238 04ba E4       		.byte	-28
 1239 04bb 03       		.byte	3
 1240 04bc E8       		.byte	-24
 1241 04bd 30       		.byte	48
 1242 04be EA       		.byte	-22
 1243 04bf 08       		.byte	8
 1244 04c0 EC       		.byte	-20
 1245 04c1 08       		.byte	8
 1246 04c2 40       		.byte	64
 1247 04c3 60       		.byte	96
 1248 04c4 41       		.byte	65
 1249 04c5 04       		.byte	4
 1250 04c6 49       		.byte	73
 1251 04c7 FF       		.byte	-1
 1252 04c8 4A       		.byte	74
 1253 04c9 FF       		.byte	-1
 1254 04ca 4B       		.byte	75
ARM GAS  C:\Users\BETTEF~1\AppData\Local\Temp\cc27XHIr.s 			page 23


 1255 04cb FF       		.byte	-1
 1256 04cc 4D       		.byte	77
 1257 04cd A0       		.byte	-96
 1258 04ce 4F       		.byte	79
 1259 04cf 04       		.byte	4
 1260 04d0 50       		.byte	80
 1261 04d1 18       		.byte	24
 1262 04d2 58       		.byte	88
 1263 04d3 04       		.byte	4
 1264 04d4 59       		.byte	89
 1265 04d5 04       		.byte	4
 1266 04d6 5A       		.byte	90
 1267 04d7 04       		.byte	4
 1268 04d8 5C       		.byte	92
 1269 04d9 11       		.byte	17
 1270 04da 5D       		.byte	93
 1271 04db 03       		.byte	3
 1272 04dc 5F       		.byte	95
 1273 04dd 01       		.byte	1
 1274 04de 60       		.byte	96
 1275 04df 40       		.byte	64
 1276 04e0 62       		.byte	98
 1277 04e1 C0       		.byte	-64
 1278 04e2 64       		.byte	100
 1279 04e3 40       		.byte	64
 1280 04e4 65       		.byte	101
 1281 04e5 40       		.byte	64
 1282 04e6 66       		.byte	102
 1283 04e7 C0       		.byte	-64
 1284 04e8 68       		.byte	104
 1285 04e9 C0       		.byte	-64
 1286 04ea 6A       		.byte	106
 1287 04eb C0       		.byte	-64
 1288 04ec 6C       		.byte	108
 1289 04ed C0       		.byte	-64
 1290 04ee 6E       		.byte	110
 1291 04ef C0       		.byte	-64
 1292 04f0 84       		.byte	-124
 1293 04f1 18       		.byte	24
 1294 04f2 88       		.byte	-120
 1295 04f3 02       		.byte	2
 1296 04f4 89       		.byte	-119
 1297 04f5 01       		.byte	1
 1298 04f6 8A       		.byte	-118
 1299 04f7 04       		.byte	4
 1300 04f8 8D       		.byte	-115
 1301 04f9 01       		.byte	1
 1302 04fa 91       		.byte	-111
 1303 04fb 02       		.byte	2
 1304 04fc 92       		.byte	-110
 1305 04fd 01       		.byte	1
 1306 04fe 93       		.byte	-109
 1307 04ff 04       		.byte	4
 1308 0500 94       		.byte	-108
 1309 0501 18       		.byte	24
 1310 0502 99       		.byte	-103
 1311 0503 01       		.byte	1
ARM GAS  C:\Users\BETTEF~1\AppData\Local\Temp\cc27XHIr.s 			page 24


 1312 0504 9A       		.byte	-102
 1313 0505 08       		.byte	8
 1314 0506 A9       		.byte	-87
 1315 0507 02       		.byte	2
 1316 0508 AB       		.byte	-85
 1317 0509 04       		.byte	4
 1318 050a AC       		.byte	-84
 1319 050b 04       		.byte	4
 1320 050c AE       		.byte	-82
 1321 050d 02       		.byte	2
 1322 050e B0       		.byte	-80
 1323 050f 10       		.byte	16
 1324 0510 B1       		.byte	-79
 1325 0511 01       		.byte	1
 1326 0512 B2       		.byte	-78
 1327 0513 08       		.byte	8
 1328 0514 B3       		.byte	-77
 1329 0515 06       		.byte	6
 1330 0516 B4       		.byte	-76
 1331 0517 01       		.byte	1
 1332 0518 B6       		.byte	-74
 1333 0519 06       		.byte	6
 1334 051a BE       		.byte	-66
 1335 051b 40       		.byte	64
 1336 051c BF       		.byte	-65
 1337 051d 04       		.byte	4
 1338 051e C0       		.byte	-64
 1339 051f 60       		.byte	96
 1340 0520 C1       		.byte	-63
 1341 0521 04       		.byte	4
 1342 0522 C5       		.byte	-59
 1343 0523 D0       		.byte	-48
 1344 0524 C6       		.byte	-58
 1345 0525 12       		.byte	18
 1346 0526 C8       		.byte	-56
 1347 0527 0F       		.byte	15
 1348 0528 C9       		.byte	-55
 1349 0529 FF       		.byte	-1
 1350 052a CA       		.byte	-54
 1351 052b FF       		.byte	-1
 1352 052c CB       		.byte	-53
 1353 052d FF       		.byte	-1
 1354 052e CD       		.byte	-51
 1355 052f AF       		.byte	-81
 1356 0530 CE       		.byte	-50
 1357 0531 0F       		.byte	15
 1358 0532 CF       		.byte	-49
 1359 0533 04       		.byte	4
 1360 0534 D0       		.byte	-48
 1361 0535 18       		.byte	24
 1362 0536 D2       		.byte	-46
 1363 0537 80       		.byte	-128
 1364 0538 D8       		.byte	-40
 1365 0539 04       		.byte	4
 1366 053a D9       		.byte	-39
 1367 053b 04       		.byte	4
 1368 053c DA       		.byte	-38
ARM GAS  C:\Users\BETTEF~1\AppData\Local\Temp\cc27XHIr.s 			page 25


 1369 053d 04       		.byte	4
 1370 053e DB       		.byte	-37
 1371 053f 04       		.byte	4
 1372 0540 DC       		.byte	-36
 1373 0541 33       		.byte	51
 1374 0542 DD       		.byte	-35
 1375 0543 33       		.byte	51
 1376 0544 DF       		.byte	-33
 1377 0545 01       		.byte	1
 1378 0546 E0       		.byte	-32
 1379 0547 40       		.byte	64
 1380 0548 E2       		.byte	-30
 1381 0549 C0       		.byte	-64
 1382 054a E4       		.byte	-28
 1383 054b 40       		.byte	64
 1384 054c E5       		.byte	-27
 1385 054d 40       		.byte	64
 1386 054e E6       		.byte	-26
 1387 054f C0       		.byte	-64
 1388 0550 E8       		.byte	-24
 1389 0551 C0       		.byte	-64
 1390 0552 EA       		.byte	-22
 1391 0553 C0       		.byte	-64
 1392 0554 EC       		.byte	-20
 1393 0555 C0       		.byte	-64
 1394 0556 EE       		.byte	-18
 1395 0557 C0       		.byte	-64
 1396 0558 02       		.byte	2
 1397 0559 20       		.byte	32
 1398 055a 03       		.byte	3
 1399 055b 08       		.byte	8
 1400 055c 05       		.byte	5
 1401 055d 10       		.byte	16
 1402 055e 07       		.byte	7
 1403 055f 50       		.byte	80
 1404 0560 0A       		.byte	10
 1405 0561 48       		.byte	72
 1406 0562 0B       		.byte	11
 1407 0563 20       		.byte	32
 1408 0564 0C       		.byte	12
 1409 0565 04       		.byte	4
 1410 0566 0F       		.byte	15
 1411 0567 48       		.byte	72
 1412 0568 10       		.byte	16
 1413 0569 02       		.byte	2
 1414 056a 16       		.byte	22
 1415 056b 02       		.byte	2
 1416 056c 18       		.byte	24
 1417 056d 80       		.byte	-128
 1418 056e 19       		.byte	25
 1419 056f 40       		.byte	64
 1420 0570 1A       		.byte	26
 1421 0571 08       		.byte	8
 1422 0572 1B       		.byte	27
 1423 0573 08       		.byte	8
 1424 0574 21       		.byte	33
 1425 0575 08       		.byte	8
ARM GAS  C:\Users\BETTEF~1\AppData\Local\Temp\cc27XHIr.s 			page 26


 1426 0576 23       		.byte	35
 1427 0577 80       		.byte	-128
 1428 0578 2B       		.byte	43
 1429 0579 08       		.byte	8
 1430 057a 2C       		.byte	44
 1431 057b 14       		.byte	20
 1432 057c 2E       		.byte	46
 1433 057d 02       		.byte	2
 1434 057e 30       		.byte	48
 1435 057f 02       		.byte	2
 1436 0580 32       		.byte	50
 1437 0581 20       		.byte	32
 1438 0582 34       		.byte	52
 1439 0583 20       		.byte	32
 1440 0584 35       		.byte	53
 1441 0585 20       		.byte	32
 1442 0586 37       		.byte	55
 1443 0587 50       		.byte	80
 1444 0588 38       		.byte	56
 1445 0589 80       		.byte	-128
 1446 058a 3B       		.byte	59
 1447 058b 20       		.byte	32
 1448 058c 3F       		.byte	63
 1449 058d 48       		.byte	72
 1450 058e 40       		.byte	64
 1451 058f 80       		.byte	-128
 1452 0590 44       		.byte	68
 1453 0591 80       		.byte	-128
 1454 0592 46       		.byte	70
 1455 0593 40       		.byte	64
 1456 0594 49       		.byte	73
 1457 0595 01       		.byte	1
 1458 0596 4A       		.byte	74
 1459 0597 28       		.byte	40
 1460 0598 4E       		.byte	78
 1461 0599 0C       		.byte	12
 1462 059a 51       		.byte	81
 1463 059b 80       		.byte	-128
 1464 059c 52       		.byte	82
 1465 059d 40       		.byte	64
 1466 059e 53       		.byte	83
 1467 059f 10       		.byte	16
 1468 05a0 72       		.byte	114
 1469 05a1 40       		.byte	64
 1470 05a2 81       		.byte	-127
 1471 05a3 08       		.byte	8
 1472 05a4 95       		.byte	-107
 1473 05a5 04       		.byte	4
 1474 05a6 97       		.byte	-105
 1475 05a7 40       		.byte	64
 1476 05a8 98       		.byte	-104
 1477 05a9 04       		.byte	4
 1478 05aa 99       		.byte	-103
 1479 05ab 20       		.byte	32
 1480 05ac 9D       		.byte	-99
 1481 05ad 01       		.byte	1
 1482 05ae 9E       		.byte	-98
ARM GAS  C:\Users\BETTEF~1\AppData\Local\Temp\cc27XHIr.s 			page 27


 1483 05af 02       		.byte	2
 1484 05b0 9F       		.byte	-97
 1485 05b1 C0       		.byte	-64
 1486 05b2 A5       		.byte	-91
 1487 05b3 80       		.byte	-128
 1488 05b4 A6       		.byte	-90
 1489 05b5 08       		.byte	8
 1490 05b6 A7       		.byte	-89
 1491 05b7 04       		.byte	4
 1492 05b8 B0       		.byte	-80
 1493 05b9 80       		.byte	-128
 1494 05ba B1       		.byte	-79
 1495 05bb 20       		.byte	32
 1496 05bc C0       		.byte	-64
 1497 05bd 76       		.byte	118
 1498 05be C2       		.byte	-62
 1499 05bf 7E       		.byte	126
 1500 05c0 C4       		.byte	-60
 1501 05c1 81       		.byte	-127
 1502 05c2 CA       		.byte	-54
 1503 05c3 E4       		.byte	-28
 1504 05c4 CC       		.byte	-52
 1505 05c5 35       		.byte	53
 1506 05c6 CE       		.byte	-50
 1507 05c7 5C       		.byte	92
 1508 05c8 D0       		.byte	-48
 1509 05c9 81       		.byte	-127
 1510 05ca D2       		.byte	-46
 1511 05cb 24       		.byte	36
 1512 05cc E0       		.byte	-32
 1513 05cd 01       		.byte	1
 1514 05ce E8       		.byte	-24
 1515 05cf 20       		.byte	32
 1516 05d0 1E       		.byte	30
 1517 05d1 01       		.byte	1
 1518 05d2 2A       		.byte	42
 1519 05d3 01       		.byte	1
 1520 05d4 32       		.byte	50
 1521 05d5 01       		.byte	1
 1522 05d6 3E       		.byte	62
 1523 05d7 04       		.byte	4
 1524 05d8 54       		.byte	84
 1525 05d9 05       		.byte	5
 1526 05da 56       		.byte	86
 1527 05db 04       		.byte	4
 1528 05dc 58       		.byte	88
 1529 05dd 04       		.byte	4
 1530 05de 59       		.byte	89
 1531 05df 04       		.byte	4
 1532 05e0 5B       		.byte	91
 1533 05e1 04       		.byte	4
 1534 05e2 5C       		.byte	92
 1535 05e3 11       		.byte	17
 1536 05e4 5D       		.byte	93
 1537 05e5 30       		.byte	48
 1538 05e6 5F       		.byte	95
 1539 05e7 01       		.byte	1
ARM GAS  C:\Users\BETTEF~1\AppData\Local\Temp\cc27XHIr.s 			page 28


 1540 05e8 D8       		.byte	-40
 1541 05e9 04       		.byte	4
 1542 05ea D9       		.byte	-39
 1543 05eb 04       		.byte	4
 1544 05ec DC       		.byte	-36
 1545 05ed 11       		.byte	17
 1546 05ee DF       		.byte	-33
 1547 05ef 01       		.byte	1
 1548 05f0 01       		.byte	1
 1549 05f1 24       		.byte	36
 1550 05f2 03       		.byte	3
 1551 05f3 50       		.byte	80
 1552 05f4 06       		.byte	6
 1553 05f5 02       		.byte	2
 1554 05f6 07       		.byte	7
 1555 05f7 12       		.byte	18
 1556 05f8 08       		.byte	8
 1557 05f9 04       		.byte	4
 1558 05fa 09       		.byte	9
 1559 05fb 80       		.byte	-128
 1560 05fc 0C       		.byte	12
 1561 05fd 10       		.byte	16
 1562 05fe 0F       		.byte	15
 1563 05ff 48       		.byte	72
 1564 0600 10       		.byte	16
 1565 0601 10       		.byte	16
 1566 0602 12       		.byte	18
 1567 0603 08       		.byte	8
 1568 0604 13       		.byte	19
 1569 0605 42       		.byte	66
 1570 0606 14       		.byte	20
 1571 0607 84       		.byte	-124
 1572 0608 15       		.byte	21
 1573 0609 20       		.byte	32
 1574 060a 17       		.byte	23
 1575 060b 40       		.byte	64
 1576 060c 19       		.byte	25
 1577 060d 04       		.byte	4
 1578 060e 28       		.byte	40
 1579 060f 80       		.byte	-128
 1580 0610 2B       		.byte	43
 1581 0611 04       		.byte	4
 1582 0612 2F       		.byte	47
 1583 0613 04       		.byte	4
 1584 0614 33       		.byte	51
 1585 0615 40       		.byte	64
 1586 0616 34       		.byte	52
 1587 0617 04       		.byte	4
 1588 0618 35       		.byte	53
 1589 0619 20       		.byte	32
 1590 061a 37       		.byte	55
 1591 061b 40       		.byte	64
 1592 061c 39       		.byte	57
 1593 061d 24       		.byte	36
 1594 061e 3A       		.byte	58
 1595 061f 02       		.byte	2
 1596 0620 3B       		.byte	59
ARM GAS  C:\Users\BETTEF~1\AppData\Local\Temp\cc27XHIr.s 			page 29


 1597 0621 48       		.byte	72
 1598 0622 3E       		.byte	62
 1599 0623 02       		.byte	2
 1600 0624 3F       		.byte	63
 1601 0625 48       		.byte	72
 1602 0626 59       		.byte	89
 1603 0627 05       		.byte	5
 1604 0628 5B       		.byte	91
 1605 0629 80       		.byte	-128
 1606 062a 60       		.byte	96
 1607 062b 40       		.byte	64
 1608 062c 83       		.byte	-125
 1609 062d 04       		.byte	4
 1610 062e 85       		.byte	-123
 1611 062f 10       		.byte	16
 1612 0630 8C       		.byte	-116
 1613 0631 40       		.byte	64
 1614 0632 C0       		.byte	-64
 1615 0633 AE       		.byte	-82
 1616 0634 C2       		.byte	-62
 1617 0635 55       		.byte	85
 1618 0636 C4       		.byte	-60
 1619 0637 DF       		.byte	-33
 1620 0638 CA       		.byte	-54
 1621 0639 25       		.byte	37
 1622 063a CC       		.byte	-52
 1623 063b 78       		.byte	120
 1624 063c CE       		.byte	-50
 1625 063d DF       		.byte	-33
 1626 063e D6       		.byte	-42
 1627 063f 0B       		.byte	11
 1628 0640 D8       		.byte	-40
 1629 0641 01       		.byte	1
 1630 0642 E2       		.byte	-30
 1631 0643 40       		.byte	64
 1632 0644 40       		.byte	64
 1633 0645 20       		.byte	32
 1634 0646 41       		.byte	65
 1635 0647 03       		.byte	3
 1636 0648 49       		.byte	73
 1637 0649 FF       		.byte	-1
 1638 064a 4A       		.byte	74
 1639 064b FF       		.byte	-1
 1640 064c 4B       		.byte	75
 1641 064d FF       		.byte	-1
 1642 064e 4D       		.byte	77
 1643 064f A0       		.byte	-96
 1644 0650 4F       		.byte	79
 1645 0651 04       		.byte	4
 1646 0652 50       		.byte	80
 1647 0653 18       		.byte	24
 1648 0654 58       		.byte	88
 1649 0655 04       		.byte	4
 1650 0656 59       		.byte	89
 1651 0657 04       		.byte	4
 1652 0658 5A       		.byte	90
 1653 0659 04       		.byte	4
ARM GAS  C:\Users\BETTEF~1\AppData\Local\Temp\cc27XHIr.s 			page 30


 1654 065a 5B       		.byte	91
 1655 065b 04       		.byte	4
 1656 065c 5C       		.byte	92
 1657 065d 11       		.byte	17
 1658 065e 5D       		.byte	93
 1659 065f 02       		.byte	2
 1660 0660 5F       		.byte	95
 1661 0661 01       		.byte	1
 1662 0662 60       		.byte	96
 1663 0663 40       		.byte	64
 1664 0664 62       		.byte	98
 1665 0665 C0       		.byte	-64
 1666 0666 64       		.byte	100
 1667 0667 40       		.byte	64
 1668 0668 65       		.byte	101
 1669 0669 40       		.byte	64
 1670 066a 66       		.byte	102
 1671 066b C0       		.byte	-64
 1672 066c 68       		.byte	104
 1673 066d C0       		.byte	-64
 1674 066e 6A       		.byte	106
 1675 066f C0       		.byte	-64
 1676 0670 6C       		.byte	108
 1677 0671 C0       		.byte	-64
 1678 0672 6E       		.byte	110
 1679 0673 C0       		.byte	-64
 1680 0674 81       		.byte	-127
 1681 0675 01       		.byte	1
 1682 0676 82       		.byte	-126
 1683 0677 01       		.byte	1
 1684 0678 89       		.byte	-119
 1685 0679 01       		.byte	1
 1686 067a 8A       		.byte	-118
 1687 067b 04       		.byte	4
 1688 067c 8C       		.byte	-116
 1689 067d 0C       		.byte	12
 1690 067e 8D       		.byte	-115
 1691 067f 0C       		.byte	12
 1692 0680 8F       		.byte	-113
 1693 0681 12       		.byte	18
 1694 0682 94       		.byte	-108
 1695 0683 0C       		.byte	12
 1696 0684 99       		.byte	-103
 1697 0685 0A       		.byte	10
 1698 0686 9B       		.byte	-101
 1699 0687 14       		.byte	20
 1700 0688 A7       		.byte	-89
 1701 0689 20       		.byte	32
 1702 068a AB       		.byte	-85
 1703 068b 20       		.byte	32
 1704 068c AC       		.byte	-84
 1705 068d 02       		.byte	2
 1706 068e AD       		.byte	-83
 1707 068f 01       		.byte	1
 1708 0690 B0       		.byte	-80
 1709 0691 08       		.byte	8
 1710 0692 B1       		.byte	-79
ARM GAS  C:\Users\BETTEF~1\AppData\Local\Temp\cc27XHIr.s 			page 31


 1711 0693 06       		.byte	6
 1712 0694 B2       		.byte	-78
 1713 0695 04       		.byte	4
 1714 0696 B3       		.byte	-77
 1715 0697 18       		.byte	24
 1716 0698 B4       		.byte	-76
 1717 0699 01       		.byte	1
 1718 069a B5       		.byte	-75
 1719 069b 20       		.byte	32
 1720 069c B6       		.byte	-74
 1721 069d 02       		.byte	2
 1722 069e B7       		.byte	-73
 1723 069f 01       		.byte	1
 1724 06a0 BE       		.byte	-66
 1725 06a1 40       		.byte	64
 1726 06a2 BF       		.byte	-65
 1727 06a3 15       		.byte	21
 1728 06a4 C0       		.byte	-64
 1729 06a5 30       		.byte	48
 1730 06a6 C1       		.byte	-63
 1731 06a7 02       		.byte	2
 1732 06a8 C5       		.byte	-59
 1733 06a9 D0       		.byte	-48
 1734 06aa C6       		.byte	-58
 1735 06ab 10       		.byte	16
 1736 06ac C7       		.byte	-57
 1737 06ad 02       		.byte	2
 1738 06ae C8       		.byte	-56
 1739 06af 3A       		.byte	58
 1740 06b0 C9       		.byte	-55
 1741 06b1 FF       		.byte	-1
 1742 06b2 CA       		.byte	-54
 1743 06b3 FF       		.byte	-1
 1744 06b4 CB       		.byte	-53
 1745 06b5 FF       		.byte	-1
 1746 06b6 CD       		.byte	-51
 1747 06b7 AF       		.byte	-81
 1748 06b8 CE       		.byte	-50
 1749 06b9 0F       		.byte	15
 1750 06ba CF       		.byte	-49
 1751 06bb 04       		.byte	4
 1752 06bc D0       		.byte	-48
 1753 06bd 18       		.byte	24
 1754 06be D2       		.byte	-46
 1755 06bf 80       		.byte	-128
 1756 06c0 D4       		.byte	-44
 1757 06c1 05       		.byte	5
 1758 06c2 D6       		.byte	-42
 1759 06c3 04       		.byte	4
 1760 06c4 D8       		.byte	-40
 1761 06c5 04       		.byte	4
 1762 06c6 D9       		.byte	-39
 1763 06c7 04       		.byte	4
 1764 06c8 DA       		.byte	-38
 1765 06c9 04       		.byte	4
 1766 06ca DB       		.byte	-37
 1767 06cb 04       		.byte	4
ARM GAS  C:\Users\BETTEF~1\AppData\Local\Temp\cc27XHIr.s 			page 32


 1768 06cc DC       		.byte	-36
 1769 06cd 22       		.byte	34
 1770 06ce DD       		.byte	-35
 1771 06cf 22       		.byte	34
 1772 06d0 DF       		.byte	-33
 1773 06d1 01       		.byte	1
 1774 06d2 E0       		.byte	-32
 1775 06d3 40       		.byte	64
 1776 06d4 E2       		.byte	-30
 1777 06d5 C0       		.byte	-64
 1778 06d6 E4       		.byte	-28
 1779 06d7 40       		.byte	64
 1780 06d8 E5       		.byte	-27
 1781 06d9 40       		.byte	64
 1782 06da E6       		.byte	-26
 1783 06db C0       		.byte	-64
 1784 06dc E8       		.byte	-24
 1785 06dd C0       		.byte	-64
 1786 06de EA       		.byte	-22
 1787 06df C0       		.byte	-64
 1788 06e0 EC       		.byte	-20
 1789 06e1 C0       		.byte	-64
 1790 06e2 EE       		.byte	-18
 1791 06e3 C0       		.byte	-64
 1792 06e4 00       		.byte	0
 1793 06e5 48       		.byte	72
 1794 06e6 01       		.byte	1
 1795 06e7 20       		.byte	32
 1796 06e8 05       		.byte	5
 1797 06e9 11       		.byte	17
 1798 06ea 06       		.byte	6
 1799 06eb 01       		.byte	1
 1800 06ec 08       		.byte	8
 1801 06ed 08       		.byte	8
 1802 06ee 09       		.byte	9
 1803 06ef 08       		.byte	8
 1804 06f0 0A       		.byte	10
 1805 06f1 02       		.byte	2
 1806 06f2 0F       		.byte	15
 1807 06f3 20       		.byte	32
 1808 06f4 10       		.byte	16
 1809 06f5 80       		.byte	-128
 1810 06f6 11       		.byte	17
 1811 06f7 10       		.byte	16
 1812 06f8 13       		.byte	19
 1813 06f9 02       		.byte	2
 1814 06fa 15       		.byte	21
 1815 06fb 40       		.byte	64
 1816 06fc 1D       		.byte	29
 1817 06fd 90       		.byte	-112
 1818 06fe 1E       		.byte	30
 1819 06ff 60       		.byte	96
 1820 0700 1F       		.byte	31
 1821 0701 20       		.byte	32
 1822 0702 26       		.byte	38
 1823 0703 4A       		.byte	74
 1824 0704 27       		.byte	39
ARM GAS  C:\Users\BETTEF~1\AppData\Local\Temp\cc27XHIr.s 			page 33


 1825 0705 08       		.byte	8
 1826 0706 29       		.byte	41
 1827 0707 28       		.byte	40
 1828 0708 2E       		.byte	46
 1829 0709 40       		.byte	64
 1830 070a 2F       		.byte	47
 1831 070b 28       		.byte	40
 1832 070c 30       		.byte	48
 1833 070d 80       		.byte	-128
 1834 070e 31       		.byte	49
 1835 070f 08       		.byte	8
 1836 0710 32       		.byte	50
 1837 0711 01       		.byte	1
 1838 0712 36       		.byte	54
 1839 0713 10       		.byte	16
 1840 0714 38       		.byte	56
 1841 0715 40       		.byte	64
 1842 0716 39       		.byte	57
 1843 0717 10       		.byte	16
 1844 0718 3D       		.byte	61
 1845 0719 40       		.byte	64
 1846 071a 3F       		.byte	63
 1847 071b 22       		.byte	34
 1848 071c 43       		.byte	67
 1849 071d 28       		.byte	40
 1850 071e 45       		.byte	69
 1851 071f 04       		.byte	4
 1852 0720 46       		.byte	70
 1853 0721 04       		.byte	4
 1854 0722 4F       		.byte	79
 1855 0723 01       		.byte	1
 1856 0724 56       		.byte	86
 1857 0725 05       		.byte	5
 1858 0726 57       		.byte	87
 1859 0727 19       		.byte	25
 1860 0728 5E       		.byte	94
 1861 0729 80       		.byte	-128
 1862 072a 5F       		.byte	95
 1863 072b 09       		.byte	9
 1864 072c 66       		.byte	102
 1865 072d 02       		.byte	2
 1866 072e 69       		.byte	105
 1867 072f 40       		.byte	64
 1868 0730 75       		.byte	117
 1869 0731 01       		.byte	1
 1870 0732 7D       		.byte	125
 1871 0733 08       		.byte	8
 1872 0734 7F       		.byte	127
 1873 0735 20       		.byte	32
 1874 0736 81       		.byte	-127
 1875 0737 40       		.byte	64
 1876 0738 86       		.byte	-122
 1877 0739 02       		.byte	2
 1878 073a 8A       		.byte	-118
 1879 073b 0A       		.byte	10
 1880 073c 8D       		.byte	-115
 1881 073d 80       		.byte	-128
ARM GAS  C:\Users\BETTEF~1\AppData\Local\Temp\cc27XHIr.s 			page 34


 1882 073e 90       		.byte	-112
 1883 073f 40       		.byte	64
 1884 0740 91       		.byte	-111
 1885 0741 10       		.byte	16
 1886 0742 92       		.byte	-110
 1887 0743 02       		.byte	2
 1888 0744 98       		.byte	-104
 1889 0745 08       		.byte	8
 1890 0746 99       		.byte	-103
 1891 0747 28       		.byte	40
 1892 0748 9B       		.byte	-101
 1893 0749 02       		.byte	2
 1894 074a A0       		.byte	-96
 1895 074b 04       		.byte	4
 1896 074c A8       		.byte	-88
 1897 074d 80       		.byte	-128
 1898 074e AB       		.byte	-85
 1899 074f 10       		.byte	16
 1900 0750 B6       		.byte	-74
 1901 0751 10       		.byte	16
 1902 0752 B7       		.byte	-73
 1903 0753 80       		.byte	-128
 1904 0754 C0       		.byte	-64
 1905 0755 D7       		.byte	-41
 1906 0756 C2       		.byte	-62
 1907 0757 25       		.byte	37
 1908 0758 C4       		.byte	-60
 1909 0759 8A       		.byte	-118
 1910 075a CA       		.byte	-54
 1911 075b 76       		.byte	118
 1912 075c CC       		.byte	-52
 1913 075d 2B       		.byte	43
 1914 075e CE       		.byte	-50
 1915 075f BC       		.byte	-68
 1916 0760 D0       		.byte	-48
 1917 0761 66       		.byte	102
 1918 0762 D6       		.byte	-42
 1919 0763 D0       		.byte	-48
 1920 0764 D8       		.byte	-40
 1921 0765 80       		.byte	-128
 1922 0766 E2       		.byte	-30
 1923 0767 10       		.byte	16
 1924 0768 E6       		.byte	-26
 1925 0769 A0       		.byte	-96
 1926 076a EC       		.byte	-20
 1927 076b 20       		.byte	32
 1928 076c 01       		.byte	1
 1929 076d 01       		.byte	1
 1930 076e 02       		.byte	2
 1931 076f 01       		.byte	1
 1932 0770 09       		.byte	9
 1933 0771 01       		.byte	1
 1934 0772 13       		.byte	19
 1935 0773 01       		.byte	1
 1936 0774 16       		.byte	22
 1937 0775 01       		.byte	1
 1938 0776 19       		.byte	25
ARM GAS  C:\Users\BETTEF~1\AppData\Local\Temp\cc27XHIr.s 			page 35


 1939 0777 01       		.byte	1
 1940 0778 1C       		.byte	28
 1941 0779 01       		.byte	1
 1942 077a 24       		.byte	36
 1943 077b 01       		.byte	1
 1944 077c 2C       		.byte	44
 1945 077d 01       		.byte	1
 1946 077e 31       		.byte	49
 1947 077f 01       		.byte	1
 1948 0780 32       		.byte	50
 1949 0781 01       		.byte	1
 1950 0782 3E       		.byte	62
 1951 0783 04       		.byte	4
 1952 0784 3F       		.byte	63
 1953 0785 01       		.byte	1
 1954 0786 56       		.byte	86
 1955 0787 08       		.byte	8
 1956 0788 58       		.byte	88
 1957 0789 04       		.byte	4
 1958 078a 59       		.byte	89
 1959 078b 04       		.byte	4
 1960 078c 5B       		.byte	91
 1961 078d 04       		.byte	4
 1962 078e 5C       		.byte	92
 1963 078f 11       		.byte	17
 1964 0790 5F       		.byte	95
 1965 0791 01       		.byte	1
 1966 0792 81       		.byte	-127
 1967 0793 04       		.byte	4
 1968 0794 91       		.byte	-111
 1969 0795 01       		.byte	1
 1970 0796 97       		.byte	-105
 1971 0797 03       		.byte	3
 1972 0798 B1       		.byte	-79
 1973 0799 02       		.byte	2
 1974 079a B5       		.byte	-75
 1975 079b 01       		.byte	1
 1976 079c B7       		.byte	-73
 1977 079d 04       		.byte	4
 1978 079e BF       		.byte	-65
 1979 079f 50       		.byte	80
 1980 07a0 D4       		.byte	-44
 1981 07a1 20       		.byte	32
 1982 07a2 D6       		.byte	-42
 1983 07a3 04       		.byte	4
 1984 07a4 D8       		.byte	-40
 1985 07a5 04       		.byte	4
 1986 07a6 D9       		.byte	-39
 1987 07a7 04       		.byte	4
 1988 07a8 DB       		.byte	-37
 1989 07a9 04       		.byte	4
 1990 07aa DC       		.byte	-36
 1991 07ab 01       		.byte	1
 1992 07ac DF       		.byte	-33
 1993 07ad 01       		.byte	1
 1994 07ae 00       		.byte	0
 1995 07af 48       		.byte	72
ARM GAS  C:\Users\BETTEF~1\AppData\Local\Temp\cc27XHIr.s 			page 36


 1996 07b0 01       		.byte	1
 1997 07b1 28       		.byte	40
 1998 07b2 04       		.byte	4
 1999 07b3 40       		.byte	64
 2000 07b4 05       		.byte	5
 2001 07b5 29       		.byte	41
 2002 07b6 08       		.byte	8
 2003 07b7 08       		.byte	8
 2004 07b8 0A       		.byte	10
 2005 07b9 02       		.byte	2
 2006 07ba 0C       		.byte	12
 2007 07bb 28       		.byte	40
 2008 07bc 0E       		.byte	14
 2009 07bd 02       		.byte	2
 2010 07be 0F       		.byte	15
 2011 07bf A8       		.byte	-88
 2012 07c0 11       		.byte	17
 2013 07c1 10       		.byte	16
 2014 07c2 13       		.byte	19
 2015 07c3 02       		.byte	2
 2016 07c4 14       		.byte	20
 2017 07c5 58       		.byte	88
 2018 07c6 16       		.byte	22
 2019 07c7 08       		.byte	8
 2020 07c8 17       		.byte	23
 2021 07c9 82       		.byte	-126
 2022 07ca 1E       		.byte	30
 2023 07cb 20       		.byte	32
 2024 07cc 20       		.byte	32
 2025 07cd 04       		.byte	4
 2026 07ce 21       		.byte	33
 2027 07cf 82       		.byte	-126
 2028 07d0 27       		.byte	39
 2029 07d1 40       		.byte	64
 2030 07d2 2C       		.byte	44
 2031 07d3 40       		.byte	64
 2032 07d4 2D       		.byte	45
 2033 07d5 A0       		.byte	-96
 2034 07d6 2E       		.byte	46
 2035 07d7 08       		.byte	8
 2036 07d8 30       		.byte	48
 2037 07d9 04       		.byte	4
 2038 07da 31       		.byte	49
 2039 07db 02       		.byte	2
 2040 07dc 34       		.byte	52
 2041 07dd 10       		.byte	16
 2042 07de 35       		.byte	53
 2043 07df 09       		.byte	9
 2044 07e0 37       		.byte	55
 2045 07e1 11       		.byte	17
 2046 07e2 3A       		.byte	58
 2047 07e3 01       		.byte	1
 2048 07e4 3C       		.byte	60
 2049 07e5 40       		.byte	64
 2050 07e6 3D       		.byte	61
 2051 07e7 02       		.byte	2
 2052 07e8 3E       		.byte	62
ARM GAS  C:\Users\BETTEF~1\AppData\Local\Temp\cc27XHIr.s 			page 37


 2053 07e9 10       		.byte	16
 2054 07ea 3F       		.byte	63
 2055 07eb 08       		.byte	8
 2056 07ec 44       		.byte	68
 2057 07ed 01       		.byte	1
 2058 07ee 46       		.byte	70
 2059 07ef 01       		.byte	1
 2060 07f0 4D       		.byte	77
 2061 07f1 80       		.byte	-128
 2062 07f2 4E       		.byte	78
 2063 07f3 01       		.byte	1
 2064 07f4 4F       		.byte	79
 2065 07f5 80       		.byte	-128
 2066 07f6 58       		.byte	88
 2067 07f7 01       		.byte	1
 2068 07f8 5C       		.byte	92
 2069 07f9 80       		.byte	-128
 2070 07fa 5E       		.byte	94
 2071 07fb 20       		.byte	32
 2072 07fc 60       		.byte	96
 2073 07fd 04       		.byte	4
 2074 07fe 61       		.byte	97
 2075 07ff 80       		.byte	-128
 2076 0800 62       		.byte	98
 2077 0801 08       		.byte	8
 2078 0802 63       		.byte	99
 2079 0803 40       		.byte	64
 2080 0804 64       		.byte	100
 2081 0805 04       		.byte	4
 2082 0806 66       		.byte	102
 2083 0807 40       		.byte	64
 2084 0808 86       		.byte	-122
 2085 0809 48       		.byte	72
 2086 080a 87       		.byte	-121
 2087 080b 40       		.byte	64
 2088 080c 90       		.byte	-112
 2089 080d 40       		.byte	64
 2090 080e 91       		.byte	-111
 2091 080f 10       		.byte	16
 2092 0810 92       		.byte	-110
 2093 0811 12       		.byte	18
 2094 0812 98       		.byte	-104
 2095 0813 08       		.byte	8
 2096 0814 99       		.byte	-103
 2097 0815 20       		.byte	32
 2098 0816 9A       		.byte	-102
 2099 0817 01       		.byte	1
 2100 0818 9B       		.byte	-101
 2101 0819 13       		.byte	19
 2102 081a 9D       		.byte	-99
 2103 081b 08       		.byte	8
 2104 081c 9F       		.byte	-97
 2105 081d 40       		.byte	64
 2106 081e A0       		.byte	-96
 2107 081f 2C       		.byte	44
 2108 0820 A1       		.byte	-95
 2109 0821 01       		.byte	1
ARM GAS  C:\Users\BETTEF~1\AppData\Local\Temp\cc27XHIr.s 			page 38


 2110 0822 A2       		.byte	-94
 2111 0823 01       		.byte	1
 2112 0824 AA       		.byte	-86
 2113 0825 40       		.byte	64
 2114 0826 AC       		.byte	-84
 2115 0827 80       		.byte	-128
 2116 0828 AF       		.byte	-81
 2117 0829 10       		.byte	16
 2118 082a B5       		.byte	-75
 2119 082b 04       		.byte	4
 2120 082c C0       		.byte	-64
 2121 082d F7       		.byte	-9
 2122 082e C2       		.byte	-62
 2123 082f F5       		.byte	-11
 2124 0830 C4       		.byte	-60
 2125 0831 FA       		.byte	-6
 2126 0832 CA       		.byte	-54
 2127 0833 F0       		.byte	-16
 2128 0834 CC       		.byte	-52
 2129 0835 E3       		.byte	-29
 2130 0836 CE       		.byte	-50
 2131 0837 F1       		.byte	-15
 2132 0838 D6       		.byte	-42
 2133 0839 31       		.byte	49
 2134 083a D8       		.byte	-40
 2135 083b 3F       		.byte	63
 2136 083c EC       		.byte	-20
 2137 083d 40       		.byte	64
 2138 083e EC       		.byte	-20
 2139 083f 20       		.byte	32
 2140 0840 11       		.byte	17
 2141 0841 01       		.byte	1
 2142 0842 16       		.byte	22
 2143 0843 80       		.byte	-128
 2144 0844 32       		.byte	50
 2145 0845 04       		.byte	4
 2146 0846 33       		.byte	51
 2147 0847 40       		.byte	64
 2148 0848 36       		.byte	54
 2149 0849 44       		.byte	68
 2150 084a 39       		.byte	57
 2151 084b 08       		.byte	8
 2152 084c 3E       		.byte	62
 2153 084d 80       		.byte	-128
 2154 084e 8E       		.byte	-114
 2155 084f 04       		.byte	4
 2156 0850 C4       		.byte	-60
 2157 0851 30       		.byte	48
 2158 0852 CC       		.byte	-52
 2159 0853 F0       		.byte	-16
 2160 0854 CE       		.byte	-50
 2161 0855 60       		.byte	96
 2162 0856 57       		.byte	87
 2163 0857 80       		.byte	-128
 2164 0858 63       		.byte	99
 2165 0859 04       		.byte	4
 2166 085a 83       		.byte	-125
ARM GAS  C:\Users\BETTEF~1\AppData\Local\Temp\cc27XHIr.s 			page 39


 2167 085b 40       		.byte	64
 2168 085c 87       		.byte	-121
 2169 085d 04       		.byte	4
 2170 085e 91       		.byte	-111
 2171 085f 01       		.byte	1
 2172 0860 95       		.byte	-107
 2173 0861 08       		.byte	8
 2174 0862 96       		.byte	-106
 2175 0863 08       		.byte	8
 2176 0864 9F       		.byte	-97
 2177 0865 40       		.byte	64
 2178 0866 A6       		.byte	-90
 2179 0867 40       		.byte	64
 2180 0868 D4       		.byte	-44
 2181 0869 40       		.byte	64
 2182 086a D8       		.byte	-40
 2183 086b 40       		.byte	64
 2184 086c E2       		.byte	-30
 2185 086d 40       		.byte	64
 2186 086e E6       		.byte	-26
 2187 086f 80       		.byte	-128
 2188 0870 03       		.byte	3
 2189 0871 10       		.byte	16
 2190 0872 07       		.byte	7
 2191 0873 80       		.byte	-128
 2192 0874 91       		.byte	-111
 2193 0875 01       		.byte	1
 2194 0876 96       		.byte	-106
 2195 0877 08       		.byte	8
 2196 0878 A6       		.byte	-90
 2197 0879 40       		.byte	64
 2198 087a AB       		.byte	-85
 2199 087b 80       		.byte	-128
 2200 087c AD       		.byte	-83
 2201 087d 04       		.byte	4
 2202 087e C0       		.byte	-64
 2203 087f 30       		.byte	48
 2204 0880 EA       		.byte	-22
 2205 0881 10       		.byte	16
 2206 0882 EE       		.byte	-18
 2207 0883 20       		.byte	32
 2208 0884 87       		.byte	-121
 2209 0885 80       		.byte	-128
 2210 0886 96       		.byte	-106
 2211 0887 08       		.byte	8
 2212 0888 9B       		.byte	-101
 2213 0889 90       		.byte	-112
 2214 088a A6       		.byte	-90
 2215 088b 40       		.byte	64
 2216 088c AD       		.byte	-83
 2217 088d 01       		.byte	1
 2218 088e E0       		.byte	-32
 2219 088f 40       		.byte	64
 2220 0890 E8       		.byte	-24
 2221 0891 10       		.byte	16
 2222 0892 77       		.byte	119
 2223 0893 40       		.byte	64
ARM GAS  C:\Users\BETTEF~1\AppData\Local\Temp\cc27XHIr.s 			page 40


 2224 0894 DE       		.byte	-34
 2225 0895 04       		.byte	4
 2226 0896 58       		.byte	88
 2227 0897 08       		.byte	8
 2228 0898 5C       		.byte	92
 2229 0899 02       		.byte	2
 2230 089a 62       		.byte	98
 2231 089b 04       		.byte	4
 2232 089c 67       		.byte	103
 2233 089d 40       		.byte	64
 2234 089e 82       		.byte	-126
 2235 089f 04       		.byte	4
 2236 08a0 9F       		.byte	-97
 2237 08a1 40       		.byte	64
 2238 08a2 D6       		.byte	-42
 2239 08a3 03       		.byte	3
 2240 08a4 D8       		.byte	-40
 2241 08a5 03       		.byte	3
 2242 08a6 1B       		.byte	27
 2243 08a7 02       		.byte	2
 2244 08a8 27       		.byte	39
 2245 08a9 20       		.byte	32
 2246 08aa 83       		.byte	-125
 2247 08ab 40       		.byte	64
 2248 08ac 87       		.byte	-121
 2249 08ad 40       		.byte	64
 2250 08ae 97       		.byte	-105
 2251 08af 40       		.byte	64
 2252 08b0 9C       		.byte	-100
 2253 08b1 02       		.byte	2
 2254 08b2 9F       		.byte	-97
 2255 08b3 40       		.byte	64
 2256 08b4 A7       		.byte	-89
 2257 08b5 02       		.byte	2
 2258 08b6 AC       		.byte	-84
 2259 08b7 08       		.byte	8
 2260 08b8 AF       		.byte	-81
 2261 08b9 02       		.byte	2
 2262 08ba C6       		.byte	-58
 2263 08bb 08       		.byte	8
 2264 08bc C8       		.byte	-56
 2265 08bd 01       		.byte	1
 2266 08be 44       		.byte	68
 2267 08bf 01       		.byte	1
 2268 08c0 AB       		.byte	-85
 2269 08c1 20       		.byte	32
 2270 08c2 B0       		.byte	-80
 2271 08c3 02       		.byte	2
 2272 08c4 D0       		.byte	-48
 2273 08c5 04       		.byte	4
 2274 08c6 E8       		.byte	-24
 2275 08c7 04       		.byte	4
 2276 08c8 20       		.byte	32
 2277 08c9 80       		.byte	-128
 2278 08ca 86       		.byte	-122
 2279 08cb 40       		.byte	64
 2280 08cc 96       		.byte	-106
ARM GAS  C:\Users\BETTEF~1\AppData\Local\Temp\cc27XHIr.s 			page 41


 2281 08cd 08       		.byte	8
 2282 08ce 9F       		.byte	-97
 2283 08cf 08       		.byte	8
 2284 08d0 A6       		.byte	-90
 2285 08d1 40       		.byte	64
 2286 08d2 AB       		.byte	-85
 2287 08d3 08       		.byte	8
 2288 08d4 B7       		.byte	-73
 2289 08d5 10       		.byte	16
 2290 08d6 C8       		.byte	-56
 2291 08d7 40       		.byte	64
 2292 08d8 E6       		.byte	-26
 2293 08d9 40       		.byte	64
 2294 08da E8       		.byte	-24
 2295 08db 20       		.byte	32
 2296 08dc 17       		.byte	23
 2297 08dd 08       		.byte	8
 2298 08de 5A       		.byte	90
 2299 08df 01       		.byte	1
 2300 08e0 63       		.byte	99
 2301 08e1 20       		.byte	32
 2302 08e2 64       		.byte	100
 2303 08e3 08       		.byte	8
 2304 08e4 66       		.byte	102
 2305 08e5 80       		.byte	-128
 2306 08e6 80       		.byte	-128
 2307 08e7 08       		.byte	8
 2308 08e8 86       		.byte	-122
 2309 08e9 04       		.byte	4
 2310 08ea 8A       		.byte	-118
 2311 08eb 81       		.byte	-127
 2312 08ec 8F       		.byte	-113
 2313 08ed 10       		.byte	16
 2314 08ee 96       		.byte	-106
 2315 08ef 08       		.byte	8
 2316 08f0 9F       		.byte	-97
 2317 08f1 08       		.byte	8
 2318 08f2 B0       		.byte	-80
 2319 08f3 40       		.byte	64
 2320 08f4 C4       		.byte	-60
 2321 08f5 20       		.byte	32
 2322 08f6 D6       		.byte	-42
 2323 08f7 C0       		.byte	-64
 2324 08f8 D8       		.byte	-40
 2325 08f9 C0       		.byte	-64
 2326 08fa E6       		.byte	-26
 2327 08fb 30       		.byte	48
 2328 08fc 9C       		.byte	-100
 2329 08fd 01       		.byte	1
 2330 08fe B0       		.byte	-80
 2331 08ff 01       		.byte	1
 2332 0900 EC       		.byte	-20
 2333 0901 04       		.byte	4
 2334 0902 00       		.byte	0
 2335 0903 0B       		.byte	11
 2336 0904 01       		.byte	1
 2337 0905 01       		.byte	1
ARM GAS  C:\Users\BETTEF~1\AppData\Local\Temp\cc27XHIr.s 			page 42


 2338 0906 08       		.byte	8
 2339 0907 03       		.byte	3
 2340 0908 0A       		.byte	10
 2341 0909 03       		.byte	3
 2342 090a 0B       		.byte	11
 2343 090b 01       		.byte	1
 2344 090c 0C       		.byte	12
 2345 090d 02       		.byte	2
 2346 090e 0E       		.byte	14
 2347 090f 0A       		.byte	10
 2348 0910 10       		.byte	16
 2349 0911 07       		.byte	7
 2350 0912 1A       		.byte	26
 2351 0913 07       		.byte	7
 2352 0914 00       		.byte	0
 2353 0915 FF       		.byte	-1
 2354 0916 10       		.byte	16
 2355 0917 0A       		.byte	10
 2356 0918 40       		.byte	64
 2357 0919 00       		.byte	0
 2358 091a 00       		.byte	0
 2359 091b 00       		.byte	0
 2360 091c 00       		.byte	0
 2361 091d 11       		.byte	17
 2362 091e 11       		.byte	17
 2363 091f 00       		.byte	0
 2364 0920 0E       		.byte	14
 2365 0921 10       		.byte	16
 2366 0922 10       		.byte	16
 2367 0923 00       		.byte	0
 2368 0924 10       		.byte	16
 2369 0925 00       		.byte	0
 2370 0926 00       		.byte	0
 2371 0927 00       		.byte	0
 2372 0928 04       		.byte	4
 2373 0929 FB       		.byte	-5
 2374 092a FB       		.byte	-5
 2375 092b 00       		.byte	0
 2376 092c 00       		.byte	0
 2377 092d 00       		.byte	0
 2378 092e 00       		.byte	0
 2379 092f 00       		.byte	0
 2380 0930 00       		.byte	0
 2381 0931 FF       		.byte	-1
 2382 0932 FF       		.byte	-1
 2383 0933 00       		.byte	0
 2384 0934 F0       		.byte	-16
 2385 0935 00       		.byte	0
 2386 0936 00       		.byte	0
 2387 0937 00       		.byte	0
 2388 0938 00       		.byte	0
 2389 0939 F3       		.byte	-13
 2390 093a F3       		.byte	-13
 2391 093b 00       		.byte	0
 2392 093c F0       		.byte	-16
 2393 093d 00       		.byte	0
 2394 093e 00       		.byte	0
ARM GAS  C:\Users\BETTEF~1\AppData\Local\Temp\cc27XHIr.s 			page 43


 2395 093f 00       		.byte	0
 2396 0940 00       		.byte	0
 2397 0941 01       		.byte	1
 2398 0942 00       		.byte	0
 2399 0943 00       		.byte	0
 2400              		.section	.cywolatch,"a",%progbits
 2401              		.align	2
 2402              		.type	cy_meta_wonvl, %object
 2403              		.size	cy_meta_wonvl, 4
 2404              	cy_meta_wonvl:
 2405 0000 BC       		.byte	-68
 2406 0001 90       		.byte	-112
 2407 0002 AC       		.byte	-84
 2408 0003 AF       		.byte	-81
 2409              		.section	.cycustnvl,"a",%progbits
 2410              		.align	2
 2411              		.type	cy_meta_custnvl, %object
 2412              		.size	cy_meta_custnvl, 4
 2413              	cy_meta_custnvl:
 2414 0000 00       		.byte	0
 2415 0001 00       		.byte	0
 2416 0002 40       		.byte	64
 2417 0003 05       		.byte	5
 2418              		.section	.cymeta,"a",%progbits
 2419              		.align	2
 2420              		.type	cy_metadata, %object
 2421              		.size	cy_metadata, 12
 2422              	cy_metadata:
 2423 0000 00       		.byte	0
 2424 0001 01       		.byte	1
 2425 0002 2E       		.byte	46
 2426 0003 16       		.byte	22
 2427 0004 10       		.byte	16
 2428 0005 69       		.byte	105
 2429 0006 00       		.byte	0
 2430 0007 01       		.byte	1
 2431 0008 00       		.byte	0
 2432 0009 00       		.byte	0
 2433 000a 00       		.byte	0
 2434 000b 00       		.byte	0
 2435              		.section	.cyflashprotect,"a",%progbits
 2436              		.align	2
 2437              		.type	cy_meta_flashprotect, %object
 2438              		.size	cy_meta_flashprotect, 256
 2439              	cy_meta_flashprotect:
 2440 0000 00000000 		.space	256
 2440      00000000 
 2440      00000000 
 2440      00000000 
 2440      00000000 
 2441              		.text
 2442              	.Letext0:
 2443              		.file 1 "Generated_Source\\PSoC5\\cymetadata.c"
 2444              		.file 2 "Generated_Source\\PSoC5\\cytypes.h"
 2445              		.section	.debug_info,"",%progbits
 2446              	.Ldebug_info0:
 2447 0000 3B010000 		.4byte	0x13b
ARM GAS  C:\Users\BETTEF~1\AppData\Local\Temp\cc27XHIr.s 			page 44


 2448 0004 0400     		.2byte	0x4
 2449 0006 00000000 		.4byte	.Ldebug_abbrev0
 2450 000a 04       		.byte	0x4
 2451 000b 01       		.uleb128 0x1
 2452 000c 6E000000 		.4byte	.LASF18
 2453 0010 01       		.byte	0x1
 2454 0011 E6010000 		.4byte	.LASF19
 2455 0015 20010000 		.4byte	.LASF20
 2456 0019 00000000 		.4byte	.Ldebug_line0
 2457 001d 02       		.uleb128 0x2
 2458 001e 01       		.byte	0x1
 2459 001f 06       		.byte	0x6
 2460 0020 DA010000 		.4byte	.LASF0
 2461 0024 02       		.uleb128 0x2
 2462 0025 01       		.byte	0x1
 2463 0026 08       		.byte	0x8
 2464 0027 12000000 		.4byte	.LASF1
 2465 002b 02       		.uleb128 0x2
 2466 002c 02       		.byte	0x2
 2467 002d 05       		.byte	0x5
 2468 002e C1010000 		.4byte	.LASF2
 2469 0032 02       		.uleb128 0x2
 2470 0033 02       		.byte	0x2
 2471 0034 07       		.byte	0x7
 2472 0035 32000000 		.4byte	.LASF3
 2473 0039 02       		.uleb128 0x2
 2474 003a 04       		.byte	0x4
 2475 003b 05       		.byte	0x5
 2476 003c D1010000 		.4byte	.LASF4
 2477 0040 02       		.uleb128 0x2
 2478 0041 04       		.byte	0x4
 2479 0042 07       		.byte	0x7
 2480 0043 20000000 		.4byte	.LASF5
 2481 0047 02       		.uleb128 0x2
 2482 0048 08       		.byte	0x8
 2483 0049 05       		.byte	0x5
 2484 004a AE010000 		.4byte	.LASF6
 2485 004e 02       		.uleb128 0x2
 2486 004f 08       		.byte	0x8
 2487 0050 07       		.byte	0x7
 2488 0051 09010000 		.4byte	.LASF7
 2489 0055 03       		.uleb128 0x3
 2490 0056 04       		.byte	0x4
 2491 0057 05       		.byte	0x5
 2492 0058 696E7400 		.ascii	"int\000"
 2493 005c 02       		.uleb128 0x2
 2494 005d 04       		.byte	0x4
 2495 005e 07       		.byte	0x7
 2496 005f FC000000 		.4byte	.LASF8
 2497 0063 04       		.uleb128 0x4
 2498 0064 CB010000 		.4byte	.LASF21
 2499 0068 02       		.byte	0x2
 2500 0069 9201     		.2byte	0x192
 2501 006b 24000000 		.4byte	0x24
 2502 006f 02       		.uleb128 0x2
 2503 0070 04       		.byte	0x4
 2504 0071 04       		.byte	0x4
ARM GAS  C:\Users\BETTEF~1\AppData\Local\Temp\cc27XHIr.s 			page 45


 2505 0072 0C000000 		.4byte	.LASF9
 2506 0076 02       		.uleb128 0x2
 2507 0077 08       		.byte	0x8
 2508 0078 04       		.byte	0x4
 2509 0079 45000000 		.4byte	.LASF10
 2510 007d 02       		.uleb128 0x2
 2511 007e 01       		.byte	0x1
 2512 007f 08       		.byte	0x8
 2513 0080 BC010000 		.4byte	.LASF11
 2514 0084 05       		.uleb128 0x5
 2515 0085 63000000 		.4byte	0x63
 2516 0089 95000000 		.4byte	0x95
 2517 008d 06       		.uleb128 0x6
 2518 008e 95000000 		.4byte	0x95
 2519 0092 4309     		.2byte	0x943
 2520 0094 00       		.byte	0
 2521 0095 02       		.uleb128 0x2
 2522 0096 04       		.byte	0x4
 2523 0097 07       		.byte	0x7
 2524 0098 A5010000 		.4byte	.LASF12
 2525 009c 07       		.uleb128 0x7
 2526 009d 5C000000 		.4byte	.LASF13
 2527 00a1 01       		.byte	0x1
 2528 00a2 1F       		.byte	0x1f
 2529 00a3 AD000000 		.4byte	0xad
 2530 00a7 05       		.uleb128 0x5
 2531 00a8 03       		.byte	0x3
 2532 00a9 00000000 		.4byte	cy_meta_configecc
 2533 00ad 08       		.uleb128 0x8
 2534 00ae 84000000 		.4byte	0x84
 2535 00b2 05       		.uleb128 0x5
 2536 00b3 63000000 		.4byte	0x63
 2537 00b7 C2000000 		.4byte	0xc2
 2538 00bb 09       		.uleb128 0x9
 2539 00bc 95000000 		.4byte	0x95
 2540 00c0 03       		.byte	0x3
 2541 00c1 00       		.byte	0
 2542 00c2 0A       		.uleb128 0xa
 2543 00c3 4C000000 		.4byte	.LASF14
 2544 00c7 01       		.byte	0x1
 2545 00c8 5501     		.2byte	0x155
 2546 00ca D4000000 		.4byte	0xd4
 2547 00ce 05       		.uleb128 0x5
 2548 00cf 03       		.byte	0x3
 2549 00d0 00000000 		.4byte	cy_meta_custnvl
 2550 00d4 08       		.uleb128 0x8
 2551 00d5 B2000000 		.4byte	0xb2
 2552 00d9 0A       		.uleb128 0xa
 2553 00da 97010000 		.4byte	.LASF15
 2554 00de 01       		.byte	0x1
 2555 00df 6301     		.2byte	0x163
 2556 00e1 EB000000 		.4byte	0xeb
 2557 00e5 05       		.uleb128 0x5
 2558 00e6 03       		.byte	0x3
 2559 00e7 00000000 		.4byte	cy_meta_wonvl
 2560 00eb 08       		.uleb128 0x8
 2561 00ec B2000000 		.4byte	0xb2
ARM GAS  C:\Users\BETTEF~1\AppData\Local\Temp\cc27XHIr.s 			page 46


 2562 00f0 05       		.uleb128 0x5
 2563 00f1 63000000 		.4byte	0x63
 2564 00f5 00010000 		.4byte	0x100
 2565 00f9 09       		.uleb128 0x9
 2566 00fa 95000000 		.4byte	0x95
 2567 00fe FF       		.byte	0xff
 2568 00ff 00       		.byte	0
 2569 0100 0A       		.uleb128 0xa
 2570 0101 82010000 		.4byte	.LASF16
 2571 0105 01       		.byte	0x1
 2572 0106 7101     		.2byte	0x171
 2573 0108 12010000 		.4byte	0x112
 2574 010c 05       		.uleb128 0x5
 2575 010d 03       		.byte	0x3
 2576 010e 00000000 		.4byte	cy_meta_flashprotect
 2577 0112 08       		.uleb128 0x8
 2578 0113 F0000000 		.4byte	0xf0
 2579 0117 05       		.uleb128 0x5
 2580 0118 63000000 		.4byte	0x63
 2581 011c 27010000 		.4byte	0x127
 2582 0120 09       		.uleb128 0x9
 2583 0121 95000000 		.4byte	0x95
 2584 0125 0B       		.byte	0xb
 2585 0126 00       		.byte	0
 2586 0127 0A       		.uleb128 0xa
 2587 0128 00000000 		.4byte	.LASF17
 2588 012c 01       		.byte	0x1
 2589 012d 9E01     		.2byte	0x19e
 2590 012f 39010000 		.4byte	0x139
 2591 0133 05       		.uleb128 0x5
 2592 0134 03       		.byte	0x3
 2593 0135 00000000 		.4byte	cy_metadata
 2594 0139 08       		.uleb128 0x8
 2595 013a 17010000 		.4byte	0x117
 2596 013e 00       		.byte	0
 2597              		.section	.debug_abbrev,"",%progbits
 2598              	.Ldebug_abbrev0:
 2599 0000 01       		.uleb128 0x1
 2600 0001 11       		.uleb128 0x11
 2601 0002 01       		.byte	0x1
 2602 0003 25       		.uleb128 0x25
 2603 0004 0E       		.uleb128 0xe
 2604 0005 13       		.uleb128 0x13
 2605 0006 0B       		.uleb128 0xb
 2606 0007 03       		.uleb128 0x3
 2607 0008 0E       		.uleb128 0xe
 2608 0009 1B       		.uleb128 0x1b
 2609 000a 0E       		.uleb128 0xe
 2610 000b 10       		.uleb128 0x10
 2611 000c 17       		.uleb128 0x17
 2612 000d 00       		.byte	0
 2613 000e 00       		.byte	0
 2614 000f 02       		.uleb128 0x2
 2615 0010 24       		.uleb128 0x24
 2616 0011 00       		.byte	0
 2617 0012 0B       		.uleb128 0xb
 2618 0013 0B       		.uleb128 0xb
ARM GAS  C:\Users\BETTEF~1\AppData\Local\Temp\cc27XHIr.s 			page 47


 2619 0014 3E       		.uleb128 0x3e
 2620 0015 0B       		.uleb128 0xb
 2621 0016 03       		.uleb128 0x3
 2622 0017 0E       		.uleb128 0xe
 2623 0018 00       		.byte	0
 2624 0019 00       		.byte	0
 2625 001a 03       		.uleb128 0x3
 2626 001b 24       		.uleb128 0x24
 2627 001c 00       		.byte	0
 2628 001d 0B       		.uleb128 0xb
 2629 001e 0B       		.uleb128 0xb
 2630 001f 3E       		.uleb128 0x3e
 2631 0020 0B       		.uleb128 0xb
 2632 0021 03       		.uleb128 0x3
 2633 0022 08       		.uleb128 0x8
 2634 0023 00       		.byte	0
 2635 0024 00       		.byte	0
 2636 0025 04       		.uleb128 0x4
 2637 0026 16       		.uleb128 0x16
 2638 0027 00       		.byte	0
 2639 0028 03       		.uleb128 0x3
 2640 0029 0E       		.uleb128 0xe
 2641 002a 3A       		.uleb128 0x3a
 2642 002b 0B       		.uleb128 0xb
 2643 002c 3B       		.uleb128 0x3b
 2644 002d 05       		.uleb128 0x5
 2645 002e 49       		.uleb128 0x49
 2646 002f 13       		.uleb128 0x13
 2647 0030 00       		.byte	0
 2648 0031 00       		.byte	0
 2649 0032 05       		.uleb128 0x5
 2650 0033 01       		.uleb128 0x1
 2651 0034 01       		.byte	0x1
 2652 0035 49       		.uleb128 0x49
 2653 0036 13       		.uleb128 0x13
 2654 0037 01       		.uleb128 0x1
 2655 0038 13       		.uleb128 0x13
 2656 0039 00       		.byte	0
 2657 003a 00       		.byte	0
 2658 003b 06       		.uleb128 0x6
 2659 003c 21       		.uleb128 0x21
 2660 003d 00       		.byte	0
 2661 003e 49       		.uleb128 0x49
 2662 003f 13       		.uleb128 0x13
 2663 0040 2F       		.uleb128 0x2f
 2664 0041 05       		.uleb128 0x5
 2665 0042 00       		.byte	0
 2666 0043 00       		.byte	0
 2667 0044 07       		.uleb128 0x7
 2668 0045 34       		.uleb128 0x34
 2669 0046 00       		.byte	0
 2670 0047 03       		.uleb128 0x3
 2671 0048 0E       		.uleb128 0xe
 2672 0049 3A       		.uleb128 0x3a
 2673 004a 0B       		.uleb128 0xb
 2674 004b 3B       		.uleb128 0x3b
 2675 004c 0B       		.uleb128 0xb
ARM GAS  C:\Users\BETTEF~1\AppData\Local\Temp\cc27XHIr.s 			page 48


 2676 004d 49       		.uleb128 0x49
 2677 004e 13       		.uleb128 0x13
 2678 004f 3F       		.uleb128 0x3f
 2679 0050 19       		.uleb128 0x19
 2680 0051 02       		.uleb128 0x2
 2681 0052 18       		.uleb128 0x18
 2682 0053 00       		.byte	0
 2683 0054 00       		.byte	0
 2684 0055 08       		.uleb128 0x8
 2685 0056 26       		.uleb128 0x26
 2686 0057 00       		.byte	0
 2687 0058 49       		.uleb128 0x49
 2688 0059 13       		.uleb128 0x13
 2689 005a 00       		.byte	0
 2690 005b 00       		.byte	0
 2691 005c 09       		.uleb128 0x9
 2692 005d 21       		.uleb128 0x21
 2693 005e 00       		.byte	0
 2694 005f 49       		.uleb128 0x49
 2695 0060 13       		.uleb128 0x13
 2696 0061 2F       		.uleb128 0x2f
 2697 0062 0B       		.uleb128 0xb
 2698 0063 00       		.byte	0
 2699 0064 00       		.byte	0
 2700 0065 0A       		.uleb128 0xa
 2701 0066 34       		.uleb128 0x34
 2702 0067 00       		.byte	0
 2703 0068 03       		.uleb128 0x3
 2704 0069 0E       		.uleb128 0xe
 2705 006a 3A       		.uleb128 0x3a
 2706 006b 0B       		.uleb128 0xb
 2707 006c 3B       		.uleb128 0x3b
 2708 006d 05       		.uleb128 0x5
 2709 006e 49       		.uleb128 0x49
 2710 006f 13       		.uleb128 0x13
 2711 0070 3F       		.uleb128 0x3f
 2712 0071 19       		.uleb128 0x19
 2713 0072 02       		.uleb128 0x2
 2714 0073 18       		.uleb128 0x18
 2715 0074 00       		.byte	0
 2716 0075 00       		.byte	0
 2717 0076 00       		.byte	0
 2718              		.section	.debug_aranges,"",%progbits
 2719 0000 14000000 		.4byte	0x14
 2720 0004 0200     		.2byte	0x2
 2721 0006 00000000 		.4byte	.Ldebug_info0
 2722 000a 04       		.byte	0x4
 2723 000b 00       		.byte	0
 2724 000c 0000     		.2byte	0
 2725 000e 0000     		.2byte	0
 2726 0010 00000000 		.4byte	0
 2727 0014 00000000 		.4byte	0
 2728              		.section	.debug_line,"",%progbits
 2729              	.Ldebug_line0:
 2730 0000 4D000000 		.section	.debug_str,"MS",%progbits,1
 2730      02004700 
 2730      00000201 
ARM GAS  C:\Users\BETTEF~1\AppData\Local\Temp\cc27XHIr.s 			page 49


 2730      FB0E0D00 
 2730      01010101 
 2731              	.LASF17:
 2732 0000 63795F6D 		.ascii	"cy_metadata\000"
 2732      65746164 
 2732      61746100 
 2733              	.LASF9:
 2734 000c 666C6F61 		.ascii	"float\000"
 2734      7400
 2735              	.LASF1:
 2736 0012 756E7369 		.ascii	"unsigned char\000"
 2736      676E6564 
 2736      20636861 
 2736      7200
 2737              	.LASF5:
 2738 0020 6C6F6E67 		.ascii	"long unsigned int\000"
 2738      20756E73 
 2738      69676E65 
 2738      6420696E 
 2738      7400
 2739              	.LASF3:
 2740 0032 73686F72 		.ascii	"short unsigned int\000"
 2740      7420756E 
 2740      7369676E 
 2740      65642069 
 2740      6E7400
 2741              	.LASF10:
 2742 0045 646F7562 		.ascii	"double\000"
 2742      6C6500
 2743              	.LASF14:
 2744 004c 63795F6D 		.ascii	"cy_meta_custnvl\000"
 2744      6574615F 
 2744      63757374 
 2744      6E766C00 
 2745              	.LASF13:
 2746 005c 63795F6D 		.ascii	"cy_meta_configecc\000"
 2746      6574615F 
 2746      636F6E66 
 2746      69676563 
 2746      6300
 2747              	.LASF18:
 2748 006e 474E5520 		.ascii	"GNU C 4.9.3 20150303 (release) [ARM/embedded-4_9-br"
 2748      4320342E 
 2748      392E3320 
 2748      32303135 
 2748      30333033 
 2749 00a1 616E6368 		.ascii	"anch revision 221220] -mcpu=cortex-m3 -mthumb -g -O"
 2749      20726576 
 2749      6973696F 
 2749      6E203232 
 2749      31323230 
 2750 00d4 67202D66 		.ascii	"g -ffunction-sections -ffat-lto-objects\000"
 2750      66756E63 
 2750      74696F6E 
 2750      2D736563 
 2750      74696F6E 
 2751              	.LASF8:
ARM GAS  C:\Users\BETTEF~1\AppData\Local\Temp\cc27XHIr.s 			page 50


 2752 00fc 756E7369 		.ascii	"unsigned int\000"
 2752      676E6564 
 2752      20696E74 
 2752      00
 2753              	.LASF7:
 2754 0109 6C6F6E67 		.ascii	"long long unsigned int\000"
 2754      206C6F6E 
 2754      6720756E 
 2754      7369676E 
 2754      65642069 
 2755              	.LASF20:
 2756 0120 433A5C55 		.ascii	"C:\\Users\\Bettefanden\\Documents\\PSoC Creator\\Se"
 2756      73657273 
 2756      5C426574 
 2756      74656661 
 2756      6E64656E 
 2757 014e 6D657374 		.ascii	"mesterprojekt3\\MotorControl\\SlaveTop\\SlaveTop.cy"
 2757      65727072 
 2757      6F6A656B 
 2757      74335C4D 
 2757      6F746F72 
 2758 017e 64736E00 		.ascii	"dsn\000"
 2759              	.LASF16:
 2760 0182 63795F6D 		.ascii	"cy_meta_flashprotect\000"
 2760      6574615F 
 2760      666C6173 
 2760      6870726F 
 2760      74656374 
 2761              	.LASF15:
 2762 0197 63795F6D 		.ascii	"cy_meta_wonvl\000"
 2762      6574615F 
 2762      776F6E76 
 2762      6C00
 2763              	.LASF12:
 2764 01a5 73697A65 		.ascii	"sizetype\000"
 2764      74797065 
 2764      00
 2765              	.LASF6:
 2766 01ae 6C6F6E67 		.ascii	"long long int\000"
 2766      206C6F6E 
 2766      6720696E 
 2766      7400
 2767              	.LASF11:
 2768 01bc 63686172 		.ascii	"char\000"
 2768      00
 2769              	.LASF2:
 2770 01c1 73686F72 		.ascii	"short int\000"
 2770      7420696E 
 2770      7400
 2771              	.LASF21:
 2772 01cb 75696E74 		.ascii	"uint8\000"
 2772      3800
 2773              	.LASF4:
 2774 01d1 6C6F6E67 		.ascii	"long int\000"
 2774      20696E74 
 2774      00
 2775              	.LASF0:
ARM GAS  C:\Users\BETTEF~1\AppData\Local\Temp\cc27XHIr.s 			page 51


 2776 01da 7369676E 		.ascii	"signed char\000"
 2776      65642063 
 2776      68617200 
 2777              	.LASF19:
 2778 01e6 47656E65 		.ascii	"Generated_Source\\PSoC5\\cymetadata.c\000"
 2778      72617465 
 2778      645F536F 
 2778      75726365 
 2778      5C50536F 
 2779              		.ident	"GCC: (GNU Tools for ARM Embedded Processors) 4.9.3 20150303 (release) [ARM/embedded-4_9-br
